
digital_input.elf:     file format elf32-avr

Sections:
Idx Name          Size      VMA       LMA       File off  Algn
  0 .data         00000002  00800100  0000011e  00000192  2**0
                  CONTENTS, ALLOC, LOAD, DATA
  1 .text         0000011e  00000000  00000000  00000074  2**1
                  CONTENTS, ALLOC, LOAD, READONLY, CODE
  2 .stab         00000540  00000000  00000000  00000194  2**2
                  CONTENTS, READONLY, DEBUGGING
  3 .stabstr      00000cd8  00000000  00000000  000006d4  2**0
                  CONTENTS, READONLY, DEBUGGING
  4 .comment      00000011  00000000  00000000  000013ac  2**0
                  CONTENTS, READONLY
  5 .note.gnu.avr.deviceinfo 00000040  00000000  00000000  000013c0  2**2
                  CONTENTS, READONLY
  6 .debug_info   000005f4  00000000  00000000  00001400  2**0
                  CONTENTS, READONLY, DEBUGGING
  7 .debug_abbrev 000005a2  00000000  00000000  000019f4  2**0
                  CONTENTS, READONLY, DEBUGGING
  8 .debug_line   0000001a  00000000  00000000  00001f96  2**0
                  CONTENTS, READONLY, DEBUGGING
  9 .debug_str    00000208  00000000  00000000  00001fb0  2**0
                  CONTENTS, READONLY, DEBUGGING

Disassembly of section .text:

00000000 <__vectors>:
   0:	0c 94 34 00 	jmp	0x68	; 0x68 <__ctors_end>
   4:	0c 94 49 00 	jmp	0x92	; 0x92 <__bad_interrupt>
   8:	0c 94 49 00 	jmp	0x92	; 0x92 <__bad_interrupt>
   c:	0c 94 49 00 	jmp	0x92	; 0x92 <__bad_interrupt>
  10:	0c 94 49 00 	jmp	0x92	; 0x92 <__bad_interrupt>
  14:	0c 94 49 00 	jmp	0x92	; 0x92 <__bad_interrupt>
  18:	0c 94 49 00 	jmp	0x92	; 0x92 <__bad_interrupt>
  1c:	0c 94 49 00 	jmp	0x92	; 0x92 <__bad_interrupt>
  20:	0c 94 49 00 	jmp	0x92	; 0x92 <__bad_interrupt>
  24:	0c 94 49 00 	jmp	0x92	; 0x92 <__bad_interrupt>
  28:	0c 94 49 00 	jmp	0x92	; 0x92 <__bad_interrupt>
  2c:	0c 94 49 00 	jmp	0x92	; 0x92 <__bad_interrupt>
  30:	0c 94 49 00 	jmp	0x92	; 0x92 <__bad_interrupt>
  34:	0c 94 49 00 	jmp	0x92	; 0x92 <__bad_interrupt>
  38:	0c 94 49 00 	jmp	0x92	; 0x92 <__bad_interrupt>
  3c:	0c 94 49 00 	jmp	0x92	; 0x92 <__bad_interrupt>
  40:	0c 94 49 00 	jmp	0x92	; 0x92 <__bad_interrupt>
  44:	0c 94 49 00 	jmp	0x92	; 0x92 <__bad_interrupt>
  48:	0c 94 49 00 	jmp	0x92	; 0x92 <__bad_interrupt>
  4c:	0c 94 49 00 	jmp	0x92	; 0x92 <__bad_interrupt>
  50:	0c 94 49 00 	jmp	0x92	; 0x92 <__bad_interrupt>
  54:	0c 94 49 00 	jmp	0x92	; 0x92 <__bad_interrupt>
  58:	0c 94 49 00 	jmp	0x92	; 0x92 <__bad_interrupt>
  5c:	0c 94 49 00 	jmp	0x92	; 0x92 <__bad_interrupt>
  60:	0c 94 49 00 	jmp	0x92	; 0x92 <__bad_interrupt>
  64:	0c 94 49 00 	jmp	0x92	; 0x92 <__bad_interrupt>

00000068 <__ctors_end>:
  68:	11 24       	eor	r1, r1
  6a:	1f be       	out	0x3f, r1	; 63
  6c:	cf ef       	ldi	r28, 0xFF	; 255
  6e:	d8 e0       	ldi	r29, 0x08	; 8
  70:	de bf       	out	0x3e, r29	; 62
  72:	cd bf       	out	0x3d, r28	; 61

00000074 <__do_copy_data>:
  74:	11 e0       	ldi	r17, 0x01	; 1
  76:	a0 e0       	ldi	r26, 0x00	; 0
  78:	b1 e0       	ldi	r27, 0x01	; 1
  7a:	ee e1       	ldi	r30, 0x1E	; 30
  7c:	f1 e0       	ldi	r31, 0x01	; 1
  7e:	02 c0       	rjmp	.+4      	; 0x84 <__do_copy_data+0x10>
  80:	05 90       	lpm	r0, Z+
  82:	0d 92       	st	X+, r0
  84:	a2 30       	cpi	r26, 0x02	; 2
  86:	b1 07       	cpc	r27, r17
  88:	d9 f7       	brne	.-10     	; 0x80 <__do_copy_data+0xc>
  8a:	0e 94 4b 00 	call	0x96	; 0x96 <main>
  8e:	0c 94 8d 00 	jmp	0x11a	; 0x11a <_exit>

00000092 <__bad_interrupt>:
  92:	0c 94 00 00 	jmp	0	; 0x0 <__vectors>

00000096 <main>:
uint8_t btn1 = PD4;

int main()
{
    // enable pull down interrupts in MCUCR
    MCUCR &= ~_BV(PUD);
  96:	85 b7       	in	r24, 0x35	; 53
  98:	8f 7e       	andi	r24, 0xEF	; 239
  9a:	85 bf       	out	0x35, r24	; 53
    // set btn1 as a digital input
    DDRD &= ~_BV(btn1);
  9c:	4a b1       	in	r20, 0x0a	; 10
  9e:	20 91 00 01 	lds	r18, 0x0100	; 0x800100 <__DATA_REGION_ORIGIN__>
  a2:	81 e0       	ldi	r24, 0x01	; 1
  a4:	90 e0       	ldi	r25, 0x00	; 0
  a6:	bc 01       	movw	r22, r24
  a8:	02 c0       	rjmp	.+4      	; 0xae <main+0x18>
  aa:	66 0f       	add	r22, r22
  ac:	77 1f       	adc	r23, r23
  ae:	2a 95       	dec	r18
  b0:	e2 f7       	brpl	.-8      	; 0xaa <main+0x14>
  b2:	9b 01       	movw	r18, r22
  b4:	20 95       	com	r18
  b6:	24 23       	and	r18, r20
  b8:	2a b9       	out	0x0a, r18	; 10
    // set pullup resistor on btn1
    PORTD |= _BV(btn1);
  ba:	2b b1       	in	r18, 0x0b	; 11
  bc:	30 91 00 01 	lds	r19, 0x0100	; 0x800100 <__DATA_REGION_ORIGIN__>
  c0:	ac 01       	movw	r20, r24
  c2:	01 c0       	rjmp	.+2      	; 0xc6 <main+0x30>
  c4:	44 0f       	add	r20, r20
  c6:	3a 95       	dec	r19
  c8:	ea f7       	brpl	.-6      	; 0xc4 <main+0x2e>
  ca:	24 2b       	or	r18, r20
  cc:	2b b9       	out	0x0b, r18	; 11
    // set led1 as a digital output
    DDRD |= _BV(led1);
  ce:	2a b1       	in	r18, 0x0a	; 10
  d0:	30 91 01 01 	lds	r19, 0x0101	; 0x800101 <led1>
  d4:	01 c0       	rjmp	.+2      	; 0xd8 <main+0x42>
  d6:	88 0f       	add	r24, r24
  d8:	3a 95       	dec	r19
  da:	ea f7       	brpl	.-6      	; 0xd6 <main+0x40>
  dc:	82 2b       	or	r24, r18
  de:	8a b9       	out	0x0a, r24	; 10
  e0:	61 e0       	ldi	r22, 0x01	; 1
  e2:	70 e0       	ldi	r23, 0x00	; 0
    while (1)
    {
        // read btn1
        if (!(PIND & _BV(btn1)))
  e4:	89 b1       	in	r24, 0x09	; 9
  e6:	90 91 01 01 	lds	r25, 0x0101	; 0x800101 <led1>
  ea:	9b 01       	movw	r18, r22
  ec:	01 c0       	rjmp	.+2      	; 0xf0 <main+0x5a>
  ee:	22 0f       	add	r18, r18
  f0:	9a 95       	dec	r25
  f2:	ea f7       	brpl	.-6      	; 0xee <main+0x58>
  f4:	90 e0       	ldi	r25, 0x00	; 0
  f6:	40 91 00 01 	lds	r20, 0x0100	; 0x800100 <__DATA_REGION_ORIGIN__>
  fa:	02 c0       	rjmp	.+4      	; 0x100 <main+0x6a>
  fc:	95 95       	asr	r25
  fe:	87 95       	ror	r24
 100:	4a 95       	dec	r20
 102:	e2 f7       	brpl	.-8      	; 0xfc <main+0x66>
 104:	80 fd       	sbrc	r24, 0
 106:	04 c0       	rjmp	.+8      	; 0x110 <main+0x7a>
        {
            PORTD |= _BV(led1);
 108:	8b b1       	in	r24, 0x0b	; 11
 10a:	28 2b       	or	r18, r24
 10c:	2b b9       	out	0x0b, r18	; 11
 10e:	ea cf       	rjmp	.-44     	; 0xe4 <main+0x4e>
        }
        else
        {
            PORTD &= ~_BV(led1);
 110:	8b b1       	in	r24, 0x0b	; 11
 112:	20 95       	com	r18
 114:	28 23       	and	r18, r24
 116:	2b b9       	out	0x0b, r18	; 11
 118:	e5 cf       	rjmp	.-54     	; 0xe4 <main+0x4e>

0000011a <_exit>:
 11a:	f8 94       	cli

0000011c <__stop_program>:
 11c:	ff cf       	rjmp	.-2      	; 0x11c <__stop_program>
