
demo.elf:     file format elf32-avr

Sections:
Idx Name          Size      VMA       LMA       File off  Algn
  0 .data         0000002c  00800100  000006b2  00000746  2**0
                  CONTENTS, ALLOC, LOAD, DATA
  1 .text         000006b2  00000000  00000000  00000094  2**1
                  CONTENTS, ALLOC, LOAD, READONLY, CODE
  2 .bss          00000053  0080012c  0080012c  00000772  2**0
                  ALLOC
  3 .stab         00001884  00000000  00000000  00000774  2**2
                  CONTENTS, READONLY, DEBUGGING
  4 .stabstr      00001204  00000000  00000000  00001ff8  2**0
                  CONTENTS, READONLY, DEBUGGING
  5 .comment      00000011  00000000  00000000  000031fc  2**0
                  CONTENTS, READONLY
  6 .note.gnu.avr.deviceinfo 00000040  00000000  00000000  00003210  2**2
                  CONTENTS, READONLY
  7 .debug_info   000005f4  00000000  00000000  00003250  2**0
                  CONTENTS, READONLY, DEBUGGING
  8 .debug_abbrev 000005a2  00000000  00000000  00003844  2**0
                  CONTENTS, READONLY, DEBUGGING
  9 .debug_line   0000001a  00000000  00000000  00003de6  2**0
                  CONTENTS, READONLY, DEBUGGING
 10 .debug_str    00000208  00000000  00000000  00003e00  2**0
                  CONTENTS, READONLY, DEBUGGING

Disassembly of section .text:

00000000 <__vectors>:
   0:	0c 94 34 00 	jmp	0x68	; 0x68 <__ctors_end>
   4:	0c 94 51 00 	jmp	0xa2	; 0xa2 <__bad_interrupt>
   8:	0c 94 51 00 	jmp	0xa2	; 0xa2 <__bad_interrupt>
   c:	0c 94 51 00 	jmp	0xa2	; 0xa2 <__bad_interrupt>
  10:	0c 94 51 00 	jmp	0xa2	; 0xa2 <__bad_interrupt>
  14:	0c 94 51 00 	jmp	0xa2	; 0xa2 <__bad_interrupt>
  18:	0c 94 51 00 	jmp	0xa2	; 0xa2 <__bad_interrupt>
  1c:	0c 94 51 00 	jmp	0xa2	; 0xa2 <__bad_interrupt>
  20:	0c 94 51 00 	jmp	0xa2	; 0xa2 <__bad_interrupt>
  24:	0c 94 51 00 	jmp	0xa2	; 0xa2 <__bad_interrupt>
  28:	0c 94 51 00 	jmp	0xa2	; 0xa2 <__bad_interrupt>
  2c:	0c 94 51 00 	jmp	0xa2	; 0xa2 <__bad_interrupt>
  30:	0c 94 51 00 	jmp	0xa2	; 0xa2 <__bad_interrupt>
  34:	0c 94 51 00 	jmp	0xa2	; 0xa2 <__bad_interrupt>
  38:	0c 94 51 00 	jmp	0xa2	; 0xa2 <__bad_interrupt>
  3c:	0c 94 51 00 	jmp	0xa2	; 0xa2 <__bad_interrupt>
  40:	0c 94 5b 00 	jmp	0xb6	; 0xb6 <__vector_16>
  44:	0c 94 51 00 	jmp	0xa2	; 0xa2 <__bad_interrupt>
  48:	0c 94 51 00 	jmp	0xa2	; 0xa2 <__bad_interrupt>
  4c:	0c 94 51 00 	jmp	0xa2	; 0xa2 <__bad_interrupt>
  50:	0c 94 51 00 	jmp	0xa2	; 0xa2 <__bad_interrupt>
  54:	0c 94 51 00 	jmp	0xa2	; 0xa2 <__bad_interrupt>
  58:	0c 94 51 00 	jmp	0xa2	; 0xa2 <__bad_interrupt>
  5c:	0c 94 51 00 	jmp	0xa2	; 0xa2 <__bad_interrupt>
  60:	0c 94 51 00 	jmp	0xa2	; 0xa2 <__bad_interrupt>
  64:	0c 94 51 00 	jmp	0xa2	; 0xa2 <__bad_interrupt>

00000068 <__ctors_end>:
  68:	11 24       	eor	r1, r1
  6a:	1f be       	out	0x3f, r1	; 63
  6c:	cf ef       	ldi	r28, 0xFF	; 255
  6e:	d8 e0       	ldi	r29, 0x08	; 8
  70:	de bf       	out	0x3e, r29	; 62
  72:	cd bf       	out	0x3d, r28	; 61

00000074 <__do_copy_data>:
  74:	11 e0       	ldi	r17, 0x01	; 1
  76:	a0 e0       	ldi	r26, 0x00	; 0
  78:	b1 e0       	ldi	r27, 0x01	; 1
  7a:	e2 eb       	ldi	r30, 0xB2	; 178
  7c:	f6 e0       	ldi	r31, 0x06	; 6
  7e:	02 c0       	rjmp	.+4      	; 0x84 <__do_copy_data+0x10>
  80:	05 90       	lpm	r0, Z+
  82:	0d 92       	st	X+, r0
  84:	ac 32       	cpi	r26, 0x2C	; 44
  86:	b1 07       	cpc	r27, r17
  88:	d9 f7       	brne	.-10     	; 0x80 <__do_copy_data+0xc>

0000008a <__do_clear_bss>:
  8a:	21 e0       	ldi	r18, 0x01	; 1
  8c:	ac e2       	ldi	r26, 0x2C	; 44
  8e:	b1 e0       	ldi	r27, 0x01	; 1
  90:	01 c0       	rjmp	.+2      	; 0x94 <.do_clear_bss_start>

00000092 <.do_clear_bss_loop>:
  92:	1d 92       	st	X+, r1

00000094 <.do_clear_bss_start>:
  94:	af 37       	cpi	r26, 0x7F	; 127
  96:	b2 07       	cpc	r27, r18
  98:	e1 f7       	brne	.-8      	; 0x92 <.do_clear_bss_loop>
  9a:	0e 94 ed 01 	call	0x3da	; 0x3da <main>
  9e:	0c 94 57 03 	jmp	0x6ae	; 0x6ae <_exit>

000000a2 <__bad_interrupt>:
  a2:	0c 94 00 00 	jmp	0	; 0x0 <__vectors>

000000a6 <LCDSetEnable.part.0>:
*/
void LCDSetEnable(uint8_t en)
{
    if (en)
    {
        LCD_SIG_PORT |= _BV(E);
  a6:	2a 9a       	sbi	0x05, 2	; 5
	#else
		//round up by default
		__ticks_dc = (uint32_t)(ceil(fabs(__tmp)));
	#endif

	__builtin_avr_delay_cycles(__ticks_dc);
  a8:	8f e9       	ldi	r24, 0x9F	; 159
  aa:	9f e0       	ldi	r25, 0x0F	; 15
  ac:	01 97       	sbiw	r24, 0x01	; 1
  ae:	f1 f7       	brne	.-4      	; 0xac <LCDSetEnable.part.0+0x6>
  b0:	00 c0       	rjmp	.+0      	; 0xb2 <LCDSetEnable.part.0+0xc>
  b2:	00 00       	nop
    else
    {
        _delay_us(LCD_DELAY_US);
        LCD_SIG_PORT &= ~_BV(E);
    }
}
  b4:	08 95       	ret

000000b6 <__vector_16>:
1ms has elapsed every counter0 overflow.
As for the fractional part, accumulate the 0.024 ms by incrementing a variable by 24.
Every time that variable exceeds 1000, add one millisecond to the millis variable.
*/
ISR(TIMER0_OVF_vect)
{
  b6:	1f 92       	push	r1
  b8:	0f 92       	push	r0
  ba:	0f b6       	in	r0, 0x3f	; 63
  bc:	0f 92       	push	r0
  be:	11 24       	eor	r1, r1
  c0:	8f 93       	push	r24
  c2:	9f 93       	push	r25
    millis += 2;
  c4:	80 91 7d 01 	lds	r24, 0x017D	; 0x80017d <millis>
  c8:	90 91 7e 01 	lds	r25, 0x017E	; 0x80017e <millis+0x1>
  cc:	02 96       	adiw	r24, 0x02	; 2
  ce:	90 93 7e 01 	sts	0x017E, r25	; 0x80017e <millis+0x1>
  d2:	80 93 7d 01 	sts	0x017D, r24	; 0x80017d <millis>
    millis_fract += MILLIS_FRACT_INT * 2;
  d6:	80 91 2c 01 	lds	r24, 0x012C	; 0x80012c <__data_end>
  da:	80 93 2c 01 	sts	0x012C, r24	; 0x80012c <__data_end>
    if (millis_fract >= MILLIS_FRACT_MAX)
  de:	80 91 2c 01 	lds	r24, 0x012C	; 0x80012c <__data_end>
  e2:	8d 37       	cpi	r24, 0x7D	; 125
  e4:	70 f0       	brcs	.+28     	; 0x102 <__vector_16+0x4c>
    {
        millis_fract -= MILLIS_FRACT_MAX;
  e6:	80 91 2c 01 	lds	r24, 0x012C	; 0x80012c <__data_end>
  ea:	8d 57       	subi	r24, 0x7D	; 125
  ec:	80 93 2c 01 	sts	0x012C, r24	; 0x80012c <__data_end>
        millis++;
  f0:	80 91 7d 01 	lds	r24, 0x017D	; 0x80017d <millis>
  f4:	90 91 7e 01 	lds	r25, 0x017E	; 0x80017e <millis+0x1>
  f8:	01 96       	adiw	r24, 0x01	; 1
  fa:	90 93 7e 01 	sts	0x017E, r25	; 0x80017e <millis+0x1>
  fe:	80 93 7d 01 	sts	0x017D, r24	; 0x80017d <millis>
    }
}
 102:	9f 91       	pop	r25
 104:	8f 91       	pop	r24
 106:	0f 90       	pop	r0
 108:	0f be       	out	0x3f, r0	; 63
 10a:	0f 90       	pop	r0
 10c:	1f 90       	pop	r1
 10e:	18 95       	reti

00000110 <LCDInit>:
	#else
		//round up by default
		__ticks_dc = (uint32_t)(ceil(fabs(__tmp)));
	#endif

	__builtin_avr_delay_cycles(__ticks_dc);
 110:	2f ef       	ldi	r18, 0xFF	; 255
 112:	86 e7       	ldi	r24, 0x76	; 118
 114:	91 e0       	ldi	r25, 0x01	; 1
 116:	21 50       	subi	r18, 0x01	; 1
 118:	80 40       	sbci	r24, 0x00	; 0
 11a:	90 40       	sbci	r25, 0x00	; 0
 11c:	e1 f7       	brne	.-8      	; 0x116 <LCDInit+0x6>
 11e:	00 c0       	rjmp	.+0      	; 0x120 <LCDInit+0x10>
 120:	00 00       	nop
*/
void LCDInit()
{
    _delay_ms(30);
    // set entire port D as output
    LCD_D_DDR = 0b11111111;
 122:	8f ef       	ldi	r24, 0xFF	; 255
 124:	8a b9       	out	0x0a, r24	; 10
    // E, RS, and RW' DDR
    LCD_SIG_DDR |= 0b111;
 126:	84 b1       	in	r24, 0x04	; 4
 128:	87 60       	ori	r24, 0x07	; 7
 12a:	84 b9       	out	0x04, r24	; 4
}
 12c:	08 95       	ret

0000012e <LCDSetEnable>:
/*
set enable value
*/
void LCDSetEnable(uint8_t en)
{
    if (en)
 12e:	81 11       	cpse	r24, r1
 130:	08 c0       	rjmp	.+16     	; 0x142 <LCDSetEnable+0x14>
	#else
		//round up by default
		__ticks_dc = (uint32_t)(ceil(fabs(__tmp)));
	#endif

	__builtin_avr_delay_cycles(__ticks_dc);
 132:	8f e9       	ldi	r24, 0x9F	; 159
 134:	9f e0       	ldi	r25, 0x0F	; 15
 136:	01 97       	sbiw	r24, 0x01	; 1
 138:	f1 f7       	brne	.-4      	; 0x136 <LCDSetEnable+0x8>
 13a:	00 c0       	rjmp	.+0      	; 0x13c <LCDSetEnable+0xe>
 13c:	00 00       	nop
        _delay_us(LCD_DELAY_US);
    }
    else
    {
        _delay_us(LCD_DELAY_US);
        LCD_SIG_PORT &= ~_BV(E);
 13e:	2a 98       	cbi	0x05, 2	; 5
    }
}
 140:	08 95       	ret
 142:	0c 94 53 00 	jmp	0xa6	; 0xa6 <LCDSetEnable.part.0>

00000146 <LCDSetRSRW>:
/*
set RS and RW value
*/
void LCDSetRSRW(uint8_t rs, uint8_t rw)
{
    if (rs)
 146:	88 23       	and	r24, r24
 148:	59 f0       	breq	.+22     	; 0x160 <LCDSetRSRW+0x1a>
    {
        LCD_SIG_PORT |= _BV(RS);
 14a:	28 9a       	sbi	0x05, 0	; 5
    }
    else
    {
        LCD_SIG_PORT &= ~_BV(RS);
    }
    if (rw)
 14c:	61 11       	cpse	r22, r1
 14e:	0b c0       	rjmp	.+22     	; 0x166 <LCDSetRSRW+0x20>
    {
        LCD_SIG_PORT |= _BV(RW);
    }
    else
    {
        LCD_SIG_PORT &= ~_BV(RW);
 150:	29 98       	cbi	0x05, 1	; 5
 152:	8f e9       	ldi	r24, 0x9F	; 159
 154:	9f e0       	ldi	r25, 0x0F	; 15
 156:	01 97       	sbiw	r24, 0x01	; 1
 158:	f1 f7       	brne	.-4      	; 0x156 <LCDSetRSRW+0x10>
 15a:	00 c0       	rjmp	.+0      	; 0x15c <LCDSetRSRW+0x16>
 15c:	00 00       	nop
    }
    _delay_us(LCD_DELAY_US);
}
 15e:	08 95       	ret
    {
        LCD_SIG_PORT |= _BV(RS);
    }
    else
    {
        LCD_SIG_PORT &= ~_BV(RS);
 160:	28 98       	cbi	0x05, 0	; 5
    }
    if (rw)
 162:	66 23       	and	r22, r22
 164:	a9 f3       	breq	.-22     	; 0x150 <LCDSetRSRW+0xa>
    {
        LCD_SIG_PORT |= _BV(RW);
 166:	29 9a       	sbi	0x05, 1	; 5
 168:	8f e9       	ldi	r24, 0x9F	; 159
 16a:	9f e0       	ldi	r25, 0x0F	; 15
 16c:	01 97       	sbiw	r24, 0x01	; 1
 16e:	f1 f7       	brne	.-4      	; 0x16c <LCDSetRSRW+0x26>
 170:	00 c0       	rjmp	.+0      	; 0x172 <LCDSetRSRW+0x2c>
 172:	00 00       	nop
    else
    {
        LCD_SIG_PORT &= ~_BV(RW);
    }
    _delay_us(LCD_DELAY_US);
}
 174:	08 95       	ret

00000176 <LCDSetFunction>:
@param length 0 if 4 bit, 1 if 8 bit
@param lines 0 if 1 line, 1 if 2 lines
@param font 0 if 5x8 font, 1 if 5x10
*/
void LCDSetFunction(uint8_t length, uint8_t lines, uint8_t font)
{
 176:	1f 93       	push	r17
 178:	cf 93       	push	r28
 17a:	df 93       	push	r29
 17c:	18 2f       	mov	r17, r24
 17e:	d6 2f       	mov	r29, r22
 180:	c4 2f       	mov	r28, r20
    {
        LCD_SIG_PORT |= _BV(RS);
    }
    else
    {
        LCD_SIG_PORT &= ~_BV(RS);
 182:	28 98       	cbi	0x05, 0	; 5
    {
        LCD_SIG_PORT |= _BV(RW);
    }
    else
    {
        LCD_SIG_PORT &= ~_BV(RW);
 184:	29 98       	cbi	0x05, 1	; 5
 186:	8f e9       	ldi	r24, 0x9F	; 159
 188:	9f e0       	ldi	r25, 0x0F	; 15
 18a:	01 97       	sbiw	r24, 0x01	; 1
 18c:	f1 f7       	brne	.-4      	; 0x18a <LCDSetFunction+0x14>
 18e:	00 c0       	rjmp	.+0      	; 0x190 <LCDSetFunction+0x1a>
 190:	00 00       	nop
 192:	0e 94 53 00 	call	0xa6	; 0xa6 <LCDSetEnable.part.0>

    // set to 8-bit operation, 2-line display, 5x8 dot character font
    LCDSetRSRW(0, 0);
    LCDSetEnable(1);
    // 0 0 1 DL N F - -
    LCD_D_PORT = 0b00100000;
 196:	80 e2       	ldi	r24, 0x20	; 32
 198:	8b b9       	out	0x0b, r24	; 11
    if (length)
 19a:	11 11       	cpse	r17, r1
    {
        LCD_D_PORT |= _BV(4);
 19c:	5c 9a       	sbi	0x0b, 4	; 11
    }
    if (lines)
 19e:	d1 11       	cpse	r29, r1
    {
        LCD_D_PORT |= _BV(3);
 1a0:	5b 9a       	sbi	0x0b, 3	; 11
    }
    if (font)
 1a2:	c1 11       	cpse	r28, r1
    {
        LCD_D_PORT |= _BV(2);
 1a4:	5a 9a       	sbi	0x0b, 2	; 11
 1a6:	8f e9       	ldi	r24, 0x9F	; 159
 1a8:	9f e0       	ldi	r25, 0x0F	; 15
 1aa:	01 97       	sbiw	r24, 0x01	; 1
 1ac:	f1 f7       	brne	.-4      	; 0x1aa <LCDSetFunction+0x34>
 1ae:	00 c0       	rjmp	.+0      	; 0x1b0 <LCDSetFunction+0x3a>
 1b0:	00 00       	nop
        _delay_us(LCD_DELAY_US);
    }
    else
    {
        _delay_us(LCD_DELAY_US);
        LCD_SIG_PORT &= ~_BV(E);
 1b2:	2a 98       	cbi	0x05, 2	; 5
    if (font)
    {
        LCD_D_PORT |= _BV(2);
    }
    LCDSetEnable(0);
}
 1b4:	df 91       	pop	r29
 1b6:	cf 91       	pop	r28
 1b8:	1f 91       	pop	r17
 1ba:	08 95       	ret

000001bc <LCDOn>:

// turn on display and cursor
void LCDOn(uint8_t display, uint8_t cursor, uint8_t blinking)
{
 1bc:	1f 93       	push	r17
 1be:	cf 93       	push	r28
 1c0:	df 93       	push	r29
 1c2:	18 2f       	mov	r17, r24
 1c4:	d6 2f       	mov	r29, r22
 1c6:	c4 2f       	mov	r28, r20
    {
        LCD_SIG_PORT |= _BV(RS);
    }
    else
    {
        LCD_SIG_PORT &= ~_BV(RS);
 1c8:	28 98       	cbi	0x05, 0	; 5
    {
        LCD_SIG_PORT |= _BV(RW);
    }
    else
    {
        LCD_SIG_PORT &= ~_BV(RW);
 1ca:	29 98       	cbi	0x05, 1	; 5
 1cc:	8f e9       	ldi	r24, 0x9F	; 159
 1ce:	9f e0       	ldi	r25, 0x0F	; 15
 1d0:	01 97       	sbiw	r24, 0x01	; 1
 1d2:	f1 f7       	brne	.-4      	; 0x1d0 <LCDOn+0x14>
 1d4:	00 c0       	rjmp	.+0      	; 0x1d6 <LCDOn+0x1a>
 1d6:	00 00       	nop
 1d8:	0e 94 53 00 	call	0xa6	; 0xa6 <LCDSetEnable.part.0>
void LCDOn(uint8_t display, uint8_t cursor, uint8_t blinking)
{
    LCDSetRSRW(0, 0);
    LCDSetEnable(1);
    // 0 0 0 0 0 0 1 D C B
    LCD_D_PORT = 0b00001000;
 1dc:	88 e0       	ldi	r24, 0x08	; 8
 1de:	8b b9       	out	0x0b, r24	; 11
    if (display)
 1e0:	11 11       	cpse	r17, r1
    {
        LCD_D_PORT |= _BV(2);
 1e2:	5a 9a       	sbi	0x0b, 2	; 11
    }
    if (cursor)
 1e4:	d1 11       	cpse	r29, r1
    {
        LCD_D_PORT |= _BV(1);
 1e6:	59 9a       	sbi	0x0b, 1	; 11
    }
    if (blinking)
 1e8:	c1 11       	cpse	r28, r1
    {
        LCD_D_PORT |= _BV(0);
 1ea:	58 9a       	sbi	0x0b, 0	; 11
 1ec:	8f e9       	ldi	r24, 0x9F	; 159
 1ee:	9f e0       	ldi	r25, 0x0F	; 15
 1f0:	01 97       	sbiw	r24, 0x01	; 1
 1f2:	f1 f7       	brne	.-4      	; 0x1f0 <LCDOn+0x34>
 1f4:	00 c0       	rjmp	.+0      	; 0x1f6 <LCDOn+0x3a>
 1f6:	00 00       	nop
        _delay_us(LCD_DELAY_US);
    }
    else
    {
        _delay_us(LCD_DELAY_US);
        LCD_SIG_PORT &= ~_BV(E);
 1f8:	2a 98       	cbi	0x05, 2	; 5
    if (blinking)
    {
        LCD_D_PORT |= _BV(0);
    }
    LCDSetEnable(0);
}
 1fa:	df 91       	pop	r29
 1fc:	cf 91       	pop	r28
 1fe:	1f 91       	pop	r17
 200:	08 95       	ret

00000202 <LCDSetEntryMode>:

/*
set LCD entry mode
*/
void LCDSetEntryMode(uint8_t increment, uint8_t shift)
{
 202:	cf 93       	push	r28
 204:	df 93       	push	r29
 206:	d8 2f       	mov	r29, r24
 208:	c6 2f       	mov	r28, r22
    {
        LCD_SIG_PORT |= _BV(RS);
    }
    else
    {
        LCD_SIG_PORT &= ~_BV(RS);
 20a:	28 98       	cbi	0x05, 0	; 5
    {
        LCD_SIG_PORT |= _BV(RW);
    }
    else
    {
        LCD_SIG_PORT &= ~_BV(RW);
 20c:	29 98       	cbi	0x05, 1	; 5
 20e:	8f e9       	ldi	r24, 0x9F	; 159
 210:	9f e0       	ldi	r25, 0x0F	; 15
 212:	01 97       	sbiw	r24, 0x01	; 1
 214:	f1 f7       	brne	.-4      	; 0x212 <LCDSetEntryMode+0x10>
 216:	00 c0       	rjmp	.+0      	; 0x218 <LCDSetEntryMode+0x16>
 218:	00 00       	nop
 21a:	0e 94 53 00 	call	0xa6	; 0xa6 <LCDSetEnable.part.0>
*/
void LCDSetEntryMode(uint8_t increment, uint8_t shift)
{
    LCDSetRSRW(0, 0);
    LCDSetEnable(1);
    LCD_D_PORT = 0b00000100;
 21e:	84 e0       	ldi	r24, 0x04	; 4
 220:	8b b9       	out	0x0b, r24	; 11
    if (increment)
 222:	d1 11       	cpse	r29, r1
    {
        LCD_D_PORT |= _BV(1);
 224:	59 9a       	sbi	0x0b, 1	; 11
    }
    if (shift)
 226:	c1 11       	cpse	r28, r1
    {
        LCD_D_PORT |= _BV(0);
 228:	58 9a       	sbi	0x0b, 0	; 11
 22a:	8f e9       	ldi	r24, 0x9F	; 159
 22c:	9f e0       	ldi	r25, 0x0F	; 15
 22e:	01 97       	sbiw	r24, 0x01	; 1
 230:	f1 f7       	brne	.-4      	; 0x22e <LCDSetEntryMode+0x2c>
 232:	00 c0       	rjmp	.+0      	; 0x234 <LCDSetEntryMode+0x32>
 234:	00 00       	nop
        _delay_us(LCD_DELAY_US);
    }
    else
    {
        _delay_us(LCD_DELAY_US);
        LCD_SIG_PORT &= ~_BV(E);
 236:	2a 98       	cbi	0x05, 2	; 5
    if (shift)
    {
        LCD_D_PORT |= _BV(0);
    }
    LCDSetEnable(0);
}
 238:	df 91       	pop	r29
 23a:	cf 91       	pop	r28
 23c:	08 95       	ret

0000023e <LCDClear>:
    {
        LCD_SIG_PORT |= _BV(RS);
    }
    else
    {
        LCD_SIG_PORT &= ~_BV(RS);
 23e:	28 98       	cbi	0x05, 0	; 5
    {
        LCD_SIG_PORT |= _BV(RW);
    }
    else
    {
        LCD_SIG_PORT &= ~_BV(RW);
 240:	29 98       	cbi	0x05, 1	; 5
 242:	8f e9       	ldi	r24, 0x9F	; 159
 244:	9f e0       	ldi	r25, 0x0F	; 15
 246:	01 97       	sbiw	r24, 0x01	; 1
 248:	f1 f7       	brne	.-4      	; 0x246 <LCDClear+0x8>
 24a:	00 c0       	rjmp	.+0      	; 0x24c <LCDClear+0xe>
 24c:	00 00       	nop
 24e:	0e 94 53 00 	call	0xa6	; 0xa6 <LCDSetEnable.part.0>
*/
void LCDClear()
{
    LCDSetRSRW(0, 0);
    LCDSetEnable(1);
    LCD_D_PORT = 0b00000001;
 252:	81 e0       	ldi	r24, 0x01	; 1
 254:	8b b9       	out	0x0b, r24	; 11
 256:	8f e9       	ldi	r24, 0x9F	; 159
 258:	9f e0       	ldi	r25, 0x0F	; 15
 25a:	01 97       	sbiw	r24, 0x01	; 1
 25c:	f1 f7       	brne	.-4      	; 0x25a <LCDClear+0x1c>
 25e:	00 c0       	rjmp	.+0      	; 0x260 <LCDClear+0x22>
 260:	00 00       	nop
        _delay_us(LCD_DELAY_US);
    }
    else
    {
        _delay_us(LCD_DELAY_US);
        LCD_SIG_PORT &= ~_BV(E);
 262:	2a 98       	cbi	0x05, 2	; 5
{
    LCDSetRSRW(0, 0);
    LCDSetEnable(1);
    LCD_D_PORT = 0b00000001;
    LCDSetEnable(0);
}
 264:	08 95       	ret

00000266 <LCDShiftCursor>:

/*
shift cursor
*/
void LCDShiftCursor(uint8_t mode, uint8_t dir)
{
 266:	cf 93       	push	r28
 268:	df 93       	push	r29
 26a:	d8 2f       	mov	r29, r24
 26c:	c6 2f       	mov	r28, r22
    {
        LCD_SIG_PORT |= _BV(RS);
    }
    else
    {
        LCD_SIG_PORT &= ~_BV(RS);
 26e:	28 98       	cbi	0x05, 0	; 5
    {
        LCD_SIG_PORT |= _BV(RW);
    }
    else
    {
        LCD_SIG_PORT &= ~_BV(RW);
 270:	29 98       	cbi	0x05, 1	; 5
 272:	8f e9       	ldi	r24, 0x9F	; 159
 274:	9f e0       	ldi	r25, 0x0F	; 15
 276:	01 97       	sbiw	r24, 0x01	; 1
 278:	f1 f7       	brne	.-4      	; 0x276 <LCDShiftCursor+0x10>
 27a:	00 c0       	rjmp	.+0      	; 0x27c <LCDShiftCursor+0x16>
 27c:	00 00       	nop
 27e:	0e 94 53 00 	call	0xa6	; 0xa6 <LCDSetEnable.part.0>
*/
void LCDShiftCursor(uint8_t mode, uint8_t dir)
{
    LCDSetRSRW(0, 0);
    LCDSetEnable(1);
    LCD_D_PORT = 0b00010000;
 282:	80 e1       	ldi	r24, 0x10	; 16
 284:	8b b9       	out	0x0b, r24	; 11
    if (mode)
 286:	d1 11       	cpse	r29, r1
    {
        LCD_D_PORT |= _BV(3);
 288:	5b 9a       	sbi	0x0b, 3	; 11
    }
    if (dir)
 28a:	c1 11       	cpse	r28, r1
    {
        LCD_D_PORT |= _BV(2);
 28c:	5a 9a       	sbi	0x0b, 2	; 11
 28e:	8f e9       	ldi	r24, 0x9F	; 159
 290:	9f e0       	ldi	r25, 0x0F	; 15
 292:	01 97       	sbiw	r24, 0x01	; 1
 294:	f1 f7       	brne	.-4      	; 0x292 <LCDShiftCursor+0x2c>
 296:	00 c0       	rjmp	.+0      	; 0x298 <LCDShiftCursor+0x32>
 298:	00 00       	nop
        _delay_us(LCD_DELAY_US);
    }
    else
    {
        _delay_us(LCD_DELAY_US);
        LCD_SIG_PORT &= ~_BV(E);
 29a:	2a 98       	cbi	0x05, 2	; 5
    if (dir)
    {
        LCD_D_PORT |= _BV(2);
    }
    LCDSetEnable(0);
}
 29c:	df 91       	pop	r29
 29e:	cf 91       	pop	r28
 2a0:	08 95       	ret

000002a2 <LCDGoHome>:
    {
        LCD_SIG_PORT |= _BV(RS);
    }
    else
    {
        LCD_SIG_PORT &= ~_BV(RS);
 2a2:	28 98       	cbi	0x05, 0	; 5
    {
        LCD_SIG_PORT |= _BV(RW);
    }
    else
    {
        LCD_SIG_PORT &= ~_BV(RW);
 2a4:	29 98       	cbi	0x05, 1	; 5
 2a6:	8f e9       	ldi	r24, 0x9F	; 159
 2a8:	9f e0       	ldi	r25, 0x0F	; 15
 2aa:	01 97       	sbiw	r24, 0x01	; 1
 2ac:	f1 f7       	brne	.-4      	; 0x2aa <LCDGoHome+0x8>
 2ae:	00 c0       	rjmp	.+0      	; 0x2b0 <LCDGoHome+0xe>
 2b0:	00 00       	nop
 2b2:	0e 94 53 00 	call	0xa6	; 0xa6 <LCDSetEnable.part.0>
*/
void LCDGoHome()
{
    LCDSetRSRW(0, 0);
    LCDSetEnable(1);
    LCD_D_PORT = 0b00000010;
 2b6:	82 e0       	ldi	r24, 0x02	; 2
 2b8:	8b b9       	out	0x0b, r24	; 11
 2ba:	8f e9       	ldi	r24, 0x9F	; 159
 2bc:	9f e0       	ldi	r25, 0x0F	; 15
 2be:	01 97       	sbiw	r24, 0x01	; 1
 2c0:	f1 f7       	brne	.-4      	; 0x2be <LCDGoHome+0x1c>
 2c2:	00 c0       	rjmp	.+0      	; 0x2c4 <LCDGoHome+0x22>
 2c4:	00 00       	nop
        _delay_us(LCD_DELAY_US);
    }
    else
    {
        _delay_us(LCD_DELAY_US);
        LCD_SIG_PORT &= ~_BV(E);
 2c6:	2a 98       	cbi	0x05, 2	; 5
{
    LCDSetRSRW(0, 0);
    LCDSetEnable(1);
    LCD_D_PORT = 0b00000010;
    LCDSetEnable(0);
}
 2c8:	08 95       	ret

000002ca <LCDWriteRAM>:

/*
Write data to the CGRAM/DDRAM
*/
void LCDWriteRAM(uint8_t data)
{
 2ca:	cf 93       	push	r28
 2cc:	c8 2f       	mov	r28, r24
*/
void LCDSetRSRW(uint8_t rs, uint8_t rw)
{
    if (rs)
    {
        LCD_SIG_PORT |= _BV(RS);
 2ce:	28 9a       	sbi	0x05, 0	; 5
    {
        LCD_SIG_PORT |= _BV(RW);
    }
    else
    {
        LCD_SIG_PORT &= ~_BV(RW);
 2d0:	29 98       	cbi	0x05, 1	; 5
 2d2:	8f e9       	ldi	r24, 0x9F	; 159
 2d4:	9f e0       	ldi	r25, 0x0F	; 15
 2d6:	01 97       	sbiw	r24, 0x01	; 1
 2d8:	f1 f7       	brne	.-4      	; 0x2d6 <LCDWriteRAM+0xc>
 2da:	00 c0       	rjmp	.+0      	; 0x2dc <LCDWriteRAM+0x12>
 2dc:	00 00       	nop
 2de:	0e 94 53 00 	call	0xa6	; 0xa6 <LCDSetEnable.part.0>
*/
void LCDWriteRAM(uint8_t data)
{
    LCDSetRSRW(1, 0);
    LCDSetEnable(1);
    LCD_D_PORT = data;
 2e2:	cb b9       	out	0x0b, r28	; 11
 2e4:	8f e9       	ldi	r24, 0x9F	; 159
 2e6:	9f e0       	ldi	r25, 0x0F	; 15
 2e8:	01 97       	sbiw	r24, 0x01	; 1
 2ea:	f1 f7       	brne	.-4      	; 0x2e8 <LCDWriteRAM+0x1e>
 2ec:	00 c0       	rjmp	.+0      	; 0x2ee <LCDWriteRAM+0x24>
 2ee:	00 00       	nop
        _delay_us(LCD_DELAY_US);
    }
    else
    {
        _delay_us(LCD_DELAY_US);
        LCD_SIG_PORT &= ~_BV(E);
 2f0:	2a 98       	cbi	0x05, 2	; 5
{
    LCDSetRSRW(1, 0);
    LCDSetEnable(1);
    LCD_D_PORT = data;
    LCDSetEnable(0);
}
 2f2:	cf 91       	pop	r28
 2f4:	08 95       	ret

000002f6 <LCDReadRAM>:
*/
void LCDSetRSRW(uint8_t rs, uint8_t rw)
{
    if (rs)
    {
        LCD_SIG_PORT |= _BV(RS);
 2f6:	28 9a       	sbi	0x05, 0	; 5
    {
        LCD_SIG_PORT &= ~_BV(RS);
    }
    if (rw)
    {
        LCD_SIG_PORT |= _BV(RW);
 2f8:	29 9a       	sbi	0x05, 1	; 5
 2fa:	8f e9       	ldi	r24, 0x9F	; 159
 2fc:	9f e0       	ldi	r25, 0x0F	; 15
 2fe:	01 97       	sbiw	r24, 0x01	; 1
 300:	f1 f7       	brne	.-4      	; 0x2fe <LCDReadRAM+0x8>
 302:	00 c0       	rjmp	.+0      	; 0x304 <LCDReadRAM+0xe>
 304:	00 00       	nop
 306:	0e 94 53 00 	call	0xa6	; 0xa6 <LCDSetEnable.part.0>
uint8_t LCDReadRAM()
{
    uint8_t data;
    LCDSetRSRW(1, 1);
    LCDSetEnable(1);
    LCD_D_DDR = 0b0;
 30a:	1a b8       	out	0x0a, r1	; 10
    data = LCD_D_READ;
 30c:	89 b1       	in	r24, 0x09	; 9
 30e:	ef e9       	ldi	r30, 0x9F	; 159
 310:	ff e0       	ldi	r31, 0x0F	; 15
 312:	31 97       	sbiw	r30, 0x01	; 1
 314:	f1 f7       	brne	.-4      	; 0x312 <LCDReadRAM+0x1c>
 316:	00 c0       	rjmp	.+0      	; 0x318 <LCDReadRAM+0x22>
 318:	00 00       	nop
        _delay_us(LCD_DELAY_US);
    }
    else
    {
        _delay_us(LCD_DELAY_US);
        LCD_SIG_PORT &= ~_BV(E);
 31a:	2a 98       	cbi	0x05, 2	; 5
    LCDSetRSRW(1, 1);
    LCDSetEnable(1);
    LCD_D_DDR = 0b0;
    data = LCD_D_READ;
    LCDSetEnable(0);
    LCD_D_DDR = 0b11111111;
 31c:	9f ef       	ldi	r25, 0xFF	; 255
 31e:	9a b9       	out	0x0a, r25	; 10
    LCD_D_PORT = 0;
 320:	1b b8       	out	0x0b, r1	; 11
    return data;
}
 322:	08 95       	ret

00000324 <LCDSetCGRAMAddr>:

/*
set CGRAM address
*/
void LCDSetCGRAMAddr(uint8_t addr)
{
 324:	cf 93       	push	r28
 326:	c8 2f       	mov	r28, r24
    {
        LCD_SIG_PORT |= _BV(RS);
    }
    else
    {
        LCD_SIG_PORT &= ~_BV(RS);
 328:	28 98       	cbi	0x05, 0	; 5
    {
        LCD_SIG_PORT |= _BV(RW);
    }
    else
    {
        LCD_SIG_PORT &= ~_BV(RW);
 32a:	29 98       	cbi	0x05, 1	; 5
 32c:	8f e9       	ldi	r24, 0x9F	; 159
 32e:	9f e0       	ldi	r25, 0x0F	; 15
 330:	01 97       	sbiw	r24, 0x01	; 1
 332:	f1 f7       	brne	.-4      	; 0x330 <LCDSetCGRAMAddr+0xc>
 334:	00 c0       	rjmp	.+0      	; 0x336 <LCDSetCGRAMAddr+0x12>
 336:	00 00       	nop
 338:	0e 94 53 00 	call	0xa6	; 0xa6 <LCDSetEnable.part.0>
*/
void LCDSetCGRAMAddr(uint8_t addr)
{
    LCDSetRSRW(0, 0);
    LCDSetEnable(1);
    LCD_D_PORT = 0b01000000;
 33c:	80 e4       	ldi	r24, 0x40	; 64
 33e:	8b b9       	out	0x0b, r24	; 11
    LCD_D_PORT |= addr;
 340:	8b b1       	in	r24, 0x0b	; 11
 342:	8c 2b       	or	r24, r28
 344:	8b b9       	out	0x0b, r24	; 11
 346:	8f e9       	ldi	r24, 0x9F	; 159
 348:	9f e0       	ldi	r25, 0x0F	; 15
 34a:	01 97       	sbiw	r24, 0x01	; 1
 34c:	f1 f7       	brne	.-4      	; 0x34a <LCDSetCGRAMAddr+0x26>
 34e:	00 c0       	rjmp	.+0      	; 0x350 <LCDSetCGRAMAddr+0x2c>
 350:	00 00       	nop
        _delay_us(LCD_DELAY_US);
    }
    else
    {
        _delay_us(LCD_DELAY_US);
        LCD_SIG_PORT &= ~_BV(E);
 352:	2a 98       	cbi	0x05, 2	; 5
    LCDSetRSRW(0, 0);
    LCDSetEnable(1);
    LCD_D_PORT = 0b01000000;
    LCD_D_PORT |= addr;
    LCDSetEnable(0);
}
 354:	cf 91       	pop	r28
 356:	08 95       	ret

00000358 <LCDSetDDRAMAddr>:
/*
set DDRAM address
*/
void LCDSetDDRAMAddr(uint8_t addr)
{
 358:	cf 93       	push	r28
 35a:	c8 2f       	mov	r28, r24
    {
        LCD_SIG_PORT |= _BV(RS);
    }
    else
    {
        LCD_SIG_PORT &= ~_BV(RS);
 35c:	28 98       	cbi	0x05, 0	; 5
    {
        LCD_SIG_PORT |= _BV(RW);
    }
    else
    {
        LCD_SIG_PORT &= ~_BV(RW);
 35e:	29 98       	cbi	0x05, 1	; 5
 360:	8f e9       	ldi	r24, 0x9F	; 159
 362:	9f e0       	ldi	r25, 0x0F	; 15
 364:	01 97       	sbiw	r24, 0x01	; 1
 366:	f1 f7       	brne	.-4      	; 0x364 <LCDSetDDRAMAddr+0xc>
 368:	00 c0       	rjmp	.+0      	; 0x36a <LCDSetDDRAMAddr+0x12>
 36a:	00 00       	nop
 36c:	0e 94 53 00 	call	0xa6	; 0xa6 <LCDSetEnable.part.0>
*/
void LCDSetDDRAMAddr(uint8_t addr)
{
    LCDSetRSRW(0, 0);
    LCDSetEnable(1);
    LCD_D_PORT = 0b10000000;
 370:	80 e8       	ldi	r24, 0x80	; 128
 372:	8b b9       	out	0x0b, r24	; 11
    LCD_D_PORT |= addr;
 374:	8b b1       	in	r24, 0x0b	; 11
 376:	8c 2b       	or	r24, r28
 378:	8b b9       	out	0x0b, r24	; 11
 37a:	8f e9       	ldi	r24, 0x9F	; 159
 37c:	9f e0       	ldi	r25, 0x0F	; 15
 37e:	01 97       	sbiw	r24, 0x01	; 1
 380:	f1 f7       	brne	.-4      	; 0x37e <LCDSetDDRAMAddr+0x26>
 382:	00 c0       	rjmp	.+0      	; 0x384 <LCDSetDDRAMAddr+0x2c>
 384:	00 00       	nop
        _delay_us(LCD_DELAY_US);
    }
    else
    {
        _delay_us(LCD_DELAY_US);
        LCD_SIG_PORT &= ~_BV(E);
 386:	2a 98       	cbi	0x05, 2	; 5
    LCDSetRSRW(0, 0);
    LCDSetEnable(1);
    LCD_D_PORT = 0b10000000;
    LCD_D_PORT |= addr;
    LCDSetEnable(0);
}
 388:	cf 91       	pop	r28
 38a:	08 95       	ret

0000038c <LCDReadBusy>:
    {
        LCD_SIG_PORT |= _BV(RS);
    }
    else
    {
        LCD_SIG_PORT &= ~_BV(RS);
 38c:	28 98       	cbi	0x05, 0	; 5
    }
    if (rw)
    {
        LCD_SIG_PORT |= _BV(RW);
 38e:	29 9a       	sbi	0x05, 1	; 5
 390:	8f e9       	ldi	r24, 0x9F	; 159
 392:	9f e0       	ldi	r25, 0x0F	; 15
 394:	01 97       	sbiw	r24, 0x01	; 1
 396:	f1 f7       	brne	.-4      	; 0x394 <LCDReadBusy+0x8>
 398:	00 c0       	rjmp	.+0      	; 0x39a <LCDReadBusy+0xe>
 39a:	00 00       	nop
 39c:	0e 94 53 00 	call	0xa6	; 0xa6 <LCDSetEnable.part.0>
    uint8_t ac;
    // RS = 0, RW = 1
    LCDSetRSRW(0, 1);
    LCDSetEnable(1);
    // set LCD data port as inputs
    LCD_D_DDR = 0b0;
 3a0:	1a b8       	out	0x0a, r1	; 10
    // read LCD data port
    ac = LCD_D_READ;
 3a2:	89 b1       	in	r24, 0x09	; 9
 3a4:	ef e9       	ldi	r30, 0x9F	; 159
 3a6:	ff e0       	ldi	r31, 0x0F	; 15
 3a8:	31 97       	sbiw	r30, 0x01	; 1
 3aa:	f1 f7       	brne	.-4      	; 0x3a8 <LCDReadBusy+0x1c>
 3ac:	00 c0       	rjmp	.+0      	; 0x3ae <LCDReadBusy+0x22>
 3ae:	00 00       	nop
        _delay_us(LCD_DELAY_US);
    }
    else
    {
        _delay_us(LCD_DELAY_US);
        LCD_SIG_PORT &= ~_BV(E);
 3b0:	2a 98       	cbi	0x05, 2	; 5
    LCD_D_DDR = 0b0;
    // read LCD data port
    ac = LCD_D_READ;
    LCDSetEnable(0);
    // set LCD data port as outputs
    LCD_D_DDR = 0b11111111;
 3b2:	9f ef       	ldi	r25, 0xFF	; 255
 3b4:	9a b9       	out	0x0a, r25	; 10
    LCD_D_PORT = 0b0;
 3b6:	1b b8       	out	0x0b, r1	; 11
    return ac;
}
 3b8:	08 95       	ret

000003ba <ioinit>:
	#else
		//round up by default
		__ticks_dc = (uint32_t)(ceil(fabs(__tmp)));
	#endif

	__builtin_avr_delay_cycles(__ticks_dc);
 3ba:	2f ef       	ldi	r18, 0xFF	; 255
 3bc:	86 e7       	ldi	r24, 0x76	; 118
 3be:	91 e0       	ldi	r25, 0x01	; 1
 3c0:	21 50       	subi	r18, 0x01	; 1
 3c2:	80 40       	sbci	r24, 0x00	; 0
 3c4:	90 40       	sbci	r25, 0x00	; 0
 3c6:	e1 f7       	brne	.-8      	; 0x3c0 <ioinit+0x6>
 3c8:	00 c0       	rjmp	.+0      	; 0x3ca <ioinit+0x10>
 3ca:	00 00       	nop
*/
void LCDInit()
{
    _delay_ms(30);
    // set entire port D as output
    LCD_D_DDR = 0b11111111;
 3cc:	8f ef       	ldi	r24, 0xFF	; 255
 3ce:	8a b9       	out	0x0a, r24	; 10
    // E, RS, and RW' DDR
    LCD_SIG_DDR |= 0b111;
 3d0:	84 b1       	in	r24, 0x04	; 4
 3d2:	87 60       	ori	r24, 0x07	; 7
 3d4:	84 b9       	out	0x04, r24	; 4
    // TCCR0B |= (_BV(CS01) | _BV(CS00));
    /* timer 0 overflow interrupt enable */
    // TIMSK0 |= _BV(TOIE0);

    /* set interrupts enable */
    sei();
 3d6:	78 94       	sei
}
 3d8:	08 95       	ret

000003da <main>:
 3da:	2f ef       	ldi	r18, 0xFF	; 255
 3dc:	86 e7       	ldi	r24, 0x76	; 118
 3de:	91 e0       	ldi	r25, 0x01	; 1
 3e0:	21 50       	subi	r18, 0x01	; 1
 3e2:	80 40       	sbci	r24, 0x00	; 0
 3e4:	90 40       	sbci	r25, 0x00	; 0
 3e6:	e1 f7       	brne	.-8      	; 0x3e0 <main+0x6>
 3e8:	00 c0       	rjmp	.+0      	; 0x3ea <main+0x10>
 3ea:	00 00       	nop
*/
void LCDInit()
{
    _delay_ms(30);
    // set entire port D as output
    LCD_D_DDR = 0b11111111;
 3ec:	8f ef       	ldi	r24, 0xFF	; 255
 3ee:	8a b9       	out	0x0a, r24	; 10
    // E, RS, and RW' DDR
    LCD_SIG_DDR |= 0b111;
 3f0:	84 b1       	in	r24, 0x04	; 4
 3f2:	87 60       	ori	r24, 0x07	; 7
 3f4:	84 b9       	out	0x04, r24	; 4
    // TCCR0B |= (_BV(CS01) | _BV(CS00));
    /* timer 0 overflow interrupt enable */
    // TIMSK0 |= _BV(TOIE0);

    /* set interrupts enable */
    sei();
 3f6:	78 94       	sei
}

int main()
{
    ioinit();
    LCDOn(1, 1, 1);
 3f8:	41 e0       	ldi	r20, 0x01	; 1
 3fa:	61 e0       	ldi	r22, 0x01	; 1
 3fc:	81 e0       	ldi	r24, 0x01	; 1
 3fe:	0e 94 de 00 	call	0x1bc	; 0x1bc <LCDOn>

    LCDSetFunction(1, 1, 0);
 402:	40 e0       	ldi	r20, 0x00	; 0
 404:	61 e0       	ldi	r22, 0x01	; 1
 406:	81 e0       	ldi	r24, 0x01	; 1
 408:	0e 94 bb 00 	call	0x176	; 0x176 <LCDSetFunction>
    LCDSetEntryMode(1, 0);
 40c:	60 e0       	ldi	r22, 0x00	; 0
 40e:	81 e0       	ldi	r24, 0x01	; 1
 410:	0e 94 01 01 	call	0x202	; 0x202 <LCDSetEntryMode>
    LCDClear();
 414:	0e 94 1f 01 	call	0x23e	; 0x23e <LCDClear>
 418:	ef ef       	ldi	r30, 0xFF	; 255
 41a:	f9 e6       	ldi	r31, 0x69	; 105
 41c:	28 e1       	ldi	r18, 0x18	; 24
 41e:	e1 50       	subi	r30, 0x01	; 1
 420:	f0 40       	sbci	r31, 0x00	; 0
 422:	20 40       	sbci	r18, 0x00	; 0
 424:	e1 f7       	brne	.-8      	; 0x41e <__EEPROM_REGION_LENGTH__+0x1e>
 426:	00 c0       	rjmp	.+0      	; 0x428 <__EEPROM_REGION_LENGTH__+0x28>
 428:	00 00       	nop
    _delay_ms(500);
    LCDSetDDRAMAddr(0);
 42a:	80 e0       	ldi	r24, 0x00	; 0
 42c:	0e 94 ac 01 	call	0x358	; 0x358 <LCDSetDDRAMAddr>
    strcpy(str, "0Simon Que");
 430:	8b e0       	ldi	r24, 0x0B	; 11
 432:	e0 e0       	ldi	r30, 0x00	; 0
 434:	f1 e0       	ldi	r31, 0x01	; 1
 436:	ad e2       	ldi	r26, 0x2D	; 45
 438:	b1 e0       	ldi	r27, 0x01	; 1
 43a:	01 90       	ld	r0, Z+
 43c:	0d 92       	st	X+, r0
 43e:	8a 95       	dec	r24
 440:	e1 f7       	brne	.-8      	; 0x43a <__EEPROM_REGION_LENGTH__+0x3a>
    for (int i = 0; i < strlen(str); ++i)
 442:	cd e2       	ldi	r28, 0x2D	; 45
 444:	d1 e0       	ldi	r29, 0x01	; 1
 446:	8e 01       	movw	r16, r28
 448:	05 c0       	rjmp	.+10     	; 0x454 <__EEPROM_REGION_LENGTH__+0x54>
    {
        LCDWriteRAM(str[i]);
 44a:	f8 01       	movw	r30, r16
 44c:	81 91       	ld	r24, Z+
 44e:	8f 01       	movw	r16, r30
 450:	0e 94 65 01 	call	0x2ca	; 0x2ca <LCDWriteRAM>
    LCDSetEntryMode(1, 0);
    LCDClear();
    _delay_ms(500);
    LCDSetDDRAMAddr(0);
    strcpy(str, "0Simon Que");
    for (int i = 0; i < strlen(str); ++i)
 454:	fe 01       	movw	r30, r28
 456:	01 90       	ld	r0, Z+
 458:	00 20       	and	r0, r0
 45a:	e9 f7       	brne	.-6      	; 0x456 <__EEPROM_REGION_LENGTH__+0x56>
 45c:	cf 01       	movw	r24, r30
 45e:	8e 52       	subi	r24, 0x2E	; 46
 460:	91 40       	sbci	r25, 0x01	; 1
 462:	98 01       	movw	r18, r16
 464:	2d 52       	subi	r18, 0x2D	; 45
 466:	31 40       	sbci	r19, 0x01	; 1
 468:	28 17       	cp	r18, r24
 46a:	39 07       	cpc	r19, r25
 46c:	70 f3       	brcs	.-36     	; 0x44a <__EEPROM_REGION_LENGTH__+0x4a>
 46e:	ff ef       	ldi	r31, 0xFF	; 255
 470:	29 e6       	ldi	r18, 0x69	; 105
 472:	88 e1       	ldi	r24, 0x18	; 24
 474:	f1 50       	subi	r31, 0x01	; 1
 476:	20 40       	sbci	r18, 0x00	; 0
 478:	80 40       	sbci	r24, 0x00	; 0
 47a:	e1 f7       	brne	.-8      	; 0x474 <__EEPROM_REGION_LENGTH__+0x74>
 47c:	00 c0       	rjmp	.+0      	; 0x47e <__EEPROM_REGION_LENGTH__+0x7e>
 47e:	00 00       	nop
    {
        LCDWriteRAM(str[i]);
    }
    _delay_ms(500);
    LCDSetDDRAMAddr(64);
 480:	80 e4       	ldi	r24, 0x40	; 64
 482:	0e 94 ac 01 	call	0x358	; 0x358 <LCDSetDDRAMAddr>
    strcpy(str, "1Simon Que");
 486:	8b e0       	ldi	r24, 0x0B	; 11
 488:	eb e0       	ldi	r30, 0x0B	; 11
 48a:	f1 e0       	ldi	r31, 0x01	; 1
 48c:	ad e2       	ldi	r26, 0x2D	; 45
 48e:	b1 e0       	ldi	r27, 0x01	; 1
 490:	01 90       	ld	r0, Z+
 492:	0d 92       	st	X+, r0
 494:	8a 95       	dec	r24
 496:	e1 f7       	brne	.-8      	; 0x490 <__EEPROM_REGION_LENGTH__+0x90>
    for (int i = 0; i < strlen(str); ++i)
 498:	0d e2       	ldi	r16, 0x2D	; 45
 49a:	11 e0       	ldi	r17, 0x01	; 1
 49c:	05 c0       	rjmp	.+10     	; 0x4a8 <__EEPROM_REGION_LENGTH__+0xa8>
    {
        LCDWriteRAM(str[i]);
 49e:	f8 01       	movw	r30, r16
 4a0:	81 91       	ld	r24, Z+
 4a2:	8f 01       	movw	r16, r30
 4a4:	0e 94 65 01 	call	0x2ca	; 0x2ca <LCDWriteRAM>
        LCDWriteRAM(str[i]);
    }
    _delay_ms(500);
    LCDSetDDRAMAddr(64);
    strcpy(str, "1Simon Que");
    for (int i = 0; i < strlen(str); ++i)
 4a8:	fe 01       	movw	r30, r28
 4aa:	01 90       	ld	r0, Z+
 4ac:	00 20       	and	r0, r0
 4ae:	e9 f7       	brne	.-6      	; 0x4aa <__EEPROM_REGION_LENGTH__+0xaa>
 4b0:	cf 01       	movw	r24, r30
 4b2:	8e 52       	subi	r24, 0x2E	; 46
 4b4:	91 40       	sbci	r25, 0x01	; 1
 4b6:	98 01       	movw	r18, r16
 4b8:	2d 52       	subi	r18, 0x2D	; 45
 4ba:	31 40       	sbci	r19, 0x01	; 1
 4bc:	28 17       	cp	r18, r24
 4be:	39 07       	cpc	r19, r25
 4c0:	70 f3       	brcs	.-36     	; 0x49e <__EEPROM_REGION_LENGTH__+0x9e>
 4c2:	ff ef       	ldi	r31, 0xFF	; 255
 4c4:	29 e6       	ldi	r18, 0x69	; 105
 4c6:	88 e1       	ldi	r24, 0x18	; 24
 4c8:	f1 50       	subi	r31, 0x01	; 1
 4ca:	20 40       	sbci	r18, 0x00	; 0
 4cc:	80 40       	sbci	r24, 0x00	; 0
 4ce:	e1 f7       	brne	.-8      	; 0x4c8 <__EEPROM_REGION_LENGTH__+0xc8>
 4d0:	00 c0       	rjmp	.+0      	; 0x4d2 <__EEPROM_REGION_LENGTH__+0xd2>
 4d2:	00 00       	nop
    {
        LCDWriteRAM(str[i]);
    }
    _delay_ms(500);
    LCDSetDDRAMAddr(20);
 4d4:	84 e1       	ldi	r24, 0x14	; 20
 4d6:	0e 94 ac 01 	call	0x358	; 0x358 <LCDSetDDRAMAddr>
    strcpy(str, "2Simon Que");
 4da:	8b e0       	ldi	r24, 0x0B	; 11
 4dc:	e6 e1       	ldi	r30, 0x16	; 22
 4de:	f1 e0       	ldi	r31, 0x01	; 1
 4e0:	ad e2       	ldi	r26, 0x2D	; 45
 4e2:	b1 e0       	ldi	r27, 0x01	; 1
 4e4:	01 90       	ld	r0, Z+
 4e6:	0d 92       	st	X+, r0
 4e8:	8a 95       	dec	r24
 4ea:	e1 f7       	brne	.-8      	; 0x4e4 <__EEPROM_REGION_LENGTH__+0xe4>
    for (int i = 0; i < strlen(str); ++i)
 4ec:	0d e2       	ldi	r16, 0x2D	; 45
 4ee:	11 e0       	ldi	r17, 0x01	; 1
 4f0:	05 c0       	rjmp	.+10     	; 0x4fc <__EEPROM_REGION_LENGTH__+0xfc>
    {
        LCDWriteRAM(str[i]);
 4f2:	f8 01       	movw	r30, r16
 4f4:	81 91       	ld	r24, Z+
 4f6:	8f 01       	movw	r16, r30
 4f8:	0e 94 65 01 	call	0x2ca	; 0x2ca <LCDWriteRAM>
        LCDWriteRAM(str[i]);
    }
    _delay_ms(500);
    LCDSetDDRAMAddr(20);
    strcpy(str, "2Simon Que");
    for (int i = 0; i < strlen(str); ++i)
 4fc:	fe 01       	movw	r30, r28
 4fe:	01 90       	ld	r0, Z+
 500:	00 20       	and	r0, r0
 502:	e9 f7       	brne	.-6      	; 0x4fe <__EEPROM_REGION_LENGTH__+0xfe>
 504:	cf 01       	movw	r24, r30
 506:	8e 52       	subi	r24, 0x2E	; 46
 508:	91 40       	sbci	r25, 0x01	; 1
 50a:	98 01       	movw	r18, r16
 50c:	2d 52       	subi	r18, 0x2D	; 45
 50e:	31 40       	sbci	r19, 0x01	; 1
 510:	28 17       	cp	r18, r24
 512:	39 07       	cpc	r19, r25
 514:	70 f3       	brcs	.-36     	; 0x4f2 <__EEPROM_REGION_LENGTH__+0xf2>
 516:	ff ef       	ldi	r31, 0xFF	; 255
 518:	29 e6       	ldi	r18, 0x69	; 105
 51a:	88 e1       	ldi	r24, 0x18	; 24
 51c:	f1 50       	subi	r31, 0x01	; 1
 51e:	20 40       	sbci	r18, 0x00	; 0
 520:	80 40       	sbci	r24, 0x00	; 0
 522:	e1 f7       	brne	.-8      	; 0x51c <__EEPROM_REGION_LENGTH__+0x11c>
 524:	00 c0       	rjmp	.+0      	; 0x526 <__EEPROM_REGION_LENGTH__+0x126>
 526:	00 00       	nop
    {
        LCDWriteRAM(str[i]);
    }
    _delay_ms(500);
    LCDSetDDRAMAddr(84);
 528:	84 e5       	ldi	r24, 0x54	; 84
 52a:	0e 94 ac 01 	call	0x358	; 0x358 <LCDSetDDRAMAddr>
    strcpy(str, "3Simon Que");
 52e:	8b e0       	ldi	r24, 0x0B	; 11
 530:	e1 e2       	ldi	r30, 0x21	; 33
 532:	f1 e0       	ldi	r31, 0x01	; 1
 534:	ad e2       	ldi	r26, 0x2D	; 45
 536:	b1 e0       	ldi	r27, 0x01	; 1
 538:	01 90       	ld	r0, Z+
 53a:	0d 92       	st	X+, r0
 53c:	8a 95       	dec	r24
 53e:	e1 f7       	brne	.-8      	; 0x538 <__EEPROM_REGION_LENGTH__+0x138>
    for (int i = 0; i < strlen(str); ++i)
 540:	0d e2       	ldi	r16, 0x2D	; 45
 542:	11 e0       	ldi	r17, 0x01	; 1
 544:	05 c0       	rjmp	.+10     	; 0x550 <__EEPROM_REGION_LENGTH__+0x150>
    {
        LCDWriteRAM(str[i]);
 546:	f8 01       	movw	r30, r16
 548:	81 91       	ld	r24, Z+
 54a:	8f 01       	movw	r16, r30
 54c:	0e 94 65 01 	call	0x2ca	; 0x2ca <LCDWriteRAM>
        LCDWriteRAM(str[i]);
    }
    _delay_ms(500);
    LCDSetDDRAMAddr(84);
    strcpy(str, "3Simon Que");
    for (int i = 0; i < strlen(str); ++i)
 550:	fe 01       	movw	r30, r28
 552:	01 90       	ld	r0, Z+
 554:	00 20       	and	r0, r0
 556:	e9 f7       	brne	.-6      	; 0x552 <__EEPROM_REGION_LENGTH__+0x152>
 558:	cf 01       	movw	r24, r30
 55a:	8e 52       	subi	r24, 0x2E	; 46
 55c:	91 40       	sbci	r25, 0x01	; 1
 55e:	98 01       	movw	r18, r16
 560:	2d 52       	subi	r18, 0x2D	; 45
 562:	31 40       	sbci	r19, 0x01	; 1
 564:	28 17       	cp	r18, r24
 566:	39 07       	cpc	r19, r25
 568:	70 f3       	brcs	.-36     	; 0x546 <__EEPROM_REGION_LENGTH__+0x146>
 56a:	ff ef       	ldi	r31, 0xFF	; 255
 56c:	27 ea       	ldi	r18, 0xA7	; 167
 56e:	81 e6       	ldi	r24, 0x61	; 97
 570:	f1 50       	subi	r31, 0x01	; 1
 572:	20 40       	sbci	r18, 0x00	; 0
 574:	80 40       	sbci	r24, 0x00	; 0
 576:	e1 f7       	brne	.-8      	; 0x570 <__EEPROM_REGION_LENGTH__+0x170>
 578:	00 c0       	rjmp	.+0      	; 0x57a <__EEPROM_REGION_LENGTH__+0x17a>
 57a:	00 00       	nop
        LCDWriteRAM(str[i]);
    }

    _delay_ms(2000);

    LCDClear();
 57c:	0e 94 1f 01 	call	0x23e	; 0x23e <LCDClear>
 580:	c4 e1       	ldi	r28, 0x14	; 20
 582:	d0 e0       	ldi	r29, 0x00	; 0

    for (int i = 0; i < 20; i++)
    {
        LCDWriteRAM('0');
 584:	80 e3       	ldi	r24, 0x30	; 48
 586:	0e 94 65 01 	call	0x2ca	; 0x2ca <LCDWriteRAM>
 58a:	9f ef       	ldi	r25, 0xFF	; 255
 58c:	e1 ee       	ldi	r30, 0xE1	; 225
 58e:	f4 e0       	ldi	r31, 0x04	; 4
 590:	91 50       	subi	r25, 0x01	; 1
 592:	e0 40       	sbci	r30, 0x00	; 0
 594:	f0 40       	sbci	r31, 0x00	; 0
 596:	e1 f7       	brne	.-8      	; 0x590 <__EEPROM_REGION_LENGTH__+0x190>
 598:	00 c0       	rjmp	.+0      	; 0x59a <__EEPROM_REGION_LENGTH__+0x19a>
 59a:	00 00       	nop
 59c:	21 97       	sbiw	r28, 0x01	; 1

    _delay_ms(2000);

    LCDClear();

    for (int i = 0; i < 20; i++)
 59e:	91 f7       	brne	.-28     	; 0x584 <__EEPROM_REGION_LENGTH__+0x184>
 5a0:	c4 e1       	ldi	r28, 0x14	; 20
 5a2:	d0 e0       	ldi	r29, 0x00	; 0
        LCDWriteRAM('0');
        _delay_ms(100);
    }
    for (int i = 0; i < 20; i++)
    {
        LCDWriteRAM('1');
 5a4:	81 e3       	ldi	r24, 0x31	; 49
 5a6:	0e 94 65 01 	call	0x2ca	; 0x2ca <LCDWriteRAM>
 5aa:	2f ef       	ldi	r18, 0xFF	; 255
 5ac:	81 ee       	ldi	r24, 0xE1	; 225
 5ae:	94 e0       	ldi	r25, 0x04	; 4
 5b0:	21 50       	subi	r18, 0x01	; 1
 5b2:	80 40       	sbci	r24, 0x00	; 0
 5b4:	90 40       	sbci	r25, 0x00	; 0
 5b6:	e1 f7       	brne	.-8      	; 0x5b0 <__EEPROM_REGION_LENGTH__+0x1b0>
 5b8:	00 c0       	rjmp	.+0      	; 0x5ba <__EEPROM_REGION_LENGTH__+0x1ba>
 5ba:	00 00       	nop
 5bc:	21 97       	sbiw	r28, 0x01	; 1
    for (int i = 0; i < 20; i++)
    {
        LCDWriteRAM('0');
        _delay_ms(100);
    }
    for (int i = 0; i < 20; i++)
 5be:	91 f7       	brne	.-28     	; 0x5a4 <__EEPROM_REGION_LENGTH__+0x1a4>
 5c0:	c4 e1       	ldi	r28, 0x14	; 20
 5c2:	d0 e0       	ldi	r29, 0x00	; 0
        LCDWriteRAM('1');
        _delay_ms(100);
    }
    for (int i = 0; i < 20; i++)
    {
        LCDWriteRAM('2');
 5c4:	82 e3       	ldi	r24, 0x32	; 50
 5c6:	0e 94 65 01 	call	0x2ca	; 0x2ca <LCDWriteRAM>
 5ca:	ef ef       	ldi	r30, 0xFF	; 255
 5cc:	f1 ee       	ldi	r31, 0xE1	; 225
 5ce:	24 e0       	ldi	r18, 0x04	; 4
 5d0:	e1 50       	subi	r30, 0x01	; 1
 5d2:	f0 40       	sbci	r31, 0x00	; 0
 5d4:	20 40       	sbci	r18, 0x00	; 0
 5d6:	e1 f7       	brne	.-8      	; 0x5d0 <__EEPROM_REGION_LENGTH__+0x1d0>
 5d8:	00 c0       	rjmp	.+0      	; 0x5da <__EEPROM_REGION_LENGTH__+0x1da>
 5da:	00 00       	nop
 5dc:	21 97       	sbiw	r28, 0x01	; 1
    for (int i = 0; i < 20; i++)
    {
        LCDWriteRAM('1');
        _delay_ms(100);
    }
    for (int i = 0; i < 20; i++)
 5de:	91 f7       	brne	.-28     	; 0x5c4 <__EEPROM_REGION_LENGTH__+0x1c4>
 5e0:	c4 e1       	ldi	r28, 0x14	; 20
 5e2:	d0 e0       	ldi	r29, 0x00	; 0
        LCDWriteRAM('2');
        _delay_ms(100);
    }
    for (int i = 0; i < 20; i++)
    {
        LCDWriteRAM('3');
 5e4:	83 e3       	ldi	r24, 0x33	; 51
 5e6:	0e 94 65 01 	call	0x2ca	; 0x2ca <LCDWriteRAM>
 5ea:	8f ef       	ldi	r24, 0xFF	; 255
 5ec:	91 ee       	ldi	r25, 0xE1	; 225
 5ee:	e4 e0       	ldi	r30, 0x04	; 4
 5f0:	81 50       	subi	r24, 0x01	; 1
 5f2:	90 40       	sbci	r25, 0x00	; 0
 5f4:	e0 40       	sbci	r30, 0x00	; 0
 5f6:	e1 f7       	brne	.-8      	; 0x5f0 <__EEPROM_REGION_LENGTH__+0x1f0>
 5f8:	00 c0       	rjmp	.+0      	; 0x5fa <__EEPROM_REGION_LENGTH__+0x1fa>
 5fa:	00 00       	nop
 5fc:	21 97       	sbiw	r28, 0x01	; 1
    for (int i = 0; i < 20; i++)
    {
        LCDWriteRAM('2');
        _delay_ms(100);
    }
    for (int i = 0; i < 20; i++)
 5fe:	91 f7       	brne	.-28     	; 0x5e4 <__EEPROM_REGION_LENGTH__+0x1e4>
 600:	ff ef       	ldi	r31, 0xFF	; 255
 602:	23 ed       	ldi	r18, 0xD3	; 211
 604:	80 e3       	ldi	r24, 0x30	; 48
 606:	f1 50       	subi	r31, 0x01	; 1
 608:	20 40       	sbci	r18, 0x00	; 0
 60a:	80 40       	sbci	r24, 0x00	; 0
 60c:	e1 f7       	brne	.-8      	; 0x606 <__EEPROM_REGION_LENGTH__+0x206>
 60e:	00 c0       	rjmp	.+0      	; 0x610 <__EEPROM_REGION_LENGTH__+0x210>
 610:	00 00       	nop
        LCDWriteRAM('3');
        _delay_ms(100);
    }
    _delay_ms(1000);

    LCDSetCGRAMAddr(0);
 612:	80 e0       	ldi	r24, 0x00	; 0
 614:	0e 94 92 01 	call	0x324	; 0x324 <LCDSetCGRAMAddr>
    LCDWriteRAM(0b00010101);
 618:	85 e1       	ldi	r24, 0x15	; 21
 61a:	0e 94 65 01 	call	0x2ca	; 0x2ca <LCDWriteRAM>
    LCDWriteRAM(0b10001010);
 61e:	8a e8       	ldi	r24, 0x8A	; 138
 620:	0e 94 65 01 	call	0x2ca	; 0x2ca <LCDWriteRAM>
    LCDWriteRAM(0b00010101);
 624:	85 e1       	ldi	r24, 0x15	; 21
 626:	0e 94 65 01 	call	0x2ca	; 0x2ca <LCDWriteRAM>
    LCDWriteRAM(0b10001010);
 62a:	8a e8       	ldi	r24, 0x8A	; 138
 62c:	0e 94 65 01 	call	0x2ca	; 0x2ca <LCDWriteRAM>
    LCDWriteRAM(0b00010101);
 630:	85 e1       	ldi	r24, 0x15	; 21
 632:	0e 94 65 01 	call	0x2ca	; 0x2ca <LCDWriteRAM>
    LCDWriteRAM(0b10001010);
 636:	8a e8       	ldi	r24, 0x8A	; 138
 638:	0e 94 65 01 	call	0x2ca	; 0x2ca <LCDWriteRAM>
    LCDWriteRAM(0b00010101);
 63c:	85 e1       	ldi	r24, 0x15	; 21
 63e:	0e 94 65 01 	call	0x2ca	; 0x2ca <LCDWriteRAM>
    LCDWriteRAM(0b10001010);
 642:	8a e8       	ldi	r24, 0x8A	; 138
 644:	0e 94 65 01 	call	0x2ca	; 0x2ca <LCDWriteRAM>
    LCDSetCGRAMAddr(0b00001000);
 648:	88 e0       	ldi	r24, 0x08	; 8
 64a:	0e 94 92 01 	call	0x324	; 0x324 <LCDSetCGRAMAddr>
    LCDWriteRAM(0b10001010);
 64e:	8a e8       	ldi	r24, 0x8A	; 138
 650:	0e 94 65 01 	call	0x2ca	; 0x2ca <LCDWriteRAM>
    LCDWriteRAM(0b00010101);
 654:	85 e1       	ldi	r24, 0x15	; 21
 656:	0e 94 65 01 	call	0x2ca	; 0x2ca <LCDWriteRAM>
    LCDWriteRAM(0b10001010);
 65a:	8a e8       	ldi	r24, 0x8A	; 138
 65c:	0e 94 65 01 	call	0x2ca	; 0x2ca <LCDWriteRAM>
    LCDWriteRAM(0b00010101);
 660:	85 e1       	ldi	r24, 0x15	; 21
 662:	0e 94 65 01 	call	0x2ca	; 0x2ca <LCDWriteRAM>
    LCDWriteRAM(0b10001010);
 666:	8a e8       	ldi	r24, 0x8A	; 138
 668:	0e 94 65 01 	call	0x2ca	; 0x2ca <LCDWriteRAM>
    LCDWriteRAM(0b00010101);
 66c:	85 e1       	ldi	r24, 0x15	; 21
 66e:	0e 94 65 01 	call	0x2ca	; 0x2ca <LCDWriteRAM>
    LCDWriteRAM(0b10001010);
 672:	8a e8       	ldi	r24, 0x8A	; 138
 674:	0e 94 65 01 	call	0x2ca	; 0x2ca <LCDWriteRAM>
    LCDWriteRAM(0b00010101);
 678:	85 e1       	ldi	r24, 0x15	; 21
 67a:	0e 94 65 01 	call	0x2ca	; 0x2ca <LCDWriteRAM>

    LCDClear();
 67e:	0e 94 1f 01 	call	0x23e	; 0x23e <LCDClear>
    LCDSetDDRAMAddr(0);
 682:	80 e0       	ldi	r24, 0x00	; 0
 684:	0e 94 ac 01 	call	0x358	; 0x358 <LCDSetDDRAMAddr>
 688:	c8 e2       	ldi	r28, 0x28	; 40
 68a:	d0 e0       	ldi	r29, 0x00	; 0
    for (int i = 0; i < 40; i++)
    {
        LCDWriteRAM(0);
 68c:	80 e0       	ldi	r24, 0x00	; 0
 68e:	0e 94 65 01 	call	0x2ca	; 0x2ca <LCDWriteRAM>
        LCDWriteRAM(1);
 692:	81 e0       	ldi	r24, 0x01	; 1
 694:	0e 94 65 01 	call	0x2ca	; 0x2ca <LCDWriteRAM>
 698:	21 97       	sbiw	r28, 0x01	; 1
    LCDWriteRAM(0b10001010);
    LCDWriteRAM(0b00010101);

    LCDClear();
    LCDSetDDRAMAddr(0);
    for (int i = 0; i < 40; i++)
 69a:	c1 f7       	brne	.-16     	; 0x68c <__EEPROM_REGION_LENGTH__+0x28c>
        LCDWriteRAM(1);
    }

    while (1)
    {
        wdt_reset();
 69c:	a8 95       	wdr
        sleep_mode();
 69e:	83 b7       	in	r24, 0x33	; 51
 6a0:	81 60       	ori	r24, 0x01	; 1
 6a2:	83 bf       	out	0x33, r24	; 51
 6a4:	88 95       	sleep
 6a6:	83 b7       	in	r24, 0x33	; 51
 6a8:	8e 7f       	andi	r24, 0xFE	; 254
 6aa:	83 bf       	out	0x33, r24	; 51
 6ac:	f7 cf       	rjmp	.-18     	; 0x69c <__EEPROM_REGION_LENGTH__+0x29c>

000006ae <_exit>:
 6ae:	f8 94       	cli

000006b0 <__stop_program>:
 6b0:	ff cf       	rjmp	.-2      	; 0x6b0 <__stop_program>
