
hello_world.elf:     file format elf32-avr

Sections:
Idx Name          Size      VMA       LMA       File off  Algn
  0 .data         00000000  00800100  000000f4  00000188  2**0
                  CONTENTS, ALLOC, LOAD, DATA
  1 .text         000000f4  00000000  00000000  00000094  2**1
                  CONTENTS, ALLOC, LOAD, READONLY, CODE
  2 .bss          00000001  00800100  00800100  00000188  2**0
                  ALLOC
  3 .stab         00000558  00000000  00000000  00000188  2**2
                  CONTENTS, READONLY, DEBUGGING
  4 .stabstr      00000ce8  00000000  00000000  000006e0  2**0
                  CONTENTS, READONLY, DEBUGGING
  5 .comment      00000011  00000000  00000000  000013c8  2**0
                  CONTENTS, READONLY
  6 .note.gnu.avr.deviceinfo 00000040  00000000  00000000  000013dc  2**2
                  CONTENTS, READONLY
  7 .debug_info   000005f4  00000000  00000000  0000141c  2**0
                  CONTENTS, READONLY, DEBUGGING
  8 .debug_abbrev 000005a2  00000000  00000000  00001a10  2**0
                  CONTENTS, READONLY, DEBUGGING
  9 .debug_line   0000001a  00000000  00000000  00001fb2  2**0
                  CONTENTS, READONLY, DEBUGGING
 10 .debug_str    00000208  00000000  00000000  00001fcc  2**0
                  CONTENTS, READONLY, DEBUGGING

Disassembly of section .text:

00000000 <__vectors>:
   0:	0c 94 34 00 	jmp	0x68	; 0x68 <__ctors_end>
   4:	0c 94 46 00 	jmp	0x8c	; 0x8c <__bad_interrupt>
   8:	0c 94 46 00 	jmp	0x8c	; 0x8c <__bad_interrupt>
   c:	0c 94 46 00 	jmp	0x8c	; 0x8c <__bad_interrupt>
  10:	0c 94 46 00 	jmp	0x8c	; 0x8c <__bad_interrupt>
  14:	0c 94 46 00 	jmp	0x8c	; 0x8c <__bad_interrupt>
  18:	0c 94 46 00 	jmp	0x8c	; 0x8c <__bad_interrupt>
  1c:	0c 94 46 00 	jmp	0x8c	; 0x8c <__bad_interrupt>
  20:	0c 94 46 00 	jmp	0x8c	; 0x8c <__bad_interrupt>
  24:	0c 94 46 00 	jmp	0x8c	; 0x8c <__bad_interrupt>
  28:	0c 94 46 00 	jmp	0x8c	; 0x8c <__bad_interrupt>
  2c:	0c 94 46 00 	jmp	0x8c	; 0x8c <__bad_interrupt>
  30:	0c 94 46 00 	jmp	0x8c	; 0x8c <__bad_interrupt>
  34:	0c 94 46 00 	jmp	0x8c	; 0x8c <__bad_interrupt>
  38:	0c 94 46 00 	jmp	0x8c	; 0x8c <__bad_interrupt>
  3c:	0c 94 46 00 	jmp	0x8c	; 0x8c <__bad_interrupt>
  40:	0c 94 46 00 	jmp	0x8c	; 0x8c <__bad_interrupt>
  44:	0c 94 46 00 	jmp	0x8c	; 0x8c <__bad_interrupt>
  48:	0c 94 46 00 	jmp	0x8c	; 0x8c <__bad_interrupt>
  4c:	0c 94 46 00 	jmp	0x8c	; 0x8c <__bad_interrupt>
  50:	0c 94 46 00 	jmp	0x8c	; 0x8c <__bad_interrupt>
  54:	0c 94 46 00 	jmp	0x8c	; 0x8c <__bad_interrupt>
  58:	0c 94 46 00 	jmp	0x8c	; 0x8c <__bad_interrupt>
  5c:	0c 94 46 00 	jmp	0x8c	; 0x8c <__bad_interrupt>
  60:	0c 94 46 00 	jmp	0x8c	; 0x8c <__bad_interrupt>
  64:	0c 94 46 00 	jmp	0x8c	; 0x8c <__bad_interrupt>

00000068 <__ctors_end>:
  68:	11 24       	eor	r1, r1
  6a:	1f be       	out	0x3f, r1	; 63
  6c:	cf ef       	ldi	r28, 0xFF	; 255
  6e:	d8 e0       	ldi	r29, 0x08	; 8
  70:	de bf       	out	0x3e, r29	; 62
  72:	cd bf       	out	0x3d, r28	; 61

00000074 <__do_clear_bss>:
  74:	21 e0       	ldi	r18, 0x01	; 1
  76:	a0 e0       	ldi	r26, 0x00	; 0
  78:	b1 e0       	ldi	r27, 0x01	; 1
  7a:	01 c0       	rjmp	.+2      	; 0x7e <.do_clear_bss_start>

0000007c <.do_clear_bss_loop>:
  7c:	1d 92       	st	X+, r1

0000007e <.do_clear_bss_start>:
  7e:	a1 30       	cpi	r26, 0x01	; 1
  80:	b2 07       	cpc	r27, r18
  82:	e1 f7       	brne	.-8      	; 0x7c <.do_clear_bss_loop>
  84:	0e 94 48 00 	call	0x90	; 0x90 <main>
  88:	0c 94 78 00 	jmp	0xf0	; 0xf0 <_exit>

0000008c <__bad_interrupt>:
  8c:	0c 94 00 00 	jmp	0	; 0x0 <__vectors>

00000090 <main>:

uint8_t led1;

int main()
{
    led1 = PD5;
  90:	85 e0       	ldi	r24, 0x05	; 5
  92:	80 93 00 01 	sts	0x0100, r24	; 0x800100 <__DATA_REGION_ORIGIN__>
    DDRD |= _BV(led1);
  96:	55 9a       	sbi	0x0a, 5	; 10
    while (1)
    {
        PORTD = PORTD | _BV(led1);
  98:	21 e0       	ldi	r18, 0x01	; 1
  9a:	30 e0       	ldi	r19, 0x00	; 0
  9c:	8b b1       	in	r24, 0x0b	; 11
  9e:	90 91 00 01 	lds	r25, 0x0100	; 0x800100 <__DATA_REGION_ORIGIN__>
  a2:	a9 01       	movw	r20, r18
  a4:	01 c0       	rjmp	.+2      	; 0xa8 <main+0x18>
  a6:	44 0f       	add	r20, r20
  a8:	9a 95       	dec	r25
  aa:	ea f7       	brpl	.-6      	; 0xa6 <main+0x16>
  ac:	84 2b       	or	r24, r20
  ae:	8b b9       	out	0x0b, r24	; 11
	#else
		//round up by default
		__ticks_dc = (uint32_t)(ceil(fabs(__tmp)));
	#endif

	__builtin_avr_delay_cycles(__ticks_dc);
  b0:	4f ef       	ldi	r20, 0xFF	; 255
  b2:	69 e6       	ldi	r22, 0x69	; 105
  b4:	78 e1       	ldi	r23, 0x18	; 24
  b6:	41 50       	subi	r20, 0x01	; 1
  b8:	60 40       	sbci	r22, 0x00	; 0
  ba:	70 40       	sbci	r23, 0x00	; 0
  bc:	e1 f7       	brne	.-8      	; 0xb6 <main+0x26>
  be:	00 c0       	rjmp	.+0      	; 0xc0 <main+0x30>
  c0:	00 00       	nop
        _delay_ms(500);
        PORTD = PORTD & ~_BV(led1);
  c2:	4b b1       	in	r20, 0x0b	; 11
  c4:	80 91 00 01 	lds	r24, 0x0100	; 0x800100 <__DATA_REGION_ORIGIN__>
  c8:	b9 01       	movw	r22, r18
  ca:	02 c0       	rjmp	.+4      	; 0xd0 <main+0x40>
  cc:	66 0f       	add	r22, r22
  ce:	77 1f       	adc	r23, r23
  d0:	8a 95       	dec	r24
  d2:	e2 f7       	brpl	.-8      	; 0xcc <main+0x3c>
  d4:	cb 01       	movw	r24, r22
  d6:	80 95       	com	r24
  d8:	84 23       	and	r24, r20
  da:	8b b9       	out	0x0b, r24	; 11
  dc:	7f ef       	ldi	r23, 0xFF	; 255
  de:	83 ed       	ldi	r24, 0xD3	; 211
  e0:	90 e3       	ldi	r25, 0x30	; 48
  e2:	71 50       	subi	r23, 0x01	; 1
  e4:	80 40       	sbci	r24, 0x00	; 0
  e6:	90 40       	sbci	r25, 0x00	; 0
  e8:	e1 f7       	brne	.-8      	; 0xe2 <main+0x52>
  ea:	00 c0       	rjmp	.+0      	; 0xec <main+0x5c>
  ec:	00 00       	nop
  ee:	d6 cf       	rjmp	.-84     	; 0x9c <main+0xc>

000000f0 <_exit>:
  f0:	f8 94       	cli

000000f2 <__stop_program>:
  f2:	ff cf       	rjmp	.-2      	; 0xf2 <__stop_program>
