
demo.elf:     file format elf32-avr

Sections:
Idx Name          Size      VMA       LMA       File off  Algn
  0 .data         0000003a  00800100  00000c40  00000cd4  2**0
                  CONTENTS, ALLOC, LOAD, DATA
  1 .text         00000c40  00000000  00000000  00000094  2**1
                  CONTENTS, ALLOC, LOAD, READONLY, CODE
  2 .bss          000000cf  0080013a  0080013a  00000d0e  2**0
                  ALLOC
  3 .stab         000010ec  00000000  00000000  00000d10  2**2
                  CONTENTS, READONLY, DEBUGGING
  4 .stabstr      000012b1  00000000  00000000  00001dfc  2**0
                  CONTENTS, READONLY, DEBUGGING
  5 .comment      00000011  00000000  00000000  000030ad  2**0
                  CONTENTS, READONLY
  6 .note.gnu.avr.deviceinfo 00000040  00000000  00000000  000030c0  2**2
                  CONTENTS, READONLY
  7 .debug_info   000005f4  00000000  00000000  00003100  2**0
                  CONTENTS, READONLY, DEBUGGING
  8 .debug_abbrev 000005a2  00000000  00000000  000036f4  2**0
                  CONTENTS, READONLY, DEBUGGING
  9 .debug_line   0000001a  00000000  00000000  00003c96  2**0
                  CONTENTS, READONLY, DEBUGGING
 10 .debug_str    00000208  00000000  00000000  00003cb0  2**0
                  CONTENTS, READONLY, DEBUGGING

Disassembly of section .text:

00000000 <__vectors>:
   0:	0c 94 34 00 	jmp	0x68	; 0x68 <__ctors_end>
   4:	0c 94 51 00 	jmp	0xa2	; 0xa2 <__bad_interrupt>
   8:	0c 94 51 00 	jmp	0xa2	; 0xa2 <__bad_interrupt>
   c:	0c 94 51 00 	jmp	0xa2	; 0xa2 <__bad_interrupt>
  10:	0c 94 51 00 	jmp	0xa2	; 0xa2 <__bad_interrupt>
  14:	0c 94 51 00 	jmp	0xa2	; 0xa2 <__bad_interrupt>
  18:	0c 94 51 00 	jmp	0xa2	; 0xa2 <__bad_interrupt>
  1c:	0c 94 51 00 	jmp	0xa2	; 0xa2 <__bad_interrupt>
  20:	0c 94 51 00 	jmp	0xa2	; 0xa2 <__bad_interrupt>
  24:	0c 94 51 00 	jmp	0xa2	; 0xa2 <__bad_interrupt>
  28:	0c 94 51 00 	jmp	0xa2	; 0xa2 <__bad_interrupt>
  2c:	0c 94 51 00 	jmp	0xa2	; 0xa2 <__bad_interrupt>
  30:	0c 94 51 00 	jmp	0xa2	; 0xa2 <__bad_interrupt>
  34:	0c 94 51 00 	jmp	0xa2	; 0xa2 <__bad_interrupt>
  38:	0c 94 51 00 	jmp	0xa2	; 0xa2 <__bad_interrupt>
  3c:	0c 94 51 00 	jmp	0xa2	; 0xa2 <__bad_interrupt>
  40:	0c 94 53 00 	jmp	0xa6	; 0xa6 <__vector_16>
  44:	0c 94 51 00 	jmp	0xa2	; 0xa2 <__bad_interrupt>
  48:	0c 94 35 01 	jmp	0x26a	; 0x26a <__vector_18>
  4c:	0c 94 51 00 	jmp	0xa2	; 0xa2 <__bad_interrupt>
  50:	0c 94 51 00 	jmp	0xa2	; 0xa2 <__bad_interrupt>
  54:	0c 94 51 00 	jmp	0xa2	; 0xa2 <__bad_interrupt>
  58:	0c 94 51 00 	jmp	0xa2	; 0xa2 <__bad_interrupt>
  5c:	0c 94 51 00 	jmp	0xa2	; 0xa2 <__bad_interrupt>
  60:	0c 94 51 00 	jmp	0xa2	; 0xa2 <__bad_interrupt>
  64:	0c 94 51 00 	jmp	0xa2	; 0xa2 <__bad_interrupt>

00000068 <__ctors_end>:
  68:	11 24       	eor	r1, r1
  6a:	1f be       	out	0x3f, r1	; 63
  6c:	cf ef       	ldi	r28, 0xFF	; 255
  6e:	d8 e0       	ldi	r29, 0x08	; 8
  70:	de bf       	out	0x3e, r29	; 62
  72:	cd bf       	out	0x3d, r28	; 61

00000074 <__do_copy_data>:
  74:	11 e0       	ldi	r17, 0x01	; 1
  76:	a0 e0       	ldi	r26, 0x00	; 0
  78:	b1 e0       	ldi	r27, 0x01	; 1
  7a:	e0 e4       	ldi	r30, 0x40	; 64
  7c:	fc e0       	ldi	r31, 0x0C	; 12
  7e:	02 c0       	rjmp	.+4      	; 0x84 <__do_copy_data+0x10>
  80:	05 90       	lpm	r0, Z+
  82:	0d 92       	st	X+, r0
  84:	aa 33       	cpi	r26, 0x3A	; 58
  86:	b1 07       	cpc	r27, r17
  88:	d9 f7       	brne	.-10     	; 0x80 <__do_copy_data+0xc>

0000008a <__do_clear_bss>:
  8a:	22 e0       	ldi	r18, 0x02	; 2
  8c:	aa e3       	ldi	r26, 0x3A	; 58
  8e:	b1 e0       	ldi	r27, 0x01	; 1
  90:	01 c0       	rjmp	.+2      	; 0x94 <.do_clear_bss_start>

00000092 <.do_clear_bss_loop>:
  92:	1d 92       	st	X+, r1

00000094 <.do_clear_bss_start>:
  94:	a9 30       	cpi	r26, 0x09	; 9
  96:	b2 07       	cpc	r27, r18
  98:	e1 f7       	brne	.-8      	; 0x92 <.do_clear_bss_loop>
  9a:	0e 94 6a 01 	call	0x2d4	; 0x2d4 <main>
  9e:	0c 94 1e 06 	jmp	0xc3c	; 0xc3c <_exit>

000000a2 <__bad_interrupt>:
  a2:	0c 94 00 00 	jmp	0	; 0x0 <__vectors>

000000a6 <__vector_16>:
volatile uint16_t overflows;

char buff[60];

ISR(TIMER0_OVF_vect)
{
  a6:	1f 92       	push	r1
  a8:	0f 92       	push	r0
  aa:	0f b6       	in	r0, 0x3f	; 63
  ac:	0f 92       	push	r0
  ae:	11 24       	eor	r1, r1
  b0:	8f 93       	push	r24
  b2:	9f 93       	push	r25
  b4:	af 93       	push	r26
  b6:	bf 93       	push	r27
    millis_val++;
  b8:	80 91 7b 01 	lds	r24, 0x017B	; 0x80017b <millis_val>
  bc:	90 91 7c 01 	lds	r25, 0x017C	; 0x80017c <millis_val+0x1>
  c0:	a0 91 7d 01 	lds	r26, 0x017D	; 0x80017d <millis_val+0x2>
  c4:	b0 91 7e 01 	lds	r27, 0x017E	; 0x80017e <millis_val+0x3>
  c8:	01 96       	adiw	r24, 0x01	; 1
  ca:	a1 1d       	adc	r26, r1
  cc:	b1 1d       	adc	r27, r1
  ce:	80 93 7b 01 	sts	0x017B, r24	; 0x80017b <millis_val>
  d2:	90 93 7c 01 	sts	0x017C, r25	; 0x80017c <millis_val+0x1>
  d6:	a0 93 7d 01 	sts	0x017D, r26	; 0x80017d <millis_val+0x2>
  da:	b0 93 7e 01 	sts	0x017E, r27	; 0x80017e <millis_val+0x3>
    overflows++;
  de:	80 91 78 01 	lds	r24, 0x0178	; 0x800178 <overflows>
  e2:	90 91 79 01 	lds	r25, 0x0179	; 0x800179 <overflows+0x1>
  e6:	01 96       	adiw	r24, 0x01	; 1
  e8:	90 93 79 01 	sts	0x0179, r25	; 0x800179 <overflows+0x1>
  ec:	80 93 78 01 	sts	0x0178, r24	; 0x800178 <overflows>
    millis_fract += MILLIS_FRACT_INC;
  f0:	80 91 7a 01 	lds	r24, 0x017A	; 0x80017a <millis_fract>
  f4:	8d 5f       	subi	r24, 0xFD	; 253
  f6:	80 93 7a 01 	sts	0x017A, r24	; 0x80017a <millis_fract>
    if (millis_fract >= MILLIS_FRACT_MAX)
  fa:	80 91 7a 01 	lds	r24, 0x017A	; 0x80017a <millis_fract>
  fe:	8d 37       	cpi	r24, 0x7D	; 125
 100:	c0 f0       	brcs	.+48     	; 0x132 <__vector_16+0x8c>
    {
        millis_fract -= MILLIS_FRACT_MAX;
 102:	80 91 7a 01 	lds	r24, 0x017A	; 0x80017a <millis_fract>
 106:	8d 57       	subi	r24, 0x7D	; 125
 108:	80 93 7a 01 	sts	0x017A, r24	; 0x80017a <millis_fract>
        millis_val++;
 10c:	80 91 7b 01 	lds	r24, 0x017B	; 0x80017b <millis_val>
 110:	90 91 7c 01 	lds	r25, 0x017C	; 0x80017c <millis_val+0x1>
 114:	a0 91 7d 01 	lds	r26, 0x017D	; 0x80017d <millis_val+0x2>
 118:	b0 91 7e 01 	lds	r27, 0x017E	; 0x80017e <millis_val+0x3>
 11c:	01 96       	adiw	r24, 0x01	; 1
 11e:	a1 1d       	adc	r26, r1
 120:	b1 1d       	adc	r27, r1
 122:	80 93 7b 01 	sts	0x017B, r24	; 0x80017b <millis_val>
 126:	90 93 7c 01 	sts	0x017C, r25	; 0x80017c <millis_val+0x1>
 12a:	a0 93 7d 01 	sts	0x017D, r26	; 0x80017d <millis_val+0x2>
 12e:	b0 93 7e 01 	sts	0x017E, r27	; 0x80017e <millis_val+0x3>
    }
}
 132:	bf 91       	pop	r27
 134:	af 91       	pop	r26
 136:	9f 91       	pop	r25
 138:	8f 91       	pop	r24
 13a:	0f 90       	pop	r0
 13c:	0f be       	out	0x3f, r0	; 63
 13e:	0f 90       	pop	r0
 140:	1f 90       	pop	r1
 142:	18 95       	reti

00000144 <millis>:

uint32_t millis()
{
    return millis_val;
 144:	60 91 7b 01 	lds	r22, 0x017B	; 0x80017b <millis_val>
 148:	70 91 7c 01 	lds	r23, 0x017C	; 0x80017c <millis_val+0x1>
 14c:	80 91 7d 01 	lds	r24, 0x017D	; 0x80017d <millis_val+0x2>
 150:	90 91 7e 01 	lds	r25, 0x017E	; 0x80017e <millis_val+0x3>
}
 154:	08 95       	ret

00000156 <micros>:

uint32_t micros()
{
    uint16_t cur_overflows = overflows;
 156:	60 91 78 01 	lds	r22, 0x0178	; 0x800178 <overflows>
 15a:	70 91 79 01 	lds	r23, 0x0179	; 0x800179 <overflows+0x1>
    if (TIFR0 & _BV(TOV0) && TCNT0 < 50)
 15e:	a8 9b       	sbis	0x15, 0	; 21
 160:	05 c0       	rjmp	.+10     	; 0x16c <micros+0x16>
 162:	86 b5       	in	r24, 0x26	; 38
 164:	82 33       	cpi	r24, 0x32	; 50
 166:	10 f4       	brcc	.+4      	; 0x16c <micros+0x16>
        cur_overflows += 1;
 168:	6f 5f       	subi	r22, 0xFF	; 255
 16a:	7f 4f       	sbci	r23, 0xFF	; 255
    return cur_overflows * 1024 + TCNT0 * 4;
 16c:	86 b5       	in	r24, 0x26	; 38
 16e:	76 2f       	mov	r23, r22
 170:	66 27       	eor	r22, r22
 172:	77 0f       	add	r23, r23
 174:	77 0f       	add	r23, r23
 176:	90 e0       	ldi	r25, 0x00	; 0
 178:	88 0f       	add	r24, r24
 17a:	99 1f       	adc	r25, r25
 17c:	88 0f       	add	r24, r24
 17e:	99 1f       	adc	r25, r25
 180:	68 0f       	add	r22, r24
 182:	79 1f       	adc	r23, r25
 184:	90 e0       	ldi	r25, 0x00	; 0
 186:	80 e0       	ldi	r24, 0x00	; 0
}
 188:	08 95       	ret

0000018a <ioinit>:
void ioinit(void)
{
    /*
    Configure IO
    */
    LED_DDR |= _BV(LED_PIN);
 18a:	53 9a       	sbi	0x0a, 3	; 10

    /*
    Configure timer0 and PWM
    */
    TCCR0A |= _BV(COM0A1);
 18c:	84 b5       	in	r24, 0x24	; 36
 18e:	80 68       	ori	r24, 0x80	; 128
 190:	84 bd       	out	0x24, r24	; 36
    TCCR0A |= _BV(WGM00);
 192:	84 b5       	in	r24, 0x24	; 36
 194:	81 60       	ori	r24, 0x01	; 1
 196:	84 bd       	out	0x24, r24	; 36
    TCCR0B |= _BV(CS01) | _BV(CS00);
 198:	85 b5       	in	r24, 0x25	; 37
 19a:	83 60       	ori	r24, 0x03	; 3
 19c:	85 bd       	out	0x25, r24	; 37
    TIMSK0 |= _BV(TOIE0);
 19e:	ee e6       	ldi	r30, 0x6E	; 110
 1a0:	f0 e0       	ldi	r31, 0x00	; 0
 1a2:	80 81       	ld	r24, Z
 1a4:	81 60       	ori	r24, 0x01	; 1
 1a6:	80 83       	st	Z, r24

    TCCR2A |= _BV(COM2B1);
 1a8:	e0 eb       	ldi	r30, 0xB0	; 176
 1aa:	f0 e0       	ldi	r31, 0x00	; 0
 1ac:	80 81       	ld	r24, Z
 1ae:	80 62       	ori	r24, 0x20	; 32
 1b0:	80 83       	st	Z, r24
    TCCR2A |= _BV(WGM20);
 1b2:	80 81       	ld	r24, Z
 1b4:	81 60       	ori	r24, 0x01	; 1
 1b6:	80 83       	st	Z, r24
    TCCR2B |= _BV(CS22);
 1b8:	e1 eb       	ldi	r30, 0xB1	; 177
 1ba:	f0 e0       	ldi	r31, 0x00	; 0
 1bc:	80 81       	ld	r24, Z
 1be:	84 60       	ori	r24, 0x04	; 4
 1c0:	80 83       	st	Z, r24

    init_uart();
 1c2:	0e 94 e5 00 	call	0x1ca	; 0x1ca <init_uart>

    sei();
 1c6:	78 94       	sei
}
 1c8:	08 95       	ret

000001ca <init_uart>:
void init_uart(void)
{
    /*
Configure UART
*/
    UCSR0A |= _BV(U2X0);
 1ca:	e0 ec       	ldi	r30, 0xC0	; 192
 1cc:	f0 e0       	ldi	r31, 0x00	; 0
 1ce:	80 81       	ld	r24, Z
 1d0:	82 60       	ori	r24, 0x02	; 2
 1d2:	80 83       	st	Z, r24
    UCSR0B |= _BV(RXCIE0) | _BV(RXEN0) | _BV(TXEN0);
 1d4:	e1 ec       	ldi	r30, 0xC1	; 193
 1d6:	f0 e0       	ldi	r31, 0x00	; 0
 1d8:	80 81       	ld	r24, Z
 1da:	88 69       	ori	r24, 0x98	; 152
 1dc:	80 83       	st	Z, r24
    // UCSR0B |= ;
    UCSR0C |= _BV(UCSZ01) | _BV(UCSZ00);
 1de:	e2 ec       	ldi	r30, 0xC2	; 194
 1e0:	f0 e0       	ldi	r31, 0x00	; 0
 1e2:	80 81       	ld	r24, Z
 1e4:	86 60       	ori	r24, 0x06	; 6
 1e6:	80 83       	st	Z, r24
    UBRR0L = 207;
 1e8:	8f ec       	ldi	r24, 0xCF	; 207
 1ea:	80 93 c4 00 	sts	0x00C4, r24	; 0x8000c4 <__TEXT_REGION_LENGTH__+0x7f80c4>
}
 1ee:	08 95       	ret

000001f0 <increment_circular>:

void increment_circular(uint8_t *int_ptr, int limit)
{
 1f0:	fc 01       	movw	r30, r24
    if ((*int_ptr) >= limit - 1)
 1f2:	90 81       	ld	r25, Z
 1f4:	61 50       	subi	r22, 0x01	; 1
 1f6:	71 09       	sbc	r23, r1
 1f8:	96 17       	cp	r25, r22
 1fa:	17 06       	cpc	r1, r23
 1fc:	1c f4       	brge	.+6      	; 0x204 <increment_circular+0x14>
    {
        (*int_ptr) = 0;
    }
    else
    {
        (*int_ptr)++;
 1fe:	9f 5f       	subi	r25, 0xFF	; 255
 200:	90 83       	st	Z, r25
    }
}
 202:	08 95       	ret

void increment_circular(uint8_t *int_ptr, int limit)
{
    if ((*int_ptr) >= limit - 1)
    {
        (*int_ptr) = 0;
 204:	10 82       	st	Z, r1
 206:	08 95       	ret

00000208 <get_circular_difference>:
        (*int_ptr)++;
    }
}

int get_circular_difference(uint8_t head, uint8_t tail, uint8_t limit)
{
 208:	e6 2f       	mov	r30, r22
 20a:	f0 e0       	ldi	r31, 0x00	; 0
 20c:	28 2f       	mov	r18, r24
 20e:	30 e0       	ldi	r19, 0x00	; 0
    // if buffer tail less than buffer size and buffer head less than buffer size,
    // difference is size - tail + head
    if (head >= tail)
 210:	86 17       	cp	r24, r22
 212:	38 f4       	brcc	.+14     	; 0x222 <get_circular_difference+0x1a>
        return head - tail;
    else
        return limit - tail + head;
 214:	84 2f       	mov	r24, r20
 216:	90 e0       	ldi	r25, 0x00	; 0
 218:	8e 1b       	sub	r24, r30
 21a:	9f 0b       	sbc	r25, r31
 21c:	82 0f       	add	r24, r18
 21e:	93 1f       	adc	r25, r19
}
 220:	08 95       	ret
int get_circular_difference(uint8_t head, uint8_t tail, uint8_t limit)
{
    // if buffer tail less than buffer size and buffer head less than buffer size,
    // difference is size - tail + head
    if (head >= tail)
        return head - tail;
 222:	c9 01       	movw	r24, r18
 224:	8e 1b       	sub	r24, r30
 226:	9f 0b       	sbc	r25, r31
 228:	08 95       	ret

0000022a <putchr>:
        return limit - tail + head;
}

void putchr(char c)
{
    while (!(UCSR0A & _BV(UDRE0)))
 22a:	90 91 c0 00 	lds	r25, 0x00C0	; 0x8000c0 <__TEXT_REGION_LENGTH__+0x7f80c0>
 22e:	95 ff       	sbrs	r25, 5
 230:	fc cf       	rjmp	.-8      	; 0x22a <putchr>
    {
    }
    UDR0 = c;
 232:	80 93 c6 00 	sts	0x00C6, r24	; 0x8000c6 <__TEXT_REGION_LENGTH__+0x7f80c6>
}
 236:	08 95       	ret

00000238 <printstr>:

void printstr(const char *s)
{
    while (*s)
 238:	fc 01       	movw	r30, r24
 23a:	20 81       	ld	r18, Z
 23c:	22 23       	and	r18, r18
 23e:	69 f0       	breq	.+26     	; 0x25a <printstr+0x22>
void putchr(char c)
{
    while (!(UCSR0A & _BV(UDRE0)))
    {
    }
    UDR0 = c;
 240:	3d e0       	ldi	r19, 0x0D	; 13

void printstr(const char *s)
{
    while (*s)
    {
        if (*s == '\n')
 242:	2a 30       	cpi	r18, 0x0A	; 10
 244:	59 f0       	breq	.+22     	; 0x25c <printstr+0x24>
            putchr('\r');
        putchr(*s++);
 246:	81 91       	ld	r24, Z+
        return limit - tail + head;
}

void putchr(char c)
{
    while (!(UCSR0A & _BV(UDRE0)))
 248:	90 91 c0 00 	lds	r25, 0x00C0	; 0x8000c0 <__TEXT_REGION_LENGTH__+0x7f80c0>
 24c:	95 ff       	sbrs	r25, 5
 24e:	fc cf       	rjmp	.-8      	; 0x248 <printstr+0x10>
    {
    }
    UDR0 = c;
 250:	80 93 c6 00 	sts	0x00C6, r24	; 0x8000c6 <__TEXT_REGION_LENGTH__+0x7f80c6>
}

void printstr(const char *s)
{
    while (*s)
 254:	20 81       	ld	r18, Z
 256:	21 11       	cpse	r18, r1
 258:	f4 cf       	rjmp	.-24     	; 0x242 <printstr+0xa>
    {
        if (*s == '\n')
            putchr('\r');
        putchr(*s++);
    }
}
 25a:	08 95       	ret
        return limit - tail + head;
}

void putchr(char c)
{
    while (!(UCSR0A & _BV(UDRE0)))
 25c:	80 91 c0 00 	lds	r24, 0x00C0	; 0x8000c0 <__TEXT_REGION_LENGTH__+0x7f80c0>
 260:	85 ff       	sbrs	r24, 5
 262:	fc cf       	rjmp	.-8      	; 0x25c <printstr+0x24>
    {
    }
    UDR0 = c;
 264:	30 93 c6 00 	sts	0x00C6, r19	; 0x8000c6 <__TEXT_REGION_LENGTH__+0x7f80c6>
 268:	ee cf       	rjmp	.-36     	; 0x246 <printstr+0xe>

0000026a <__vector_18>:
 26a:	1f 92       	push	r1
 26c:	0f 92       	push	r0
 26e:	0f b6       	in	r0, 0x3f	; 63
 270:	0f 92       	push	r0
 272:	11 24       	eor	r1, r1
 274:	2f 93       	push	r18
 276:	8f 93       	push	r24
 278:	9f 93       	push	r25
 27a:	ef 93       	push	r30
 27c:	ff 93       	push	r31
 27e:	80 91 c6 00 	lds	r24, 0x00C6	; 0x8000c6 <__TEXT_REGION_LENGTH__+0x7f80c6>
 282:	80 93 ba 01 	sts	0x01BA, r24	; 0x8001ba <c>
 286:	90 91 c0 00 	lds	r25, 0x00C0	; 0x8000c0 <__TEXT_REGION_LENGTH__+0x7f80c0>
 28a:	94 fd       	sbrc	r25, 4
 28c:	11 c0       	rjmp	.+34     	; 0x2b0 <__vector_18+0x46>
 28e:	21 e0       	ldi	r18, 0x01	; 1
 290:	20 93 83 01 	sts	0x0183, r18	; 0x800183 <intflags>
 294:	90 91 b9 01 	lds	r25, 0x01B9	; 0x8001b9 <uart_rx_buff_head>
 298:	e9 2f       	mov	r30, r25
 29a:	f0 e0       	ldi	r31, 0x00	; 0
 29c:	eb 52       	subi	r30, 0x2B	; 43
 29e:	fe 4f       	sbci	r31, 0xFE	; 254
 2a0:	80 83       	st	Z, r24
 2a2:	8a 30       	cpi	r24, 0x0A	; 10
 2a4:	91 f0       	breq	.+36     	; 0x2ca <__vector_18+0x60>
 2a6:	91 33       	cpi	r25, 0x31	; 49
 2a8:	68 f4       	brcc	.+26     	; 0x2c4 <__vector_18+0x5a>
 2aa:	9f 5f       	subi	r25, 0xFF	; 255
 2ac:	90 93 b9 01 	sts	0x01B9, r25	; 0x8001b9 <uart_rx_buff_head>
 2b0:	ff 91       	pop	r31
 2b2:	ef 91       	pop	r30
 2b4:	9f 91       	pop	r25
 2b6:	8f 91       	pop	r24
 2b8:	2f 91       	pop	r18
 2ba:	0f 90       	pop	r0
 2bc:	0f be       	out	0x3f, r0	; 63
 2be:	0f 90       	pop	r0
 2c0:	1f 90       	pop	r1
 2c2:	18 95       	reti
 2c4:	10 92 b9 01 	sts	0x01B9, r1	; 0x8001b9 <uart_rx_buff_head>
 2c8:	f3 cf       	rjmp	.-26     	; 0x2b0 <__vector_18+0x46>
 2ca:	20 93 bb 01 	sts	0x01BB, r18	; 0x8001bb <newline>
 2ce:	91 33       	cpi	r25, 0x31	; 49
 2d0:	60 f3       	brcs	.-40     	; 0x2aa <__vector_18+0x40>
 2d2:	f8 cf       	rjmp	.-16     	; 0x2c4 <__vector_18+0x5a>

000002d4 <main>:

int main()
{
    ioinit();
 2d4:	0e 94 c5 00 	call	0x18a	; 0x18a <ioinit>
    printstr("helloworldA");
 2d8:	80 e0       	ldi	r24, 0x00	; 0
 2da:	91 e0       	ldi	r25, 0x01	; 1
 2dc:	0e 94 1c 01 	call	0x238	; 0x238 <printstr>
    led_brightness = 5;
 2e0:	85 e0       	ldi	r24, 0x05	; 5
 2e2:	80 93 77 01 	sts	0x0177, r24	; 0x800177 <led_brightness>
            printstr(uart_rx_string);
            led_brightness = strtoul(uart_rx_string, NULL, 10);
            uart_rx_string_i = 0;
            putchr('\n');

            snprintf(buff, 60, "millis = %lu, micros = %lu\n", millis(), micros());
 2e6:	0d e1       	ldi	r16, 0x1D	; 29
 2e8:	11 e0       	ldi	r17, 0x01	; 1
 2ea:	fc e3       	ldi	r31, 0x3C	; 60
 2ec:	ff 2e       	mov	r15, r31
 2ee:	cb e3       	ldi	r28, 0x3B	; 59
 2f0:	d1 e0       	ldi	r29, 0x01	; 1
 2f2:	04 c0       	rjmp	.+8      	; 0x2fc <main+0x28>
            printstr(buff);
        }

        OCR2B = led_brightness;
 2f4:	80 91 77 01 	lds	r24, 0x0177	; 0x800177 <led_brightness>
 2f8:	80 93 b4 00 	sts	0x00B4, r24	; 0x8000b4 <__TEXT_REGION_LENGTH__+0x7f80b4>
    led_brightness = 5;

    while (1)
    {

        if (newline)
 2fc:	80 91 bb 01 	lds	r24, 0x01BB	; 0x8001bb <newline>
 300:	88 23       	and	r24, r24
 302:	c1 f3       	breq	.-16     	; 0x2f4 <main+0x20>
        {
            newline = 0;
 304:	10 92 bb 01 	sts	0x01BB, r1	; 0x8001bb <newline>
            while (uart_rx_buff_tail != uart_rx_buff_head)
 308:	e0 91 b8 01 	lds	r30, 0x01B8	; 0x8001b8 <uart_rx_buff_tail>
 30c:	80 91 b9 01 	lds	r24, 0x01B9	; 0x8001b9 <uart_rx_buff_head>
 310:	e8 17       	cp	r30, r24
 312:	d1 f0       	breq	.+52     	; 0x348 <main+0x74>
            {
                // putchr('0');
                uart_rx_string[uart_rx_string_i] = uart_rx_buff[uart_rx_buff_tail];
 314:	80 91 3a 01 	lds	r24, 0x013A	; 0x80013a <__data_end>
 318:	a8 2f       	mov	r26, r24
 31a:	b0 e0       	ldi	r27, 0x00	; 0
 31c:	a4 54       	subi	r26, 0x44	; 68
 31e:	be 4f       	sbci	r27, 0xFE	; 254
 320:	f0 e0       	ldi	r31, 0x00	; 0
 322:	eb 52       	subi	r30, 0x2B	; 43
 324:	fe 4f       	sbci	r31, 0xFE	; 254
 326:	90 81       	ld	r25, Z
 328:	9c 93       	st	X, r25
                uart_rx_string_i++;
 32a:	8f 5f       	subi	r24, 0xFF	; 255
 32c:	80 93 3a 01 	sts	0x013A, r24	; 0x80013a <__data_end>
                increment_circular(&uart_rx_buff_tail, UART_BUFF_SIZE);
 330:	62 e3       	ldi	r22, 0x32	; 50
 332:	70 e0       	ldi	r23, 0x00	; 0
 334:	88 eb       	ldi	r24, 0xB8	; 184
 336:	91 e0       	ldi	r25, 0x01	; 1
 338:	0e 94 f8 00 	call	0x1f0	; 0x1f0 <increment_circular>
    {

        if (newline)
        {
            newline = 0;
            while (uart_rx_buff_tail != uart_rx_buff_head)
 33c:	e0 91 b8 01 	lds	r30, 0x01B8	; 0x8001b8 <uart_rx_buff_tail>
 340:	80 91 b9 01 	lds	r24, 0x01B9	; 0x8001b9 <uart_rx_buff_head>
 344:	e8 13       	cpse	r30, r24
 346:	e6 cf       	rjmp	.-52     	; 0x314 <main+0x40>
                uart_rx_string_i++;
                increment_circular(&uart_rx_buff_tail, UART_BUFF_SIZE);
            }

            // process the complete string
            printstr("uart_rx_string: ");
 348:	8c e0       	ldi	r24, 0x0C	; 12
 34a:	91 e0       	ldi	r25, 0x01	; 1
 34c:	0e 94 1c 01 	call	0x238	; 0x238 <printstr>
            printstr(uart_rx_string);
 350:	8c eb       	ldi	r24, 0xBC	; 188
 352:	91 e0       	ldi	r25, 0x01	; 1
 354:	0e 94 1c 01 	call	0x238	; 0x238 <printstr>
            led_brightness = strtoul(uart_rx_string, NULL, 10);
 358:	4a e0       	ldi	r20, 0x0A	; 10
 35a:	50 e0       	ldi	r21, 0x00	; 0
 35c:	70 e0       	ldi	r23, 0x00	; 0
 35e:	60 e0       	ldi	r22, 0x00	; 0
 360:	8c eb       	ldi	r24, 0xBC	; 188
 362:	91 e0       	ldi	r25, 0x01	; 1
 364:	0e 94 f6 01 	call	0x3ec	; 0x3ec <strtoul>
 368:	60 93 77 01 	sts	0x0177, r22	; 0x800177 <led_brightness>
            uart_rx_string_i = 0;
 36c:	10 92 3a 01 	sts	0x013A, r1	; 0x80013a <__data_end>
            putchr('\n');
 370:	8a e0       	ldi	r24, 0x0A	; 10
 372:	0e 94 15 01 	call	0x22a	; 0x22a <putchr>
    return millis_val;
}

uint32_t micros()
{
    uint16_t cur_overflows = overflows;
 376:	80 91 78 01 	lds	r24, 0x0178	; 0x800178 <overflows>
 37a:	90 91 79 01 	lds	r25, 0x0179	; 0x800179 <overflows+0x1>
    if (TIFR0 & _BV(TOV0) && TCNT0 < 50)
 37e:	a8 9b       	sbis	0x15, 0	; 21
 380:	04 c0       	rjmp	.+8      	; 0x38a <main+0xb6>
 382:	26 b5       	in	r18, 0x26	; 38
 384:	22 33       	cpi	r18, 0x32	; 50
 386:	08 f4       	brcc	.+2      	; 0x38a <main+0xb6>
        cur_overflows += 1;
 388:	01 96       	adiw	r24, 0x01	; 1
    return cur_overflows * 1024 + TCNT0 * 4;
 38a:	26 b5       	in	r18, 0x26	; 38
    }
}

uint32_t millis()
{
    return millis_val;
 38c:	40 91 7b 01 	lds	r20, 0x017B	; 0x80017b <millis_val>
 390:	50 91 7c 01 	lds	r21, 0x017C	; 0x80017c <millis_val+0x1>
 394:	60 91 7d 01 	lds	r22, 0x017D	; 0x80017d <millis_val+0x2>
 398:	70 91 7e 01 	lds	r23, 0x017E	; 0x80017e <millis_val+0x3>
uint32_t micros()
{
    uint16_t cur_overflows = overflows;
    if (TIFR0 & _BV(TOV0) && TCNT0 < 50)
        cur_overflows += 1;
    return cur_overflows * 1024 + TCNT0 * 4;
 39c:	98 2f       	mov	r25, r24
 39e:	88 27       	eor	r24, r24
 3a0:	99 0f       	add	r25, r25
 3a2:	99 0f       	add	r25, r25
 3a4:	30 e0       	ldi	r19, 0x00	; 0
 3a6:	22 0f       	add	r18, r18
 3a8:	33 1f       	adc	r19, r19
 3aa:	22 0f       	add	r18, r18
 3ac:	33 1f       	adc	r19, r19
 3ae:	82 0f       	add	r24, r18
 3b0:	93 1f       	adc	r25, r19
            printstr(uart_rx_string);
            led_brightness = strtoul(uart_rx_string, NULL, 10);
            uart_rx_string_i = 0;
            putchr('\n');

            snprintf(buff, 60, "millis = %lu, micros = %lu\n", millis(), micros());
 3b2:	1f 92       	push	r1
 3b4:	1f 92       	push	r1
 3b6:	9f 93       	push	r25
 3b8:	8f 93       	push	r24
 3ba:	7f 93       	push	r23
 3bc:	6f 93       	push	r22
 3be:	5f 93       	push	r21
 3c0:	4f 93       	push	r20
 3c2:	1f 93       	push	r17
 3c4:	0f 93       	push	r16
 3c6:	1f 92       	push	r1
 3c8:	ff 92       	push	r15
 3ca:	df 93       	push	r29
 3cc:	cf 93       	push	r28
 3ce:	0e 94 ea 02 	call	0x5d4	; 0x5d4 <snprintf>
            printstr(buff);
 3d2:	8b e3       	ldi	r24, 0x3B	; 59
 3d4:	91 e0       	ldi	r25, 0x01	; 1
 3d6:	0e 94 1c 01 	call	0x238	; 0x238 <printstr>
 3da:	8d b7       	in	r24, 0x3d	; 61
 3dc:	9e b7       	in	r25, 0x3e	; 62
 3de:	0e 96       	adiw	r24, 0x0e	; 14
 3e0:	0f b6       	in	r0, 0x3f	; 63
 3e2:	f8 94       	cli
 3e4:	9e bf       	out	0x3e, r25	; 62
 3e6:	0f be       	out	0x3f, r0	; 63
 3e8:	8d bf       	out	0x3d, r24	; 61
 3ea:	84 cf       	rjmp	.-248    	; 0x2f4 <main+0x20>

000003ec <strtoul>:
 3ec:	b0 e0       	ldi	r27, 0x00	; 0
 3ee:	a0 e0       	ldi	r26, 0x00	; 0
 3f0:	ec ef       	ldi	r30, 0xFC	; 252
 3f2:	f1 e0       	ldi	r31, 0x01	; 1
 3f4:	0c 94 d9 05 	jmp	0xbb2	; 0xbb2 <__prologue_saves__+0x2>
 3f8:	5c 01       	movw	r10, r24
 3fa:	6b 01       	movw	r12, r22
 3fc:	7a 01       	movw	r14, r20
 3fe:	61 15       	cp	r22, r1
 400:	71 05       	cpc	r23, r1
 402:	19 f0       	breq	.+6      	; 0x40a <__EEPROM_REGION_LENGTH__+0xa>
 404:	fb 01       	movw	r30, r22
 406:	91 83       	std	Z+1, r25	; 0x01
 408:	80 83       	st	Z, r24
 40a:	e1 14       	cp	r14, r1
 40c:	f1 04       	cpc	r15, r1
 40e:	49 f0       	breq	.+18     	; 0x422 <__EEPROM_REGION_LENGTH__+0x22>
 410:	c7 01       	movw	r24, r14
 412:	02 97       	sbiw	r24, 0x02	; 2
 414:	83 97       	sbiw	r24, 0x23	; 35
 416:	28 f0       	brcs	.+10     	; 0x422 <__EEPROM_REGION_LENGTH__+0x22>
 418:	60 e0       	ldi	r22, 0x00	; 0
 41a:	70 e0       	ldi	r23, 0x00	; 0
 41c:	cb 01       	movw	r24, r22
 41e:	9c c0       	rjmp	.+312    	; 0x558 <__EEPROM_REGION_LENGTH__+0x158>
 420:	5e 01       	movw	r10, r28
 422:	e5 01       	movw	r28, r10
 424:	21 96       	adiw	r28, 0x01	; 1
 426:	f5 01       	movw	r30, r10
 428:	10 81       	ld	r17, Z
 42a:	81 2f       	mov	r24, r17
 42c:	90 e0       	ldi	r25, 0x00	; 0
 42e:	0e 94 e1 02 	call	0x5c2	; 0x5c2 <isspace>
 432:	89 2b       	or	r24, r25
 434:	a9 f7       	brne	.-22     	; 0x420 <__EEPROM_REGION_LENGTH__+0x20>
 436:	1d 32       	cpi	r17, 0x2D	; 45
 438:	09 f0       	breq	.+2      	; 0x43c <__EEPROM_REGION_LENGTH__+0x3c>
 43a:	56 c0       	rjmp	.+172    	; 0x4e8 <__EEPROM_REGION_LENGTH__+0xe8>
 43c:	21 96       	adiw	r28, 0x01	; 1
 43e:	f5 01       	movw	r30, r10
 440:	11 81       	ldd	r17, Z+1	; 0x01
 442:	01 e0       	ldi	r16, 0x01	; 1
 444:	e1 14       	cp	r14, r1
 446:	f1 04       	cpc	r15, r1
 448:	09 f4       	brne	.+2      	; 0x44c <__EEPROM_REGION_LENGTH__+0x4c>
 44a:	ae c0       	rjmp	.+348    	; 0x5a8 <__EEPROM_REGION_LENGTH__+0x1a8>
 44c:	f0 e1       	ldi	r31, 0x10	; 16
 44e:	ef 16       	cp	r14, r31
 450:	f1 04       	cpc	r15, r1
 452:	09 f0       	breq	.+2      	; 0x456 <__EEPROM_REGION_LENGTH__+0x56>
 454:	8e c0       	rjmp	.+284    	; 0x572 <__EEPROM_REGION_LENGTH__+0x172>
 456:	10 33       	cpi	r17, 0x30	; 48
 458:	41 f4       	brne	.+16     	; 0x46a <__EEPROM_REGION_LENGTH__+0x6a>
 45a:	88 81       	ld	r24, Y
 45c:	8f 7d       	andi	r24, 0xDF	; 223
 45e:	88 35       	cpi	r24, 0x58	; 88
 460:	09 f0       	breq	.+2      	; 0x464 <__EEPROM_REGION_LENGTH__+0x64>
 462:	83 c0       	rjmp	.+262    	; 0x56a <__EEPROM_REGION_LENGTH__+0x16a>
 464:	19 81       	ldd	r17, Y+1	; 0x01
 466:	22 96       	adiw	r28, 0x02	; 2
 468:	02 60       	ori	r16, 0x02	; 2
 46a:	e0 e1       	ldi	r30, 0x10	; 16
 46c:	ee 2e       	mov	r14, r30
 46e:	f1 2c       	mov	r15, r1
 470:	88 24       	eor	r8, r8
 472:	8a 94       	dec	r8
 474:	98 2c       	mov	r9, r8
 476:	a8 2c       	mov	r10, r8
 478:	ff e0       	ldi	r31, 0x0F	; 15
 47a:	bf 2e       	mov	r11, r31
 47c:	20 e0       	ldi	r18, 0x00	; 0
 47e:	60 e0       	ldi	r22, 0x00	; 0
 480:	70 e0       	ldi	r23, 0x00	; 0
 482:	cb 01       	movw	r24, r22
 484:	27 01       	movw	r4, r14
 486:	0f 2c       	mov	r0, r15
 488:	00 0c       	add	r0, r0
 48a:	66 08       	sbc	r6, r6
 48c:	77 08       	sbc	r7, r7
 48e:	fe 01       	movw	r30, r28
 490:	50 ed       	ldi	r21, 0xD0	; 208
 492:	35 2e       	mov	r3, r21
 494:	31 0e       	add	r3, r17
 496:	39 e0       	ldi	r19, 0x09	; 9
 498:	33 15       	cp	r19, r3
 49a:	38 f4       	brcc	.+14     	; 0x4aa <__EEPROM_REGION_LENGTH__+0xaa>
 49c:	3f eb       	ldi	r19, 0xBF	; 191
 49e:	31 0f       	add	r19, r17
 4a0:	3a 31       	cpi	r19, 0x1A	; 26
 4a2:	a0 f5       	brcc	.+104    	; 0x50c <__EEPROM_REGION_LENGTH__+0x10c>
 4a4:	49 ec       	ldi	r20, 0xC9	; 201
 4a6:	34 2e       	mov	r3, r20
 4a8:	31 0e       	add	r3, r17
 4aa:	3e 14       	cp	r3, r14
 4ac:	1f 04       	cpc	r1, r15
 4ae:	bc f5       	brge	.+110    	; 0x51e <__EEPROM_REGION_LENGTH__+0x11e>
 4b0:	2f 3f       	cpi	r18, 0xFF	; 255
 4b2:	b9 f0       	breq	.+46     	; 0x4e2 <__EEPROM_REGION_LENGTH__+0xe2>
 4b4:	86 16       	cp	r8, r22
 4b6:	97 06       	cpc	r9, r23
 4b8:	a8 06       	cpc	r10, r24
 4ba:	b9 06       	cpc	r11, r25
 4bc:	70 f1       	brcs	.+92     	; 0x51a <__EEPROM_REGION_LENGTH__+0x11a>
 4be:	a3 01       	movw	r20, r6
 4c0:	92 01       	movw	r18, r4
 4c2:	0e 94 9b 05 	call	0xb36	; 0xb36 <__mulsi3>
 4c6:	23 2d       	mov	r18, r3
 4c8:	30 e0       	ldi	r19, 0x00	; 0
 4ca:	50 e0       	ldi	r21, 0x00	; 0
 4cc:	40 e0       	ldi	r20, 0x00	; 0
 4ce:	62 0f       	add	r22, r18
 4d0:	73 1f       	adc	r23, r19
 4d2:	84 1f       	adc	r24, r20
 4d4:	95 1f       	adc	r25, r21
 4d6:	62 17       	cp	r22, r18
 4d8:	73 07       	cpc	r23, r19
 4da:	84 07       	cpc	r24, r20
 4dc:	95 07       	cpc	r25, r21
 4de:	e8 f0       	brcs	.+58     	; 0x51a <__EEPROM_REGION_LENGTH__+0x11a>
 4e0:	21 e0       	ldi	r18, 0x01	; 1
 4e2:	21 96       	adiw	r28, 0x01	; 1
 4e4:	10 81       	ld	r17, Z
 4e6:	d3 cf       	rjmp	.-90     	; 0x48e <__EEPROM_REGION_LENGTH__+0x8e>
 4e8:	1b 32       	cpi	r17, 0x2B	; 43
 4ea:	21 f4       	brne	.+8      	; 0x4f4 <__EEPROM_REGION_LENGTH__+0xf4>
 4ec:	e5 01       	movw	r28, r10
 4ee:	22 96       	adiw	r28, 0x02	; 2
 4f0:	f5 01       	movw	r30, r10
 4f2:	11 81       	ldd	r17, Z+1	; 0x01
 4f4:	00 e0       	ldi	r16, 0x00	; 0
 4f6:	a6 cf       	rjmp	.-180    	; 0x444 <__EEPROM_REGION_LENGTH__+0x44>
 4f8:	78 e0       	ldi	r23, 0x08	; 8
 4fa:	e7 2e       	mov	r14, r23
 4fc:	f1 2c       	mov	r15, r1
 4fe:	88 24       	eor	r8, r8
 500:	8a 94       	dec	r8
 502:	98 2c       	mov	r9, r8
 504:	a8 2c       	mov	r10, r8
 506:	6f e1       	ldi	r22, 0x1F	; 31
 508:	b6 2e       	mov	r11, r22
 50a:	b8 cf       	rjmp	.-144    	; 0x47c <__EEPROM_REGION_LENGTH__+0x7c>
 50c:	3f e9       	ldi	r19, 0x9F	; 159
 50e:	31 0f       	add	r19, r17
 510:	3a 31       	cpi	r19, 0x1A	; 26
 512:	28 f4       	brcc	.+10     	; 0x51e <__EEPROM_REGION_LENGTH__+0x11e>
 514:	39 ea       	ldi	r19, 0xA9	; 169
 516:	33 2e       	mov	r3, r19
 518:	c7 cf       	rjmp	.-114    	; 0x4a8 <__EEPROM_REGION_LENGTH__+0xa8>
 51a:	2f ef       	ldi	r18, 0xFF	; 255
 51c:	e2 cf       	rjmp	.-60     	; 0x4e2 <__EEPROM_REGION_LENGTH__+0xe2>
 51e:	c1 14       	cp	r12, r1
 520:	d1 04       	cpc	r13, r1
 522:	31 f0       	breq	.+12     	; 0x530 <__EEPROM_REGION_LENGTH__+0x130>
 524:	22 23       	and	r18, r18
 526:	e9 f0       	breq	.+58     	; 0x562 <__EEPROM_REGION_LENGTH__+0x162>
 528:	21 97       	sbiw	r28, 0x01	; 1
 52a:	f6 01       	movw	r30, r12
 52c:	d1 83       	std	Z+1, r29	; 0x01
 52e:	c0 83       	st	Z, r28
 530:	00 ff       	sbrs	r16, 0
 532:	07 c0       	rjmp	.+14     	; 0x542 <__EEPROM_REGION_LENGTH__+0x142>
 534:	90 95       	com	r25
 536:	80 95       	com	r24
 538:	70 95       	com	r23
 53a:	61 95       	neg	r22
 53c:	7f 4f       	sbci	r23, 0xFF	; 255
 53e:	8f 4f       	sbci	r24, 0xFF	; 255
 540:	9f 4f       	sbci	r25, 0xFF	; 255
 542:	2f 3f       	cpi	r18, 0xFF	; 255
 544:	49 f4       	brne	.+18     	; 0x558 <__EEPROM_REGION_LENGTH__+0x158>
 546:	82 e2       	ldi	r24, 0x22	; 34
 548:	90 e0       	ldi	r25, 0x00	; 0
 54a:	90 93 08 02 	sts	0x0208, r25	; 0x800208 <errno+0x1>
 54e:	80 93 07 02 	sts	0x0207, r24	; 0x800207 <errno>
 552:	6f ef       	ldi	r22, 0xFF	; 255
 554:	7f ef       	ldi	r23, 0xFF	; 255
 556:	cb 01       	movw	r24, r22
 558:	cd b7       	in	r28, 0x3d	; 61
 55a:	de b7       	in	r29, 0x3e	; 62
 55c:	e1 e1       	ldi	r30, 0x11	; 17
 55e:	0c 94 f5 05 	jmp	0xbea	; 0xbea <__epilogue_restores__+0x2>
 562:	01 ff       	sbrs	r16, 1
 564:	e5 cf       	rjmp	.-54     	; 0x530 <__EEPROM_REGION_LENGTH__+0x130>
 566:	22 97       	sbiw	r28, 0x02	; 2
 568:	e0 cf       	rjmp	.-64     	; 0x52a <__EEPROM_REGION_LENGTH__+0x12a>
 56a:	10 e3       	ldi	r17, 0x30	; 48
 56c:	e1 14       	cp	r14, r1
 56e:	f1 04       	cpc	r15, r1
 570:	19 f2       	breq	.-122    	; 0x4f8 <__EEPROM_REGION_LENGTH__+0xf8>
 572:	3a e0       	ldi	r19, 0x0A	; 10
 574:	e3 16       	cp	r14, r19
 576:	f1 04       	cpc	r15, r1
 578:	e9 f0       	breq	.+58     	; 0x5b4 <__EEPROM_REGION_LENGTH__+0x1b4>
 57a:	80 e1       	ldi	r24, 0x10	; 16
 57c:	e8 16       	cp	r14, r24
 57e:	f1 04       	cpc	r15, r1
 580:	09 f4       	brne	.+2      	; 0x584 <__EEPROM_REGION_LENGTH__+0x184>
 582:	73 cf       	rjmp	.-282    	; 0x46a <__EEPROM_REGION_LENGTH__+0x6a>
 584:	e8 e0       	ldi	r30, 0x08	; 8
 586:	ee 16       	cp	r14, r30
 588:	f1 04       	cpc	r15, r1
 58a:	09 f4       	brne	.+2      	; 0x58e <__EEPROM_REGION_LENGTH__+0x18e>
 58c:	b8 cf       	rjmp	.-144    	; 0x4fe <__EEPROM_REGION_LENGTH__+0xfe>
 58e:	6f ef       	ldi	r22, 0xFF	; 255
 590:	7f ef       	ldi	r23, 0xFF	; 255
 592:	cb 01       	movw	r24, r22
 594:	97 01       	movw	r18, r14
 596:	0f 2c       	mov	r0, r15
 598:	00 0c       	add	r0, r0
 59a:	44 0b       	sbc	r20, r20
 59c:	55 0b       	sbc	r21, r21
 59e:	0e 94 ab 05 	call	0xb56	; 0xb56 <__udivmodsi4>
 5a2:	49 01       	movw	r8, r18
 5a4:	5a 01       	movw	r10, r20
 5a6:	6a cf       	rjmp	.-300    	; 0x47c <__EEPROM_REGION_LENGTH__+0x7c>
 5a8:	10 33       	cpi	r17, 0x30	; 48
 5aa:	09 f4       	brne	.+2      	; 0x5ae <__EEPROM_REGION_LENGTH__+0x1ae>
 5ac:	56 cf       	rjmp	.-340    	; 0x45a <__EEPROM_REGION_LENGTH__+0x5a>
 5ae:	9a e0       	ldi	r25, 0x0A	; 10
 5b0:	e9 2e       	mov	r14, r25
 5b2:	f1 2c       	mov	r15, r1
 5b4:	89 e9       	ldi	r24, 0x99	; 153
 5b6:	88 2e       	mov	r8, r24
 5b8:	98 2c       	mov	r9, r8
 5ba:	a8 2c       	mov	r10, r8
 5bc:	89 e1       	ldi	r24, 0x19	; 25
 5be:	b8 2e       	mov	r11, r24
 5c0:	5d cf       	rjmp	.-326    	; 0x47c <__EEPROM_REGION_LENGTH__+0x7c>

000005c2 <isspace>:
 5c2:	91 11       	cpse	r25, r1
 5c4:	0c 94 f4 04 	jmp	0x9e8	; 0x9e8 <__ctype_isfalse>
 5c8:	80 32       	cpi	r24, 0x20	; 32
 5ca:	19 f0       	breq	.+6      	; 0x5d2 <isspace+0x10>
 5cc:	89 50       	subi	r24, 0x09	; 9
 5ce:	85 50       	subi	r24, 0x05	; 5
 5d0:	c8 f7       	brcc	.-14     	; 0x5c4 <isspace+0x2>
 5d2:	08 95       	ret

000005d4 <snprintf>:
 5d4:	ae e0       	ldi	r26, 0x0E	; 14
 5d6:	b0 e0       	ldi	r27, 0x00	; 0
 5d8:	e0 ef       	ldi	r30, 0xF0	; 240
 5da:	f2 e0       	ldi	r31, 0x02	; 2
 5dc:	0c 94 e6 05 	jmp	0xbcc	; 0xbcc <__prologue_saves__+0x1c>
 5e0:	0d 89       	ldd	r16, Y+21	; 0x15
 5e2:	1e 89       	ldd	r17, Y+22	; 0x16
 5e4:	8f 89       	ldd	r24, Y+23	; 0x17
 5e6:	98 8d       	ldd	r25, Y+24	; 0x18
 5e8:	26 e0       	ldi	r18, 0x06	; 6
 5ea:	2c 83       	std	Y+4, r18	; 0x04
 5ec:	1a 83       	std	Y+2, r17	; 0x02
 5ee:	09 83       	std	Y+1, r16	; 0x01
 5f0:	97 ff       	sbrs	r25, 7
 5f2:	02 c0       	rjmp	.+4      	; 0x5f8 <snprintf+0x24>
 5f4:	80 e0       	ldi	r24, 0x00	; 0
 5f6:	90 e8       	ldi	r25, 0x80	; 128
 5f8:	01 97       	sbiw	r24, 0x01	; 1
 5fa:	9e 83       	std	Y+6, r25	; 0x06
 5fc:	8d 83       	std	Y+5, r24	; 0x05
 5fe:	ae 01       	movw	r20, r28
 600:	45 5e       	subi	r20, 0xE5	; 229
 602:	5f 4f       	sbci	r21, 0xFF	; 255
 604:	69 8d       	ldd	r22, Y+25	; 0x19
 606:	7a 8d       	ldd	r23, Y+26	; 0x1a
 608:	ce 01       	movw	r24, r28
 60a:	01 96       	adiw	r24, 0x01	; 1
 60c:	0e 94 1a 03 	call	0x634	; 0x634 <vfprintf>
 610:	4d 81       	ldd	r20, Y+5	; 0x05
 612:	5e 81       	ldd	r21, Y+6	; 0x06
 614:	57 fd       	sbrc	r21, 7
 616:	0a c0       	rjmp	.+20     	; 0x62c <snprintf+0x58>
 618:	2f 81       	ldd	r18, Y+7	; 0x07
 61a:	38 85       	ldd	r19, Y+8	; 0x08
 61c:	42 17       	cp	r20, r18
 61e:	53 07       	cpc	r21, r19
 620:	0c f4       	brge	.+2      	; 0x624 <snprintf+0x50>
 622:	9a 01       	movw	r18, r20
 624:	02 0f       	add	r16, r18
 626:	13 1f       	adc	r17, r19
 628:	f8 01       	movw	r30, r16
 62a:	10 82       	st	Z, r1
 62c:	2e 96       	adiw	r28, 0x0e	; 14
 62e:	e4 e0       	ldi	r30, 0x04	; 4
 630:	0c 94 02 06 	jmp	0xc04	; 0xc04 <__epilogue_restores__+0x1c>

00000634 <vfprintf>:
 634:	ab e0       	ldi	r26, 0x0B	; 11
 636:	b0 e0       	ldi	r27, 0x00	; 0
 638:	e0 e2       	ldi	r30, 0x20	; 32
 63a:	f3 e0       	ldi	r31, 0x03	; 3
 63c:	0c 94 d8 05 	jmp	0xbb0	; 0xbb0 <__prologue_saves__>
 640:	7c 01       	movw	r14, r24
 642:	3b 01       	movw	r6, r22
 644:	8a 01       	movw	r16, r20
 646:	fc 01       	movw	r30, r24
 648:	17 82       	std	Z+7, r1	; 0x07
 64a:	16 82       	std	Z+6, r1	; 0x06
 64c:	83 81       	ldd	r24, Z+3	; 0x03
 64e:	81 ff       	sbrs	r24, 1
 650:	c8 c1       	rjmp	.+912    	; 0x9e2 <__stack+0xe3>
 652:	ce 01       	movw	r24, r28
 654:	01 96       	adiw	r24, 0x01	; 1
 656:	5c 01       	movw	r10, r24
 658:	f7 01       	movw	r30, r14
 65a:	93 81       	ldd	r25, Z+3	; 0x03
 65c:	f3 01       	movw	r30, r6
 65e:	93 fd       	sbrc	r25, 3
 660:	85 91       	lpm	r24, Z+
 662:	93 ff       	sbrs	r25, 3
 664:	81 91       	ld	r24, Z+
 666:	3f 01       	movw	r6, r30
 668:	88 23       	and	r24, r24
 66a:	09 f4       	brne	.+2      	; 0x66e <vfprintf+0x3a>
 66c:	53 c1       	rjmp	.+678    	; 0x914 <__stack+0x15>
 66e:	85 32       	cpi	r24, 0x25	; 37
 670:	39 f4       	brne	.+14     	; 0x680 <vfprintf+0x4c>
 672:	93 fd       	sbrc	r25, 3
 674:	85 91       	lpm	r24, Z+
 676:	93 ff       	sbrs	r25, 3
 678:	81 91       	ld	r24, Z+
 67a:	3f 01       	movw	r6, r30
 67c:	85 32       	cpi	r24, 0x25	; 37
 67e:	29 f4       	brne	.+10     	; 0x68a <vfprintf+0x56>
 680:	b7 01       	movw	r22, r14
 682:	90 e0       	ldi	r25, 0x00	; 0
 684:	0e 94 0d 05 	call	0xa1a	; 0xa1a <fputc>
 688:	e7 cf       	rjmp	.-50     	; 0x658 <vfprintf+0x24>
 68a:	91 2c       	mov	r9, r1
 68c:	21 2c       	mov	r2, r1
 68e:	31 2c       	mov	r3, r1
 690:	ff e1       	ldi	r31, 0x1F	; 31
 692:	f3 15       	cp	r31, r3
 694:	38 f0       	brcs	.+14     	; 0x6a4 <vfprintf+0x70>
 696:	8b 32       	cpi	r24, 0x2B	; 43
 698:	11 f1       	breq	.+68     	; 0x6de <vfprintf+0xaa>
 69a:	90 f4       	brcc	.+36     	; 0x6c0 <vfprintf+0x8c>
 69c:	80 32       	cpi	r24, 0x20	; 32
 69e:	09 f1       	breq	.+66     	; 0x6e2 <vfprintf+0xae>
 6a0:	83 32       	cpi	r24, 0x23	; 35
 6a2:	29 f1       	breq	.+74     	; 0x6ee <vfprintf+0xba>
 6a4:	37 fc       	sbrc	r3, 7
 6a6:	3c c0       	rjmp	.+120    	; 0x720 <vfprintf+0xec>
 6a8:	20 ed       	ldi	r18, 0xD0	; 208
 6aa:	28 0f       	add	r18, r24
 6ac:	2a 30       	cpi	r18, 0x0A	; 10
 6ae:	50 f5       	brcc	.+84     	; 0x704 <vfprintf+0xd0>
 6b0:	36 fe       	sbrs	r3, 6
 6b2:	20 c0       	rjmp	.+64     	; 0x6f4 <vfprintf+0xc0>
 6b4:	8a e0       	ldi	r24, 0x0A	; 10
 6b6:	98 9e       	mul	r9, r24
 6b8:	20 0d       	add	r18, r0
 6ba:	11 24       	eor	r1, r1
 6bc:	92 2e       	mov	r9, r18
 6be:	06 c0       	rjmp	.+12     	; 0x6cc <vfprintf+0x98>
 6c0:	8d 32       	cpi	r24, 0x2D	; 45
 6c2:	91 f0       	breq	.+36     	; 0x6e8 <vfprintf+0xb4>
 6c4:	80 33       	cpi	r24, 0x30	; 48
 6c6:	71 f7       	brne	.-36     	; 0x6a4 <vfprintf+0x70>
 6c8:	68 94       	set
 6ca:	30 f8       	bld	r3, 0
 6cc:	f3 01       	movw	r30, r6
 6ce:	93 fd       	sbrc	r25, 3
 6d0:	85 91       	lpm	r24, Z+
 6d2:	93 ff       	sbrs	r25, 3
 6d4:	81 91       	ld	r24, Z+
 6d6:	3f 01       	movw	r6, r30
 6d8:	81 11       	cpse	r24, r1
 6da:	da cf       	rjmp	.-76     	; 0x690 <vfprintf+0x5c>
 6dc:	21 c0       	rjmp	.+66     	; 0x720 <vfprintf+0xec>
 6de:	68 94       	set
 6e0:	31 f8       	bld	r3, 1
 6e2:	68 94       	set
 6e4:	32 f8       	bld	r3, 2
 6e6:	f2 cf       	rjmp	.-28     	; 0x6cc <vfprintf+0x98>
 6e8:	68 94       	set
 6ea:	33 f8       	bld	r3, 3
 6ec:	ef cf       	rjmp	.-34     	; 0x6cc <vfprintf+0x98>
 6ee:	68 94       	set
 6f0:	34 f8       	bld	r3, 4
 6f2:	ec cf       	rjmp	.-40     	; 0x6cc <vfprintf+0x98>
 6f4:	ea e0       	ldi	r30, 0x0A	; 10
 6f6:	2e 9e       	mul	r2, r30
 6f8:	20 0d       	add	r18, r0
 6fa:	11 24       	eor	r1, r1
 6fc:	22 2e       	mov	r2, r18
 6fe:	68 94       	set
 700:	35 f8       	bld	r3, 5
 702:	e4 cf       	rjmp	.-56     	; 0x6cc <vfprintf+0x98>
 704:	8e 32       	cpi	r24, 0x2E	; 46
 706:	29 f4       	brne	.+10     	; 0x712 <vfprintf+0xde>
 708:	36 fc       	sbrc	r3, 6
 70a:	04 c1       	rjmp	.+520    	; 0x914 <__stack+0x15>
 70c:	68 94       	set
 70e:	36 f8       	bld	r3, 6
 710:	dd cf       	rjmp	.-70     	; 0x6cc <vfprintf+0x98>
 712:	8c 36       	cpi	r24, 0x6C	; 108
 714:	19 f4       	brne	.+6      	; 0x71c <vfprintf+0xe8>
 716:	68 94       	set
 718:	37 f8       	bld	r3, 7
 71a:	d8 cf       	rjmp	.-80     	; 0x6cc <vfprintf+0x98>
 71c:	88 36       	cpi	r24, 0x68	; 104
 71e:	b1 f2       	breq	.-84     	; 0x6cc <vfprintf+0x98>
 720:	98 2f       	mov	r25, r24
 722:	9f 7d       	andi	r25, 0xDF	; 223
 724:	95 54       	subi	r25, 0x45	; 69
 726:	93 30       	cpi	r25, 0x03	; 3
 728:	e0 f0       	brcs	.+56     	; 0x762 <vfprintf+0x12e>
 72a:	83 36       	cpi	r24, 0x63	; 99
 72c:	a1 f1       	breq	.+104    	; 0x796 <vfprintf+0x162>
 72e:	83 37       	cpi	r24, 0x73	; 115
 730:	c1 f1       	breq	.+112    	; 0x7a2 <vfprintf+0x16e>
 732:	83 35       	cpi	r24, 0x53	; 83
 734:	09 f0       	breq	.+2      	; 0x738 <vfprintf+0x104>
 736:	63 c0       	rjmp	.+198    	; 0x7fe <vfprintf+0x1ca>
 738:	28 01       	movw	r4, r16
 73a:	f2 e0       	ldi	r31, 0x02	; 2
 73c:	4f 0e       	add	r4, r31
 73e:	51 1c       	adc	r5, r1
 740:	f8 01       	movw	r30, r16
 742:	c0 80       	ld	r12, Z
 744:	d1 80       	ldd	r13, Z+1	; 0x01
 746:	69 2d       	mov	r22, r9
 748:	70 e0       	ldi	r23, 0x00	; 0
 74a:	36 fc       	sbrc	r3, 6
 74c:	02 c0       	rjmp	.+4      	; 0x752 <vfprintf+0x11e>
 74e:	6f ef       	ldi	r22, 0xFF	; 255
 750:	7f ef       	ldi	r23, 0xFF	; 255
 752:	c6 01       	movw	r24, r12
 754:	0e 94 f7 04 	call	0x9ee	; 0x9ee <strnlen_P>
 758:	4c 01       	movw	r8, r24
 75a:	68 94       	set
 75c:	37 f8       	bld	r3, 7
 75e:	82 01       	movw	r16, r4
 760:	0a c0       	rjmp	.+20     	; 0x776 <vfprintf+0x142>
 762:	0c 5f       	subi	r16, 0xFC	; 252
 764:	1f 4f       	sbci	r17, 0xFF	; 255
 766:	ff e3       	ldi	r31, 0x3F	; 63
 768:	f9 83       	std	Y+1, r31	; 0x01
 76a:	88 24       	eor	r8, r8
 76c:	83 94       	inc	r8
 76e:	91 2c       	mov	r9, r1
 770:	65 01       	movw	r12, r10
 772:	e8 94       	clt
 774:	37 f8       	bld	r3, 7
 776:	33 fe       	sbrs	r3, 3
 778:	2d c0       	rjmp	.+90     	; 0x7d4 <vfprintf+0x1a0>
 77a:	52 2c       	mov	r5, r2
 77c:	81 14       	cp	r8, r1
 77e:	91 04       	cpc	r9, r1
 780:	71 f5       	brne	.+92     	; 0x7de <vfprintf+0x1aa>
 782:	55 20       	and	r5, r5
 784:	09 f4       	brne	.+2      	; 0x788 <vfprintf+0x154>
 786:	68 cf       	rjmp	.-304    	; 0x658 <vfprintf+0x24>
 788:	b7 01       	movw	r22, r14
 78a:	80 e2       	ldi	r24, 0x20	; 32
 78c:	90 e0       	ldi	r25, 0x00	; 0
 78e:	0e 94 0d 05 	call	0xa1a	; 0xa1a <fputc>
 792:	5a 94       	dec	r5
 794:	f6 cf       	rjmp	.-20     	; 0x782 <vfprintf+0x14e>
 796:	f8 01       	movw	r30, r16
 798:	80 81       	ld	r24, Z
 79a:	89 83       	std	Y+1, r24	; 0x01
 79c:	0e 5f       	subi	r16, 0xFE	; 254
 79e:	1f 4f       	sbci	r17, 0xFF	; 255
 7a0:	e4 cf       	rjmp	.-56     	; 0x76a <vfprintf+0x136>
 7a2:	28 01       	movw	r4, r16
 7a4:	f2 e0       	ldi	r31, 0x02	; 2
 7a6:	4f 0e       	add	r4, r31
 7a8:	51 1c       	adc	r5, r1
 7aa:	f8 01       	movw	r30, r16
 7ac:	c0 80       	ld	r12, Z
 7ae:	d1 80       	ldd	r13, Z+1	; 0x01
 7b0:	69 2d       	mov	r22, r9
 7b2:	70 e0       	ldi	r23, 0x00	; 0
 7b4:	36 fc       	sbrc	r3, 6
 7b6:	02 c0       	rjmp	.+4      	; 0x7bc <vfprintf+0x188>
 7b8:	6f ef       	ldi	r22, 0xFF	; 255
 7ba:	7f ef       	ldi	r23, 0xFF	; 255
 7bc:	c6 01       	movw	r24, r12
 7be:	0e 94 02 05 	call	0xa04	; 0xa04 <strnlen>
 7c2:	4c 01       	movw	r8, r24
 7c4:	82 01       	movw	r16, r4
 7c6:	d5 cf       	rjmp	.-86     	; 0x772 <vfprintf+0x13e>
 7c8:	b7 01       	movw	r22, r14
 7ca:	80 e2       	ldi	r24, 0x20	; 32
 7cc:	90 e0       	ldi	r25, 0x00	; 0
 7ce:	0e 94 0d 05 	call	0xa1a	; 0xa1a <fputc>
 7d2:	2a 94       	dec	r2
 7d4:	28 14       	cp	r2, r8
 7d6:	19 04       	cpc	r1, r9
 7d8:	09 f0       	breq	.+2      	; 0x7dc <vfprintf+0x1a8>
 7da:	b0 f7       	brcc	.-20     	; 0x7c8 <vfprintf+0x194>
 7dc:	ce cf       	rjmp	.-100    	; 0x77a <vfprintf+0x146>
 7de:	f6 01       	movw	r30, r12
 7e0:	37 fc       	sbrc	r3, 7
 7e2:	85 91       	lpm	r24, Z+
 7e4:	37 fe       	sbrs	r3, 7
 7e6:	81 91       	ld	r24, Z+
 7e8:	6f 01       	movw	r12, r30
 7ea:	b7 01       	movw	r22, r14
 7ec:	90 e0       	ldi	r25, 0x00	; 0
 7ee:	0e 94 0d 05 	call	0xa1a	; 0xa1a <fputc>
 7f2:	51 10       	cpse	r5, r1
 7f4:	5a 94       	dec	r5
 7f6:	f1 e0       	ldi	r31, 0x01	; 1
 7f8:	8f 1a       	sub	r8, r31
 7fa:	91 08       	sbc	r9, r1
 7fc:	bf cf       	rjmp	.-130    	; 0x77c <vfprintf+0x148>
 7fe:	84 36       	cpi	r24, 0x64	; 100
 800:	19 f0       	breq	.+6      	; 0x808 <__DATA_REGION_LENGTH__+0x8>
 802:	89 36       	cpi	r24, 0x69	; 105
 804:	09 f0       	breq	.+2      	; 0x808 <__DATA_REGION_LENGTH__+0x8>
 806:	77 c0       	rjmp	.+238    	; 0x8f6 <__DATA_REGION_LENGTH__+0xf6>
 808:	f8 01       	movw	r30, r16
 80a:	37 fe       	sbrs	r3, 7
 80c:	6b c0       	rjmp	.+214    	; 0x8e4 <__DATA_REGION_LENGTH__+0xe4>
 80e:	60 81       	ld	r22, Z
 810:	71 81       	ldd	r23, Z+1	; 0x01
 812:	82 81       	ldd	r24, Z+2	; 0x02
 814:	93 81       	ldd	r25, Z+3	; 0x03
 816:	0c 5f       	subi	r16, 0xFC	; 252
 818:	1f 4f       	sbci	r17, 0xFF	; 255
 81a:	f3 2d       	mov	r31, r3
 81c:	ff 76       	andi	r31, 0x6F	; 111
 81e:	3f 2e       	mov	r3, r31
 820:	97 ff       	sbrs	r25, 7
 822:	09 c0       	rjmp	.+18     	; 0x836 <__DATA_REGION_LENGTH__+0x36>
 824:	90 95       	com	r25
 826:	80 95       	com	r24
 828:	70 95       	com	r23
 82a:	61 95       	neg	r22
 82c:	7f 4f       	sbci	r23, 0xFF	; 255
 82e:	8f 4f       	sbci	r24, 0xFF	; 255
 830:	9f 4f       	sbci	r25, 0xFF	; 255
 832:	68 94       	set
 834:	37 f8       	bld	r3, 7
 836:	2a e0       	ldi	r18, 0x0A	; 10
 838:	30 e0       	ldi	r19, 0x00	; 0
 83a:	a5 01       	movw	r20, r10
 83c:	0e 94 3d 05 	call	0xa7a	; 0xa7a <__ultoa_invert>
 840:	c8 2e       	mov	r12, r24
 842:	ca 18       	sub	r12, r10
 844:	8c 2c       	mov	r8, r12
 846:	43 2c       	mov	r4, r3
 848:	36 fe       	sbrs	r3, 6
 84a:	0c c0       	rjmp	.+24     	; 0x864 <__DATA_REGION_LENGTH__+0x64>
 84c:	e8 94       	clt
 84e:	40 f8       	bld	r4, 0
 850:	c9 14       	cp	r12, r9
 852:	40 f4       	brcc	.+16     	; 0x864 <__DATA_REGION_LENGTH__+0x64>
 854:	34 fe       	sbrs	r3, 4
 856:	05 c0       	rjmp	.+10     	; 0x862 <__DATA_REGION_LENGTH__+0x62>
 858:	32 fc       	sbrc	r3, 2
 85a:	03 c0       	rjmp	.+6      	; 0x862 <__DATA_REGION_LENGTH__+0x62>
 85c:	f3 2d       	mov	r31, r3
 85e:	fe 7e       	andi	r31, 0xEE	; 238
 860:	4f 2e       	mov	r4, r31
 862:	89 2c       	mov	r8, r9
 864:	44 fe       	sbrs	r4, 4
 866:	95 c0       	rjmp	.+298    	; 0x992 <__stack+0x93>
 868:	fe 01       	movw	r30, r28
 86a:	ec 0d       	add	r30, r12
 86c:	f1 1d       	adc	r31, r1
 86e:	80 81       	ld	r24, Z
 870:	80 33       	cpi	r24, 0x30	; 48
 872:	09 f0       	breq	.+2      	; 0x876 <__DATA_REGION_LENGTH__+0x76>
 874:	87 c0       	rjmp	.+270    	; 0x984 <__stack+0x85>
 876:	24 2d       	mov	r18, r4
 878:	29 7e       	andi	r18, 0xE9	; 233
 87a:	42 2e       	mov	r4, r18
 87c:	84 2d       	mov	r24, r4
 87e:	88 70       	andi	r24, 0x08	; 8
 880:	58 2e       	mov	r5, r24
 882:	43 fc       	sbrc	r4, 3
 884:	95 c0       	rjmp	.+298    	; 0x9b0 <__stack+0xb1>
 886:	40 fe       	sbrs	r4, 0
 888:	8f c0       	rjmp	.+286    	; 0x9a8 <__stack+0xa9>
 88a:	9c 2c       	mov	r9, r12
 88c:	82 14       	cp	r8, r2
 88e:	18 f4       	brcc	.+6      	; 0x896 <__DATA_REGION_LENGTH__+0x96>
 890:	2c 0c       	add	r2, r12
 892:	92 2c       	mov	r9, r2
 894:	98 18       	sub	r9, r8
 896:	44 fe       	sbrs	r4, 4
 898:	91 c0       	rjmp	.+290    	; 0x9bc <__stack+0xbd>
 89a:	b7 01       	movw	r22, r14
 89c:	80 e3       	ldi	r24, 0x30	; 48
 89e:	90 e0       	ldi	r25, 0x00	; 0
 8a0:	0e 94 0d 05 	call	0xa1a	; 0xa1a <fputc>
 8a4:	42 fe       	sbrs	r4, 2
 8a6:	09 c0       	rjmp	.+18     	; 0x8ba <__DATA_REGION_LENGTH__+0xba>
 8a8:	88 e7       	ldi	r24, 0x78	; 120
 8aa:	90 e0       	ldi	r25, 0x00	; 0
 8ac:	41 fe       	sbrs	r4, 1
 8ae:	02 c0       	rjmp	.+4      	; 0x8b4 <__DATA_REGION_LENGTH__+0xb4>
 8b0:	88 e5       	ldi	r24, 0x58	; 88
 8b2:	90 e0       	ldi	r25, 0x00	; 0
 8b4:	b7 01       	movw	r22, r14
 8b6:	0e 94 0d 05 	call	0xa1a	; 0xa1a <fputc>
 8ba:	c9 14       	cp	r12, r9
 8bc:	08 f4       	brcc	.+2      	; 0x8c0 <__DATA_REGION_LENGTH__+0xc0>
 8be:	8a c0       	rjmp	.+276    	; 0x9d4 <__stack+0xd5>
 8c0:	ca 94       	dec	r12
 8c2:	d1 2c       	mov	r13, r1
 8c4:	9f ef       	ldi	r25, 0xFF	; 255
 8c6:	c9 1a       	sub	r12, r25
 8c8:	d9 0a       	sbc	r13, r25
 8ca:	ca 0c       	add	r12, r10
 8cc:	db 1c       	adc	r13, r11
 8ce:	f6 01       	movw	r30, r12
 8d0:	82 91       	ld	r24, -Z
 8d2:	6f 01       	movw	r12, r30
 8d4:	b7 01       	movw	r22, r14
 8d6:	90 e0       	ldi	r25, 0x00	; 0
 8d8:	0e 94 0d 05 	call	0xa1a	; 0xa1a <fputc>
 8dc:	ac 14       	cp	r10, r12
 8de:	bd 04       	cpc	r11, r13
 8e0:	b1 f7       	brne	.-20     	; 0x8ce <__DATA_REGION_LENGTH__+0xce>
 8e2:	4f cf       	rjmp	.-354    	; 0x782 <vfprintf+0x14e>
 8e4:	60 81       	ld	r22, Z
 8e6:	71 81       	ldd	r23, Z+1	; 0x01
 8e8:	07 2e       	mov	r0, r23
 8ea:	00 0c       	add	r0, r0
 8ec:	88 0b       	sbc	r24, r24
 8ee:	99 0b       	sbc	r25, r25
 8f0:	0e 5f       	subi	r16, 0xFE	; 254
 8f2:	1f 4f       	sbci	r17, 0xFF	; 255
 8f4:	92 cf       	rjmp	.-220    	; 0x81a <__DATA_REGION_LENGTH__+0x1a>
 8f6:	d3 2c       	mov	r13, r3
 8f8:	e8 94       	clt
 8fa:	d4 f8       	bld	r13, 4
 8fc:	2a e0       	ldi	r18, 0x0A	; 10
 8fe:	30 e0       	ldi	r19, 0x00	; 0
 900:	85 37       	cpi	r24, 0x75	; 117
 902:	39 f1       	breq	.+78     	; 0x952 <__stack+0x53>
 904:	23 2d       	mov	r18, r3
 906:	29 7f       	andi	r18, 0xF9	; 249
 908:	d2 2e       	mov	r13, r18
 90a:	8f 36       	cpi	r24, 0x6F	; 111
 90c:	01 f1       	breq	.+64     	; 0x94e <__stack+0x4f>
 90e:	48 f4       	brcc	.+18     	; 0x922 <__stack+0x23>
 910:	88 35       	cpi	r24, 0x58	; 88
 912:	a9 f0       	breq	.+42     	; 0x93e <__stack+0x3f>
 914:	f7 01       	movw	r30, r14
 916:	86 81       	ldd	r24, Z+6	; 0x06
 918:	97 81       	ldd	r25, Z+7	; 0x07
 91a:	2b 96       	adiw	r28, 0x0b	; 11
 91c:	e2 e1       	ldi	r30, 0x12	; 18
 91e:	0c 94 f4 05 	jmp	0xbe8	; 0xbe8 <__epilogue_restores__>
 922:	80 37       	cpi	r24, 0x70	; 112
 924:	49 f0       	breq	.+18     	; 0x938 <__stack+0x39>
 926:	88 37       	cpi	r24, 0x78	; 120
 928:	a9 f7       	brne	.-22     	; 0x914 <__stack+0x15>
 92a:	d4 fe       	sbrs	r13, 4
 92c:	02 c0       	rjmp	.+4      	; 0x932 <__stack+0x33>
 92e:	68 94       	set
 930:	d2 f8       	bld	r13, 2
 932:	20 e1       	ldi	r18, 0x10	; 16
 934:	30 e0       	ldi	r19, 0x00	; 0
 936:	0d c0       	rjmp	.+26     	; 0x952 <__stack+0x53>
 938:	68 94       	set
 93a:	d4 f8       	bld	r13, 4
 93c:	f6 cf       	rjmp	.-20     	; 0x92a <__stack+0x2b>
 93e:	34 fe       	sbrs	r3, 4
 940:	03 c0       	rjmp	.+6      	; 0x948 <__stack+0x49>
 942:	82 2f       	mov	r24, r18
 944:	86 60       	ori	r24, 0x06	; 6
 946:	d8 2e       	mov	r13, r24
 948:	20 e1       	ldi	r18, 0x10	; 16
 94a:	32 e0       	ldi	r19, 0x02	; 2
 94c:	02 c0       	rjmp	.+4      	; 0x952 <__stack+0x53>
 94e:	28 e0       	ldi	r18, 0x08	; 8
 950:	30 e0       	ldi	r19, 0x00	; 0
 952:	f8 01       	movw	r30, r16
 954:	d7 fe       	sbrs	r13, 7
 956:	0f c0       	rjmp	.+30     	; 0x976 <__stack+0x77>
 958:	60 81       	ld	r22, Z
 95a:	71 81       	ldd	r23, Z+1	; 0x01
 95c:	82 81       	ldd	r24, Z+2	; 0x02
 95e:	93 81       	ldd	r25, Z+3	; 0x03
 960:	0c 5f       	subi	r16, 0xFC	; 252
 962:	1f 4f       	sbci	r17, 0xFF	; 255
 964:	a5 01       	movw	r20, r10
 966:	0e 94 3d 05 	call	0xa7a	; 0xa7a <__ultoa_invert>
 96a:	c8 2e       	mov	r12, r24
 96c:	ca 18       	sub	r12, r10
 96e:	3d 2c       	mov	r3, r13
 970:	e8 94       	clt
 972:	37 f8       	bld	r3, 7
 974:	67 cf       	rjmp	.-306    	; 0x844 <__DATA_REGION_LENGTH__+0x44>
 976:	60 81       	ld	r22, Z
 978:	71 81       	ldd	r23, Z+1	; 0x01
 97a:	90 e0       	ldi	r25, 0x00	; 0
 97c:	80 e0       	ldi	r24, 0x00	; 0
 97e:	0e 5f       	subi	r16, 0xFE	; 254
 980:	1f 4f       	sbci	r17, 0xFF	; 255
 982:	f0 cf       	rjmp	.-32     	; 0x964 <__stack+0x65>
 984:	42 fc       	sbrc	r4, 2
 986:	02 c0       	rjmp	.+4      	; 0x98c <__stack+0x8d>
 988:	83 94       	inc	r8
 98a:	78 cf       	rjmp	.-272    	; 0x87c <__DATA_REGION_LENGTH__+0x7c>
 98c:	83 94       	inc	r8
 98e:	83 94       	inc	r8
 990:	75 cf       	rjmp	.-278    	; 0x87c <__DATA_REGION_LENGTH__+0x7c>
 992:	84 2d       	mov	r24, r4
 994:	86 78       	andi	r24, 0x86	; 134
 996:	09 f4       	brne	.+2      	; 0x99a <__stack+0x9b>
 998:	71 cf       	rjmp	.-286    	; 0x87c <__DATA_REGION_LENGTH__+0x7c>
 99a:	f6 cf       	rjmp	.-20     	; 0x988 <__stack+0x89>
 99c:	b7 01       	movw	r22, r14
 99e:	80 e2       	ldi	r24, 0x20	; 32
 9a0:	90 e0       	ldi	r25, 0x00	; 0
 9a2:	0e 94 0d 05 	call	0xa1a	; 0xa1a <fputc>
 9a6:	83 94       	inc	r8
 9a8:	82 14       	cp	r8, r2
 9aa:	c0 f3       	brcs	.-16     	; 0x99c <__stack+0x9d>
 9ac:	51 2c       	mov	r5, r1
 9ae:	73 cf       	rjmp	.-282    	; 0x896 <__DATA_REGION_LENGTH__+0x96>
 9b0:	52 2c       	mov	r5, r2
 9b2:	58 18       	sub	r5, r8
 9b4:	82 14       	cp	r8, r2
 9b6:	08 f4       	brcc	.+2      	; 0x9ba <__stack+0xbb>
 9b8:	6e cf       	rjmp	.-292    	; 0x896 <__DATA_REGION_LENGTH__+0x96>
 9ba:	f8 cf       	rjmp	.-16     	; 0x9ac <__stack+0xad>
 9bc:	84 2d       	mov	r24, r4
 9be:	86 78       	andi	r24, 0x86	; 134
 9c0:	09 f4       	brne	.+2      	; 0x9c4 <__stack+0xc5>
 9c2:	7b cf       	rjmp	.-266    	; 0x8ba <__DATA_REGION_LENGTH__+0xba>
 9c4:	8b e2       	ldi	r24, 0x2B	; 43
 9c6:	41 fe       	sbrs	r4, 1
 9c8:	80 e2       	ldi	r24, 0x20	; 32
 9ca:	47 fc       	sbrc	r4, 7
 9cc:	8d e2       	ldi	r24, 0x2D	; 45
 9ce:	b7 01       	movw	r22, r14
 9d0:	90 e0       	ldi	r25, 0x00	; 0
 9d2:	71 cf       	rjmp	.-286    	; 0x8b6 <__DATA_REGION_LENGTH__+0xb6>
 9d4:	b7 01       	movw	r22, r14
 9d6:	80 e3       	ldi	r24, 0x30	; 48
 9d8:	90 e0       	ldi	r25, 0x00	; 0
 9da:	0e 94 0d 05 	call	0xa1a	; 0xa1a <fputc>
 9de:	9a 94       	dec	r9
 9e0:	6c cf       	rjmp	.-296    	; 0x8ba <__DATA_REGION_LENGTH__+0xba>
 9e2:	8f ef       	ldi	r24, 0xFF	; 255
 9e4:	9f ef       	ldi	r25, 0xFF	; 255
 9e6:	99 cf       	rjmp	.-206    	; 0x91a <__stack+0x1b>

000009e8 <__ctype_isfalse>:
 9e8:	99 27       	eor	r25, r25
 9ea:	88 27       	eor	r24, r24

000009ec <__ctype_istrue>:
 9ec:	08 95       	ret

000009ee <strnlen_P>:
 9ee:	fc 01       	movw	r30, r24
 9f0:	05 90       	lpm	r0, Z+
 9f2:	61 50       	subi	r22, 0x01	; 1
 9f4:	70 40       	sbci	r23, 0x00	; 0
 9f6:	01 10       	cpse	r0, r1
 9f8:	d8 f7       	brcc	.-10     	; 0x9f0 <strnlen_P+0x2>
 9fa:	80 95       	com	r24
 9fc:	90 95       	com	r25
 9fe:	8e 0f       	add	r24, r30
 a00:	9f 1f       	adc	r25, r31
 a02:	08 95       	ret

00000a04 <strnlen>:
 a04:	fc 01       	movw	r30, r24
 a06:	61 50       	subi	r22, 0x01	; 1
 a08:	70 40       	sbci	r23, 0x00	; 0
 a0a:	01 90       	ld	r0, Z+
 a0c:	01 10       	cpse	r0, r1
 a0e:	d8 f7       	brcc	.-10     	; 0xa06 <strnlen+0x2>
 a10:	80 95       	com	r24
 a12:	90 95       	com	r25
 a14:	8e 0f       	add	r24, r30
 a16:	9f 1f       	adc	r25, r31
 a18:	08 95       	ret

00000a1a <fputc>:
 a1a:	0f 93       	push	r16
 a1c:	1f 93       	push	r17
 a1e:	cf 93       	push	r28
 a20:	df 93       	push	r29
 a22:	18 2f       	mov	r17, r24
 a24:	09 2f       	mov	r16, r25
 a26:	eb 01       	movw	r28, r22
 a28:	8b 81       	ldd	r24, Y+3	; 0x03
 a2a:	81 fd       	sbrc	r24, 1
 a2c:	09 c0       	rjmp	.+18     	; 0xa40 <fputc+0x26>
 a2e:	1f ef       	ldi	r17, 0xFF	; 255
 a30:	0f ef       	ldi	r16, 0xFF	; 255
 a32:	81 2f       	mov	r24, r17
 a34:	90 2f       	mov	r25, r16
 a36:	df 91       	pop	r29
 a38:	cf 91       	pop	r28
 a3a:	1f 91       	pop	r17
 a3c:	0f 91       	pop	r16
 a3e:	08 95       	ret
 a40:	82 ff       	sbrs	r24, 2
 a42:	14 c0       	rjmp	.+40     	; 0xa6c <fputc+0x52>
 a44:	2e 81       	ldd	r18, Y+6	; 0x06
 a46:	3f 81       	ldd	r19, Y+7	; 0x07
 a48:	8c 81       	ldd	r24, Y+4	; 0x04
 a4a:	9d 81       	ldd	r25, Y+5	; 0x05
 a4c:	28 17       	cp	r18, r24
 a4e:	39 07       	cpc	r19, r25
 a50:	3c f4       	brge	.+14     	; 0xa60 <fputc+0x46>
 a52:	e8 81       	ld	r30, Y
 a54:	f9 81       	ldd	r31, Y+1	; 0x01
 a56:	cf 01       	movw	r24, r30
 a58:	01 96       	adiw	r24, 0x01	; 1
 a5a:	99 83       	std	Y+1, r25	; 0x01
 a5c:	88 83       	st	Y, r24
 a5e:	10 83       	st	Z, r17
 a60:	8e 81       	ldd	r24, Y+6	; 0x06
 a62:	9f 81       	ldd	r25, Y+7	; 0x07
 a64:	01 96       	adiw	r24, 0x01	; 1
 a66:	9f 83       	std	Y+7, r25	; 0x07
 a68:	8e 83       	std	Y+6, r24	; 0x06
 a6a:	e3 cf       	rjmp	.-58     	; 0xa32 <fputc+0x18>
 a6c:	e8 85       	ldd	r30, Y+8	; 0x08
 a6e:	f9 85       	ldd	r31, Y+9	; 0x09
 a70:	81 2f       	mov	r24, r17
 a72:	09 95       	icall
 a74:	89 2b       	or	r24, r25
 a76:	a1 f3       	breq	.-24     	; 0xa60 <fputc+0x46>
 a78:	da cf       	rjmp	.-76     	; 0xa2e <fputc+0x14>

00000a7a <__ultoa_invert>:
 a7a:	fa 01       	movw	r30, r20
 a7c:	aa 27       	eor	r26, r26
 a7e:	28 30       	cpi	r18, 0x08	; 8
 a80:	51 f1       	breq	.+84     	; 0xad6 <__ultoa_invert+0x5c>
 a82:	20 31       	cpi	r18, 0x10	; 16
 a84:	81 f1       	breq	.+96     	; 0xae6 <__ultoa_invert+0x6c>
 a86:	e8 94       	clt
 a88:	6f 93       	push	r22
 a8a:	6e 7f       	andi	r22, 0xFE	; 254
 a8c:	6e 5f       	subi	r22, 0xFE	; 254
 a8e:	7f 4f       	sbci	r23, 0xFF	; 255
 a90:	8f 4f       	sbci	r24, 0xFF	; 255
 a92:	9f 4f       	sbci	r25, 0xFF	; 255
 a94:	af 4f       	sbci	r26, 0xFF	; 255
 a96:	b1 e0       	ldi	r27, 0x01	; 1
 a98:	3e d0       	rcall	.+124    	; 0xb16 <__ultoa_invert+0x9c>
 a9a:	b4 e0       	ldi	r27, 0x04	; 4
 a9c:	3c d0       	rcall	.+120    	; 0xb16 <__ultoa_invert+0x9c>
 a9e:	67 0f       	add	r22, r23
 aa0:	78 1f       	adc	r23, r24
 aa2:	89 1f       	adc	r24, r25
 aa4:	9a 1f       	adc	r25, r26
 aa6:	a1 1d       	adc	r26, r1
 aa8:	68 0f       	add	r22, r24
 aaa:	79 1f       	adc	r23, r25
 aac:	8a 1f       	adc	r24, r26
 aae:	91 1d       	adc	r25, r1
 ab0:	a1 1d       	adc	r26, r1
 ab2:	6a 0f       	add	r22, r26
 ab4:	71 1d       	adc	r23, r1
 ab6:	81 1d       	adc	r24, r1
 ab8:	91 1d       	adc	r25, r1
 aba:	a1 1d       	adc	r26, r1
 abc:	20 d0       	rcall	.+64     	; 0xafe <__ultoa_invert+0x84>
 abe:	09 f4       	brne	.+2      	; 0xac2 <__ultoa_invert+0x48>
 ac0:	68 94       	set
 ac2:	3f 91       	pop	r19
 ac4:	2a e0       	ldi	r18, 0x0A	; 10
 ac6:	26 9f       	mul	r18, r22
 ac8:	11 24       	eor	r1, r1
 aca:	30 19       	sub	r19, r0
 acc:	30 5d       	subi	r19, 0xD0	; 208
 ace:	31 93       	st	Z+, r19
 ad0:	de f6       	brtc	.-74     	; 0xa88 <__ultoa_invert+0xe>
 ad2:	cf 01       	movw	r24, r30
 ad4:	08 95       	ret
 ad6:	46 2f       	mov	r20, r22
 ad8:	47 70       	andi	r20, 0x07	; 7
 ada:	40 5d       	subi	r20, 0xD0	; 208
 adc:	41 93       	st	Z+, r20
 ade:	b3 e0       	ldi	r27, 0x03	; 3
 ae0:	0f d0       	rcall	.+30     	; 0xb00 <__ultoa_invert+0x86>
 ae2:	c9 f7       	brne	.-14     	; 0xad6 <__ultoa_invert+0x5c>
 ae4:	f6 cf       	rjmp	.-20     	; 0xad2 <__ultoa_invert+0x58>
 ae6:	46 2f       	mov	r20, r22
 ae8:	4f 70       	andi	r20, 0x0F	; 15
 aea:	40 5d       	subi	r20, 0xD0	; 208
 aec:	4a 33       	cpi	r20, 0x3A	; 58
 aee:	18 f0       	brcs	.+6      	; 0xaf6 <__ultoa_invert+0x7c>
 af0:	49 5d       	subi	r20, 0xD9	; 217
 af2:	31 fd       	sbrc	r19, 1
 af4:	40 52       	subi	r20, 0x20	; 32
 af6:	41 93       	st	Z+, r20
 af8:	02 d0       	rcall	.+4      	; 0xafe <__ultoa_invert+0x84>
 afa:	a9 f7       	brne	.-22     	; 0xae6 <__ultoa_invert+0x6c>
 afc:	ea cf       	rjmp	.-44     	; 0xad2 <__ultoa_invert+0x58>
 afe:	b4 e0       	ldi	r27, 0x04	; 4
 b00:	a6 95       	lsr	r26
 b02:	97 95       	ror	r25
 b04:	87 95       	ror	r24
 b06:	77 95       	ror	r23
 b08:	67 95       	ror	r22
 b0a:	ba 95       	dec	r27
 b0c:	c9 f7       	brne	.-14     	; 0xb00 <__ultoa_invert+0x86>
 b0e:	00 97       	sbiw	r24, 0x00	; 0
 b10:	61 05       	cpc	r22, r1
 b12:	71 05       	cpc	r23, r1
 b14:	08 95       	ret
 b16:	9b 01       	movw	r18, r22
 b18:	ac 01       	movw	r20, r24
 b1a:	0a 2e       	mov	r0, r26
 b1c:	06 94       	lsr	r0
 b1e:	57 95       	ror	r21
 b20:	47 95       	ror	r20
 b22:	37 95       	ror	r19
 b24:	27 95       	ror	r18
 b26:	ba 95       	dec	r27
 b28:	c9 f7       	brne	.-14     	; 0xb1c <__ultoa_invert+0xa2>
 b2a:	62 0f       	add	r22, r18
 b2c:	73 1f       	adc	r23, r19
 b2e:	84 1f       	adc	r24, r20
 b30:	95 1f       	adc	r25, r21
 b32:	a0 1d       	adc	r26, r0
 b34:	08 95       	ret

00000b36 <__mulsi3>:
 b36:	db 01       	movw	r26, r22
 b38:	8f 93       	push	r24
 b3a:	9f 93       	push	r25
 b3c:	0e 94 cd 05 	call	0xb9a	; 0xb9a <__muluhisi3>
 b40:	bf 91       	pop	r27
 b42:	af 91       	pop	r26
 b44:	a2 9f       	mul	r26, r18
 b46:	80 0d       	add	r24, r0
 b48:	91 1d       	adc	r25, r1
 b4a:	a3 9f       	mul	r26, r19
 b4c:	90 0d       	add	r25, r0
 b4e:	b2 9f       	mul	r27, r18
 b50:	90 0d       	add	r25, r0
 b52:	11 24       	eor	r1, r1
 b54:	08 95       	ret

00000b56 <__udivmodsi4>:
 b56:	a1 e2       	ldi	r26, 0x21	; 33
 b58:	1a 2e       	mov	r1, r26
 b5a:	aa 1b       	sub	r26, r26
 b5c:	bb 1b       	sub	r27, r27
 b5e:	fd 01       	movw	r30, r26
 b60:	0d c0       	rjmp	.+26     	; 0xb7c <__udivmodsi4_ep>

00000b62 <__udivmodsi4_loop>:
 b62:	aa 1f       	adc	r26, r26
 b64:	bb 1f       	adc	r27, r27
 b66:	ee 1f       	adc	r30, r30
 b68:	ff 1f       	adc	r31, r31
 b6a:	a2 17       	cp	r26, r18
 b6c:	b3 07       	cpc	r27, r19
 b6e:	e4 07       	cpc	r30, r20
 b70:	f5 07       	cpc	r31, r21
 b72:	20 f0       	brcs	.+8      	; 0xb7c <__udivmodsi4_ep>
 b74:	a2 1b       	sub	r26, r18
 b76:	b3 0b       	sbc	r27, r19
 b78:	e4 0b       	sbc	r30, r20
 b7a:	f5 0b       	sbc	r31, r21

00000b7c <__udivmodsi4_ep>:
 b7c:	66 1f       	adc	r22, r22
 b7e:	77 1f       	adc	r23, r23
 b80:	88 1f       	adc	r24, r24
 b82:	99 1f       	adc	r25, r25
 b84:	1a 94       	dec	r1
 b86:	69 f7       	brne	.-38     	; 0xb62 <__udivmodsi4_loop>
 b88:	60 95       	com	r22
 b8a:	70 95       	com	r23
 b8c:	80 95       	com	r24
 b8e:	90 95       	com	r25
 b90:	9b 01       	movw	r18, r22
 b92:	ac 01       	movw	r20, r24
 b94:	bd 01       	movw	r22, r26
 b96:	cf 01       	movw	r24, r30
 b98:	08 95       	ret

00000b9a <__muluhisi3>:
 b9a:	0e 94 0f 06 	call	0xc1e	; 0xc1e <__umulhisi3>
 b9e:	a5 9f       	mul	r26, r21
 ba0:	90 0d       	add	r25, r0
 ba2:	b4 9f       	mul	r27, r20
 ba4:	90 0d       	add	r25, r0
 ba6:	a4 9f       	mul	r26, r20
 ba8:	80 0d       	add	r24, r0
 baa:	91 1d       	adc	r25, r1
 bac:	11 24       	eor	r1, r1
 bae:	08 95       	ret

00000bb0 <__prologue_saves__>:
 bb0:	2f 92       	push	r2
 bb2:	3f 92       	push	r3
 bb4:	4f 92       	push	r4
 bb6:	5f 92       	push	r5
 bb8:	6f 92       	push	r6
 bba:	7f 92       	push	r7
 bbc:	8f 92       	push	r8
 bbe:	9f 92       	push	r9
 bc0:	af 92       	push	r10
 bc2:	bf 92       	push	r11
 bc4:	cf 92       	push	r12
 bc6:	df 92       	push	r13
 bc8:	ef 92       	push	r14
 bca:	ff 92       	push	r15
 bcc:	0f 93       	push	r16
 bce:	1f 93       	push	r17
 bd0:	cf 93       	push	r28
 bd2:	df 93       	push	r29
 bd4:	cd b7       	in	r28, 0x3d	; 61
 bd6:	de b7       	in	r29, 0x3e	; 62
 bd8:	ca 1b       	sub	r28, r26
 bda:	db 0b       	sbc	r29, r27
 bdc:	0f b6       	in	r0, 0x3f	; 63
 bde:	f8 94       	cli
 be0:	de bf       	out	0x3e, r29	; 62
 be2:	0f be       	out	0x3f, r0	; 63
 be4:	cd bf       	out	0x3d, r28	; 61
 be6:	09 94       	ijmp

00000be8 <__epilogue_restores__>:
 be8:	2a 88       	ldd	r2, Y+18	; 0x12
 bea:	39 88       	ldd	r3, Y+17	; 0x11
 bec:	48 88       	ldd	r4, Y+16	; 0x10
 bee:	5f 84       	ldd	r5, Y+15	; 0x0f
 bf0:	6e 84       	ldd	r6, Y+14	; 0x0e
 bf2:	7d 84       	ldd	r7, Y+13	; 0x0d
 bf4:	8c 84       	ldd	r8, Y+12	; 0x0c
 bf6:	9b 84       	ldd	r9, Y+11	; 0x0b
 bf8:	aa 84       	ldd	r10, Y+10	; 0x0a
 bfa:	b9 84       	ldd	r11, Y+9	; 0x09
 bfc:	c8 84       	ldd	r12, Y+8	; 0x08
 bfe:	df 80       	ldd	r13, Y+7	; 0x07
 c00:	ee 80       	ldd	r14, Y+6	; 0x06
 c02:	fd 80       	ldd	r15, Y+5	; 0x05
 c04:	0c 81       	ldd	r16, Y+4	; 0x04
 c06:	1b 81       	ldd	r17, Y+3	; 0x03
 c08:	aa 81       	ldd	r26, Y+2	; 0x02
 c0a:	b9 81       	ldd	r27, Y+1	; 0x01
 c0c:	ce 0f       	add	r28, r30
 c0e:	d1 1d       	adc	r29, r1
 c10:	0f b6       	in	r0, 0x3f	; 63
 c12:	f8 94       	cli
 c14:	de bf       	out	0x3e, r29	; 62
 c16:	0f be       	out	0x3f, r0	; 63
 c18:	cd bf       	out	0x3d, r28	; 61
 c1a:	ed 01       	movw	r28, r26
 c1c:	08 95       	ret

00000c1e <__umulhisi3>:
 c1e:	a2 9f       	mul	r26, r18
 c20:	b0 01       	movw	r22, r0
 c22:	b3 9f       	mul	r27, r19
 c24:	c0 01       	movw	r24, r0
 c26:	a3 9f       	mul	r26, r19
 c28:	70 0d       	add	r23, r0
 c2a:	81 1d       	adc	r24, r1
 c2c:	11 24       	eor	r1, r1
 c2e:	91 1d       	adc	r25, r1
 c30:	b2 9f       	mul	r27, r18
 c32:	70 0d       	add	r23, r0
 c34:	81 1d       	adc	r24, r1
 c36:	11 24       	eor	r1, r1
 c38:	91 1d       	adc	r25, r1
 c3a:	08 95       	ret

00000c3c <_exit>:
 c3c:	f8 94       	cli

00000c3e <__stop_program>:
 c3e:	ff cf       	rjmp	.-2      	; 0xc3e <__stop_program>
