
larsen_scanner.elf:     file format elf32-avr

Sections:
Idx Name          Size      VMA       LMA       File off  Algn
  0 .data         00000026  00800100  00000188  000001fc  2**0
                  CONTENTS, ALLOC, LOAD, DATA
  1 .text         00000188  00000000  00000000  00000074  2**1
                  CONTENTS, ALLOC, LOAD, READONLY, CODE
  2 .stab         00000660  00000000  00000000  00000224  2**2
                  CONTENTS, READONLY, DEBUGGING
  3 .stabstr      00000da2  00000000  00000000  00000884  2**0
                  CONTENTS, READONLY, DEBUGGING
  4 .comment      00000011  00000000  00000000  00001626  2**0
                  CONTENTS, READONLY
  5 .note.gnu.avr.deviceinfo 00000040  00000000  00000000  00001638  2**2
                  CONTENTS, READONLY
  6 .debug_info   000005f4  00000000  00000000  00001678  2**0
                  CONTENTS, READONLY, DEBUGGING
  7 .debug_abbrev 000005a2  00000000  00000000  00001c6c  2**0
                  CONTENTS, READONLY, DEBUGGING
  8 .debug_line   0000001a  00000000  00000000  0000220e  2**0
                  CONTENTS, READONLY, DEBUGGING
  9 .debug_str    00000208  00000000  00000000  00002228  2**0
                  CONTENTS, READONLY, DEBUGGING

Disassembly of section .text:

00000000 <__vectors>:
   0:	0c 94 34 00 	jmp	0x68	; 0x68 <__ctors_end>
   4:	0c 94 49 00 	jmp	0x92	; 0x92 <__bad_interrupt>
   8:	0c 94 49 00 	jmp	0x92	; 0x92 <__bad_interrupt>
   c:	0c 94 49 00 	jmp	0x92	; 0x92 <__bad_interrupt>
  10:	0c 94 49 00 	jmp	0x92	; 0x92 <__bad_interrupt>
  14:	0c 94 49 00 	jmp	0x92	; 0x92 <__bad_interrupt>
  18:	0c 94 49 00 	jmp	0x92	; 0x92 <__bad_interrupt>
  1c:	0c 94 49 00 	jmp	0x92	; 0x92 <__bad_interrupt>
  20:	0c 94 49 00 	jmp	0x92	; 0x92 <__bad_interrupt>
  24:	0c 94 49 00 	jmp	0x92	; 0x92 <__bad_interrupt>
  28:	0c 94 49 00 	jmp	0x92	; 0x92 <__bad_interrupt>
  2c:	0c 94 49 00 	jmp	0x92	; 0x92 <__bad_interrupt>
  30:	0c 94 49 00 	jmp	0x92	; 0x92 <__bad_interrupt>
  34:	0c 94 49 00 	jmp	0x92	; 0x92 <__bad_interrupt>
  38:	0c 94 49 00 	jmp	0x92	; 0x92 <__bad_interrupt>
  3c:	0c 94 49 00 	jmp	0x92	; 0x92 <__bad_interrupt>
  40:	0c 94 49 00 	jmp	0x92	; 0x92 <__bad_interrupt>
  44:	0c 94 49 00 	jmp	0x92	; 0x92 <__bad_interrupt>
  48:	0c 94 49 00 	jmp	0x92	; 0x92 <__bad_interrupt>
  4c:	0c 94 49 00 	jmp	0x92	; 0x92 <__bad_interrupt>
  50:	0c 94 49 00 	jmp	0x92	; 0x92 <__bad_interrupt>
  54:	0c 94 49 00 	jmp	0x92	; 0x92 <__bad_interrupt>
  58:	0c 94 49 00 	jmp	0x92	; 0x92 <__bad_interrupt>
  5c:	0c 94 49 00 	jmp	0x92	; 0x92 <__bad_interrupt>
  60:	0c 94 49 00 	jmp	0x92	; 0x92 <__bad_interrupt>
  64:	0c 94 49 00 	jmp	0x92	; 0x92 <__bad_interrupt>

00000068 <__ctors_end>:
  68:	11 24       	eor	r1, r1
  6a:	1f be       	out	0x3f, r1	; 63
  6c:	cf ef       	ldi	r28, 0xFF	; 255
  6e:	d8 e0       	ldi	r29, 0x08	; 8
  70:	de bf       	out	0x3e, r29	; 62
  72:	cd bf       	out	0x3d, r28	; 61

00000074 <__do_copy_data>:
  74:	11 e0       	ldi	r17, 0x01	; 1
  76:	a0 e0       	ldi	r26, 0x00	; 0
  78:	b1 e0       	ldi	r27, 0x01	; 1
  7a:	e8 e8       	ldi	r30, 0x88	; 136
  7c:	f1 e0       	ldi	r31, 0x01	; 1
  7e:	02 c0       	rjmp	.+4      	; 0x84 <__do_copy_data+0x10>
  80:	05 90       	lpm	r0, Z+
  82:	0d 92       	st	X+, r0
  84:	a6 32       	cpi	r26, 0x26	; 38
  86:	b1 07       	cpc	r27, r17
  88:	d9 f7       	brne	.-10     	; 0x80 <__do_copy_data+0xc>
  8a:	0e 94 4b 00 	call	0x96	; 0x96 <main>
  8e:	0c 94 c2 00 	jmp	0x184	; 0x184 <_exit>

00000092 <__bad_interrupt>:
  92:	0c 94 00 00 	jmp	0	; 0x0 <__vectors>

00000096 <main>:
const uint16_t speed_val = 80;

int main()
{
    // set all LEDs as outputs
    for (int i = 0; i < nLeds; i++)
  96:	e0 91 00 01 	lds	r30, 0x0100	; 0x800100 <__DATA_REGION_ORIGIN__>
  9a:	ee 23       	and	r30, r30
  9c:	e1 f0       	breq	.+56     	; 0xd6 <main+0x40>
  9e:	a1 e0       	ldi	r26, 0x01	; 1
  a0:	b1 e0       	ldi	r27, 0x01	; 1
  a2:	90 e0       	ldi	r25, 0x00	; 0
  a4:	80 e0       	ldi	r24, 0x00	; 0
    {
        *leds[i].ddr |= _BV(leds[i].pin);
  a6:	41 e0       	ldi	r20, 0x01	; 1
  a8:	50 e0       	ldi	r21, 0x00	; 0
  aa:	ed 91       	ld	r30, X+
  ac:	fc 91       	ld	r31, X
  ae:	11 97       	sbiw	r26, 0x01	; 1
  b0:	20 81       	ld	r18, Z
  b2:	14 96       	adiw	r26, 0x04	; 4
  b4:	3c 91       	ld	r19, X
  b6:	14 97       	sbiw	r26, 0x04	; 4
  b8:	ba 01       	movw	r22, r20
  ba:	01 c0       	rjmp	.+2      	; 0xbe <main+0x28>
  bc:	66 0f       	add	r22, r22
  be:	3a 95       	dec	r19
  c0:	ea f7       	brpl	.-6      	; 0xbc <main+0x26>
  c2:	26 2b       	or	r18, r22
  c4:	20 83       	st	Z, r18
const uint16_t speed_val = 80;

int main()
{
    // set all LEDs as outputs
    for (int i = 0; i < nLeds; i++)
  c6:	01 96       	adiw	r24, 0x01	; 1
  c8:	e0 91 00 01 	lds	r30, 0x0100	; 0x800100 <__DATA_REGION_ORIGIN__>
  cc:	15 96       	adiw	r26, 0x05	; 5
  ce:	e8 17       	cp	r30, r24
  d0:	19 06       	cpc	r1, r25
  d2:	09 f0       	breq	.+2      	; 0xd6 <main+0x40>
  d4:	54 f7       	brge	.-44     	; 0xaa <main+0x14>
  d6:	63 e0       	ldi	r22, 0x03	; 3
  d8:	71 e0       	ldi	r23, 0x01	; 1
    {
        for (int i = 0; i < nLeds; i++)
        {

            *leds[i - 1].port = 0;
            *leds[i].port = _BV(leds[i].pin);
  da:	41 e0       	ldi	r20, 0x01	; 1
  dc:	50 e0       	ldi	r21, 0x00	; 0
  de:	c5 e0       	ldi	r28, 0x05	; 5
    {
        *leds[i].ddr |= _BV(leds[i].pin);
    }
    while (1)
    {
        for (int i = 0; i < nLeds; i++)
  e0:	ee 23       	and	r30, r30
  e2:	09 f4       	brne	.+2      	; 0xe6 <main+0x50>
  e4:	4e c0       	rjmp	.+156    	; 0x182 <main+0xec>
  e6:	ae ef       	ldi	r26, 0xFE	; 254
  e8:	b0 e0       	ldi	r27, 0x00	; 0
  ea:	90 e0       	ldi	r25, 0x00	; 0
  ec:	80 e0       	ldi	r24, 0x00	; 0
        {

            *leds[i - 1].port = 0;
  ee:	ed 91       	ld	r30, X+
  f0:	fc 91       	ld	r31, X
  f2:	11 97       	sbiw	r26, 0x01	; 1
  f4:	10 82       	st	Z, r1
            *leds[i].port = _BV(leds[i].pin);
  f6:	15 96       	adiw	r26, 0x05	; 5
  f8:	ed 91       	ld	r30, X+
  fa:	fc 91       	ld	r31, X
  fc:	16 97       	sbiw	r26, 0x06	; 6
  fe:	17 96       	adiw	r26, 0x07	; 7
 100:	2c 91       	ld	r18, X
 102:	17 97       	sbiw	r26, 0x07	; 7
 104:	8a 01       	movw	r16, r20
 106:	02 c0       	rjmp	.+4      	; 0x10c <main+0x76>
 108:	00 0f       	add	r16, r16
 10a:	11 1f       	adc	r17, r17
 10c:	2a 95       	dec	r18
 10e:	e2 f7       	brpl	.-8      	; 0x108 <main+0x72>
 110:	00 83       	st	Z, r16
	#else
		//round up by default
		__ticks_dc = (uint32_t)(ceil(fabs(__tmp)));
	#endif

	__builtin_avr_delay_cycles(__ticks_dc);
 112:	1f ef       	ldi	r17, 0xFF	; 255
 114:	27 ee       	ldi	r18, 0xE7	; 231
 116:	33 e0       	ldi	r19, 0x03	; 3
 118:	11 50       	subi	r17, 0x01	; 1
 11a:	20 40       	sbci	r18, 0x00	; 0
 11c:	30 40       	sbci	r19, 0x00	; 0
 11e:	e1 f7       	brne	.-8      	; 0x118 <main+0x82>
 120:	00 c0       	rjmp	.+0      	; 0x122 <main+0x8c>
 122:	00 00       	nop
    {
        *leds[i].ddr |= _BV(leds[i].pin);
    }
    while (1)
    {
        for (int i = 0; i < nLeds; i++)
 124:	01 96       	adiw	r24, 0x01	; 1
 126:	e0 91 00 01 	lds	r30, 0x0100	; 0x800100 <__DATA_REGION_ORIGIN__>
 12a:	2e 2f       	mov	r18, r30
 12c:	30 e0       	ldi	r19, 0x00	; 0
 12e:	15 96       	adiw	r26, 0x05	; 5
 130:	82 17       	cp	r24, r18
 132:	93 07       	cpc	r25, r19
 134:	e4 f2       	brlt	.-72     	; 0xee <main+0x58>

            *leds[i - 1].port = 0;
            *leds[i].port = _BV(leds[i].pin);
            _delay_ms(speed_val);
        }
        for (int i = nLeds - 2; i > 0; i--)
 136:	23 30       	cpi	r18, 0x03	; 3
 138:	31 05       	cpc	r19, r1
 13a:	94 f2       	brlt	.-92     	; 0xe0 <main+0x4a>
 13c:	ec 9f       	mul	r30, r28
 13e:	f0 01       	movw	r30, r0
 140:	11 24       	eor	r1, r1
 142:	e7 50       	subi	r30, 0x07	; 7
 144:	ff 4f       	sbci	r31, 0xFF	; 255
        {
            *leds[i + 1].port = 0;
 146:	a5 81       	ldd	r26, Z+5	; 0x05
 148:	b6 81       	ldd	r27, Z+6	; 0x06
 14a:	1c 92       	st	X, r1
            *leds[i].port = _BV(leds[i].pin);
 14c:	a0 81       	ld	r26, Z
 14e:	b1 81       	ldd	r27, Z+1	; 0x01
 150:	82 81       	ldd	r24, Z+2	; 0x02
 152:	8a 01       	movw	r16, r20
 154:	02 c0       	rjmp	.+4      	; 0x15a <main+0xc4>
 156:	00 0f       	add	r16, r16
 158:	11 1f       	adc	r17, r17
 15a:	8a 95       	dec	r24
 15c:	e2 f7       	brpl	.-8      	; 0x156 <main+0xc0>
 15e:	0c 93       	st	X, r16
 160:	1f ef       	ldi	r17, 0xFF	; 255
 162:	27 ee       	ldi	r18, 0xE7	; 231
 164:	33 e0       	ldi	r19, 0x03	; 3
 166:	11 50       	subi	r17, 0x01	; 1
 168:	20 40       	sbci	r18, 0x00	; 0
 16a:	30 40       	sbci	r19, 0x00	; 0
 16c:	e1 f7       	brne	.-8      	; 0x166 <main+0xd0>
 16e:	00 c0       	rjmp	.+0      	; 0x170 <main+0xda>
 170:	00 00       	nop
 172:	35 97       	sbiw	r30, 0x05	; 5

            *leds[i - 1].port = 0;
            *leds[i].port = _BV(leds[i].pin);
            _delay_ms(speed_val);
        }
        for (int i = nLeds - 2; i > 0; i--)
 174:	6e 17       	cp	r22, r30
 176:	7f 07       	cpc	r23, r31
 178:	31 f7       	brne	.-52     	; 0x146 <main+0xb0>
 17a:	e0 91 00 01 	lds	r30, 0x0100	; 0x800100 <__DATA_REGION_ORIGIN__>
    {
        *leds[i].ddr |= _BV(leds[i].pin);
    }
    while (1)
    {
        for (int i = 0; i < nLeds; i++)
 17e:	e1 11       	cpse	r30, r1
 180:	b2 cf       	rjmp	.-156    	; 0xe6 <main+0x50>
 182:	ff cf       	rjmp	.-2      	; 0x182 <main+0xec>

00000184 <_exit>:
 184:	f8 94       	cli

00000186 <__stop_program>:
 186:	ff cf       	rjmp	.-2      	; 0x186 <__stop_program>
