
demo.elf:     file format elf32-avr

Sections:
Idx Name          Size      VMA       LMA       File off  Algn
  0 .data         00000000  00800100  00000156  000001ea  2**0
                  CONTENTS, ALLOC, LOAD, DATA
  1 .text         00000156  00000000  00000000  00000094  2**1
                  CONTENTS, ALLOC, LOAD, READONLY, CODE
  2 .bss          00000003  00800100  00800100  000001ea  2**0
                  ALLOC
  3 .stab         00000684  00000000  00000000  000001ec  2**2
                  CONTENTS, READONLY, DEBUGGING
  4 .stabstr      00000cee  00000000  00000000  00000870  2**0
                  CONTENTS, READONLY, DEBUGGING
  5 .comment      00000011  00000000  00000000  0000155e  2**0
                  CONTENTS, READONLY
  6 .note.gnu.avr.deviceinfo 00000040  00000000  00000000  00001570  2**2
                  CONTENTS, READONLY
  7 .debug_info   000005f4  00000000  00000000  000015b0  2**0
                  CONTENTS, READONLY, DEBUGGING
  8 .debug_abbrev 000005a2  00000000  00000000  00001ba4  2**0
                  CONTENTS, READONLY, DEBUGGING
  9 .debug_line   0000001a  00000000  00000000  00002146  2**0
                  CONTENTS, READONLY, DEBUGGING
 10 .debug_str    00000208  00000000  00000000  00002160  2**0
                  CONTENTS, READONLY, DEBUGGING

Disassembly of section .text:

00000000 <__vectors>:
   0:	0c 94 34 00 	jmp	0x68	; 0x68 <__ctors_end>
   4:	0c 94 46 00 	jmp	0x8c	; 0x8c <__bad_interrupt>
   8:	0c 94 46 00 	jmp	0x8c	; 0x8c <__bad_interrupt>
   c:	0c 94 46 00 	jmp	0x8c	; 0x8c <__bad_interrupt>
  10:	0c 94 46 00 	jmp	0x8c	; 0x8c <__bad_interrupt>
  14:	0c 94 46 00 	jmp	0x8c	; 0x8c <__bad_interrupt>
  18:	0c 94 46 00 	jmp	0x8c	; 0x8c <__bad_interrupt>
  1c:	0c 94 46 00 	jmp	0x8c	; 0x8c <__bad_interrupt>
  20:	0c 94 46 00 	jmp	0x8c	; 0x8c <__bad_interrupt>
  24:	0c 94 46 00 	jmp	0x8c	; 0x8c <__bad_interrupt>
  28:	0c 94 46 00 	jmp	0x8c	; 0x8c <__bad_interrupt>
  2c:	0c 94 46 00 	jmp	0x8c	; 0x8c <__bad_interrupt>
  30:	0c 94 46 00 	jmp	0x8c	; 0x8c <__bad_interrupt>
  34:	0c 94 48 00 	jmp	0x90	; 0x90 <__vector_13>
  38:	0c 94 46 00 	jmp	0x8c	; 0x8c <__bad_interrupt>
  3c:	0c 94 46 00 	jmp	0x8c	; 0x8c <__bad_interrupt>
  40:	0c 94 46 00 	jmp	0x8c	; 0x8c <__bad_interrupt>
  44:	0c 94 46 00 	jmp	0x8c	; 0x8c <__bad_interrupt>
  48:	0c 94 46 00 	jmp	0x8c	; 0x8c <__bad_interrupt>
  4c:	0c 94 46 00 	jmp	0x8c	; 0x8c <__bad_interrupt>
  50:	0c 94 46 00 	jmp	0x8c	; 0x8c <__bad_interrupt>
  54:	0c 94 46 00 	jmp	0x8c	; 0x8c <__bad_interrupt>
  58:	0c 94 46 00 	jmp	0x8c	; 0x8c <__bad_interrupt>
  5c:	0c 94 46 00 	jmp	0x8c	; 0x8c <__bad_interrupt>
  60:	0c 94 46 00 	jmp	0x8c	; 0x8c <__bad_interrupt>
  64:	0c 94 46 00 	jmp	0x8c	; 0x8c <__bad_interrupt>

00000068 <__ctors_end>:
  68:	11 24       	eor	r1, r1
  6a:	1f be       	out	0x3f, r1	; 63
  6c:	cf ef       	ldi	r28, 0xFF	; 255
  6e:	d8 e0       	ldi	r29, 0x08	; 8
  70:	de bf       	out	0x3e, r29	; 62
  72:	cd bf       	out	0x3d, r28	; 61

00000074 <__do_clear_bss>:
  74:	21 e0       	ldi	r18, 0x01	; 1
  76:	a0 e0       	ldi	r26, 0x00	; 0
  78:	b1 e0       	ldi	r27, 0x01	; 1
  7a:	01 c0       	rjmp	.+2      	; 0x7e <.do_clear_bss_start>

0000007c <.do_clear_bss_loop>:
  7c:	1d 92       	st	X+, r1

0000007e <.do_clear_bss_start>:
  7e:	a3 30       	cpi	r26, 0x03	; 3
  80:	b2 07       	cpc	r27, r18
  82:	e1 f7       	brne	.-8      	; 0x7c <.do_clear_bss_loop>
  84:	0e 94 8f 00 	call	0x11e	; 0x11e <main>
  88:	0c 94 a9 00 	jmp	0x152	; 0x152 <_exit>

0000008c <__bad_interrupt>:
  8c:	0c 94 00 00 	jmp	0	; 0x0 <__vectors>

00000090 <__vector_13>:

/*
interrupt service routine runs every time timer1 overflows.
*/
ISR(TIMER1_OVF_vect)
{
  90:	1f 92       	push	r1
  92:	0f 92       	push	r0
  94:	0f b6       	in	r0, 0x3f	; 63
  96:	0f 92       	push	r0
  98:	11 24       	eor	r1, r1
  9a:	2f 93       	push	r18
  9c:	8f 93       	push	r24
  9e:	9f 93       	push	r25
  a0:	80 91 00 01 	lds	r24, 0x0100	; 0x800100 <__DATA_REGION_ORIGIN__>
  a4:	90 91 01 01 	lds	r25, 0x0101	; 0x800101 <__DATA_REGION_ORIGIN__+0x1>
    static uint16_t pwm;
    static uint8_t direction;
    switch (direction)
  a8:	20 91 02 01 	lds	r18, 0x0102	; 0x800102 <direction.1506>
  ac:	22 23       	and	r18, r18
  ae:	b9 f0       	breq	.+46     	; 0xde <__vector_13+0x4e>
  b0:	21 30       	cpi	r18, 0x01	; 1
  b2:	49 f4       	brne	.+18     	; 0xc6 <__vector_13+0x36>
    case UP:
        if (++pwm == TIMER1_TOP)
            direction = DOWN;
        break;
    case DOWN:
        if (--pwm == 0)
  b4:	01 97       	sbiw	r24, 0x01	; 1
  b6:	90 93 01 01 	sts	0x0101, r25	; 0x800101 <__DATA_REGION_ORIGIN__+0x1>
  ba:	80 93 00 01 	sts	0x0100, r24	; 0x800100 <__DATA_REGION_ORIGIN__>
  be:	00 97       	sbiw	r24, 0x00	; 0
  c0:	11 f4       	brne	.+4      	; 0xc6 <__vector_13+0x36>
            direction = UP;
  c2:	10 92 02 01 	sts	0x0102, r1	; 0x800102 <direction.1506>
        TCNTL

        TCNT1 gives direct read/write access to the timer/counter unit 16-bit counter.
    */
    // set the compare value for timer/counter 1.
    OCR1A = pwm;
  c6:	90 93 89 00 	sts	0x0089, r25	; 0x800089 <__TEXT_REGION_LENGTH__+0x7f8089>
  ca:	80 93 88 00 	sts	0x0088, r24	; 0x800088 <__TEXT_REGION_LENGTH__+0x7f8088>
}
  ce:	9f 91       	pop	r25
  d0:	8f 91       	pop	r24
  d2:	2f 91       	pop	r18
  d4:	0f 90       	pop	r0
  d6:	0f be       	out	0x3f, r0	; 63
  d8:	0f 90       	pop	r0
  da:	1f 90       	pop	r1
  dc:	18 95       	reti
    static uint16_t pwm;
    static uint8_t direction;
    switch (direction)
    {
    case UP:
        if (++pwm == TIMER1_TOP)
  de:	01 96       	adiw	r24, 0x01	; 1
  e0:	90 93 01 01 	sts	0x0101, r25	; 0x800101 <__DATA_REGION_ORIGIN__+0x1>
  e4:	80 93 00 01 	sts	0x0100, r24	; 0x800100 <__DATA_REGION_ORIGIN__>
  e8:	8f 3f       	cpi	r24, 0xFF	; 255
  ea:	23 e0       	ldi	r18, 0x03	; 3
  ec:	92 07       	cpc	r25, r18
  ee:	59 f7       	brne	.-42     	; 0xc6 <__vector_13+0x36>
            direction = DOWN;
  f0:	21 e0       	ldi	r18, 0x01	; 1
  f2:	20 93 02 01 	sts	0x0102, r18	; 0x800102 <direction.1506>
  f6:	e7 cf       	rjmp	.-50     	; 0xc6 <__vector_13+0x36>

000000f8 <ioinit>:
    setting the compare output mode bits to toggle mode (COM1A1:0 = 1).
    */
    // set timer/counter1 mode to PWM, phase correct, 10-bit
    // set PWM mode to Clear OC1A/OC1B on compare match when up-counting. Set
    // OC1A/OC1B on compare match when down counting.
    TCCR1A = _BV(WGM10) | _BV(WGM11) | _BV(COM1A1);
  f8:	83 e8       	ldi	r24, 0x83	; 131
  fa:	80 93 80 00 	sts	0x0080, r24	; 0x800080 <__TEXT_REGION_LENGTH__+0x7f8080>
     * When CS12:0 is 0b010, clock source is clk/8 (8 times slower prescaled)
     * When CS12:0 is 0b011, clock source is clk/64 (64 times slower prescaled)
     */
    // Start timer 1, set clock source to clk/8 (8 times slower prescaled)
    // TCCR1B |= _BV(CS10);
    TCCR1B |= _BV(CS11);
  fe:	e1 e8       	ldi	r30, 0x81	; 129
 100:	f0 e0       	ldi	r31, 0x00	; 0
 102:	80 81       	ld	r24, Z
 104:	82 60       	ori	r24, 0x02	; 2
 106:	80 83       	st	Z, r24
    // TCCR1B |= _BV(CS11) | _BV(CS10);
    /*Set timer/counter1 value to 0. */
    OCR1A = 0;
 108:	10 92 89 00 	sts	0x0089, r1	; 0x800089 <__TEXT_REGION_LENGTH__+0x7f8089>
 10c:	10 92 88 00 	sts	0x0088, r1	; 0x800088 <__TEXT_REGION_LENGTH__+0x7f8088>
    /* enable PB1 (OC1A) as output*/
    DDRB = _BV(PB1);
 110:	82 e0       	ldi	r24, 0x02	; 2
 112:	84 b9       	out	0x04, r24	; 4
    OCIE1A - Timer/Counter1, Output Compare A Match Interrupt Enable
    TOIE1 - Timer/Counter1, Overflow Interrupt Enable

    */
    // enable timer 1 overflow interrupt
    TIMSK1 = _BV(TOIE1);
 114:	81 e0       	ldi	r24, 0x01	; 1
 116:	80 93 6f 00 	sts	0x006F, r24	; 0x80006f <__TEXT_REGION_LENGTH__+0x7f806f>
    /*
    opposite of sei() is cli()
    */
    // set enable interrupts
    sei();
 11a:	78 94       	sei
}
 11c:	08 95       	ret

0000011e <main>:
    setting the compare output mode bits to toggle mode (COM1A1:0 = 1).
    */
    // set timer/counter1 mode to PWM, phase correct, 10-bit
    // set PWM mode to Clear OC1A/OC1B on compare match when up-counting. Set
    // OC1A/OC1B on compare match when down counting.
    TCCR1A = _BV(WGM10) | _BV(WGM11) | _BV(COM1A1);
 11e:	83 e8       	ldi	r24, 0x83	; 131
 120:	80 93 80 00 	sts	0x0080, r24	; 0x800080 <__TEXT_REGION_LENGTH__+0x7f8080>
     * When CS12:0 is 0b010, clock source is clk/8 (8 times slower prescaled)
     * When CS12:0 is 0b011, clock source is clk/64 (64 times slower prescaled)
     */
    // Start timer 1, set clock source to clk/8 (8 times slower prescaled)
    // TCCR1B |= _BV(CS10);
    TCCR1B |= _BV(CS11);
 124:	80 91 81 00 	lds	r24, 0x0081	; 0x800081 <__TEXT_REGION_LENGTH__+0x7f8081>
 128:	82 60       	ori	r24, 0x02	; 2
 12a:	80 93 81 00 	sts	0x0081, r24	; 0x800081 <__TEXT_REGION_LENGTH__+0x7f8081>
    // TCCR1B |= _BV(CS11) | _BV(CS10);
    /*Set timer/counter1 value to 0. */
    OCR1A = 0;
 12e:	10 92 89 00 	sts	0x0089, r1	; 0x800089 <__TEXT_REGION_LENGTH__+0x7f8089>
 132:	10 92 88 00 	sts	0x0088, r1	; 0x800088 <__TEXT_REGION_LENGTH__+0x7f8088>
    /* enable PB1 (OC1A) as output*/
    DDRB = _BV(PB1);
 136:	82 e0       	ldi	r24, 0x02	; 2
 138:	84 b9       	out	0x04, r24	; 4
    OCIE1A - Timer/Counter1, Output Compare A Match Interrupt Enable
    TOIE1 - Timer/Counter1, Overflow Interrupt Enable

    */
    // enable timer 1 overflow interrupt
    TIMSK1 = _BV(TOIE1);
 13a:	81 e0       	ldi	r24, 0x01	; 1
 13c:	80 93 6f 00 	sts	0x006F, r24	; 0x80006f <__TEXT_REGION_LENGTH__+0x7f806f>
    /*
    opposite of sei() is cli()
    */
    // set enable interrupts
    sei();
 140:	78 94       	sei
    ioinit();

    /* loop forever, the interrupts are doing the rest. */
    while (1)
    {
        sleep_mode();
 142:	83 b7       	in	r24, 0x33	; 51
 144:	81 60       	ori	r24, 0x01	; 1
 146:	83 bf       	out	0x33, r24	; 51
 148:	88 95       	sleep
 14a:	83 b7       	in	r24, 0x33	; 51
 14c:	8e 7f       	andi	r24, 0xFE	; 254
 14e:	83 bf       	out	0x33, r24	; 51
 150:	f8 cf       	rjmp	.-16     	; 0x142 <main+0x24>

00000152 <_exit>:
 152:	f8 94       	cli

00000154 <__stop_program>:
 154:	ff cf       	rjmp	.-2      	; 0x154 <__stop_program>
