
demo.elf:     file format elf32-avr

Sections:
Idx Name          Size      VMA       LMA       File off  Algn
  0 .data         00000000  00800100  00000114  000001a8  2**0
                  CONTENTS, ALLOC, LOAD, DATA
  1 .text         00000114  00000000  00000000  00000094  2**1
                  CONTENTS, ALLOC, LOAD, READONLY, CODE
  2 .bss          00000001  00800100  00800100  000001a8  2**0
                  ALLOC
  3 .stab         00000654  00000000  00000000  000001a8  2**2
                  CONTENTS, READONLY, DEBUGGING
  4 .stabstr      00000cce  00000000  00000000  000007fc  2**0
                  CONTENTS, READONLY, DEBUGGING
  5 .comment      00000011  00000000  00000000  000014ca  2**0
                  CONTENTS, READONLY
  6 .note.gnu.avr.deviceinfo 00000040  00000000  00000000  000014dc  2**2
                  CONTENTS, READONLY
  7 .debug_info   000005f4  00000000  00000000  0000151c  2**0
                  CONTENTS, READONLY, DEBUGGING
  8 .debug_abbrev 000005a2  00000000  00000000  00001b10  2**0
                  CONTENTS, READONLY, DEBUGGING
  9 .debug_line   0000001a  00000000  00000000  000020b2  2**0
                  CONTENTS, READONLY, DEBUGGING
 10 .debug_str    00000208  00000000  00000000  000020cc  2**0
                  CONTENTS, READONLY, DEBUGGING

Disassembly of section .text:

00000000 <__vectors>:
   0:	0c 94 34 00 	jmp	0x68	; 0x68 <__ctors_end>
   4:	0c 94 46 00 	jmp	0x8c	; 0x8c <__bad_interrupt>
   8:	0c 94 46 00 	jmp	0x8c	; 0x8c <__bad_interrupt>
   c:	0c 94 46 00 	jmp	0x8c	; 0x8c <__bad_interrupt>
  10:	0c 94 46 00 	jmp	0x8c	; 0x8c <__bad_interrupt>
  14:	0c 94 46 00 	jmp	0x8c	; 0x8c <__bad_interrupt>
  18:	0c 94 46 00 	jmp	0x8c	; 0x8c <__bad_interrupt>
  1c:	0c 94 46 00 	jmp	0x8c	; 0x8c <__bad_interrupt>
  20:	0c 94 46 00 	jmp	0x8c	; 0x8c <__bad_interrupt>
  24:	0c 94 46 00 	jmp	0x8c	; 0x8c <__bad_interrupt>
  28:	0c 94 46 00 	jmp	0x8c	; 0x8c <__bad_interrupt>
  2c:	0c 94 46 00 	jmp	0x8c	; 0x8c <__bad_interrupt>
  30:	0c 94 46 00 	jmp	0x8c	; 0x8c <__bad_interrupt>
  34:	0c 94 46 00 	jmp	0x8c	; 0x8c <__bad_interrupt>
  38:	0c 94 46 00 	jmp	0x8c	; 0x8c <__bad_interrupt>
  3c:	0c 94 46 00 	jmp	0x8c	; 0x8c <__bad_interrupt>
  40:	0c 94 46 00 	jmp	0x8c	; 0x8c <__bad_interrupt>
  44:	0c 94 46 00 	jmp	0x8c	; 0x8c <__bad_interrupt>
  48:	0c 94 46 00 	jmp	0x8c	; 0x8c <__bad_interrupt>
  4c:	0c 94 46 00 	jmp	0x8c	; 0x8c <__bad_interrupt>
  50:	0c 94 46 00 	jmp	0x8c	; 0x8c <__bad_interrupt>
  54:	0c 94 46 00 	jmp	0x8c	; 0x8c <__bad_interrupt>
  58:	0c 94 46 00 	jmp	0x8c	; 0x8c <__bad_interrupt>
  5c:	0c 94 46 00 	jmp	0x8c	; 0x8c <__bad_interrupt>
  60:	0c 94 46 00 	jmp	0x8c	; 0x8c <__bad_interrupt>
  64:	0c 94 46 00 	jmp	0x8c	; 0x8c <__bad_interrupt>

00000068 <__ctors_end>:
  68:	11 24       	eor	r1, r1
  6a:	1f be       	out	0x3f, r1	; 63
  6c:	cf ef       	ldi	r28, 0xFF	; 255
  6e:	d8 e0       	ldi	r29, 0x08	; 8
  70:	de bf       	out	0x3e, r29	; 62
  72:	cd bf       	out	0x3d, r28	; 61

00000074 <__do_clear_bss>:
  74:	21 e0       	ldi	r18, 0x01	; 1
  76:	a0 e0       	ldi	r26, 0x00	; 0
  78:	b1 e0       	ldi	r27, 0x01	; 1
  7a:	01 c0       	rjmp	.+2      	; 0x7e <.do_clear_bss_start>

0000007c <.do_clear_bss_loop>:
  7c:	1d 92       	st	X+, r1

0000007e <.do_clear_bss_start>:
  7e:	a1 30       	cpi	r26, 0x01	; 1
  80:	b2 07       	cpc	r27, r18
  82:	e1 f7       	brne	.-8      	; 0x7c <.do_clear_bss_loop>
  84:	0e 94 85 00 	call	0x10a	; 0x10a <main>
  88:	0c 94 88 00 	jmp	0x110	; 0x110 <_exit>

0000008c <__bad_interrupt>:
  8c:	0c 94 00 00 	jmp	0	; 0x0 <__vectors>

00000090 <ioinit>:
// PCF8574 to LCD pinout
// D7 D6 D5 D4 BL E RW RS

void ioinit(void)
{
    ERROR_LED_DDR |= _BV(ERROR_LED_1_PIN);
  90:	54 9a       	sbi	0x0a, 4	; 10
    ERROR_LED_DDR |= _BV(ERROR_LED_2_PIN);
  92:	55 9a       	sbi	0x0a, 5	; 10
    ERROR_LED_DDR |= _BV(ERROR_LED_3_PIN);
  94:	56 9a       	sbi	0x0a, 6	; 10
    ERROR_LED_PORT &= ~_BV(ERROR_LED_1_PIN);
  96:	5c 98       	cbi	0x0b, 4	; 11
    ERROR_LED_PORT &= ~_BV(ERROR_LED_2_PIN);
  98:	5d 98       	cbi	0x0b, 5	; 11
    ERROR_LED_PORT &= ~_BV(ERROR_LED_3_PIN);
  9a:	5e 98       	cbi	0x0b, 6	; 11
    /*
    setup i2c
    */
    TWBR = ((F_CPU / 100000 - 16) / 2);
  9c:	88 e4       	ldi	r24, 0x48	; 72
  9e:	80 93 b8 00 	sts	0x00B8, r24	; 0x8000b8 <__TEXT_REGION_LENGTH__+0x7f80b8>
    // TWBR = 100;
    TWSR = 0;
  a2:	10 92 b9 00 	sts	0x00B9, r1	; 0x8000b9 <__TEXT_REGION_LENGTH__+0x7f80b9>

    // start condition
    TWCR = _BV(TWINT) | _BV(TWSTA) | _BV(TWEN);
  a6:	84 ea       	ldi	r24, 0xA4	; 164
  a8:	80 93 bc 00 	sts	0x00BC, r24	; 0x8000bc <__TEXT_REGION_LENGTH__+0x7f80bc>

    // wait for start condition to be sent
    while (!(TWCR & _BV(TWINT)))
  ac:	80 91 bc 00 	lds	r24, 0x00BC	; 0x8000bc <__TEXT_REGION_LENGTH__+0x7f80bc>
  b0:	87 ff       	sbrs	r24, 7
  b2:	fc cf       	rjmp	.-8      	; 0xac <ioinit+0x1c>
    {
    }

    // check value of TWI status register
    if ((TWSR & 0xF8) != TW_START)
  b4:	80 91 b9 00 	lds	r24, 0x00B9	; 0x8000b9 <__TEXT_REGION_LENGTH__+0x7f80b9>
  b8:	88 7f       	andi	r24, 0xF8	; 248
  ba:	88 30       	cpi	r24, 0x08	; 8
  bc:	09 f0       	breq	.+2      	; 0xc0 <ioinit+0x30>
    {
        // error();
        ERROR_LED_PORT |= _BV(ERROR_LED_1_PIN);
  be:	5c 9a       	sbi	0x0b, 4	; 11
    }

    // load slave address to TWDR
    // Clear TWINT bit in TWCR to start transmission of address
    // +1 for read, +0 for write
    TWDR = (PCF8574_ADDR << 1) + TW_WRITE;
  c0:	8e e7       	ldi	r24, 0x7E	; 126
  c2:	80 93 bb 00 	sts	0x00BB, r24	; 0x8000bb <__TEXT_REGION_LENGTH__+0x7f80bb>
    TWCR = _BV(TWINT) | _BV(TWEN);
  c6:	84 e8       	ldi	r24, 0x84	; 132
  c8:	80 93 bc 00 	sts	0x00BC, r24	; 0x8000bc <__TEXT_REGION_LENGTH__+0x7f80bc>

    // Wait for TWINT flag set. This
    // indicates that the SLA+W has
    // been transmitted, and
    // ACK/NACK has been received.
    while (!(TWCR & _BV(TWINT)))
  cc:	80 91 bc 00 	lds	r24, 0x00BC	; 0x8000bc <__TEXT_REGION_LENGTH__+0x7f80bc>
  d0:	87 ff       	sbrs	r24, 7
  d2:	fc cf       	rjmp	.-8      	; 0xcc <ioinit+0x3c>

    // Check value of TWI status
    // register. Mask prescaler bits. If
    // status different from
    // MT_SLA_ACK go to ERROR
    if ((TWSR & 0xF8) != TW_MT_SLA_ACK)
  d4:	80 91 b9 00 	lds	r24, 0x00B9	; 0x8000b9 <__TEXT_REGION_LENGTH__+0x7f80b9>
  d8:	88 7f       	andi	r24, 0xF8	; 248
  da:	88 31       	cpi	r24, 0x18	; 24
  dc:	09 f0       	breq	.+2      	; 0xe0 <ioinit+0x50>
    {
        ERROR_LED_PORT |= _BV(ERROR_LED_2_PIN);
  de:	5d 9a       	sbi	0x0b, 5	; 11
    // ERROR();

    // Load DATA into TWDR register.
    // clear TWINT bit in TWCR to
    // start transmission of data
    twi_data = 0;
  e0:	10 92 00 01 	sts	0x0100, r1	; 0x800100 <__DATA_REGION_ORIGIN__>
    TWDR = twi_data;
  e4:	10 92 bb 00 	sts	0x00BB, r1	; 0x8000bb <__TEXT_REGION_LENGTH__+0x7f80bb>
    TWCR = _BV(TWINT) | _BV(TWEN);
  e8:	84 e8       	ldi	r24, 0x84	; 132
  ea:	80 93 bc 00 	sts	0x00BC, r24	; 0x8000bc <__TEXT_REGION_LENGTH__+0x7f80bc>

    // Wait for TWINT flag set. This
    // indicates that the DATA has
    // been transmitted, and
    // ACK/NACK has been received.
    while (!(TWCR & _BV(TWINT)))
  ee:	80 91 bc 00 	lds	r24, 0x00BC	; 0x8000bc <__TEXT_REGION_LENGTH__+0x7f80bc>
  f2:	87 ff       	sbrs	r24, 7
  f4:	fc cf       	rjmp	.-8      	; 0xee <ioinit+0x5e>

    //         Check value of TWI status
    // register. Mask prescaler bits. If
    // status different from
    // MT_DATA_ACK go to ERROR
    if ((TWSR & 0xF8) != TW_MT_DATA_ACK)
  f6:	80 91 b9 00 	lds	r24, 0x00B9	; 0x8000b9 <__TEXT_REGION_LENGTH__+0x7f80b9>
  fa:	88 7f       	andi	r24, 0xF8	; 248
  fc:	88 32       	cpi	r24, 0x28	; 40
  fe:	09 f0       	breq	.+2      	; 0x102 <ioinit+0x72>
    {
        // ERROR();
        ERROR_LED_PORT |= _BV(ERROR_LED_3_PIN);
 100:	5e 9a       	sbi	0x0b, 6	; 11
    }

    // Transmit STOP condition
    TWCR = _BV(TWINT) | _BV(TWEN) | _BV(TWSTO);
 102:	84 e9       	ldi	r24, 0x94	; 148
 104:	80 93 bc 00 	sts	0x00BC, r24	; 0x8000bc <__TEXT_REGION_LENGTH__+0x7f80bc>
}
 108:	08 95       	ret

0000010a <main>:

int main(void)
{
    ioinit();
 10a:	0e 94 48 00 	call	0x90	; 0x90 <ioinit>
 10e:	ff cf       	rjmp	.-2      	; 0x10e <main+0x4>

00000110 <_exit>:
 110:	f8 94       	cli

00000112 <__stop_program>:
 112:	ff cf       	rjmp	.-2      	; 0x112 <__stop_program>
