
demo.elf:     file format elf32-avr

Sections:
Idx Name          Size      VMA       LMA       File off  Algn
  0 .data         00000000  00800100  0000027c  00000310  2**0
                  CONTENTS, ALLOC, LOAD, DATA
  1 .text         0000027c  00000000  00000000  00000094  2**1
                  CONTENTS, ALLOC, LOAD, READONLY, CODE
  2 .bss          00000016  00800100  00800100  00000310  2**0
                  ALLOC
  3 .stab         00000b64  00000000  00000000  00000310  2**2
                  CONTENTS, READONLY, DEBUGGING
  4 .stabstr      00000dcd  00000000  00000000  00000e74  2**0
                  CONTENTS, READONLY, DEBUGGING
  5 .comment      00000011  00000000  00000000  00001c41  2**0
                  CONTENTS, READONLY
  6 .note.gnu.avr.deviceinfo 00000040  00000000  00000000  00001c54  2**2
                  CONTENTS, READONLY
  7 .debug_info   000005f4  00000000  00000000  00001c94  2**0
                  CONTENTS, READONLY, DEBUGGING
  8 .debug_abbrev 000005a2  00000000  00000000  00002288  2**0
                  CONTENTS, READONLY, DEBUGGING
  9 .debug_line   0000001a  00000000  00000000  0000282a  2**0
                  CONTENTS, READONLY, DEBUGGING
 10 .debug_str    00000208  00000000  00000000  00002844  2**0
                  CONTENTS, READONLY, DEBUGGING

Disassembly of section .text:

00000000 <__vectors>:
   0:	0c 94 34 00 	jmp	0x68	; 0x68 <__ctors_end>
   4:	0c 94 46 00 	jmp	0x8c	; 0x8c <__bad_interrupt>
   8:	0c 94 46 00 	jmp	0x8c	; 0x8c <__bad_interrupt>
   c:	0c 94 46 00 	jmp	0x8c	; 0x8c <__bad_interrupt>
  10:	0c 94 46 00 	jmp	0x8c	; 0x8c <__bad_interrupt>
  14:	0c 94 46 00 	jmp	0x8c	; 0x8c <__bad_interrupt>
  18:	0c 94 46 00 	jmp	0x8c	; 0x8c <__bad_interrupt>
  1c:	0c 94 46 00 	jmp	0x8c	; 0x8c <__bad_interrupt>
  20:	0c 94 46 00 	jmp	0x8c	; 0x8c <__bad_interrupt>
  24:	0c 94 46 00 	jmp	0x8c	; 0x8c <__bad_interrupt>
  28:	0c 94 46 00 	jmp	0x8c	; 0x8c <__bad_interrupt>
  2c:	0c 94 46 00 	jmp	0x8c	; 0x8c <__bad_interrupt>
  30:	0c 94 46 00 	jmp	0x8c	; 0x8c <__bad_interrupt>
  34:	0c 94 46 00 	jmp	0x8c	; 0x8c <__bad_interrupt>
  38:	0c 94 46 00 	jmp	0x8c	; 0x8c <__bad_interrupt>
  3c:	0c 94 46 00 	jmp	0x8c	; 0x8c <__bad_interrupt>
  40:	0c 94 4c 00 	jmp	0x98	; 0x98 <__vector_16>
  44:	0c 94 46 00 	jmp	0x8c	; 0x8c <__bad_interrupt>
  48:	0c 94 46 00 	jmp	0x8c	; 0x8c <__bad_interrupt>
  4c:	0c 94 46 00 	jmp	0x8c	; 0x8c <__bad_interrupt>
  50:	0c 94 46 00 	jmp	0x8c	; 0x8c <__bad_interrupt>
  54:	0c 94 46 00 	jmp	0x8c	; 0x8c <__bad_interrupt>
  58:	0c 94 46 00 	jmp	0x8c	; 0x8c <__bad_interrupt>
  5c:	0c 94 46 00 	jmp	0x8c	; 0x8c <__bad_interrupt>
  60:	0c 94 46 00 	jmp	0x8c	; 0x8c <__bad_interrupt>
  64:	0c 94 46 00 	jmp	0x8c	; 0x8c <__bad_interrupt>

00000068 <__ctors_end>:
  68:	11 24       	eor	r1, r1
  6a:	1f be       	out	0x3f, r1	; 63
  6c:	cf ef       	ldi	r28, 0xFF	; 255
  6e:	d8 e0       	ldi	r29, 0x08	; 8
  70:	de bf       	out	0x3e, r29	; 62
  72:	cd bf       	out	0x3d, r28	; 61

00000074 <__do_clear_bss>:
  74:	21 e0       	ldi	r18, 0x01	; 1
  76:	a0 e0       	ldi	r26, 0x00	; 0
  78:	b1 e0       	ldi	r27, 0x01	; 1
  7a:	01 c0       	rjmp	.+2      	; 0x7e <.do_clear_bss_start>

0000007c <.do_clear_bss_loop>:
  7c:	1d 92       	st	X+, r1

0000007e <.do_clear_bss_start>:
  7e:	a6 31       	cpi	r26, 0x16	; 22
  80:	b2 07       	cpc	r27, r18
  82:	e1 f7       	brne	.-8      	; 0x7c <.do_clear_bss_loop>
  84:	0e 94 dd 00 	call	0x1ba	; 0x1ba <main>
  88:	0c 94 3c 01 	jmp	0x278	; 0x278 <_exit>

0000008c <__bad_interrupt>:
  8c:	0c 94 00 00 	jmp	0	; 0x0 <__vectors>

00000090 <ioinit>:
void ioinit(void)
{
    /*
    GPIO
    */
    MILLIS_LED_DDR |= _BV(MILLIS_LED_PIN);
  90:	54 9a       	sbi	0x0a, 4	; 10
    MICROS_LED_DDR |= _BV(MICROS_LED_PIN);
  92:	55 9a       	sbi	0x0a, 5	; 10

    // TWCR
    sei();
  94:	78 94       	sei
}
  96:	08 95       	ret

00000098 <__vector_16>:

/*
timer0 ISR
*/
ISR(TIMER0_OVF_vect)
{
  98:	1f 92       	push	r1
  9a:	0f 92       	push	r0
  9c:	0f b6       	in	r0, 0x3f	; 63
  9e:	0f 92       	push	r0
  a0:	11 24       	eor	r1, r1
  a2:	8f 93       	push	r24
  a4:	9f 93       	push	r25
  a6:	af 93       	push	r26
  a8:	bf 93       	push	r27
    _millis++;
  aa:	80 91 09 01 	lds	r24, 0x0109	; 0x800109 <_millis>
  ae:	90 91 0a 01 	lds	r25, 0x010A	; 0x80010a <_millis+0x1>
  b2:	a0 91 0b 01 	lds	r26, 0x010B	; 0x80010b <_millis+0x2>
  b6:	b0 91 0c 01 	lds	r27, 0x010C	; 0x80010c <_millis+0x3>
  ba:	01 96       	adiw	r24, 0x01	; 1
  bc:	a1 1d       	adc	r26, r1
  be:	b1 1d       	adc	r27, r1
  c0:	80 93 09 01 	sts	0x0109, r24	; 0x800109 <_millis>
  c4:	90 93 0a 01 	sts	0x010A, r25	; 0x80010a <_millis+0x1>
  c8:	a0 93 0b 01 	sts	0x010B, r26	; 0x80010b <_millis+0x2>
  cc:	b0 93 0c 01 	sts	0x010C, r27	; 0x80010c <_millis+0x3>
    overflows++;
  d0:	80 91 0e 01 	lds	r24, 0x010E	; 0x80010e <overflows>
  d4:	90 91 0f 01 	lds	r25, 0x010F	; 0x80010f <overflows+0x1>
  d8:	a0 91 10 01 	lds	r26, 0x0110	; 0x800110 <overflows+0x2>
  dc:	b0 91 11 01 	lds	r27, 0x0111	; 0x800111 <overflows+0x3>
  e0:	01 96       	adiw	r24, 0x01	; 1
  e2:	a1 1d       	adc	r26, r1
  e4:	b1 1d       	adc	r27, r1
  e6:	80 93 0e 01 	sts	0x010E, r24	; 0x80010e <overflows>
  ea:	90 93 0f 01 	sts	0x010F, r25	; 0x80010f <overflows+0x1>
  ee:	a0 93 10 01 	sts	0x0110, r26	; 0x800110 <overflows+0x2>
  f2:	b0 93 11 01 	sts	0x0111, r27	; 0x800111 <overflows+0x3>
    _millis_fract += MILLIS_FRACT_INC;
  f6:	80 91 0d 01 	lds	r24, 0x010D	; 0x80010d <_millis_fract>
  fa:	8d 5f       	subi	r24, 0xFD	; 253
  fc:	80 93 0d 01 	sts	0x010D, r24	; 0x80010d <_millis_fract>
    if (_millis_fract >= MILLIS_FRACT_MAX)
 100:	80 91 0d 01 	lds	r24, 0x010D	; 0x80010d <_millis_fract>
 104:	8d 37       	cpi	r24, 0x7D	; 125
 106:	c0 f0       	brcs	.+48     	; 0x138 <__vector_16+0xa0>
    {
        _millis_fract -= MILLIS_FRACT_MAX;
 108:	80 91 0d 01 	lds	r24, 0x010D	; 0x80010d <_millis_fract>
 10c:	8d 57       	subi	r24, 0x7D	; 125
 10e:	80 93 0d 01 	sts	0x010D, r24	; 0x80010d <_millis_fract>
        _millis++;
 112:	80 91 09 01 	lds	r24, 0x0109	; 0x800109 <_millis>
 116:	90 91 0a 01 	lds	r25, 0x010A	; 0x80010a <_millis+0x1>
 11a:	a0 91 0b 01 	lds	r26, 0x010B	; 0x80010b <_millis+0x2>
 11e:	b0 91 0c 01 	lds	r27, 0x010C	; 0x80010c <_millis+0x3>
 122:	01 96       	adiw	r24, 0x01	; 1
 124:	a1 1d       	adc	r26, r1
 126:	b1 1d       	adc	r27, r1
 128:	80 93 09 01 	sts	0x0109, r24	; 0x800109 <_millis>
 12c:	90 93 0a 01 	sts	0x010A, r25	; 0x80010a <_millis+0x1>
 130:	a0 93 0b 01 	sts	0x010B, r26	; 0x80010b <_millis+0x2>
 134:	b0 93 0c 01 	sts	0x010C, r27	; 0x80010c <_millis+0x3>
    }
}
 138:	bf 91       	pop	r27
 13a:	af 91       	pop	r26
 13c:	9f 91       	pop	r25
 13e:	8f 91       	pop	r24
 140:	0f 90       	pop	r0
 142:	0f be       	out	0x3f, r0	; 63
 144:	0f 90       	pop	r0
 146:	1f 90       	pop	r1
 148:	18 95       	reti

0000014a <millis>:
return millis value
*/
uint32_t millis()
{
    uint32_t m;
    cli();
 14a:	f8 94       	cli
    m = _millis;
 14c:	60 91 09 01 	lds	r22, 0x0109	; 0x800109 <_millis>
 150:	70 91 0a 01 	lds	r23, 0x010A	; 0x80010a <_millis+0x1>
 154:	80 91 0b 01 	lds	r24, 0x010B	; 0x80010b <_millis+0x2>
 158:	90 91 0c 01 	lds	r25, 0x010C	; 0x80010c <_millis+0x3>
    sei();
 15c:	78 94       	sei
    return m;
}
 15e:	08 95       	ret

00000160 <micros>:

/*
return micros values
*/
uint32_t micros()
{
 160:	0f 93       	push	r16
 162:	1f 93       	push	r17
    uint32_t m;
    cli();
 164:	f8 94       	cli
    m = overflows * 1024 + TCNT0 * 4;
 166:	00 91 0e 01 	lds	r16, 0x010E	; 0x80010e <overflows>
 16a:	10 91 0f 01 	lds	r17, 0x010F	; 0x80010f <overflows+0x1>
 16e:	20 91 10 01 	lds	r18, 0x0110	; 0x800110 <overflows+0x2>
 172:	30 91 11 01 	lds	r19, 0x0111	; 0x800111 <overflows+0x3>
 176:	86 b5       	in	r24, 0x26	; 38
    sei();
 178:	78 94       	sei
*/
uint32_t micros()
{
    uint32_t m;
    cli();
    m = overflows * 1024 + TCNT0 * 4;
 17a:	9a e0       	ldi	r25, 0x0A	; 10
 17c:	00 0f       	add	r16, r16
 17e:	11 1f       	adc	r17, r17
 180:	22 1f       	adc	r18, r18
 182:	33 1f       	adc	r19, r19
 184:	9a 95       	dec	r25
 186:	d1 f7       	brne	.-12     	; 0x17c <micros+0x1c>
 188:	90 e0       	ldi	r25, 0x00	; 0
 18a:	88 0f       	add	r24, r24
 18c:	99 1f       	adc	r25, r25
 18e:	88 0f       	add	r24, r24
 190:	99 1f       	adc	r25, r25
 192:	09 2e       	mov	r0, r25
 194:	00 0c       	add	r0, r0
 196:	aa 0b       	sbc	r26, r26
 198:	bb 0b       	sbc	r27, r27
 19a:	bc 01       	movw	r22, r24
 19c:	cd 01       	movw	r24, r26
 19e:	60 0f       	add	r22, r16
 1a0:	71 1f       	adc	r23, r17
 1a2:	82 1f       	adc	r24, r18
 1a4:	93 1f       	adc	r25, r19
    sei();
    // if (TIFR0 & _BV(TOV0) && TCNT0 < 50)
    //     overflows += 1;
    return m;
}
 1a6:	1f 91       	pop	r17
 1a8:	0f 91       	pop	r16
 1aa:	08 95       	ret

000001ac <init_millis_timer>:
 1ac:	83 e0       	ldi	r24, 0x03	; 3
 1ae:	84 bd       	out	0x24, r24	; 36
 1b0:	85 bd       	out	0x25, r24	; 37
 1b2:	81 e0       	ldi	r24, 0x01	; 1
 1b4:	80 93 6e 00 	sts	0x006E, r24	; 0x80006e <__TEXT_REGION_LENGTH__+0x7f806e>
 1b8:	08 95       	ret

000001ba <main>:
void ioinit(void)
{
    /*
    GPIO
    */
    MILLIS_LED_DDR |= _BV(MILLIS_LED_PIN);
 1ba:	54 9a       	sbi	0x0a, 4	; 10
    MICROS_LED_DDR |= _BV(MICROS_LED_PIN);
 1bc:	55 9a       	sbi	0x0a, 5	; 10

    // TWCR
    sei();
 1be:	78 94       	sei
}

int main()
{
    ioinit();
    init_millis_timer();
 1c0:	0e 94 d6 00 	call	0x1ac	; 0x1ac <init_millis_timer>
    while (1)
    {
        if (millis() - prevMillis > 1000)
        {
            prevMillis = millis();
            leds_states ^= _BV(MILLIS_LED_STATE);
 1c4:	d1 e0       	ldi	r29, 0x01	; 1
        }
        if (micros() - prevMicros > 1000000)
        {
            prevMicros = micros();
            leds_states ^= _BV(MICROS_LED_STATE);
 1c6:	c2 e0       	ldi	r28, 0x02	; 2
    ioinit();
    init_millis_timer();

    while (1)
    {
        if (millis() - prevMillis > 1000)
 1c8:	0e 94 a5 00 	call	0x14a	; 0x14a <millis>
 1cc:	00 91 01 01 	lds	r16, 0x0101	; 0x800101 <prevMillis>
 1d0:	10 91 02 01 	lds	r17, 0x0102	; 0x800102 <prevMillis+0x1>
 1d4:	20 91 03 01 	lds	r18, 0x0103	; 0x800103 <prevMillis+0x2>
 1d8:	30 91 04 01 	lds	r19, 0x0104	; 0x800104 <prevMillis+0x3>
 1dc:	60 1b       	sub	r22, r16
 1de:	71 0b       	sbc	r23, r17
 1e0:	82 0b       	sbc	r24, r18
 1e2:	93 0b       	sbc	r25, r19
 1e4:	69 3e       	cpi	r22, 0xE9	; 233
 1e6:	73 40       	sbci	r23, 0x03	; 3
 1e8:	81 05       	cpc	r24, r1
 1ea:	91 05       	cpc	r25, r1
 1ec:	a8 f5       	brcc	.+106    	; 0x258 <main+0x9e>
        {
            prevMillis = millis();
            leds_states ^= _BV(MILLIS_LED_STATE);
        }
        if (micros() - prevMicros > 1000000)
 1ee:	0e 94 b0 00 	call	0x160	; 0x160 <micros>
 1f2:	00 91 05 01 	lds	r16, 0x0105	; 0x800105 <prevMicros>
 1f6:	10 91 06 01 	lds	r17, 0x0106	; 0x800106 <prevMicros+0x1>
 1fa:	20 91 07 01 	lds	r18, 0x0107	; 0x800107 <prevMicros+0x2>
 1fe:	30 91 08 01 	lds	r19, 0x0108	; 0x800108 <prevMicros+0x3>
 202:	60 1b       	sub	r22, r16
 204:	71 0b       	sbc	r23, r17
 206:	82 0b       	sbc	r24, r18
 208:	93 0b       	sbc	r25, r19
 20a:	61 34       	cpi	r22, 0x41	; 65
 20c:	72 44       	sbci	r23, 0x42	; 66
 20e:	8f 40       	sbci	r24, 0x0F	; 15
 210:	91 05       	cpc	r25, r1
 212:	90 f4       	brcc	.+36     	; 0x238 <main+0x7e>
        {
            prevMicros = micros();
            leds_states ^= _BV(MICROS_LED_STATE);
        }

        if (leds_states & _BV(MILLIS_LED_STATE))
 214:	80 91 00 01 	lds	r24, 0x0100	; 0x800100 <__DATA_REGION_ORIGIN__>
 218:	80 ff       	sbrs	r24, 0
 21a:	07 c0       	rjmp	.+14     	; 0x22a <main+0x70>
        {
            MILLIS_LED_PORT |= _BV(MILLIS_LED_PIN);
 21c:	5c 9a       	sbi	0x0b, 4	; 11
        else
        {
            MILLIS_LED_PORT &= ~_BV(MILLIS_LED_PIN);
        };

        if (leds_states & _BV(MICROS_LED_STATE))
 21e:	80 91 00 01 	lds	r24, 0x0100	; 0x800100 <__DATA_REGION_ORIGIN__>
 222:	81 ff       	sbrs	r24, 1
 224:	07 c0       	rjmp	.+14     	; 0x234 <main+0x7a>
        {
            MICROS_LED_PORT |= _BV(MICROS_LED_PIN);
 226:	5d 9a       	sbi	0x0b, 5	; 11
 228:	cf cf       	rjmp	.-98     	; 0x1c8 <main+0xe>
        {
            MILLIS_LED_PORT |= _BV(MILLIS_LED_PIN);
        }
        else
        {
            MILLIS_LED_PORT &= ~_BV(MILLIS_LED_PIN);
 22a:	5c 98       	cbi	0x0b, 4	; 11
        };

        if (leds_states & _BV(MICROS_LED_STATE))
 22c:	80 91 00 01 	lds	r24, 0x0100	; 0x800100 <__DATA_REGION_ORIGIN__>
 230:	81 fd       	sbrc	r24, 1
 232:	f9 cf       	rjmp	.-14     	; 0x226 <main+0x6c>
        {
            MICROS_LED_PORT |= _BV(MICROS_LED_PIN);
        }
        else
        {
            MICROS_LED_PORT &= ~_BV(MICROS_LED_PIN);
 234:	5d 98       	cbi	0x0b, 5	; 11
 236:	c8 cf       	rjmp	.-112    	; 0x1c8 <main+0xe>
            prevMillis = millis();
            leds_states ^= _BV(MILLIS_LED_STATE);
        }
        if (micros() - prevMicros > 1000000)
        {
            prevMicros = micros();
 238:	0e 94 b0 00 	call	0x160	; 0x160 <micros>
 23c:	60 93 05 01 	sts	0x0105, r22	; 0x800105 <prevMicros>
 240:	70 93 06 01 	sts	0x0106, r23	; 0x800106 <prevMicros+0x1>
 244:	80 93 07 01 	sts	0x0107, r24	; 0x800107 <prevMicros+0x2>
 248:	90 93 08 01 	sts	0x0108, r25	; 0x800108 <prevMicros+0x3>
            leds_states ^= _BV(MICROS_LED_STATE);
 24c:	80 91 00 01 	lds	r24, 0x0100	; 0x800100 <__DATA_REGION_ORIGIN__>
 250:	8c 27       	eor	r24, r28
 252:	80 93 00 01 	sts	0x0100, r24	; 0x800100 <__DATA_REGION_ORIGIN__>
 256:	de cf       	rjmp	.-68     	; 0x214 <main+0x5a>

    while (1)
    {
        if (millis() - prevMillis > 1000)
        {
            prevMillis = millis();
 258:	0e 94 a5 00 	call	0x14a	; 0x14a <millis>
 25c:	60 93 01 01 	sts	0x0101, r22	; 0x800101 <prevMillis>
 260:	70 93 02 01 	sts	0x0102, r23	; 0x800102 <prevMillis+0x1>
 264:	80 93 03 01 	sts	0x0103, r24	; 0x800103 <prevMillis+0x2>
 268:	90 93 04 01 	sts	0x0104, r25	; 0x800104 <prevMillis+0x3>
            leds_states ^= _BV(MILLIS_LED_STATE);
 26c:	80 91 00 01 	lds	r24, 0x0100	; 0x800100 <__DATA_REGION_ORIGIN__>
 270:	8d 27       	eor	r24, r29
 272:	80 93 00 01 	sts	0x0100, r24	; 0x800100 <__DATA_REGION_ORIGIN__>
 276:	bb cf       	rjmp	.-138    	; 0x1ee <main+0x34>

00000278 <_exit>:
 278:	f8 94       	cli

0000027a <__stop_program>:
 27a:	ff cf       	rjmp	.-2      	; 0x27a <__stop_program>
