
demo.elf:     file format elf32-avr

Sections:
Idx Name          Size      VMA       LMA       File off  Algn
  0 .data         00000000  00800100  00000176  0000020a  2**0
                  CONTENTS, ALLOC, LOAD, DATA
  1 .text         00000176  00000000  00000000  00000094  2**1
                  CONTENTS, ALLOC, LOAD, READONLY, CODE
  2 .bss          00000004  00800100  00800100  0000020a  2**0
                  ALLOC
  3 .stab         00000780  00000000  00000000  0000020c  2**2
                  CONTENTS, READONLY, DEBUGGING
  4 .stabstr      00000d6a  00000000  00000000  0000098c  2**0
                  CONTENTS, READONLY, DEBUGGING
  5 .comment      00000011  00000000  00000000  000016f6  2**0
                  CONTENTS, READONLY
  6 .note.gnu.avr.deviceinfo 00000040  00000000  00000000  00001708  2**2
                  CONTENTS, READONLY
  7 .debug_info   000005f4  00000000  00000000  00001748  2**0
                  CONTENTS, READONLY, DEBUGGING
  8 .debug_abbrev 000005a2  00000000  00000000  00001d3c  2**0
                  CONTENTS, READONLY, DEBUGGING
  9 .debug_line   0000001a  00000000  00000000  000022de  2**0
                  CONTENTS, READONLY, DEBUGGING
 10 .debug_str    00000208  00000000  00000000  000022f8  2**0
                  CONTENTS, READONLY, DEBUGGING

Disassembly of section .text:

00000000 <__vectors>:
   0:	0c 94 34 00 	jmp	0x68	; 0x68 <__ctors_end>
   4:	0c 94 46 00 	jmp	0x8c	; 0x8c <__bad_interrupt>
   8:	0c 94 46 00 	jmp	0x8c	; 0x8c <__bad_interrupt>
   c:	0c 94 46 00 	jmp	0x8c	; 0x8c <__bad_interrupt>
  10:	0c 94 46 00 	jmp	0x8c	; 0x8c <__bad_interrupt>
  14:	0c 94 46 00 	jmp	0x8c	; 0x8c <__bad_interrupt>
  18:	0c 94 46 00 	jmp	0x8c	; 0x8c <__bad_interrupt>
  1c:	0c 94 46 00 	jmp	0x8c	; 0x8c <__bad_interrupt>
  20:	0c 94 46 00 	jmp	0x8c	; 0x8c <__bad_interrupt>
  24:	0c 94 46 00 	jmp	0x8c	; 0x8c <__bad_interrupt>
  28:	0c 94 46 00 	jmp	0x8c	; 0x8c <__bad_interrupt>
  2c:	0c 94 46 00 	jmp	0x8c	; 0x8c <__bad_interrupt>
  30:	0c 94 46 00 	jmp	0x8c	; 0x8c <__bad_interrupt>
  34:	0c 94 46 00 	jmp	0x8c	; 0x8c <__bad_interrupt>
  38:	0c 94 46 00 	jmp	0x8c	; 0x8c <__bad_interrupt>
  3c:	0c 94 46 00 	jmp	0x8c	; 0x8c <__bad_interrupt>
  40:	0c 94 60 00 	jmp	0xc0	; 0xc0 <__vector_16>
  44:	0c 94 46 00 	jmp	0x8c	; 0x8c <__bad_interrupt>
  48:	0c 94 46 00 	jmp	0x8c	; 0x8c <__bad_interrupt>
  4c:	0c 94 46 00 	jmp	0x8c	; 0x8c <__bad_interrupt>
  50:	0c 94 46 00 	jmp	0x8c	; 0x8c <__bad_interrupt>
  54:	0c 94 46 00 	jmp	0x8c	; 0x8c <__bad_interrupt>
  58:	0c 94 46 00 	jmp	0x8c	; 0x8c <__bad_interrupt>
  5c:	0c 94 46 00 	jmp	0x8c	; 0x8c <__bad_interrupt>
  60:	0c 94 46 00 	jmp	0x8c	; 0x8c <__bad_interrupt>
  64:	0c 94 46 00 	jmp	0x8c	; 0x8c <__bad_interrupt>

00000068 <__ctors_end>:
  68:	11 24       	eor	r1, r1
  6a:	1f be       	out	0x3f, r1	; 63
  6c:	cf ef       	ldi	r28, 0xFF	; 255
  6e:	d8 e0       	ldi	r29, 0x08	; 8
  70:	de bf       	out	0x3e, r29	; 62
  72:	cd bf       	out	0x3d, r28	; 61

00000074 <__do_clear_bss>:
  74:	21 e0       	ldi	r18, 0x01	; 1
  76:	a0 e0       	ldi	r26, 0x00	; 0
  78:	b1 e0       	ldi	r27, 0x01	; 1
  7a:	01 c0       	rjmp	.+2      	; 0x7e <.do_clear_bss_start>

0000007c <.do_clear_bss_loop>:
  7c:	1d 92       	st	X+, r1

0000007e <.do_clear_bss_start>:
  7e:	a4 30       	cpi	r26, 0x04	; 4
  80:	b2 07       	cpc	r27, r18
  82:	e1 f7       	brne	.-8      	; 0x7c <.do_clear_bss_loop>
  84:	0e 94 a3 00 	call	0x146	; 0x146 <main>
  88:	0c 94 b9 00 	jmp	0x172	; 0x172 <_exit>

0000008c <__bad_interrupt>:
  8c:	0c 94 00 00 	jmp	0	; 0x0 <__vectors>

00000090 <debounceB>:
    unsigned char delta, changes;

    // Set delta to changes from last sample
    // sample is the raw input value
    // debouncedBState is the stable, "debounced" value
    delta = sample ^ debouncedBState;
  90:	30 91 01 01 	lds	r19, 0x0101	; 0x800101 <debouncedBState>
  94:	83 27       	eor	r24, r19

    // Increment two byte counter
    debounceB1 = debounceB1 ^ debounceB0;
  96:	90 91 03 01 	lds	r25, 0x0103	; 0x800103 <debounceB0>
  9a:	20 91 02 01 	lds	r18, 0x0102	; 0x800102 <debounceB1>
  9e:	29 27       	eor	r18, r25
    debounceB0 = ~debounceB0;
  a0:	90 95       	com	r25

    // reset any unchanged bits
    // if delta[i] is 0, there is no difference between sample[i] and debouncedBState[i]
    // if delta[i] is 1, there is a difference between the raw sample[i] and stable,
    //      "debounced" debouncedBState[i]
    debounceB0 &= delta;
  a2:	98 23       	and	r25, r24
  a4:	90 93 03 01 	sts	0x0103, r25	; 0x800103 <debounceB0>
    debounceB1 &= delta;
  a8:	28 23       	and	r18, r24
  aa:	20 93 02 01 	sts	0x0102, r18	; 0x800102 <debounceB1>

    // update state & calculate returned change set
    // check if the 2 bit counter has overflowed (counted up to 4) and delta is 1
    changes = ~(~delta | debounceB0 | debounceB1);
  ae:	80 95       	com	r24
  b0:	89 2b       	or	r24, r25
  b2:	82 2b       	or	r24, r18
  b4:	80 95       	com	r24
    // update the debounced state;
    // flip the debouncedBState[i] if changes[i] is 1
    debouncedBState ^= changes;
  b6:	38 27       	eor	r19, r24
  b8:	30 93 01 01 	sts	0x0101, r19	; 0x800101 <debouncedBState>

    return changes;
}
  bc:	90 e0       	ldi	r25, 0x00	; 0
  be:	08 95       	ret

000000c0 <__vector_16>:

*/

// timer 0 overflow interrupt handler
ISR(TIMER0_OVF_vect)
{
  c0:	1f 92       	push	r1
  c2:	0f 92       	push	r0
  c4:	0f b6       	in	r0, 0x3f	; 63
  c6:	0f 92       	push	r0
  c8:	11 24       	eor	r1, r1
  ca:	2f 93       	push	r18
  cc:	3f 93       	push	r19
  ce:	4f 93       	push	r20
  d0:	5f 93       	push	r21
  d2:	8f 93       	push	r24
  d4:	9f 93       	push	r25
    unsigned char sample = PINC;
  d6:	56 b1       	in	r21, 0x06	; 6
    unsigned char delta, changes;

    // Set delta to changes from last sample
    // sample is the raw input value
    // debouncedBState is the stable, "debounced" value
    delta = sample ^ debouncedBState;
  d8:	40 91 01 01 	lds	r20, 0x0101	; 0x800101 <debouncedBState>
  dc:	95 2f       	mov	r25, r21
  de:	94 27       	eor	r25, r20

    // Increment two byte counter
    debounceB1 = debounceB1 ^ debounceB0;
  e0:	20 91 03 01 	lds	r18, 0x0103	; 0x800103 <debounceB0>
  e4:	80 91 02 01 	lds	r24, 0x0102	; 0x800102 <debounceB1>
  e8:	82 27       	eor	r24, r18
    debounceB0 = ~debounceB0;
  ea:	20 95       	com	r18

    // reset any unchanged bits
    // if delta[i] is 0, there is no difference between sample[i] and debouncedBState[i]
    // if delta[i] is 1, there is a difference between the raw sample[i] and stable,
    //      "debounced" debouncedBState[i]
    debounceB0 &= delta;
  ec:	29 23       	and	r18, r25
  ee:	20 93 03 01 	sts	0x0103, r18	; 0x800103 <debounceB0>
    debounceB1 &= delta;
  f2:	39 2f       	mov	r19, r25
  f4:	38 23       	and	r19, r24
  f6:	30 93 02 01 	sts	0x0102, r19	; 0x800102 <debounceB1>

    // update state & calculate returned change set
    // check if the 2 bit counter has overflowed (counted up to 4) and delta is 1
    changes = ~(~delta | debounceB0 | debounceB1);
  fa:	89 2f       	mov	r24, r25
  fc:	80 95       	com	r24
  fe:	82 2b       	or	r24, r18
 100:	83 2b       	or	r24, r19
 102:	80 95       	com	r24
    // update the debounced state;
    // flip the debouncedBState[i] if changes[i] is 1
    debouncedBState ^= changes;
 104:	48 27       	eor	r20, r24
 106:	40 93 01 01 	sts	0x0101, r20	; 0x800101 <debouncedBState>
ISR(TIMER0_OVF_vect)
{
    unsigned char sample = PINC;
    unsigned char changes = debounceB(sample);

    if (bit_read_8(changes, _BV(PC0)) &&
 10a:	80 ff       	sbrs	r24, 0
 10c:	02 c0       	rjmp	.+4      	; 0x112 <__vector_16+0x52>
 10e:	50 ff       	sbrs	r21, 0
 110:	14 c0       	rjmp	.+40     	; 0x13a <__vector_16+0x7a>
        (!bit_read_8(sample, _BV(PC0))))
    {
        ledState++;
        // ledState = ledState % 8;
    }
    if (bit_read_8(changes, _BV(PC1)) &&
 112:	81 ff       	sbrs	r24, 1
 114:	07 c0       	rjmp	.+14     	; 0x124 <__vector_16+0x64>
 116:	51 fd       	sbrc	r21, 1
 118:	05 c0       	rjmp	.+10     	; 0x124 <__vector_16+0x64>
        (!bit_read_8(sample, _BV(PC1))))
    {
        ledState--;
 11a:	80 91 00 01 	lds	r24, 0x0100	; 0x800100 <__DATA_REGION_ORIGIN__>
 11e:	81 50       	subi	r24, 0x01	; 1
 120:	80 93 00 01 	sts	0x0100, r24	; 0x800100 <__DATA_REGION_ORIGIN__>
        // ledState = ledState % 8;
    }
}
 124:	9f 91       	pop	r25
 126:	8f 91       	pop	r24
 128:	5f 91       	pop	r21
 12a:	4f 91       	pop	r20
 12c:	3f 91       	pop	r19
 12e:	2f 91       	pop	r18
 130:	0f 90       	pop	r0
 132:	0f be       	out	0x3f, r0	; 63
 134:	0f 90       	pop	r0
 136:	1f 90       	pop	r1
 138:	18 95       	reti
    unsigned char changes = debounceB(sample);

    if (bit_read_8(changes, _BV(PC0)) &&
        (!bit_read_8(sample, _BV(PC0))))
    {
        ledState++;
 13a:	90 91 00 01 	lds	r25, 0x0100	; 0x800100 <__DATA_REGION_ORIGIN__>
 13e:	9f 5f       	subi	r25, 0xFF	; 255
 140:	90 93 00 01 	sts	0x0100, r25	; 0x800100 <__DATA_REGION_ORIGIN__>
 144:	e6 cf       	rjmp	.-52     	; 0x112 <__vector_16+0x52>

00000146 <main>:
    }
}

int main(void)
{
    DDRD = 0xFF;  // Make all PB* -- PORT B -- pins output.
 146:	8f ef       	ldi	r24, 0xFF	; 255
 148:	8a b9       	out	0x0a, r24	; 10
    PORTD = 0xFF; // turn all PB* -- PORT B -- pins off.
 14a:	8b b9       	out	0x0b, r24	; 11

    bit_clear_8(DDRC, _BV(PC0) | _BV(PC1)); // PC0, PC1 is an input
 14c:	87 b1       	in	r24, 0x07	; 7
 14e:	8c 7f       	andi	r24, 0xFC	; 252
 150:	87 b9       	out	0x07, r24	; 7
    bit_set_8(PORTC, _BV(PC0) | _BV(PC1));  // Turn on pull-up resistor on PC0, PC1
 152:	88 b1       	in	r24, 0x08	; 8
 154:	83 60       	ori	r24, 0x03	; 3
 156:	88 b9       	out	0x08, r24	; 8

    bit_set_8(TCCR0B, _BV(CS00) | _BV(CS01));
 158:	85 b5       	in	r24, 0x25	; 37
 15a:	83 60       	ori	r24, 0x03	; 3
 15c:	85 bd       	out	0x25, r24	; 37
    bit_set_8(TIMSK0, _BV(TOIE0)); // turn on overflow interrupt for timer 0
 15e:	80 91 6e 00 	lds	r24, 0x006E	; 0x80006e <__TEXT_REGION_LENGTH__+0x7f806e>
 162:	81 60       	ori	r24, 0x01	; 1
 164:	80 93 6e 00 	sts	0x006E, r24	; 0x80006e <__TEXT_REGION_LENGTH__+0x7f806e>

    sei(); // turn on interrupts
 168:	78 94       	sei

    while (1)
    {
        PORTD = ledState;
 16a:	80 91 00 01 	lds	r24, 0x0100	; 0x800100 <__DATA_REGION_ORIGIN__>
 16e:	8b b9       	out	0x0b, r24	; 11
 170:	fc cf       	rjmp	.-8      	; 0x16a <main+0x24>

00000172 <_exit>:
 172:	f8 94       	cli

00000174 <__stop_program>:
 174:	ff cf       	rjmp	.-2      	; 0x174 <__stop_program>
