
demo.elf:     file format elf32-avr

Sections:
Idx Name          Size      VMA       LMA       File off  Algn
  0 .data         00000002  00800100  000006d2  00000786  2**0
                  CONTENTS, ALLOC, LOAD, DATA
  1 .text         000006d2  00000000  00000000  000000b4  2**1
                  CONTENTS, ALLOC, LOAD, READONLY, CODE
  2 .bss          00000008  00800102  00800102  00000788  2**0
                  ALLOC
  3 .noinit       00000001  0080010a  0080010a  00000788  2**0
                  ALLOC
  4 .eeprom       00000002  00810000  00810000  00000788  2**0
                  CONTENTS, ALLOC, LOAD, DATA
  5 .stab         00000e40  00000000  00000000  0000078c  2**2
                  CONTENTS, READONLY, DEBUGGING
  6 .stabstr      00001153  00000000  00000000  000015cc  2**0
                  CONTENTS, READONLY, DEBUGGING
  7 .comment      00000011  00000000  00000000  0000271f  2**0
                  CONTENTS, READONLY
  8 .note.gnu.avr.deviceinfo 00000040  00000000  00000000  00002730  2**2
                  CONTENTS, READONLY
  9 .debug_info   000005f4  00000000  00000000  00002770  2**0
                  CONTENTS, READONLY, DEBUGGING
 10 .debug_abbrev 000005a2  00000000  00000000  00002d64  2**0
                  CONTENTS, READONLY, DEBUGGING
 11 .debug_line   0000001a  00000000  00000000  00003306  2**0
                  CONTENTS, READONLY, DEBUGGING
 12 .debug_str    00000208  00000000  00000000  00003320  2**0
                  CONTENTS, READONLY, DEBUGGING

Disassembly of section .text:

00000000 <__vectors>:
   0:	0c 94 d0 00 	jmp	0x1a0	; 0x1a0 <__ctors_end>
   4:	0c 94 f1 00 	jmp	0x1e2	; 0x1e2 <__bad_interrupt>
   8:	0c 94 f1 00 	jmp	0x1e2	; 0x1e2 <__bad_interrupt>
   c:	0c 94 f1 00 	jmp	0x1e2	; 0x1e2 <__bad_interrupt>
  10:	0c 94 f1 00 	jmp	0x1e2	; 0x1e2 <__bad_interrupt>
  14:	0c 94 f1 00 	jmp	0x1e2	; 0x1e2 <__bad_interrupt>
  18:	0c 94 f1 00 	jmp	0x1e2	; 0x1e2 <__bad_interrupt>
  1c:	0c 94 f1 00 	jmp	0x1e2	; 0x1e2 <__bad_interrupt>
  20:	0c 94 f1 00 	jmp	0x1e2	; 0x1e2 <__bad_interrupt>
  24:	0c 94 f1 00 	jmp	0x1e2	; 0x1e2 <__bad_interrupt>
  28:	0c 94 f1 00 	jmp	0x1e2	; 0x1e2 <__bad_interrupt>
  2c:	0c 94 f1 00 	jmp	0x1e2	; 0x1e2 <__bad_interrupt>
  30:	0c 94 f1 00 	jmp	0x1e2	; 0x1e2 <__bad_interrupt>
  34:	0c 94 69 01 	jmp	0x2d2	; 0x2d2 <__vector_13>
  38:	0c 94 f1 00 	jmp	0x1e2	; 0x1e2 <__bad_interrupt>
  3c:	0c 94 f1 00 	jmp	0x1e2	; 0x1e2 <__bad_interrupt>
  40:	0c 94 f1 00 	jmp	0x1e2	; 0x1e2 <__bad_interrupt>
  44:	0c 94 f1 00 	jmp	0x1e2	; 0x1e2 <__bad_interrupt>
  48:	0c 94 b7 01 	jmp	0x36e	; 0x36e <__vector_18>
  4c:	0c 94 f1 00 	jmp	0x1e2	; 0x1e2 <__bad_interrupt>
  50:	0c 94 f1 00 	jmp	0x1e2	; 0x1e2 <__bad_interrupt>
  54:	0c 94 93 01 	jmp	0x326	; 0x326 <__vector_21>
  58:	0c 94 f1 00 	jmp	0x1e2	; 0x1e2 <__bad_interrupt>
  5c:	0c 94 f1 00 	jmp	0x1e2	; 0x1e2 <__bad_interrupt>
  60:	0c 94 f1 00 	jmp	0x1e2	; 0x1e2 <__bad_interrupt>
  64:	0c 94 f1 00 	jmp	0x1e2	; 0x1e2 <__bad_interrupt>

00000068 <__trampolines_end>:
  68:	0a 7a       	andi	r16, 0xAA	; 170
  6a:	7a 7a       	andi	r23, 0xAA	; 170
  6c:	7a 2e       	mov	r7, r26
  6e:	2e 2e       	mov	r2, r30
  70:	20 7a       	andi	r18, 0xA0	; 160
  72:	7a 7a       	andi	r23, 0xAA	; 170
  74:	2e 2e       	mov	r2, r30
  76:	2e 00       	.word	0x002e	; ????

00000078 <__c.1958>:
  78:	0a 57 65 6c 63 6f 6d 65 20 61 74 20 73 65 72 69     .Welcome at seri
  88:	61 6c 20 63 6f 6e 74 72 6f 6c 2c 20 74 79 70 65     al control, type
  98:	20 2b 2f 2d 20 74 6f 20 61 64 6a 75 73 74 2c 20      +/- to adjust, 
  a8:	6f 72 20 30 2f 31 20 74 6f 20 74 75 72 6e 20 6f     or 0/1 to turn o
  b8:	6e 2f 6f 66 66 0a 74 68 65 20 4c 45 44 2c 20 71     n/off.the LED, q
  c8:	20 74 6f 20 71 75 69 74 20 73 65 72 69 61 6c 20      to quit serial 
  d8:	6d 6f 64 65 2c 20 72 20 74 6f 20 64 65 6d 6f 6e     mode, r to demon
  e8:	73 74 72 61 74 65 20 61 20 77 61 74 63 68 64 6f     strate a watchdo
  f8:	67 20 72 65 73 65 74 0a 00                          g reset..

00000101 <__c.1956>:
 101:	0a 54 68 61 6e 6b 20 79 6f 75 20 66 6f 72 20 75     .Thank you for u
 111:	73 69 6e 67 20 73 65 72 69 61 6c 20 6d 6f 64 65     sing serial mode
 121:	2e 20 20 47 6f 6f 64 2d 62 79 65 21 0a 00           .  Good-bye!..

0000012f <__c.1954>:
 12f:	5b 45 45 50 52 4f 4d 20 75 70 64 61 74 65 64 5d     [EEPROM updated]
 13f:	20 00                                                .

00000141 <__c.1948>:
 141:	0a 48 65 6c 6c 6f 2c 20 74 68 69 73 20 69 73 20     .Hello, this is 
 151:	74 68 65 20 61 76 72 2d 67 63 63 2f 6c 69 62 63     the avr-gcc/libc
 161:	20 64 65 6d 6f 20 72 75 6e 6e 69 6e 67 20 6f 6e      demo running on
 171:	20 61 6e 20 75 6e 6b 6e 6f 77 6e 20 41 56 52 0a      an unknown AVR.
	...

00000182 <__c.1946>:
 182:	0a 4f 6f 6f 70 73 2c 20 74 68 65 20 77 61 74 63     .Ooops, the watc
 192:	68 64 6f 67 20 62 69 74 20 6d 65 21 00 00           hdog bit me!..

000001a0 <__ctors_end>:
 1a0:	11 24       	eor	r1, r1
 1a2:	1f be       	out	0x3f, r1	; 63
 1a4:	cf ef       	ldi	r28, 0xFF	; 255
 1a6:	d8 e0       	ldi	r29, 0x08	; 8
 1a8:	de bf       	out	0x3e, r29	; 62
 1aa:	cd bf       	out	0x3d, r28	; 61

000001ac <handle_mcucsr>:
 1ac:	84 b7       	in	r24, 0x34	; 52
 1ae:	80 93 0a 01 	sts	0x010A, r24	; 0x80010a <__bss_end>
 1b2:	14 be       	out	0x34, r1	; 52

000001b4 <__do_copy_data>:
 1b4:	11 e0       	ldi	r17, 0x01	; 1
 1b6:	a0 e0       	ldi	r26, 0x00	; 0
 1b8:	b1 e0       	ldi	r27, 0x01	; 1
 1ba:	e2 ed       	ldi	r30, 0xD2	; 210
 1bc:	f6 e0       	ldi	r31, 0x06	; 6
 1be:	02 c0       	rjmp	.+4      	; 0x1c4 <__do_copy_data+0x10>
 1c0:	05 90       	lpm	r0, Z+
 1c2:	0d 92       	st	X+, r0
 1c4:	a2 30       	cpi	r26, 0x02	; 2
 1c6:	b1 07       	cpc	r27, r17
 1c8:	d9 f7       	brne	.-10     	; 0x1c0 <__do_copy_data+0xc>

000001ca <__do_clear_bss>:
 1ca:	21 e0       	ldi	r18, 0x01	; 1
 1cc:	a2 e0       	ldi	r26, 0x02	; 2
 1ce:	b1 e0       	ldi	r27, 0x01	; 1
 1d0:	01 c0       	rjmp	.+2      	; 0x1d4 <.do_clear_bss_start>

000001d2 <.do_clear_bss_loop>:
 1d2:	1d 92       	st	X+, r1

000001d4 <.do_clear_bss_start>:
 1d4:	aa 30       	cpi	r26, 0x0A	; 10
 1d6:	b2 07       	cpc	r27, r18
 1d8:	e1 f7       	brne	.-8      	; 0x1d2 <.do_clear_bss_loop>
 1da:	0e 94 d2 01 	call	0x3a4	; 0x3a4 <main>
 1de:	0c 94 67 03 	jmp	0x6ce	; 0x6ce <_exit>

000001e2 <__bad_interrupt>:
 1e2:	0c 94 00 00 	jmp	0	; 0x0 <__vectors>

000001e6 <printstr_p>:
 * Same as above, but the string is located in program memory,
 * so "lpm" instructions are needed to fetch it.
 */
static void
printstr_p(const char *s)
{
 1e6:	fc 01       	movw	r30, r24
    char c;
    /*
    start reading character from s, keep looping as long as c is valid,
    read the next character by incrementing char pointer.
    */
    for (c = pgm_read_byte(s); c; ++s, c = pgm_read_byte(s))
 1e8:	24 91       	lpm	r18, Z
 1ea:	22 23       	and	r18, r18
 1ec:	69 f0       	breq	.+26     	; 0x208 <printstr_p+0x22>
     */
    loop_until_bit_is_set(UCSR0A, UDRE0);
    /*
    UDR0 - USART I/O Data Register n
    */
    UDR0 = c;
 1ee:	3d e0       	ldi	r19, 0x0D	; 13
    start reading character from s, keep looping as long as c is valid,
    read the next character by incrementing char pointer.
    */
    for (c = pgm_read_byte(s); c; ++s, c = pgm_read_byte(s))
    {
        if (c == '\n')
 1f0:	2a 30       	cpi	r18, 0x0A	; 10
 1f2:	59 f0       	breq	.+22     	; 0x20a <printstr_p+0x24>
    /*
    UCSR0A - USART Control and Status Register n A
    UDRE0 - USART Data Register Empty
        indicates if the transmit buffer (UDRn) is ready to receive new data.
     */
    loop_until_bit_is_set(UCSR0A, UDRE0);
 1f4:	90 91 c0 00 	lds	r25, 0x00C0	; 0x8000c0 <__TEXT_REGION_LENGTH__+0x7f80c0>
 1f8:	95 ff       	sbrs	r25, 5
 1fa:	fc cf       	rjmp	.-8      	; 0x1f4 <printstr_p+0xe>
    /*
    UDR0 - USART I/O Data Register n
    */
    UDR0 = c;
 1fc:	20 93 c6 00 	sts	0x00C6, r18	; 0x8000c6 <__TEXT_REGION_LENGTH__+0x7f80c6>
    char c;
    /*
    start reading character from s, keep looping as long as c is valid,
    read the next character by incrementing char pointer.
    */
    for (c = pgm_read_byte(s); c; ++s, c = pgm_read_byte(s))
 200:	31 96       	adiw	r30, 0x01	; 1
 202:	24 91       	lpm	r18, Z
 204:	21 11       	cpse	r18, r1
 206:	f4 cf       	rjmp	.-24     	; 0x1f0 <printstr_p+0xa>
    {
        if (c == '\n')
            putchr('\r');
        putchr(c);
    }
}
 208:	08 95       	ret
    /*
    UCSR0A - USART Control and Status Register n A
    UDRE0 - USART Data Register Empty
        indicates if the transmit buffer (UDRn) is ready to receive new data.
     */
    loop_until_bit_is_set(UCSR0A, UDRE0);
 20a:	80 91 c0 00 	lds	r24, 0x00C0	; 0x8000c0 <__TEXT_REGION_LENGTH__+0x7f80c0>
 20e:	85 ff       	sbrs	r24, 5
 210:	fc cf       	rjmp	.-8      	; 0x20a <printstr_p+0x24>
    /*
    UDR0 - USART I/O Data Register n
    */
    UDR0 = c;
 212:	30 93 c6 00 	sts	0x00C6, r19	; 0x8000c6 <__TEXT_REGION_LENGTH__+0x7f80c6>
 216:	ee cf       	rjmp	.-36     	; 0x1f4 <printstr_p+0xe>

00000218 <set_pwm>:
 * Update the PWM value.  If it has changed, send the new value down
 * the serial line.
 */
static void
set_pwm(int16_t new)
{
 218:	cf 93       	push	r28
 21a:	df 93       	push	r29
 21c:	cd b7       	in	r28, 0x3d	; 61
 21e:	de b7       	in	r29, 0x3e	; 62
 220:	28 97       	sbiw	r28, 0x08	; 8
 222:	0f b6       	in	r0, 0x3f	; 63
 224:	f8 94       	cli
 226:	de bf       	out	0x3e, r29	; 62
 228:	0f be       	out	0x3f, r0	; 63
 22a:	cd bf       	out	0x3d, r28	; 61
 22c:	89 3e       	cpi	r24, 0xE9	; 233
 22e:	23 e0       	ldi	r18, 0x03	; 3
 230:	92 07       	cpc	r25, r18
 232:	14 f0       	brlt	.+4      	; 0x238 <set_pwm+0x20>
 234:	88 ee       	ldi	r24, 0xE8	; 232
 236:	93 e0       	ldi	r25, 0x03	; 3
 238:	97 ff       	sbrs	r25, 7
 23a:	02 c0       	rjmp	.+4      	; 0x240 <set_pwm+0x28>
 23c:	90 e0       	ldi	r25, 0x00	; 0
 23e:	80 e0       	ldi	r24, 0x00	; 0
    if (new < 0)
        new = 0;
    else if (new > 1000)
        new = 1000;

    if (new != pwm)
 240:	20 91 05 01 	lds	r18, 0x0105	; 0x800105 <pwm>
 244:	30 91 06 01 	lds	r19, 0x0106	; 0x800106 <pwm+0x1>
 248:	28 17       	cp	r18, r24
 24a:	39 07       	cpc	r19, r25
 24c:	91 f1       	breq	.+100    	; 0x2b2 <set_pwm+0x9a>
    {
        OCR1A = (pwm = new);
 24e:	90 93 06 01 	sts	0x0106, r25	; 0x800106 <pwm+0x1>
 252:	80 93 05 01 	sts	0x0105, r24	; 0x800105 <pwm>
 256:	90 93 89 00 	sts	0x0089, r25	; 0x800089 <__TEXT_REGION_LENGTH__+0x7f8089>
 25a:	80 93 88 00 	sts	0x0088, r24	; 0x800088 <__TEXT_REGION_LENGTH__+0x7f8088>

        /*
         * Calculate a "percentage".  We just divide by 10, as we
         * limited the max value of the PWM to 1000 above.
         */
        new /= 10;
 25e:	6a e0       	ldi	r22, 0x0A	; 10
 260:	70 e0       	ldi	r23, 0x00	; 0
 262:	0e 94 e1 02 	call	0x5c2	; 0x5c2 <__divmodhi4>
 266:	cb 01       	movw	r24, r22
    } else if (__radix < 2 || __radix > 36) {
	*__s = 0;
	return __s;
    } else {
	extern char *__itoa_ncheck (int, char *, unsigned char);
	return __itoa_ncheck (__val, __s, __radix);
 268:	4a e0       	ldi	r20, 0x0A	; 10
 26a:	be 01       	movw	r22, r28
 26c:	6f 5f       	subi	r22, 0xFF	; 255
 26e:	7f 4f       	sbci	r23, 0xFF	; 255
 270:	0e 94 09 03 	call	0x612	; 0x612 <__itoa_ncheck>
 */
static void
printstr(const char *s)
{

    while (*s)
 274:	89 81       	ldd	r24, Y+1	; 0x01
 276:	88 23       	and	r24, r24
 278:	79 f0       	breq	.+30     	; 0x298 <set_pwm+0x80>
 27a:	fe 01       	movw	r30, r28
 27c:	31 96       	adiw	r30, 0x01	; 1
     */
    loop_until_bit_is_set(UCSR0A, UDRE0);
    /*
    UDR0 - USART I/O Data Register n
    */
    UDR0 = c;
 27e:	2d e0       	ldi	r18, 0x0D	; 13
printstr(const char *s)
{

    while (*s)
    {
        if (*s == '\n')
 280:	8a 30       	cpi	r24, 0x0A	; 10
 282:	01 f1       	breq	.+64     	; 0x2c4 <set_pwm+0xac>
            putchr('\r');
        putchr(*s++);
 284:	91 91       	ld	r25, Z+
    /*
    UCSR0A - USART Control and Status Register n A
    UDRE0 - USART Data Register Empty
        indicates if the transmit buffer (UDRn) is ready to receive new data.
     */
    loop_until_bit_is_set(UCSR0A, UDRE0);
 286:	80 91 c0 00 	lds	r24, 0x00C0	; 0x8000c0 <__TEXT_REGION_LENGTH__+0x7f80c0>
 28a:	85 ff       	sbrs	r24, 5
 28c:	fc cf       	rjmp	.-8      	; 0x286 <set_pwm+0x6e>
    /*
    UDR0 - USART I/O Data Register n
    */
    UDR0 = c;
 28e:	90 93 c6 00 	sts	0x00C6, r25	; 0x8000c6 <__TEXT_REGION_LENGTH__+0x7f80c6>
 */
static void
printstr(const char *s)
{

    while (*s)
 292:	80 81       	ld	r24, Z
 294:	81 11       	cpse	r24, r1
 296:	f4 cf       	rjmp	.-24     	; 0x280 <set_pwm+0x68>
    /*
    UCSR0A - USART Control and Status Register n A
    UDRE0 - USART Data Register Empty
        indicates if the transmit buffer (UDRn) is ready to receive new data.
     */
    loop_until_bit_is_set(UCSR0A, UDRE0);
 298:	80 91 c0 00 	lds	r24, 0x00C0	; 0x8000c0 <__TEXT_REGION_LENGTH__+0x7f80c0>
 29c:	85 ff       	sbrs	r24, 5
 29e:	fc cf       	rjmp	.-8      	; 0x298 <set_pwm+0x80>
    /*
    UDR0 - USART I/O Data Register n
    */
    UDR0 = c;
 2a0:	80 e2       	ldi	r24, 0x20	; 32
 2a2:	80 93 c6 00 	sts	0x00C6, r24	; 0x8000c6 <__TEXT_REGION_LENGTH__+0x7f80c6>
        // itoa converts a number to a string.
        itoa(new, s, 10);
        printstr(s);
        putchr(' ');
        // reset the timeout before writing the latest PWM value to the EEPROM.
        pwm_backup_tmr = EE_UPDATE_TIME;
 2a6:	8c e2       	ldi	r24, 0x2C	; 44
 2a8:	91 e0       	ldi	r25, 0x01	; 1
 2aa:	90 93 03 01 	sts	0x0103, r25	; 0x800103 <__data_end+0x1>
 2ae:	80 93 02 01 	sts	0x0102, r24	; 0x800102 <__data_end>
    }
}
 2b2:	28 96       	adiw	r28, 0x08	; 8
 2b4:	0f b6       	in	r0, 0x3f	; 63
 2b6:	f8 94       	cli
 2b8:	de bf       	out	0x3e, r29	; 62
 2ba:	0f be       	out	0x3f, r0	; 63
 2bc:	cd bf       	out	0x3d, r28	; 61
 2be:	df 91       	pop	r29
 2c0:	cf 91       	pop	r28
 2c2:	08 95       	ret
    /*
    UCSR0A - USART Control and Status Register n A
    UDRE0 - USART Data Register Empty
        indicates if the transmit buffer (UDRn) is ready to receive new data.
     */
    loop_until_bit_is_set(UCSR0A, UDRE0);
 2c4:	80 91 c0 00 	lds	r24, 0x00C0	; 0x8000c0 <__TEXT_REGION_LENGTH__+0x7f80c0>
 2c8:	85 ff       	sbrs	r24, 5
 2ca:	fc cf       	rjmp	.-8      	; 0x2c4 <set_pwm+0xac>
    /*
    UDR0 - USART I/O Data Register n
    */
    UDR0 = c;
 2cc:	20 93 c6 00 	sts	0x00C6, r18	; 0x8000c6 <__TEXT_REGION_LENGTH__+0x7f80c6>
 2d0:	d9 cf       	rjmp	.-78     	; 0x284 <set_pwm+0x6c>

000002d2 <__vector_13>:
TMR1_SCALE = (16000000 / 2048 / 100 * 10+ 9) / 10 = 79
The scaler starts at the value 79 and is decremented every time
timer/counter1 overflows.
*/
ISR(TIMER1_OVF_vect)
{
 2d2:	1f 92       	push	r1
 2d4:	0f 92       	push	r0
 2d6:	0f b6       	in	r0, 0x3f	; 63
 2d8:	0f 92       	push	r0
 2da:	11 24       	eor	r1, r1
 2dc:	8f 93       	push	r24
 2de:	9f 93       	push	r25
    static uint16_t scaler = TMR1_SCALE;

    if (--scaler == 0)
 2e0:	80 91 00 01 	lds	r24, 0x0100	; 0x800100 <__DATA_REGION_ORIGIN__>
 2e4:	90 91 01 01 	lds	r25, 0x0101	; 0x800101 <__DATA_REGION_ORIGIN__+0x1>
 2e8:	01 97       	sbiw	r24, 0x01	; 1
 2ea:	91 f4       	brne	.+36     	; 0x310 <__vector_13+0x3e>
    {
        scaler = TMR1_SCALE;
 2ec:	8e e4       	ldi	r24, 0x4E	; 78
 2ee:	90 e0       	ldi	r25, 0x00	; 0
 2f0:	90 93 01 01 	sts	0x0101, r25	; 0x800101 <__DATA_REGION_ORIGIN__+0x1>
 2f4:	80 93 00 01 	sts	0x0100, r24	; 0x800100 <__DATA_REGION_ORIGIN__>
        intflags.tmr1_ovf_int = 1;
 2f8:	80 91 09 01 	lds	r24, 0x0109	; 0x800109 <intflags>
 2fc:	81 60       	ori	r24, 0x01	; 1
 2fe:	80 93 09 01 	sts	0x0109, r24	; 0x800109 <intflags>
    }
}
 302:	9f 91       	pop	r25
 304:	8f 91       	pop	r24
 306:	0f 90       	pop	r0
 308:	0f be       	out	0x3f, r0	; 63
 30a:	0f 90       	pop	r0
 30c:	1f 90       	pop	r1
 30e:	18 95       	reti
*/
ISR(TIMER1_OVF_vect)
{
    static uint16_t scaler = TMR1_SCALE;

    if (--scaler == 0)
 310:	90 93 01 01 	sts	0x0101, r25	; 0x800101 <__DATA_REGION_ORIGIN__+0x1>
 314:	80 93 00 01 	sts	0x0100, r24	; 0x800100 <__DATA_REGION_ORIGIN__>
    {
        scaler = TMR1_SCALE;
        intflags.tmr1_ovf_int = 1;
    }
}
 318:	9f 91       	pop	r25
 31a:	8f 91       	pop	r24
 31c:	0f 90       	pop	r0
 31e:	0f be       	out	0x3f, r0	; 63
 320:	0f 90       	pop	r0
 322:	1f 90       	pop	r1
 324:	18 95       	reti

00000326 <__vector_21>:
/*
 * ADC conversion complete.  Fetch the 10-bit value, and feed the
 * PWM with it.
 */
ISR(ADC_vect)
{
 326:	1f 92       	push	r1
 328:	0f 92       	push	r0
 32a:	0f b6       	in	r0, 0x3f	; 63
 32c:	0f 92       	push	r0
 32e:	11 24       	eor	r1, r1
 330:	8f 93       	push	r24
 332:	9f 93       	push	r25
 334:	ef 93       	push	r30
 336:	ff 93       	push	r31
    adcval = ADCW;        // 0x78 ADCL and 0x79 ADCH
 338:	80 91 78 00 	lds	r24, 0x0078	; 0x800078 <__TEXT_REGION_LENGTH__+0x7f8078>
 33c:	90 91 79 00 	lds	r25, 0x0079	; 0x800079 <__TEXT_REGION_LENGTH__+0x7f8079>
 340:	90 93 08 01 	sts	0x0108, r25	; 0x800108 <adcval+0x1>
 344:	80 93 07 01 	sts	0x0107, r24	; 0x800107 <adcval>
    ADCSRA &= ~_BV(ADIE); /* disable ADC interrupt */
 348:	ea e7       	ldi	r30, 0x7A	; 122
 34a:	f0 e0       	ldi	r31, 0x00	; 0
 34c:	80 81       	ld	r24, Z
 34e:	87 7f       	andi	r24, 0xF7	; 247
 350:	80 83       	st	Z, r24
    intflags.adc_int = 1;
 352:	80 91 09 01 	lds	r24, 0x0109	; 0x800109 <intflags>
 356:	82 60       	ori	r24, 0x02	; 2
 358:	80 93 09 01 	sts	0x0109, r24	; 0x800109 <intflags>
}
 35c:	ff 91       	pop	r31
 35e:	ef 91       	pop	r30
 360:	9f 91       	pop	r25
 362:	8f 91       	pop	r24
 364:	0f 90       	pop	r0
 366:	0f be       	out	0x3f, r0	; 63
 368:	0f 90       	pop	r0
 36a:	1f 90       	pop	r1
 36c:	18 95       	reti

0000036e <__vector_18>:
 * UART receive interrupt.  Fetch the character received and buffer
 * it, unless there was a framing error.  Note that the main loop
 * checks the received character only once per 10 ms.
 */
ISR(USART_RX_vect)
{
 36e:	1f 92       	push	r1
 370:	0f 92       	push	r0
 372:	0f b6       	in	r0, 0x3f	; 63
 374:	0f 92       	push	r0
 376:	11 24       	eor	r1, r1
 378:	8f 93       	push	r24
 37a:	9f 93       	push	r25
    uint8_t c;

    c = UDR0;
 37c:	90 91 c6 00 	lds	r25, 0x00C6	; 0x8000c6 <__TEXT_REGION_LENGTH__+0x7f80c6>
    /*
    ensure that there is no frame error when the UART RX ISR is run.
    */
    if (bit_is_clear(UCSR0A, FE0))
 380:	80 91 c0 00 	lds	r24, 0x00C0	; 0x8000c0 <__TEXT_REGION_LENGTH__+0x7f80c0>
 384:	84 fd       	sbrc	r24, 4
 386:	07 c0       	rjmp	.+14     	; 0x396 <__vector_18+0x28>
    {
        // if no frame error, read character into buffer.
        rxbuff = c;
 388:	90 93 04 01 	sts	0x0104, r25	; 0x800104 <rxbuff>
        intflags.rx_int = 1;
 38c:	80 91 09 01 	lds	r24, 0x0109	; 0x800109 <intflags>
 390:	84 60       	ori	r24, 0x04	; 4
 392:	80 93 09 01 	sts	0x0109, r24	; 0x800109 <intflags>
    }
}
 396:	9f 91       	pop	r25
 398:	8f 91       	pop	r24
 39a:	0f 90       	pop	r0
 39c:	0f be       	out	0x3f, r0	; 63
 39e:	0f 90       	pop	r0
 3a0:	1f 90       	pop	r1
 3a2:	18 95       	reti

000003a4 <main>:
     * PWM, phase correct, 10-bit
     * Set OC1A/OC1B on compare match when up-counting. Clear
     * OC1A/OC1B on compare match when down counting.
     * clkio/1 (no prescaling)
     */
    TCCR1A = _BV(WGM10) | _BV(WGM11) | _BV(COM1A1);
 3a4:	93 e8       	ldi	r25, 0x83	; 131
 3a6:	90 93 80 00 	sts	0x0080, r25	; 0x800080 <__TEXT_REGION_LENGTH__+0x7f8080>
    TCCR1B = _BV(CS10);
 3aa:	81 e0       	ldi	r24, 0x01	; 1
 3ac:	80 93 81 00 	sts	0x0081, r24	; 0x800081 <__TEXT_REGION_LENGTH__+0x7f8081>

    OCR1A = 0; /* set PWM value to 0 */
 3b0:	10 92 89 00 	sts	0x0089, r1	; 0x800089 <__TEXT_REGION_LENGTH__+0x7f8089>
 3b4:	10 92 88 00 	sts	0x0088, r1	; 0x800088 <__TEXT_REGION_LENGTH__+0x7f8088>

    /* enable pull-ups for pushbuttons */
    CONTROL_PORT = _BV(TRIGGER_DOWN) | _BV(TRIGGER_UP) | _BV(TRIGGER_ADC);
 3b8:	2c e1       	ldi	r18, 0x1C	; 28
 3ba:	2b b9       	out	0x0b, r18	; 11
     * Enable Port D outputs: PD6 for the clock output, PD7 for the LED
     * flasher.  PD1 is UART TxD but not DDRD setting is provided for
     * that, as enabling the UART transmitter will automatically turn
     * this pin into an output.
     */
    CONTROL_DDR = _BV(CLOCKOUT) | _BV(FLASH);
 3bc:	20 ec       	ldi	r18, 0xC0	; 192
 3be:	2a b9       	out	0x0a, r18	; 10
     * As the location of OC1A differs between supported MCU types, we
     * enable that output separately here.  Note that the DDRx register
     * *might* be the same as CONTROL_DDR above, so make sure to not
     * clobber it.
     */
    PWMDDR |= _BV(PWMOUT);
 3c0:	21 9a       	sbi	0x04, 1	; 4
    UART registers
    UCSR0A - USART Control and Status Register n A
    UCSR0B - USART Control and Status Register n B
    UBRR0L - USART Baud Rate Registers
    */
    UCSR0A = _BV(U2X0);                             /* improves baud rate error @ F_CPU = 1 MHz */
 3c2:	22 e0       	ldi	r18, 0x02	; 2
 3c4:	20 93 c0 00 	sts	0x00C0, r18	; 0x8000c0 <__TEXT_REGION_LENGTH__+0x7f80c0>
    UCSR0B = _BV(TXEN0) | _BV(RXEN0) | _BV(RXCIE0); /* tx/rx enable, rx complete intr */
 3c8:	28 e9       	ldi	r18, 0x98	; 152
 3ca:	20 93 c1 00 	sts	0x00C1, r18	; 0x8000c1 <__TEXT_REGION_LENGTH__+0x7f80c1>
    UBRR0L = (F_CPU / (8 * 9600UL)) - 1;            /* 9600 Bd */
 3ce:	2f ec       	ldi	r18, 0xCF	; 207
 3d0:	20 93 c4 00 	sts	0x00C4, r18	; 0x8000c4 <__TEXT_REGION_LENGTH__+0x7f80c4>

        ADEN - ADC enabled
        ADPS2:0 - ADC Prescaler Select Bits
        Division factor of 8 between system clock freq and ADC Input clock freq
     */
    ADCSRA = _BV(ADEN) | _BV(ADPS1) | _BV(ADPS0);
 3d4:	90 93 7a 00 	sts	0x007A, r25	; 0x80007a <__TEXT_REGION_LENGTH__+0x7f807a>
    OCIE1B - Timer/Counter1, Output Compare B Match Interrupt Enable
    OCIE1A - OCIE1A: Timer/Counter1, Output Compare A Match Interrupt Enable
    TOIE1 - Timer/Counter1, Overflow Interrupt Enable

     */
    TIMSK1 = _BV(TOIE1);
 3d8:	80 93 6f 00 	sts	0x006F, r24	; 0x80006f <__TEXT_REGION_LENGTH__+0x7f806f>
    sei();
 3dc:	78 94       	sei
				: "r0"
		);
	}
	else
	{
		__asm__ __volatile__ (
 3de:	88 e1       	ldi	r24, 0x18	; 24
 3e0:	9f e0       	ldi	r25, 0x0F	; 15
 3e2:	0f b6       	in	r0, 0x3f	; 63
 3e4:	f8 94       	cli
 3e6:	a8 95       	wdr
 3e8:	80 93 60 00 	sts	0x0060, r24	; 0x800060 <__TEXT_REGION_LENGTH__+0x7f8060>
 3ec:	0f be       	out	0x3f, r0	; 63
 3ee:	90 93 60 00 	sts	0x0060, r25	; 0x800060 <__TEXT_REGION_LENGTH__+0x7f8060>

    /*
     * Read the value from EEPROM.  If it is not 0xffff (erased cells),
     * use it as the starting value for the PWM.
     */
    if ((pwm_from_eeprom = eeprom_read_word(&ee_pwm)) != 0xffff)
 3f2:	80 e0       	ldi	r24, 0x00	; 0
 3f4:	90 e0       	ldi	r25, 0x00	; 0
 3f6:	0e 94 3e 03 	call	0x67c	; 0x67c <eeprom_read_word>
 3fa:	8f 3f       	cpi	r24, 0xFF	; 255
 3fc:	98 07       	cpc	r25, r24
 3fe:	41 f0       	breq	.+16     	; 0x410 <__EEPROM_REGION_LENGTH__+0x10>
        OCR1A = (pwm = pwm_from_eeprom);
 400:	90 93 06 01 	sts	0x0106, r25	; 0x800106 <pwm+0x1>
 404:	80 93 05 01 	sts	0x0105, r24	; 0x800105 <pwm>
 408:	90 93 89 00 	sts	0x0089, r25	; 0x800089 <__TEXT_REGION_LENGTH__+0x7f8089>
 40c:	80 93 88 00 	sts	0x0088, r24	; 0x800088 <__TEXT_REGION_LENGTH__+0x7f8088>
    ioinit();

    /*
    check if the watchdog reset the MCU prior.
    */
    if ((mcusr & _BV(WDRF)) == _BV(WDRF))
 410:	80 91 0a 01 	lds	r24, 0x010A	; 0x80010a <__bss_end>
 414:	83 fd       	sbrc	r24, 3
 416:	d0 c0       	rjmp	.+416    	; 0x5b8 <__EEPROM_REGION_LENGTH__+0x1b8>
        printstr_p(PSTR("\nOoops, the watchdog bit me!"));
    printstr_p(PSTR("\nHello, this is the avr-gcc/libc "
 418:	81 e4       	ldi	r24, 0x41	; 65
 41a:	91 e0       	ldi	r25, 0x01	; 1
 41c:	0e 94 f3 00 	call	0x1e6	; 0x1e6 <printstr_p>
        MODE_UPDOWN,
        MODE_ADC,
        MODE_SERIAL
    } __attribute__((packed)) mode = MODE_UPDOWN;

    uint8_t flash = 0;
 420:	d0 e0       	ldi	r29, 0x00	; 0
    enum
    {
        MODE_UPDOWN,
        MODE_ADC,
        MODE_SERIAL
    } __attribute__((packed)) mode = MODE_UPDOWN;
 422:	c0 e0       	ldi	r28, 0x00	; 0

            /*
             * toggle PD6, just to show the internal clock; should
             * yield ~ 48 Hz on PD6
             */
            CONTROL_PORT ^= _BV(CLOCKOUT);
 424:	00 e4       	ldi	r16, 0x40	; 64
                // check which buttons are pressed LOW
                if (bit_is_clear(PIND, TRIGGER_DOWN))
                    set_pwm(pwm - 10);
                else if (bit_is_clear(PIND, TRIGGER_UP))
                    set_pwm(pwm + 10);
                else if (bit_is_clear(PIND, TRIGGER_ADC))
 426:	11 e0       	ldi	r17, 0x01	; 1
                    "\n"));

    while (1)
    {
        // reset the WDT so it doesn't bite.
        wdt_reset();
 428:	a8 95       	wdr
        // if the timer int flag has been set by the counter1 OVF ISR
        if (intflags.tmr1_ovf_int)
 42a:	80 91 09 01 	lds	r24, 0x0109	; 0x800109 <intflags>
 42e:	80 ff       	sbrs	r24, 0
 430:	30 c0       	rjmp	.+96     	; 0x492 <__EEPROM_REGION_LENGTH__+0x92>
        {
            /*
             * Our periodic 10 ms interrupt happened.  See what we can
             * do about it.
             */
            intflags.tmr1_ovf_int = 0; // reset timer int flag
 432:	80 91 09 01 	lds	r24, 0x0109	; 0x800109 <intflags>
 436:	8e 7f       	andi	r24, 0xFE	; 254
 438:	80 93 09 01 	sts	0x0109, r24	; 0x800109 <intflags>

            /*
             * toggle PD6, just to show the internal clock; should
             * yield ~ 48 Hz on PD6
             */
            CONTROL_PORT ^= _BV(CLOCKOUT);
 43c:	8b b1       	in	r24, 0x0b	; 11
 43e:	80 27       	eor	r24, r16
 440:	8b b9       	out	0x0b, r24	; 11

            /*
             * flash LED on PD7, approximately once per second
             */
            flash++;
 442:	df 5f       	subi	r29, 0xFF	; 255
            if (flash == 5)
 444:	d5 30       	cpi	r29, 0x05	; 5
 446:	09 f4       	brne	.+2      	; 0x44a <__EEPROM_REGION_LENGTH__+0x4a>
 448:	6d c0       	rjmp	.+218    	; 0x524 <__EEPROM_REGION_LENGTH__+0x124>
                CONTROL_PORT &= ~_BV(FLASH);
            else if (flash == 100)
 44a:	d4 36       	cpi	r29, 0x64	; 100
 44c:	11 f4       	brne	.+4      	; 0x452 <__EEPROM_REGION_LENGTH__+0x52>
            {
                flash = 0;
                CONTROL_PORT |= _BV(FLASH);
 44e:	5f 9a       	sbi	0x0b, 7	; 11
            flash++;
            if (flash == 5)
                CONTROL_PORT &= ~_BV(FLASH);
            else if (flash == 100)
            {
                flash = 0;
 450:	d0 e0       	ldi	r29, 0x00	; 0
                CONTROL_PORT |= _BV(FLASH);
            }

            switch (mode)
 452:	cc 23       	and	r28, r28
 454:	09 f4       	brne	.+2      	; 0x458 <__EEPROM_REGION_LENGTH__+0x58>
 456:	69 c0       	rjmp	.+210    	; 0x52a <__EEPROM_REGION_LENGTH__+0x12a>
 458:	c1 30       	cpi	r28, 0x01	; 1
 45a:	09 f0       	breq	.+2      	; 0x45e <__EEPROM_REGION_LENGTH__+0x5e>
 45c:	6f c0       	rjmp	.+222    	; 0x53c <__EEPROM_REGION_LENGTH__+0x13c>
                else if (bit_is_clear(PIND, TRIGGER_ADC))
                    mode = MODE_ADC;
                break;

            case MODE_ADC:
                if (bit_is_set(PIND, TRIGGER_ADC))
 45e:	4c 99       	sbic	0x09, 4	; 9
 460:	6f c0       	rjmp	.+222    	; 0x540 <__EEPROM_REGION_LENGTH__+0x140>
                else
                {
                    /*
                     * Start one conversion.
                     */
                    ADCSRA |= _BV(ADIE);
 462:	80 91 7a 00 	lds	r24, 0x007A	; 0x80007a <__TEXT_REGION_LENGTH__+0x7f807a>
 466:	88 60       	ori	r24, 0x08	; 8
 468:	80 93 7a 00 	sts	0x007A, r24	; 0x80007a <__TEXT_REGION_LENGTH__+0x7f807a>
                    ADCSRA |= _BV(ADSC);
 46c:	80 91 7a 00 	lds	r24, 0x007A	; 0x80007a <__TEXT_REGION_LENGTH__+0x7f807a>
 470:	80 64       	ori	r24, 0x40	; 64
 472:	80 93 7a 00 	sts	0x007A, r24	; 0x80007a <__TEXT_REGION_LENGTH__+0x7f807a>
                }
                break;
            }

            if (pwm_backup_tmr && --pwm_backup_tmr == 0)
 476:	80 91 02 01 	lds	r24, 0x0102	; 0x800102 <__data_end>
 47a:	90 91 03 01 	lds	r25, 0x0103	; 0x800103 <__data_end+0x1>
 47e:	00 97       	sbiw	r24, 0x00	; 0
 480:	41 f0       	breq	.+16     	; 0x492 <__EEPROM_REGION_LENGTH__+0x92>
 482:	01 97       	sbiw	r24, 0x01	; 1
 484:	90 93 03 01 	sts	0x0103, r25	; 0x800103 <__data_end+0x1>
 488:	80 93 02 01 	sts	0x0102, r24	; 0x800102 <__data_end>
 48c:	89 2b       	or	r24, r25
 48e:	09 f4       	brne	.+2      	; 0x492 <__EEPROM_REGION_LENGTH__+0x92>
 490:	5f c0       	rjmp	.+190    	; 0x550 <__EEPROM_REGION_LENGTH__+0x150>
        }

        /*
        if ADC complete interrupt runs, set the updated PWM interval.
        */
        if (intflags.adc_int)
 492:	80 91 09 01 	lds	r24, 0x0109	; 0x800109 <intflags>
 496:	81 ff       	sbrs	r24, 1
 498:	0b c0       	rjmp	.+22     	; 0x4b0 <__EEPROM_REGION_LENGTH__+0xb0>
        {
            intflags.adc_int = 0;
 49a:	80 91 09 01 	lds	r24, 0x0109	; 0x800109 <intflags>
 49e:	8d 7f       	andi	r24, 0xFD	; 253
 4a0:	80 93 09 01 	sts	0x0109, r24	; 0x800109 <intflags>
            set_pwm(adcval);
 4a4:	80 91 07 01 	lds	r24, 0x0107	; 0x800107 <adcval>
 4a8:	90 91 08 01 	lds	r25, 0x0108	; 0x800108 <adcval+0x1>
 4ac:	0e 94 0c 01 	call	0x218	; 0x218 <set_pwm>
        }

        /*
        if UART RX receive complete interrupt runs, enter serial mode.
        */
        if (intflags.rx_int)
 4b0:	80 91 09 01 	lds	r24, 0x0109	; 0x800109 <intflags>
 4b4:	82 ff       	sbrs	r24, 2
 4b6:	2e c0       	rjmp	.+92     	; 0x514 <__EEPROM_REGION_LENGTH__+0x114>
        {
            intflags.rx_int = 0;
 4b8:	80 91 09 01 	lds	r24, 0x0109	; 0x800109 <intflags>
 4bc:	8b 7f       	andi	r24, 0xFB	; 251
 4be:	80 93 09 01 	sts	0x0109, r24	; 0x800109 <intflags>

            if (rxbuff == 'q')
 4c2:	80 91 04 01 	lds	r24, 0x0104	; 0x800104 <rxbuff>
 4c6:	81 37       	cpi	r24, 0x71	; 113
 4c8:	09 f4       	brne	.+2      	; 0x4cc <__EEPROM_REGION_LENGTH__+0xcc>
 4ca:	3c c0       	rjmp	.+120    	; 0x544 <__EEPROM_REGION_LENGTH__+0x144>
                                "  Good-bye!\n"));
                mode = MODE_UPDOWN;
            }
            else
            {
                if (mode != MODE_SERIAL)
 4cc:	c2 30       	cpi	r28, 0x02	; 2
 4ce:	21 f0       	breq	.+8      	; 0x4d8 <__EEPROM_REGION_LENGTH__+0xd8>
                {
                    printstr_p(PSTR("\nWelcome at serial control, "
 4d0:	88 e7       	ldi	r24, 0x78	; 120
 4d2:	90 e0       	ldi	r25, 0x00	; 0
 4d4:	0e 94 f3 00 	call	0x1e6	; 0x1e6 <printstr_p>
                                    "type +/- to adjust, or 0/1 to turn on/off\n"
                                    "the LED, q to quit serial mode, "
                                    "r to demonstrate a watchdog reset\n"));
                    mode = MODE_SERIAL;
                }
                switch (rxbuff)
 4d8:	80 91 04 01 	lds	r24, 0x0104	; 0x800104 <rxbuff>
 4dc:	80 33       	cpi	r24, 0x30	; 48
 4de:	09 f4       	brne	.+2      	; 0x4e2 <__EEPROM_REGION_LENGTH__+0xe2>
 4e0:	4c c0       	rjmp	.+152    	; 0x57a <__EEPROM_REGION_LENGTH__+0x17a>
 4e2:	5c f0       	brlt	.+22     	; 0x4fa <__EEPROM_REGION_LENGTH__+0xfa>
 4e4:	81 33       	cpi	r24, 0x31	; 49
 4e6:	09 f4       	brne	.+2      	; 0x4ea <__EEPROM_REGION_LENGTH__+0xea>
 4e8:	42 c0       	rjmp	.+132    	; 0x56e <__EEPROM_REGION_LENGTH__+0x16e>
 4ea:	82 37       	cpi	r24, 0x72	; 114
 4ec:	09 f0       	breq	.+2      	; 0x4f0 <__EEPROM_REGION_LENGTH__+0xf0>
 4ee:	3d c0       	rjmp	.+122    	; 0x56a <__EEPROM_REGION_LENGTH__+0x16a>
                case '1':
                    set_pwm(1000);
                    break;

                case 'r':
                    printstr_p(PSTR("\nzzzz... zzz..."));
 4f0:	88 e6       	ldi	r24, 0x68	; 104
 4f2:	90 e0       	ldi	r25, 0x00	; 0
 4f4:	0e 94 f3 00 	call	0x1e6	; 0x1e6 <printstr_p>
 4f8:	ff cf       	rjmp	.-2      	; 0x4f8 <__EEPROM_REGION_LENGTH__+0xf8>
                                    "type +/- to adjust, or 0/1 to turn on/off\n"
                                    "the LED, q to quit serial mode, "
                                    "r to demonstrate a watchdog reset\n"));
                    mode = MODE_SERIAL;
                }
                switch (rxbuff)
 4fa:	8b 32       	cpi	r24, 0x2B	; 43
 4fc:	09 f4       	brne	.+2      	; 0x500 <__EEPROM_REGION_LENGTH__+0x100>
 4fe:	43 c0       	rjmp	.+134    	; 0x586 <__EEPROM_REGION_LENGTH__+0x186>
 500:	8d 32       	cpi	r24, 0x2D	; 45
 502:	99 f5       	brne	.+102    	; 0x56a <__EEPROM_REGION_LENGTH__+0x16a>
                case '+':
                    set_pwm(pwm + 10);
                    break;

                case '-':
                    set_pwm(pwm - 10);
 504:	80 91 05 01 	lds	r24, 0x0105	; 0x800105 <pwm>
 508:	90 91 06 01 	lds	r25, 0x0106	; 0x800106 <pwm+0x1>
 50c:	0a 97       	sbiw	r24, 0x0a	; 10
 50e:	0e 94 0c 01 	call	0x218	; 0x218 <set_pwm>
                    break;
 512:	c2 e0       	ldi	r28, 0x02	; 2
            }
        }
        /*
        Put the device into sleep mode, taking care of setting the SE bit before, and clearing it afterwards.
        */
        sleep_mode();
 514:	83 b7       	in	r24, 0x33	; 51
 516:	81 60       	ori	r24, 0x01	; 1
 518:	83 bf       	out	0x33, r24	; 51
 51a:	88 95       	sleep
 51c:	83 b7       	in	r24, 0x33	; 51
 51e:	8e 7f       	andi	r24, 0xFE	; 254
 520:	83 bf       	out	0x33, r24	; 51
                    "\n"));

    while (1)
    {
        // reset the WDT so it doesn't bite.
        wdt_reset();
 522:	82 cf       	rjmp	.-252    	; 0x428 <__EEPROM_REGION_LENGTH__+0x28>
            /*
             * flash LED on PD7, approximately once per second
             */
            flash++;
            if (flash == 5)
                CONTROL_PORT &= ~_BV(FLASH);
 524:	5f 98       	cbi	0x0b, 7	; 11
            {
                flash = 0;
                CONTROL_PORT |= _BV(FLASH);
            }

            switch (mode)
 526:	c1 11       	cpse	r28, r1
 528:	97 cf       	rjmp	.-210    	; 0x458 <__EEPROM_REGION_LENGTH__+0x58>
                 * to using PORTx which would be the mirror of the
                 * _output_ latch register (resp. pullup configuration
                 * bit for input pins)!
                 */
                // check which buttons are pressed LOW
                if (bit_is_clear(PIND, TRIGGER_DOWN))
 52a:	4a 9b       	sbis	0x09, 2	; 9
 52c:	3d c0       	rjmp	.+122    	; 0x5a8 <__EEPROM_REGION_LENGTH__+0x1a8>
                    set_pwm(pwm - 10);
                else if (bit_is_clear(PIND, TRIGGER_UP))
 52e:	4b 9b       	sbis	0x09, 3	; 9
 530:	33 c0       	rjmp	.+102    	; 0x598 <__EEPROM_REGION_LENGTH__+0x198>
                    set_pwm(pwm + 10);
                else if (bit_is_clear(PIND, TRIGGER_ADC))
 532:	c9 b1       	in	r28, 0x09	; 9
 534:	c2 95       	swap	r28
 536:	c1 70       	andi	r28, 0x01	; 1
 538:	c1 27       	eor	r28, r17
 53a:	9d cf       	rjmp	.-198    	; 0x476 <__EEPROM_REGION_LENGTH__+0x76>
            {
                flash = 0;
                CONTROL_PORT |= _BV(FLASH);
            }

            switch (mode)
 53c:	c2 e0       	ldi	r28, 0x02	; 2
 53e:	9b cf       	rjmp	.-202    	; 0x476 <__EEPROM_REGION_LENGTH__+0x76>
                    mode = MODE_ADC;
                break;

            case MODE_ADC:
                if (bit_is_set(PIND, TRIGGER_ADC))
                    mode = MODE_UPDOWN;
 540:	c0 e0       	ldi	r28, 0x00	; 0
 542:	99 cf       	rjmp	.-206    	; 0x476 <__EEPROM_REGION_LENGTH__+0x76>
        {
            intflags.rx_int = 0;

            if (rxbuff == 'q')
            {
                printstr_p(PSTR("\nThank you for using serial mode."
 544:	81 e0       	ldi	r24, 0x01	; 1
 546:	91 e0       	ldi	r25, 0x01	; 1
 548:	0e 94 f3 00 	call	0x1e6	; 0x1e6 <printstr_p>
                                "  Good-bye!\n"));
                mode = MODE_UPDOWN;
 54c:	c0 e0       	ldi	r28, 0x00	; 0
 54e:	e2 cf       	rjmp	.-60     	; 0x514 <__EEPROM_REGION_LENGTH__+0x114>
                 * The EEPROM backup timer expired.  Save the current
                 * PWM value in EEPROM.  Note that this function might
                 * block for a few milliseconds (after writing the
                 * first byte).
                 */
                eeprom_write_word(&ee_pwm, pwm);
 550:	60 91 05 01 	lds	r22, 0x0105	; 0x800105 <pwm>
 554:	70 91 06 01 	lds	r23, 0x0106	; 0x800106 <pwm+0x1>
 558:	80 e0       	ldi	r24, 0x00	; 0
 55a:	90 e0       	ldi	r25, 0x00	; 0
 55c:	0e 94 44 03 	call	0x688	; 0x688 <eeprom_write_word>
                printstr_p(PSTR("[EEPROM updated] "));
 560:	8f e2       	ldi	r24, 0x2F	; 47
 562:	91 e0       	ldi	r25, 0x01	; 1
 564:	0e 94 f3 00 	call	0x1e6	; 0x1e6 <printstr_p>
 568:	94 cf       	rjmp	.-216    	; 0x492 <__EEPROM_REGION_LENGTH__+0x92>
                                    "type +/- to adjust, or 0/1 to turn on/off\n"
                                    "the LED, q to quit serial mode, "
                                    "r to demonstrate a watchdog reset\n"));
                    mode = MODE_SERIAL;
                }
                switch (rxbuff)
 56a:	c2 e0       	ldi	r28, 0x02	; 2
 56c:	d3 cf       	rjmp	.-90     	; 0x514 <__EEPROM_REGION_LENGTH__+0x114>
                case '0':
                    set_pwm(0);
                    break;

                case '1':
                    set_pwm(1000);
 56e:	88 ee       	ldi	r24, 0xE8	; 232
 570:	93 e0       	ldi	r25, 0x03	; 3
 572:	0e 94 0c 01 	call	0x218	; 0x218 <set_pwm>
                    break;
 576:	c2 e0       	ldi	r28, 0x02	; 2
 578:	cd cf       	rjmp	.-102    	; 0x514 <__EEPROM_REGION_LENGTH__+0x114>
                case '-':
                    set_pwm(pwm - 10);
                    break;

                case '0':
                    set_pwm(0);
 57a:	90 e0       	ldi	r25, 0x00	; 0
 57c:	80 e0       	ldi	r24, 0x00	; 0
 57e:	0e 94 0c 01 	call	0x218	; 0x218 <set_pwm>
                    break;
 582:	c2 e0       	ldi	r28, 0x02	; 2
 584:	c7 cf       	rjmp	.-114    	; 0x514 <__EEPROM_REGION_LENGTH__+0x114>
                    mode = MODE_SERIAL;
                }
                switch (rxbuff)
                {
                case '+':
                    set_pwm(pwm + 10);
 586:	80 91 05 01 	lds	r24, 0x0105	; 0x800105 <pwm>
 58a:	90 91 06 01 	lds	r25, 0x0106	; 0x800106 <pwm+0x1>
 58e:	0a 96       	adiw	r24, 0x0a	; 10
 590:	0e 94 0c 01 	call	0x218	; 0x218 <set_pwm>
                    break;
 594:	c2 e0       	ldi	r28, 0x02	; 2
 596:	be cf       	rjmp	.-132    	; 0x514 <__EEPROM_REGION_LENGTH__+0x114>
                 */
                // check which buttons are pressed LOW
                if (bit_is_clear(PIND, TRIGGER_DOWN))
                    set_pwm(pwm - 10);
                else if (bit_is_clear(PIND, TRIGGER_UP))
                    set_pwm(pwm + 10);
 598:	80 91 05 01 	lds	r24, 0x0105	; 0x800105 <pwm>
 59c:	90 91 06 01 	lds	r25, 0x0106	; 0x800106 <pwm+0x1>
 5a0:	0a 96       	adiw	r24, 0x0a	; 10
 5a2:	0e 94 0c 01 	call	0x218	; 0x218 <set_pwm>
 5a6:	67 cf       	rjmp	.-306    	; 0x476 <__EEPROM_REGION_LENGTH__+0x76>
                 * _output_ latch register (resp. pullup configuration
                 * bit for input pins)!
                 */
                // check which buttons are pressed LOW
                if (bit_is_clear(PIND, TRIGGER_DOWN))
                    set_pwm(pwm - 10);
 5a8:	80 91 05 01 	lds	r24, 0x0105	; 0x800105 <pwm>
 5ac:	90 91 06 01 	lds	r25, 0x0106	; 0x800106 <pwm+0x1>
 5b0:	0a 97       	sbiw	r24, 0x0a	; 10
 5b2:	0e 94 0c 01 	call	0x218	; 0x218 <set_pwm>
 5b6:	5f cf       	rjmp	.-322    	; 0x476 <__EEPROM_REGION_LENGTH__+0x76>

    /*
    check if the watchdog reset the MCU prior.
    */
    if ((mcusr & _BV(WDRF)) == _BV(WDRF))
        printstr_p(PSTR("\nOoops, the watchdog bit me!"));
 5b8:	82 e8       	ldi	r24, 0x82	; 130
 5ba:	91 e0       	ldi	r25, 0x01	; 1
 5bc:	0e 94 f3 00 	call	0x1e6	; 0x1e6 <printstr_p>
 5c0:	2b cf       	rjmp	.-426    	; 0x418 <__EEPROM_REGION_LENGTH__+0x18>

000005c2 <__divmodhi4>:
 5c2:	97 fb       	bst	r25, 7
 5c4:	07 2e       	mov	r0, r23
 5c6:	16 f4       	brtc	.+4      	; 0x5cc <__divmodhi4+0xa>
 5c8:	00 94       	com	r0
 5ca:	07 d0       	rcall	.+14     	; 0x5da <__divmodhi4_neg1>
 5cc:	77 fd       	sbrc	r23, 7
 5ce:	09 d0       	rcall	.+18     	; 0x5e2 <__divmodhi4_neg2>
 5d0:	0e 94 f5 02 	call	0x5ea	; 0x5ea <__udivmodhi4>
 5d4:	07 fc       	sbrc	r0, 7
 5d6:	05 d0       	rcall	.+10     	; 0x5e2 <__divmodhi4_neg2>
 5d8:	3e f4       	brtc	.+14     	; 0x5e8 <__divmodhi4_exit>

000005da <__divmodhi4_neg1>:
 5da:	90 95       	com	r25
 5dc:	81 95       	neg	r24
 5de:	9f 4f       	sbci	r25, 0xFF	; 255
 5e0:	08 95       	ret

000005e2 <__divmodhi4_neg2>:
 5e2:	70 95       	com	r23
 5e4:	61 95       	neg	r22
 5e6:	7f 4f       	sbci	r23, 0xFF	; 255

000005e8 <__divmodhi4_exit>:
 5e8:	08 95       	ret

000005ea <__udivmodhi4>:
 5ea:	aa 1b       	sub	r26, r26
 5ec:	bb 1b       	sub	r27, r27
 5ee:	51 e1       	ldi	r21, 0x11	; 17
 5f0:	07 c0       	rjmp	.+14     	; 0x600 <__udivmodhi4_ep>

000005f2 <__udivmodhi4_loop>:
 5f2:	aa 1f       	adc	r26, r26
 5f4:	bb 1f       	adc	r27, r27
 5f6:	a6 17       	cp	r26, r22
 5f8:	b7 07       	cpc	r27, r23
 5fa:	10 f0       	brcs	.+4      	; 0x600 <__udivmodhi4_ep>
 5fc:	a6 1b       	sub	r26, r22
 5fe:	b7 0b       	sbc	r27, r23

00000600 <__udivmodhi4_ep>:
 600:	88 1f       	adc	r24, r24
 602:	99 1f       	adc	r25, r25
 604:	5a 95       	dec	r21
 606:	a9 f7       	brne	.-22     	; 0x5f2 <__udivmodhi4_loop>
 608:	80 95       	com	r24
 60a:	90 95       	com	r25
 60c:	bc 01       	movw	r22, r24
 60e:	cd 01       	movw	r24, r26
 610:	08 95       	ret

00000612 <__itoa_ncheck>:
 612:	bb 27       	eor	r27, r27
 614:	4a 30       	cpi	r20, 0x0A	; 10
 616:	31 f4       	brne	.+12     	; 0x624 <__itoa_ncheck+0x12>
 618:	99 23       	and	r25, r25
 61a:	22 f4       	brpl	.+8      	; 0x624 <__itoa_ncheck+0x12>
 61c:	bd e2       	ldi	r27, 0x2D	; 45
 61e:	90 95       	com	r25
 620:	81 95       	neg	r24
 622:	9f 4f       	sbci	r25, 0xFF	; 255
 624:	0c 94 15 03 	jmp	0x62a	; 0x62a <__utoa_common>

00000628 <__utoa_ncheck>:
 628:	bb 27       	eor	r27, r27

0000062a <__utoa_common>:
 62a:	fb 01       	movw	r30, r22
 62c:	55 27       	eor	r21, r21
 62e:	aa 27       	eor	r26, r26
 630:	88 0f       	add	r24, r24
 632:	99 1f       	adc	r25, r25
 634:	aa 1f       	adc	r26, r26
 636:	a4 17       	cp	r26, r20
 638:	10 f0       	brcs	.+4      	; 0x63e <__utoa_common+0x14>
 63a:	a4 1b       	sub	r26, r20
 63c:	83 95       	inc	r24
 63e:	50 51       	subi	r21, 0x10	; 16
 640:	b9 f7       	brne	.-18     	; 0x630 <__utoa_common+0x6>
 642:	a0 5d       	subi	r26, 0xD0	; 208
 644:	aa 33       	cpi	r26, 0x3A	; 58
 646:	08 f0       	brcs	.+2      	; 0x64a <__utoa_common+0x20>
 648:	a9 5d       	subi	r26, 0xD9	; 217
 64a:	a1 93       	st	Z+, r26
 64c:	00 97       	sbiw	r24, 0x00	; 0
 64e:	79 f7       	brne	.-34     	; 0x62e <__utoa_common+0x4>
 650:	b1 11       	cpse	r27, r1
 652:	b1 93       	st	Z+, r27
 654:	11 92       	st	Z+, r1
 656:	cb 01       	movw	r24, r22
 658:	0c 94 2e 03 	jmp	0x65c	; 0x65c <strrev>

0000065c <strrev>:
 65c:	dc 01       	movw	r26, r24
 65e:	fc 01       	movw	r30, r24
 660:	67 2f       	mov	r22, r23
 662:	71 91       	ld	r23, Z+
 664:	77 23       	and	r23, r23
 666:	e1 f7       	brne	.-8      	; 0x660 <strrev+0x4>
 668:	32 97       	sbiw	r30, 0x02	; 2
 66a:	04 c0       	rjmp	.+8      	; 0x674 <strrev+0x18>
 66c:	7c 91       	ld	r23, X
 66e:	6d 93       	st	X+, r22
 670:	70 83       	st	Z, r23
 672:	62 91       	ld	r22, -Z
 674:	ae 17       	cp	r26, r30
 676:	bf 07       	cpc	r27, r31
 678:	c8 f3       	brcs	.-14     	; 0x66c <strrev+0x10>
 67a:	08 95       	ret

0000067c <eeprom_read_word>:
 67c:	a8 e1       	ldi	r26, 0x18	; 24
 67e:	b0 e0       	ldi	r27, 0x00	; 0
 680:	42 e0       	ldi	r20, 0x02	; 2
 682:	50 e0       	ldi	r21, 0x00	; 0
 684:	0c 94 4b 03 	jmp	0x696	; 0x696 <eeprom_read_blraw>

00000688 <eeprom_write_word>:
 688:	0e 94 59 03 	call	0x6b2	; 0x6b2 <eeprom_write_byte>
 68c:	27 2f       	mov	r18, r23
 68e:	0c 94 5a 03 	jmp	0x6b4	; 0x6b4 <eeprom_write_r18>

00000692 <eeprom_read_block>:
 692:	dc 01       	movw	r26, r24
 694:	cb 01       	movw	r24, r22

00000696 <eeprom_read_blraw>:
 696:	fc 01       	movw	r30, r24
 698:	f9 99       	sbic	0x1f, 1	; 31
 69a:	fe cf       	rjmp	.-4      	; 0x698 <eeprom_read_blraw+0x2>
 69c:	06 c0       	rjmp	.+12     	; 0x6aa <eeprom_read_blraw+0x14>
 69e:	f2 bd       	out	0x22, r31	; 34
 6a0:	e1 bd       	out	0x21, r30	; 33
 6a2:	f8 9a       	sbi	0x1f, 0	; 31
 6a4:	31 96       	adiw	r30, 0x01	; 1
 6a6:	00 b4       	in	r0, 0x20	; 32
 6a8:	0d 92       	st	X+, r0
 6aa:	41 50       	subi	r20, 0x01	; 1
 6ac:	50 40       	sbci	r21, 0x00	; 0
 6ae:	b8 f7       	brcc	.-18     	; 0x69e <eeprom_read_blraw+0x8>
 6b0:	08 95       	ret

000006b2 <eeprom_write_byte>:
 6b2:	26 2f       	mov	r18, r22

000006b4 <eeprom_write_r18>:
 6b4:	f9 99       	sbic	0x1f, 1	; 31
 6b6:	fe cf       	rjmp	.-4      	; 0x6b4 <eeprom_write_r18>
 6b8:	1f ba       	out	0x1f, r1	; 31
 6ba:	92 bd       	out	0x22, r25	; 34
 6bc:	81 bd       	out	0x21, r24	; 33
 6be:	20 bd       	out	0x20, r18	; 32
 6c0:	0f b6       	in	r0, 0x3f	; 63
 6c2:	f8 94       	cli
 6c4:	fa 9a       	sbi	0x1f, 2	; 31
 6c6:	f9 9a       	sbi	0x1f, 1	; 31
 6c8:	0f be       	out	0x3f, r0	; 63
 6ca:	01 96       	adiw	r24, 0x01	; 1
 6cc:	08 95       	ret

000006ce <_exit>:
 6ce:	f8 94       	cli

000006d0 <__stop_program>:
 6d0:	ff cf       	rjmp	.-2      	; 0x6d0 <__stop_program>
