
demo.elf:     file format elf32-avr

Sections:
Idx Name          Size      VMA       LMA       File off  Algn
  0 .data         0000002e  00800100  0000099c  00000a30  2**0
                  CONTENTS, ALLOC, LOAD, DATA
  1 .text         0000099c  00000000  00000000  00000094  2**1
                  CONTENTS, ALLOC, LOAD, READONLY, CODE
  2 .bss          0000000f  0080012e  0080012e  00000a5e  2**0
                  ALLOC
  3 .stab         00000c24  00000000  00000000  00000a60  2**2
                  CONTENTS, READONLY, DEBUGGING
  4 .stabstr      000011ee  00000000  00000000  00001684  2**0
                  CONTENTS, READONLY, DEBUGGING
  5 .comment      00000011  00000000  00000000  00002872  2**0
                  CONTENTS, READONLY
  6 .note.gnu.avr.deviceinfo 00000040  00000000  00000000  00002884  2**2
                  CONTENTS, READONLY
  7 .debug_info   000005f4  00000000  00000000  000028c4  2**0
                  CONTENTS, READONLY, DEBUGGING
  8 .debug_abbrev 000005a2  00000000  00000000  00002eb8  2**0
                  CONTENTS, READONLY, DEBUGGING
  9 .debug_line   0000001a  00000000  00000000  0000345a  2**0
                  CONTENTS, READONLY, DEBUGGING
 10 .debug_str    00000208  00000000  00000000  00003474  2**0
                  CONTENTS, READONLY, DEBUGGING

Disassembly of section .text:

00000000 <__vectors>:
   0:	0c 94 34 00 	jmp	0x68	; 0x68 <__ctors_end>
   4:	0c 94 51 00 	jmp	0xa2	; 0xa2 <__bad_interrupt>
   8:	0c 94 51 00 	jmp	0xa2	; 0xa2 <__bad_interrupt>
   c:	0c 94 51 00 	jmp	0xa2	; 0xa2 <__bad_interrupt>
  10:	0c 94 51 00 	jmp	0xa2	; 0xa2 <__bad_interrupt>
  14:	0c 94 51 00 	jmp	0xa2	; 0xa2 <__bad_interrupt>
  18:	0c 94 51 00 	jmp	0xa2	; 0xa2 <__bad_interrupt>
  1c:	0c 94 51 00 	jmp	0xa2	; 0xa2 <__bad_interrupt>
  20:	0c 94 51 00 	jmp	0xa2	; 0xa2 <__bad_interrupt>
  24:	0c 94 51 00 	jmp	0xa2	; 0xa2 <__bad_interrupt>
  28:	0c 94 51 00 	jmp	0xa2	; 0xa2 <__bad_interrupt>
  2c:	0c 94 51 00 	jmp	0xa2	; 0xa2 <__bad_interrupt>
  30:	0c 94 51 00 	jmp	0xa2	; 0xa2 <__bad_interrupt>
  34:	0c 94 51 00 	jmp	0xa2	; 0xa2 <__bad_interrupt>
  38:	0c 94 51 00 	jmp	0xa2	; 0xa2 <__bad_interrupt>
  3c:	0c 94 51 00 	jmp	0xa2	; 0xa2 <__bad_interrupt>
  40:	0c 94 53 00 	jmp	0xa6	; 0xa6 <__vector_16>
  44:	0c 94 51 00 	jmp	0xa2	; 0xa2 <__bad_interrupt>
  48:	0c 94 51 00 	jmp	0xa2	; 0xa2 <__bad_interrupt>
  4c:	0c 94 51 00 	jmp	0xa2	; 0xa2 <__bad_interrupt>
  50:	0c 94 51 00 	jmp	0xa2	; 0xa2 <__bad_interrupt>
  54:	0c 94 51 00 	jmp	0xa2	; 0xa2 <__bad_interrupt>
  58:	0c 94 51 00 	jmp	0xa2	; 0xa2 <__bad_interrupt>
  5c:	0c 94 51 00 	jmp	0xa2	; 0xa2 <__bad_interrupt>
  60:	0c 94 51 00 	jmp	0xa2	; 0xa2 <__bad_interrupt>
  64:	0c 94 51 00 	jmp	0xa2	; 0xa2 <__bad_interrupt>

00000068 <__ctors_end>:
  68:	11 24       	eor	r1, r1
  6a:	1f be       	out	0x3f, r1	; 63
  6c:	cf ef       	ldi	r28, 0xFF	; 255
  6e:	d8 e0       	ldi	r29, 0x08	; 8
  70:	de bf       	out	0x3e, r29	; 62
  72:	cd bf       	out	0x3d, r28	; 61

00000074 <__do_copy_data>:
  74:	11 e0       	ldi	r17, 0x01	; 1
  76:	a0 e0       	ldi	r26, 0x00	; 0
  78:	b1 e0       	ldi	r27, 0x01	; 1
  7a:	ec e9       	ldi	r30, 0x9C	; 156
  7c:	f9 e0       	ldi	r31, 0x09	; 9
  7e:	02 c0       	rjmp	.+4      	; 0x84 <__do_copy_data+0x10>
  80:	05 90       	lpm	r0, Z+
  82:	0d 92       	st	X+, r0
  84:	ae 32       	cpi	r26, 0x2E	; 46
  86:	b1 07       	cpc	r27, r17
  88:	d9 f7       	brne	.-10     	; 0x80 <__do_copy_data+0xc>

0000008a <__do_clear_bss>:
  8a:	21 e0       	ldi	r18, 0x01	; 1
  8c:	ae e2       	ldi	r26, 0x2E	; 46
  8e:	b1 e0       	ldi	r27, 0x01	; 1
  90:	01 c0       	rjmp	.+2      	; 0x94 <.do_clear_bss_start>

00000092 <.do_clear_bss_loop>:
  92:	1d 92       	st	X+, r1

00000094 <.do_clear_bss_start>:
  94:	ad 33       	cpi	r26, 0x3D	; 61
  96:	b2 07       	cpc	r27, r18
  98:	e1 f7       	brne	.-8      	; 0x92 <.do_clear_bss_loop>
  9a:	0e 94 e8 00 	call	0x1d0	; 0x1d0 <main>
  9e:	0c 94 cc 04 	jmp	0x998	; 0x998 <_exit>

000000a2 <__bad_interrupt>:
  a2:	0c 94 00 00 	jmp	0	; 0x0 <__vectors>

000000a6 <__vector_16>:
1ms has elapsed every counter0 overflow.
As for the fractional part, accumulate the 0.024 ms by incrementing a variable by 24.
Every time that variable exceeds 1000, add one millisecond to the millis variable.
*/
ISR(TIMER0_OVF_vect)
{
  a6:	1f 92       	push	r1
  a8:	0f 92       	push	r0
  aa:	0f b6       	in	r0, 0x3f	; 63
  ac:	0f 92       	push	r0
  ae:	11 24       	eor	r1, r1
  b0:	8f 93       	push	r24
  b2:	9f 93       	push	r25
    millis += 2;
  b4:	80 91 38 01 	lds	r24, 0x0138	; 0x800138 <millis>
  b8:	90 91 39 01 	lds	r25, 0x0139	; 0x800139 <millis+0x1>
  bc:	02 96       	adiw	r24, 0x02	; 2
  be:	90 93 39 01 	sts	0x0139, r25	; 0x800139 <millis+0x1>
  c2:	80 93 38 01 	sts	0x0138, r24	; 0x800138 <millis>
    millis_fract += MILLIS_FRACT_INT * 2;
  c6:	80 91 36 01 	lds	r24, 0x0136	; 0x800136 <millis_fract>
  ca:	80 93 36 01 	sts	0x0136, r24	; 0x800136 <millis_fract>
    if (millis_fract >= MILLIS_FRACT_MAX)
  ce:	80 91 36 01 	lds	r24, 0x0136	; 0x800136 <millis_fract>
  d2:	8d 37       	cpi	r24, 0x7D	; 125
  d4:	70 f0       	brcs	.+28     	; 0xf2 <__vector_16+0x4c>
    {
        millis_fract -= MILLIS_FRACT_MAX;
  d6:	80 91 36 01 	lds	r24, 0x0136	; 0x800136 <millis_fract>
  da:	8d 57       	subi	r24, 0x7D	; 125
  dc:	80 93 36 01 	sts	0x0136, r24	; 0x800136 <millis_fract>
        millis++;
  e0:	80 91 38 01 	lds	r24, 0x0138	; 0x800138 <millis>
  e4:	90 91 39 01 	lds	r25, 0x0139	; 0x800139 <millis+0x1>
  e8:	01 96       	adiw	r24, 0x01	; 1
  ea:	90 93 39 01 	sts	0x0139, r25	; 0x800139 <millis+0x1>
  ee:	80 93 38 01 	sts	0x0138, r24	; 0x800138 <millis>
    }
    intflags.tmr0_ovf_int = 1;
  f2:	80 91 3a 01 	lds	r24, 0x013A	; 0x80013a <intflags>
  f6:	81 60       	ori	r24, 0x01	; 1
  f8:	80 93 3a 01 	sts	0x013A, r24	; 0x80013a <intflags>
}
  fc:	9f 91       	pop	r25
  fe:	8f 91       	pop	r24
 100:	0f 90       	pop	r0
 102:	0f be       	out	0x3f, r0	; 63
 104:	0f 90       	pop	r0
 106:	1f 90       	pop	r1
 108:	18 95       	reti

0000010a <ioinit>:

void ioinit()
{
    // set button as input with pull-up resistor
    *btn1.ddr &= ~_BV(btn1.pin);
 10a:	e1 e1       	ldi	r30, 0x11	; 17
 10c:	f1 e0       	ldi	r31, 0x01	; 1
 10e:	36 81       	ldd	r19, Z+6	; 0x06
 110:	2a b1       	in	r18, 0x0a	; 10
 112:	81 e0       	ldi	r24, 0x01	; 1
 114:	90 e0       	ldi	r25, 0x00	; 0
 116:	ac 01       	movw	r20, r24
 118:	02 c0       	rjmp	.+4      	; 0x11e <ioinit+0x14>
 11a:	44 0f       	add	r20, r20
 11c:	55 1f       	adc	r21, r21
 11e:	3a 95       	dec	r19
 120:	e2 f7       	brpl	.-8      	; 0x11a <ioinit+0x10>
 122:	40 95       	com	r20
 124:	50 95       	com	r21
 126:	24 23       	and	r18, r20
 128:	2a b9       	out	0x0a, r18	; 10
    *btn1.port |= _BV(btn1.pin);
 12a:	36 81       	ldd	r19, Z+6	; 0x06
 12c:	2b b1       	in	r18, 0x0b	; 11
 12e:	ac 01       	movw	r20, r24
 130:	01 c0       	rjmp	.+2      	; 0x134 <ioinit+0x2a>
 132:	44 0f       	add	r20, r20
 134:	3a 95       	dec	r19
 136:	ea f7       	brpl	.-6      	; 0x132 <ioinit+0x28>
 138:	24 2b       	or	r18, r20
 13a:	2b b9       	out	0x0b, r18	; 11
    // set LEDs as outputs
    *led1.ddr |= _BV(led1.pin);
 13c:	a6 e2       	ldi	r26, 0x26	; 38
 13e:	b1 e0       	ldi	r27, 0x01	; 1
 140:	16 96       	adiw	r26, 0x06	; 6
 142:	3c 91       	ld	r19, X
 144:	16 97       	sbiw	r26, 0x06	; 6
 146:	2a b1       	in	r18, 0x0a	; 10
 148:	ac 01       	movw	r20, r24
 14a:	01 c0       	rjmp	.+2      	; 0x14e <ioinit+0x44>
 14c:	44 0f       	add	r20, r20
 14e:	3a 95       	dec	r19
 150:	ea f7       	brpl	.-6      	; 0x14c <ioinit+0x42>
 152:	24 2b       	or	r18, r20
 154:	2a b9       	out	0x0a, r18	; 10
    *led2.ddr |= _BV(led2.pin);
 156:	ef e1       	ldi	r30, 0x1F	; 31
 158:	f1 e0       	ldi	r31, 0x01	; 1
 15a:	36 81       	ldd	r19, Z+6	; 0x06
 15c:	2a b1       	in	r18, 0x0a	; 10
 15e:	ac 01       	movw	r20, r24
 160:	01 c0       	rjmp	.+2      	; 0x164 <ioinit+0x5a>
 162:	44 0f       	add	r20, r20
 164:	3a 95       	dec	r19
 166:	ea f7       	brpl	.-6      	; 0x162 <ioinit+0x58>
 168:	24 2b       	or	r18, r20
 16a:	2a b9       	out	0x0a, r18	; 10
    *led1.port &= ~_BV(led1.pin);
 16c:	16 96       	adiw	r26, 0x06	; 6
 16e:	3c 91       	ld	r19, X
 170:	2b b1       	in	r18, 0x0b	; 11
 172:	ac 01       	movw	r20, r24
 174:	02 c0       	rjmp	.+4      	; 0x17a <ioinit+0x70>
 176:	44 0f       	add	r20, r20
 178:	55 1f       	adc	r21, r21
 17a:	3a 95       	dec	r19
 17c:	e2 f7       	brpl	.-8      	; 0x176 <ioinit+0x6c>
 17e:	40 95       	com	r20
 180:	50 95       	com	r21
 182:	24 23       	and	r18, r20
 184:	2b b9       	out	0x0b, r18	; 11
    *led2.port &= ~_BV(led2.pin);
 186:	36 81       	ldd	r19, Z+6	; 0x06
 188:	2b b1       	in	r18, 0x0b	; 11
 18a:	ac 01       	movw	r20, r24
 18c:	02 c0       	rjmp	.+4      	; 0x192 <ioinit+0x88>
 18e:	44 0f       	add	r20, r20
 190:	55 1f       	adc	r21, r21
 192:	3a 95       	dec	r19
 194:	e2 f7       	brpl	.-8      	; 0x18e <ioinit+0x84>
 196:	40 95       	com	r20
 198:	50 95       	com	r21
 19a:	24 23       	and	r18, r20
 19c:	2b b9       	out	0x0b, r18	; 11

    *led3.ddr |= _BV(led3.pin);
 19e:	30 91 1e 01 	lds	r19, 0x011E	; 0x80011e <led3+0x6>
 1a2:	2a b1       	in	r18, 0x0a	; 10
 1a4:	01 c0       	rjmp	.+2      	; 0x1a8 <ioinit+0x9e>
 1a6:	88 0f       	add	r24, r24
 1a8:	3a 95       	dec	r19
 1aa:	ea f7       	brpl	.-6      	; 0x1a6 <ioinit+0x9c>
 1ac:	82 2b       	or	r24, r18
 1ae:	8a b9       	out	0x0a, r24	; 10
    /*Configure timer0 as a 10-bit phase correct PWM with clock prescaled by 64 */
    /*
    Clear OC0A on compare match when up-counting. Set OC0A on compare match
    when down-counting.
    */
    TCCR0A |= (_BV(COM0A1) | _BV(COM0B1));
 1b0:	84 b5       	in	r24, 0x24	; 36
 1b2:	80 6a       	ori	r24, 0xA0	; 160
 1b4:	84 bd       	out	0x24, r24	; 36
    /* PWM, phase correct */
    TCCR0A |= (_BV(WGM00));
 1b6:	84 b5       	in	r24, 0x24	; 36
 1b8:	81 60       	ori	r24, 0x01	; 1
 1ba:	84 bd       	out	0x24, r24	; 36
    /* /64 prescaling */
    TCCR0B |= (_BV(CS01) | _BV(CS00));
 1bc:	85 b5       	in	r24, 0x25	; 37
 1be:	83 60       	ori	r24, 0x03	; 3
 1c0:	85 bd       	out	0x25, r24	; 37
    /* timer 0 overflow interrupt enable */
    TIMSK0 |= _BV(TOIE0);
 1c2:	ee e6       	ldi	r30, 0x6E	; 110
 1c4:	f0 e0       	ldi	r31, 0x00	; 0
 1c6:	80 81       	ld	r24, Z
 1c8:	81 60       	ori	r24, 0x01	; 1
 1ca:	80 83       	st	Z, r24

    /* set interrupts enable */
    sei();
 1cc:	78 94       	sei
}
 1ce:	08 95       	ret

000001d0 <main>:

int main()
{
    ioinit();
 1d0:	0e 94 85 00 	call	0x10a	; 0x10a <ioinit>
            if (!btn_pressed)
            {
                btn_pressed_confidence++;
                if (btn_pressed_confidence > btn_press_confidence_threshold)
                {
                    btn_pressed = 1;
 1d4:	d1 e0       	ldi	r29, 0x01	; 1
                    case (MODE_OFF):
                        mode = MODE_ON;
                        // *led3.port |= _BV(led3.pin);
                        break;
                    case (MODE_ON):
                        mode = MODE_BLINKING;
 1d6:	12 e0       	ldi	r17, 0x02	; 2
                        break;
                    case (MODE_BLINKING):
                        mode = MODE_FADING;
 1d8:	03 e0       	ldi	r16, 0x03	; 3
        case (MODE_OFF):
            led1_pwm = 0;
            led2_pwm = 0;
            break;
        case (MODE_ON):
            led1_pwm = 255;
 1da:	cf ef       	ldi	r28, 0xFF	; 255
                case FADING_S4:
                    fading_mode = FADING_S5;
                    break;

                case FADING_S5:
                    fading_mode = FADING_S6;
 1dc:	65 e0       	ldi	r22, 0x05	; 5
 1de:	e6 2e       	mov	r14, r22
                case FADING_S3:
                    fading_mode = FADING_S4;
                    break;

                case FADING_S4:
                    fading_mode = FADING_S5;
 1e0:	74 e0       	ldi	r23, 0x04	; 4
 1e2:	f7 2e       	mov	r15, r23
 1e4:	ae c0       	rjmp	.+348    	; 0x342 <main+0x172>
        wdt_reset();

        if (!(*btn1.pind & _BV(btn1.pin)))
        {

            if (!btn_pressed)
 1e6:	80 91 30 01 	lds	r24, 0x0130	; 0x800130 <btn_pressed>
 1ea:	81 11       	cpse	r24, r1
 1ec:	17 c0       	rjmp	.+46     	; 0x21c <main+0x4c>
            {
                btn_pressed_confidence++;
 1ee:	80 91 31 01 	lds	r24, 0x0131	; 0x800131 <btn_pressed_confidence>
 1f2:	8f 5f       	subi	r24, 0xFF	; 255
 1f4:	80 93 31 01 	sts	0x0131, r24	; 0x800131 <btn_pressed_confidence>
                if (btn_pressed_confidence > btn_press_confidence_threshold)
 1f8:	80 91 31 01 	lds	r24, 0x0131	; 0x800131 <btn_pressed_confidence>
 1fc:	85 31       	cpi	r24, 0x15	; 21
 1fe:	70 f0       	brcs	.+28     	; 0x21c <main+0x4c>
                {
                    btn_pressed = 1;
 200:	d0 93 30 01 	sts	0x0130, r29	; 0x800130 <btn_pressed>
                    // *led3.port ^= _BV(led3.pin);
                    switch (mode)
 204:	80 91 00 01 	lds	r24, 0x0100	; 0x800100 <__DATA_REGION_ORIGIN__>
 208:	81 30       	cpi	r24, 0x01	; 1
 20a:	09 f4       	brne	.+2      	; 0x20e <main+0x3e>
 20c:	ad c1       	rjmp	.+858    	; 0x568 <__EEPROM_REGION_LENGTH__+0x168>
 20e:	08 f4       	brcc	.+2      	; 0x212 <main+0x42>
 210:	a8 c1       	rjmp	.+848    	; 0x562 <__EEPROM_REGION_LENGTH__+0x162>
 212:	82 30       	cpi	r24, 0x02	; 2
 214:	09 f4       	brne	.+2      	; 0x218 <main+0x48>
 216:	a2 c1       	rjmp	.+836    	; 0x55c <__EEPROM_REGION_LENGTH__+0x15c>
                        break;
                    case (MODE_FADING):
                        mode = MODE_OFF;
                        break;
                    default:
                        mode = MODE_OFF;
 218:	10 92 00 01 	sts	0x0100, r1	; 0x800100 <__DATA_REGION_ORIGIN__>
                        // *led3.port &= ~_BV(led3.pin);
                    }
                }
            }
            btn_released_confidence = 0;
 21c:	10 92 37 01 	sts	0x0137, r1	; 0x800137 <btn_released_confidence>
                }
            }
            btn_pressed_confidence = 0;
        }

        switch (mode)
 220:	80 91 00 01 	lds	r24, 0x0100	; 0x800100 <__DATA_REGION_ORIGIN__>
 224:	81 30       	cpi	r24, 0x01	; 1
 226:	09 f4       	brne	.+2      	; 0x22a <main+0x5a>
 228:	ae c0       	rjmp	.+348    	; 0x386 <main+0x1b6>
 22a:	81 30       	cpi	r24, 0x01	; 1
 22c:	08 f4       	brcc	.+2      	; 0x230 <main+0x60>
 22e:	b0 c0       	rjmp	.+352    	; 0x390 <main+0x1c0>
 230:	82 30       	cpi	r24, 0x02	; 2
 232:	09 f4       	brne	.+2      	; 0x236 <main+0x66>
 234:	b2 c0       	rjmp	.+356    	; 0x39a <main+0x1ca>
 236:	83 30       	cpi	r24, 0x03	; 3
 238:	09 f0       	breq	.+2      	; 0x23c <main+0x6c>
 23a:	76 c0       	rjmp	.+236    	; 0x328 <main+0x158>
            LED1 fade down, LED2 off, 400ms
            LED1 off, LED2 fade up, 400ms
            LED1 off, LED2 max, 200ms
            LED1 off, LED2 fade down, 400ms
            */
            elapsed = millis - previous_millis_state_changed;
 23c:	20 91 38 01 	lds	r18, 0x0138	; 0x800138 <millis>
 240:	30 91 39 01 	lds	r19, 0x0139	; 0x800139 <millis+0x1>
 244:	40 91 33 01 	lds	r20, 0x0133	; 0x800133 <previous_millis_state_changed>
 248:	50 91 34 01 	lds	r21, 0x0134	; 0x800134 <previous_millis_state_changed+0x1>
 24c:	24 1b       	sub	r18, r20
 24e:	35 0b       	sbc	r19, r21
 250:	30 93 3c 01 	sts	0x013C, r19	; 0x80013c <elapsed+0x1>
 254:	20 93 3b 01 	sts	0x013B, r18	; 0x80013b <elapsed>

            if (elapsed >= durations_fading_modes[fading_mode])
 258:	e0 91 2e 01 	lds	r30, 0x012E	; 0x80012e <__data_end>
 25c:	20 91 3b 01 	lds	r18, 0x013B	; 0x80013b <elapsed>
 260:	30 91 3c 01 	lds	r19, 0x013C	; 0x80013c <elapsed+0x1>
 264:	f0 e0       	ldi	r31, 0x00	; 0
 266:	ee 0f       	add	r30, r30
 268:	ff 1f       	adc	r31, r31
 26a:	ef 5f       	subi	r30, 0xFF	; 255
 26c:	fe 4f       	sbci	r31, 0xFE	; 254
 26e:	40 81       	ld	r20, Z
 270:	51 81       	ldd	r21, Z+1	; 0x01
 272:	24 17       	cp	r18, r20
 274:	35 07       	cpc	r19, r21
 276:	b0 f0       	brcs	.+44     	; 0x2a4 <main+0xd4>
            {
                previous_millis_state_changed = millis;
 278:	20 91 38 01 	lds	r18, 0x0138	; 0x800138 <millis>
 27c:	30 91 39 01 	lds	r19, 0x0139	; 0x800139 <millis+0x1>
 280:	30 93 34 01 	sts	0x0134, r19	; 0x800134 <previous_millis_state_changed+0x1>
 284:	20 93 33 01 	sts	0x0133, r18	; 0x800133 <previous_millis_state_changed>
                switch (fading_mode)
 288:	90 91 2e 01 	lds	r25, 0x012E	; 0x80012e <__data_end>
 28c:	92 30       	cpi	r25, 0x02	; 2
 28e:	09 f4       	brne	.+2      	; 0x292 <main+0xc2>
 290:	74 c1       	rjmp	.+744    	; 0x57a <__EEPROM_REGION_LENGTH__+0x17a>
 292:	08 f4       	brcc	.+2      	; 0x296 <main+0xc6>
 294:	ba c0       	rjmp	.+372    	; 0x40a <__EEPROM_REGION_LENGTH__+0xa>
 296:	94 30       	cpi	r25, 0x04	; 4
 298:	09 f4       	brne	.+2      	; 0x29c <main+0xcc>
 29a:	6c c1       	rjmp	.+728    	; 0x574 <__EEPROM_REGION_LENGTH__+0x174>
 29c:	08 f4       	brcc	.+2      	; 0x2a0 <main+0xd0>
 29e:	67 c1       	rjmp	.+718    	; 0x56e <__EEPROM_REGION_LENGTH__+0x16e>
                case FADING_S6:
                    fading_mode = FADING_S1;
                    break;

                default:
                    fading_mode = FADING_S1;
 2a0:	10 92 2e 01 	sts	0x012E, r1	; 0x80012e <__data_end>
                }
            }
            switch (fading_mode)
 2a4:	80 91 2e 01 	lds	r24, 0x012E	; 0x80012e <__data_end>
 2a8:	82 30       	cpi	r24, 0x02	; 2
 2aa:	09 f4       	brne	.+2      	; 0x2ae <main+0xde>
 2ac:	bb c0       	rjmp	.+374    	; 0x424 <__EEPROM_REGION_LENGTH__+0x24>
 2ae:	83 30       	cpi	r24, 0x03	; 3
 2b0:	08 f4       	brcc	.+2      	; 0x2b4 <main+0xe4>
 2b2:	a1 c0       	rjmp	.+322    	; 0x3f6 <main+0x226>
 2b4:	84 30       	cpi	r24, 0x04	; 4
 2b6:	09 f4       	brne	.+2      	; 0x2ba <main+0xea>
 2b8:	21 c1       	rjmp	.+578    	; 0x4fc <__EEPROM_REGION_LENGTH__+0xfc>
 2ba:	08 f4       	brcc	.+2      	; 0x2be <main+0xee>
 2bc:	f4 c0       	rjmp	.+488    	; 0x4a6 <__EEPROM_REGION_LENGTH__+0xa6>
 2be:	85 30       	cpi	r24, 0x05	; 5
 2c0:	09 f0       	breq	.+2      	; 0x2c4 <main+0xf4>
 2c2:	66 c0       	rjmp	.+204    	; 0x390 <main+0x1c0>
                led1_pwm = 0;
                led2_pwm = 255;
                break;

            case FADING_S6:
                led1_pwm = 0;
 2c4:	10 92 32 01 	sts	0x0132, r1	; 0x800132 <led1_pwm>
                led2_pwm = 255.0 - 255.0 * (float)elapsed / (float)durations_fading_modes[fading_mode];
 2c8:	60 91 3b 01 	lds	r22, 0x013B	; 0x80013b <elapsed>
 2cc:	70 91 3c 01 	lds	r23, 0x013C	; 0x80013c <elapsed+0x1>
 2d0:	d0 90 2e 01 	lds	r13, 0x012E	; 0x80012e <__data_end>
 2d4:	90 e0       	ldi	r25, 0x00	; 0
 2d6:	80 e0       	ldi	r24, 0x00	; 0
 2d8:	0e 94 d1 03 	call	0x7a2	; 0x7a2 <__floatunsisf>
 2dc:	20 e0       	ldi	r18, 0x00	; 0
 2de:	30 e0       	ldi	r19, 0x00	; 0
 2e0:	4f e7       	ldi	r20, 0x7F	; 127
 2e2:	53 e4       	ldi	r21, 0x43	; 67
 2e4:	0e 94 5f 04 	call	0x8be	; 0x8be <__mulsf3>
 2e8:	4b 01       	movw	r8, r22
 2ea:	5c 01       	movw	r10, r24
 2ec:	ed 2d       	mov	r30, r13
 2ee:	f0 e0       	ldi	r31, 0x00	; 0
 2f0:	ee 0f       	add	r30, r30
 2f2:	ff 1f       	adc	r31, r31
 2f4:	ef 5f       	subi	r30, 0xFF	; 255
 2f6:	fe 4f       	sbci	r31, 0xFE	; 254
 2f8:	60 81       	ld	r22, Z
 2fa:	71 81       	ldd	r23, Z+1	; 0x01
 2fc:	90 e0       	ldi	r25, 0x00	; 0
 2fe:	80 e0       	ldi	r24, 0x00	; 0
 300:	0e 94 d1 03 	call	0x7a2	; 0x7a2 <__floatunsisf>
 304:	9b 01       	movw	r18, r22
 306:	ac 01       	movw	r20, r24
 308:	c5 01       	movw	r24, r10
 30a:	b4 01       	movw	r22, r8
 30c:	0e 94 30 03 	call	0x660	; 0x660 <__divsf3>
 310:	9b 01       	movw	r18, r22
 312:	ac 01       	movw	r20, r24
 314:	60 e0       	ldi	r22, 0x00	; 0
 316:	70 e0       	ldi	r23, 0x00	; 0
 318:	8f e7       	ldi	r24, 0x7F	; 127
 31a:	93 e4       	ldi	r25, 0x43	; 67
 31c:	0e 94 c3 02 	call	0x586	; 0x586 <__subsf3>
 320:	0e 94 a2 03 	call	0x744	; 0x744 <__fixunssfsi>
 324:	60 93 35 01 	sts	0x0135, r22	; 0x800135 <led2_pwm>
                led2_pwm = 0;
            }
            break;
        }

        OCR0A = led1_pwm;
 328:	80 91 32 01 	lds	r24, 0x0132	; 0x800132 <led1_pwm>
 32c:	87 bd       	out	0x27, r24	; 39
        OCR0B = led2_pwm;
 32e:	80 91 35 01 	lds	r24, 0x0135	; 0x800135 <led2_pwm>
 332:	88 bd       	out	0x28, r24	; 40
        sleep_mode();
 334:	83 b7       	in	r24, 0x33	; 51
 336:	81 60       	ori	r24, 0x01	; 1
 338:	83 bf       	out	0x33, r24	; 51
 33a:	88 95       	sleep
 33c:	83 b7       	in	r24, 0x33	; 51
 33e:	8e 7f       	andi	r24, 0xFE	; 254
 340:	83 bf       	out	0x33, r24	; 51
int main()
{
    ioinit();
    while (1)
    {
        wdt_reset();
 342:	a8 95       	wdr

        if (!(*btn1.pind & _BV(btn1.pin)))
 344:	89 b1       	in	r24, 0x09	; 9
 346:	20 91 17 01 	lds	r18, 0x0117	; 0x800117 <btn1+0x6>
 34a:	90 e0       	ldi	r25, 0x00	; 0
 34c:	02 c0       	rjmp	.+4      	; 0x352 <main+0x182>
 34e:	95 95       	asr	r25
 350:	87 95       	ror	r24
 352:	2a 95       	dec	r18
 354:	e2 f7       	brpl	.-8      	; 0x34e <main+0x17e>
 356:	80 ff       	sbrs	r24, 0
 358:	46 cf       	rjmp	.-372    	; 0x1e6 <main+0x16>
            }
            btn_released_confidence = 0;
        }
        else
        {
            if (btn_pressed)
 35a:	80 91 30 01 	lds	r24, 0x0130	; 0x800130 <btn_pressed>
 35e:	88 23       	and	r24, r24
 360:	59 f0       	breq	.+22     	; 0x378 <main+0x1a8>
            {
                btn_released_confidence++;
 362:	80 91 37 01 	lds	r24, 0x0137	; 0x800137 <btn_released_confidence>
 366:	8f 5f       	subi	r24, 0xFF	; 255
 368:	80 93 37 01 	sts	0x0137, r24	; 0x800137 <btn_released_confidence>
                if (btn_released_confidence > btn_press_confidence_threshold)
 36c:	80 91 37 01 	lds	r24, 0x0137	; 0x800137 <btn_released_confidence>
 370:	85 31       	cpi	r24, 0x15	; 21
 372:	10 f0       	brcs	.+4      	; 0x378 <main+0x1a8>
                {
                    btn_pressed = 0;
 374:	10 92 30 01 	sts	0x0130, r1	; 0x800130 <btn_pressed>
                }
            }
            btn_pressed_confidence = 0;
 378:	10 92 31 01 	sts	0x0131, r1	; 0x800131 <btn_pressed_confidence>
        }

        switch (mode)
 37c:	80 91 00 01 	lds	r24, 0x0100	; 0x800100 <__DATA_REGION_ORIGIN__>
 380:	81 30       	cpi	r24, 0x01	; 1
 382:	09 f0       	breq	.+2      	; 0x386 <main+0x1b6>
 384:	52 cf       	rjmp	.-348    	; 0x22a <main+0x5a>
        case (MODE_OFF):
            led1_pwm = 0;
            led2_pwm = 0;
            break;
        case (MODE_ON):
            led1_pwm = 255;
 386:	c0 93 32 01 	sts	0x0132, r28	; 0x800132 <led1_pwm>
            led2_pwm = 255;
 38a:	c0 93 35 01 	sts	0x0135, r28	; 0x800135 <led2_pwm>
            break;
 38e:	cc cf       	rjmp	.-104    	; 0x328 <main+0x158>
                led1_pwm = 0;
                led2_pwm = 255.0 - 255.0 * (float)elapsed / (float)durations_fading_modes[fading_mode];
                break;

            default:
                led1_pwm = 0;
 390:	10 92 32 01 	sts	0x0132, r1	; 0x800132 <led1_pwm>
                led2_pwm = 0;
 394:	10 92 35 01 	sts	0x0135, r1	; 0x800135 <led2_pwm>
 398:	c7 cf       	rjmp	.-114    	; 0x328 <main+0x158>
            /*
            states:
            LED 1 on, LED 2 off, 1000ms
            LED 1 off, LED 2 on, 1000ms
            */
            if (millis - previous_millis_state_changed >= durations_blinking_modes[blinking_mode])
 39a:	80 91 38 01 	lds	r24, 0x0138	; 0x800138 <millis>
 39e:	90 91 39 01 	lds	r25, 0x0139	; 0x800139 <millis+0x1>
 3a2:	20 91 33 01 	lds	r18, 0x0133	; 0x800133 <previous_millis_state_changed>
 3a6:	30 91 34 01 	lds	r19, 0x0134	; 0x800134 <previous_millis_state_changed+0x1>
 3aa:	e0 91 2f 01 	lds	r30, 0x012F	; 0x80012f <blinking_mode>
 3ae:	82 1b       	sub	r24, r18
 3b0:	93 0b       	sbc	r25, r19
 3b2:	f0 e0       	ldi	r31, 0x00	; 0
 3b4:	ee 0f       	add	r30, r30
 3b6:	ff 1f       	adc	r31, r31
 3b8:	e3 5f       	subi	r30, 0xF3	; 243
 3ba:	fe 4f       	sbci	r31, 0xFE	; 254
 3bc:	20 81       	ld	r18, Z
 3be:	31 81       	ldd	r19, Z+1	; 0x01
 3c0:	82 17       	cp	r24, r18
 3c2:	93 07       	cpc	r25, r19
 3c4:	08 f4       	brcc	.+2      	; 0x3c8 <main+0x1f8>
 3c6:	b0 cf       	rjmp	.-160    	; 0x328 <main+0x158>
            {
                previous_millis_state_changed = millis;
 3c8:	80 91 38 01 	lds	r24, 0x0138	; 0x800138 <millis>
 3cc:	90 91 39 01 	lds	r25, 0x0139	; 0x800139 <millis+0x1>
 3d0:	90 93 34 01 	sts	0x0134, r25	; 0x800134 <previous_millis_state_changed+0x1>
 3d4:	80 93 33 01 	sts	0x0133, r24	; 0x800133 <previous_millis_state_changed>
                switch (blinking_mode)
 3d8:	80 91 2f 01 	lds	r24, 0x012F	; 0x80012f <blinking_mode>
 3dc:	88 23       	and	r24, r24
 3de:	09 f4       	brne	.+2      	; 0x3e2 <main+0x212>
 3e0:	5b c0       	rjmp	.+182    	; 0x498 <__EEPROM_REGION_LENGTH__+0x98>
 3e2:	81 30       	cpi	r24, 0x01	; 1
 3e4:	09 f0       	breq	.+2      	; 0x3e8 <main+0x218>
 3e6:	51 c0       	rjmp	.+162    	; 0x48a <__EEPROM_REGION_LENGTH__+0x8a>
                    led2_pwm = 0;
                    blinking_mode = BLINKING_S2;
                    break;

                case BLINKING_S2:
                    led1_pwm = 0;
 3e8:	10 92 32 01 	sts	0x0132, r1	; 0x800132 <led1_pwm>
                    led2_pwm = 255;
 3ec:	c0 93 35 01 	sts	0x0135, r28	; 0x800135 <led2_pwm>
                    blinking_mode = BLINKING_S1;
 3f0:	10 92 2f 01 	sts	0x012F, r1	; 0x80012f <blinking_mode>
                    break;
 3f4:	99 cf       	rjmp	.-206    	; 0x328 <main+0x158>

                default:
                    fading_mode = FADING_S1;
                }
            }
            switch (fading_mode)
 3f6:	88 23       	and	r24, r24
 3f8:	09 f4       	brne	.+2      	; 0x3fc <main+0x22c>
 3fa:	85 c0       	rjmp	.+266    	; 0x506 <__EEPROM_REGION_LENGTH__+0x106>
 3fc:	81 30       	cpi	r24, 0x01	; 1
 3fe:	41 f6       	brne	.-112    	; 0x390 <main+0x1c0>
                led1_pwm = (float)elapsed / (float)durations_fading_modes[fading_mode] * 255.0;
                led2_pwm = 0;
                break;

            case FADING_S2:
                led1_pwm = 255;
 400:	c0 93 32 01 	sts	0x0132, r28	; 0x800132 <led1_pwm>
                led2_pwm = 0;
 404:	10 92 35 01 	sts	0x0135, r1	; 0x800135 <led2_pwm>
                break;
 408:	8f cf       	rjmp	.-226    	; 0x328 <main+0x158>
            elapsed = millis - previous_millis_state_changed;

            if (elapsed >= durations_fading_modes[fading_mode])
            {
                previous_millis_state_changed = millis;
                switch (fading_mode)
 40a:	99 23       	and	r25, r25
 40c:	09 f4       	brne	.+2      	; 0x410 <__EEPROM_REGION_LENGTH__+0x10>
 40e:	b8 c0       	rjmp	.+368    	; 0x580 <__EEPROM_REGION_LENGTH__+0x180>
 410:	91 30       	cpi	r25, 0x01	; 1
 412:	09 f0       	breq	.+2      	; 0x416 <__EEPROM_REGION_LENGTH__+0x16>
 414:	45 cf       	rjmp	.-374    	; 0x2a0 <main+0xd0>
                case FADING_S1:
                    fading_mode = FADING_S2;
                    break;

                case FADING_S2:
                    fading_mode = FADING_S3;
 416:	10 93 2e 01 	sts	0x012E, r17	; 0x80012e <__data_end>

                default:
                    fading_mode = FADING_S1;
                }
            }
            switch (fading_mode)
 41a:	80 91 2e 01 	lds	r24, 0x012E	; 0x80012e <__data_end>
 41e:	82 30       	cpi	r24, 0x02	; 2
 420:	09 f0       	breq	.+2      	; 0x424 <__EEPROM_REGION_LENGTH__+0x24>
 422:	45 cf       	rjmp	.-374    	; 0x2ae <main+0xde>
                led1_pwm = 255;
                led2_pwm = 0;
                break;

            case FADING_S3:
                led1_pwm = 255.0 - 255.0 * (float)elapsed / (float)durations_fading_modes[fading_mode];
 424:	60 91 3b 01 	lds	r22, 0x013B	; 0x80013b <elapsed>
 428:	70 91 3c 01 	lds	r23, 0x013C	; 0x80013c <elapsed+0x1>
 42c:	d0 90 2e 01 	lds	r13, 0x012E	; 0x80012e <__data_end>
 430:	90 e0       	ldi	r25, 0x00	; 0
 432:	80 e0       	ldi	r24, 0x00	; 0
 434:	0e 94 d1 03 	call	0x7a2	; 0x7a2 <__floatunsisf>
 438:	20 e0       	ldi	r18, 0x00	; 0
 43a:	30 e0       	ldi	r19, 0x00	; 0
 43c:	4f e7       	ldi	r20, 0x7F	; 127
 43e:	53 e4       	ldi	r21, 0x43	; 67
 440:	0e 94 5f 04 	call	0x8be	; 0x8be <__mulsf3>
 444:	4b 01       	movw	r8, r22
 446:	5c 01       	movw	r10, r24
 448:	ed 2d       	mov	r30, r13
 44a:	f0 e0       	ldi	r31, 0x00	; 0
 44c:	ee 0f       	add	r30, r30
 44e:	ff 1f       	adc	r31, r31
 450:	ef 5f       	subi	r30, 0xFF	; 255
 452:	fe 4f       	sbci	r31, 0xFE	; 254
 454:	60 81       	ld	r22, Z
 456:	71 81       	ldd	r23, Z+1	; 0x01
 458:	90 e0       	ldi	r25, 0x00	; 0
 45a:	80 e0       	ldi	r24, 0x00	; 0
 45c:	0e 94 d1 03 	call	0x7a2	; 0x7a2 <__floatunsisf>
 460:	9b 01       	movw	r18, r22
 462:	ac 01       	movw	r20, r24
 464:	c5 01       	movw	r24, r10
 466:	b4 01       	movw	r22, r8
 468:	0e 94 30 03 	call	0x660	; 0x660 <__divsf3>
 46c:	9b 01       	movw	r18, r22
 46e:	ac 01       	movw	r20, r24
 470:	60 e0       	ldi	r22, 0x00	; 0
 472:	70 e0       	ldi	r23, 0x00	; 0
 474:	8f e7       	ldi	r24, 0x7F	; 127
 476:	93 e4       	ldi	r25, 0x43	; 67
 478:	0e 94 c3 02 	call	0x586	; 0x586 <__subsf3>
 47c:	0e 94 a2 03 	call	0x744	; 0x744 <__fixunssfsi>
 480:	60 93 32 01 	sts	0x0132, r22	; 0x800132 <led1_pwm>
                led2_pwm = 0;
 484:	10 92 35 01 	sts	0x0135, r1	; 0x800135 <led2_pwm>
                break;
 488:	4f cf       	rjmp	.-354    	; 0x328 <main+0x158>
                    led2_pwm = 255;
                    blinking_mode = BLINKING_S1;
                    break;

                default:
                    led1_pwm = 0;
 48a:	10 92 32 01 	sts	0x0132, r1	; 0x800132 <led1_pwm>
                    led2_pwm = 0;
 48e:	10 92 35 01 	sts	0x0135, r1	; 0x800135 <led2_pwm>
                    blinking_mode = BLINKING_S1;
 492:	10 92 2f 01 	sts	0x012F, r1	; 0x80012f <blinking_mode>
 496:	48 cf       	rjmp	.-368    	; 0x328 <main+0x158>
            {
                previous_millis_state_changed = millis;
                switch (blinking_mode)
                {
                case BLINKING_S1:
                    led1_pwm = 255;
 498:	c0 93 32 01 	sts	0x0132, r28	; 0x800132 <led1_pwm>
                    led2_pwm = 0;
 49c:	10 92 35 01 	sts	0x0135, r1	; 0x800135 <led2_pwm>
                    blinking_mode = BLINKING_S2;
 4a0:	d0 93 2f 01 	sts	0x012F, r29	; 0x80012f <blinking_mode>
                    break;
 4a4:	41 cf       	rjmp	.-382    	; 0x328 <main+0x158>
                led1_pwm = 255.0 - 255.0 * (float)elapsed / (float)durations_fading_modes[fading_mode];
                led2_pwm = 0;
                break;

            case FADING_S4:
                led1_pwm = 0;
 4a6:	10 92 32 01 	sts	0x0132, r1	; 0x800132 <led1_pwm>
                led2_pwm = (float)elapsed / (float)durations_fading_modes[fading_mode] * 255.0;
 4aa:	60 91 3b 01 	lds	r22, 0x013B	; 0x80013b <elapsed>
 4ae:	70 91 3c 01 	lds	r23, 0x013C	; 0x80013c <elapsed+0x1>
 4b2:	d0 90 2e 01 	lds	r13, 0x012E	; 0x80012e <__data_end>
 4b6:	90 e0       	ldi	r25, 0x00	; 0
 4b8:	80 e0       	ldi	r24, 0x00	; 0
 4ba:	0e 94 d1 03 	call	0x7a2	; 0x7a2 <__floatunsisf>
 4be:	4b 01       	movw	r8, r22
 4c0:	5c 01       	movw	r10, r24
 4c2:	ed 2d       	mov	r30, r13
 4c4:	f0 e0       	ldi	r31, 0x00	; 0
 4c6:	ee 0f       	add	r30, r30
 4c8:	ff 1f       	adc	r31, r31
 4ca:	ef 5f       	subi	r30, 0xFF	; 255
 4cc:	fe 4f       	sbci	r31, 0xFE	; 254
 4ce:	60 81       	ld	r22, Z
 4d0:	71 81       	ldd	r23, Z+1	; 0x01
 4d2:	90 e0       	ldi	r25, 0x00	; 0
 4d4:	80 e0       	ldi	r24, 0x00	; 0
 4d6:	0e 94 d1 03 	call	0x7a2	; 0x7a2 <__floatunsisf>
 4da:	9b 01       	movw	r18, r22
 4dc:	ac 01       	movw	r20, r24
 4de:	c5 01       	movw	r24, r10
 4e0:	b4 01       	movw	r22, r8
 4e2:	0e 94 30 03 	call	0x660	; 0x660 <__divsf3>
 4e6:	20 e0       	ldi	r18, 0x00	; 0
 4e8:	30 e0       	ldi	r19, 0x00	; 0
 4ea:	4f e7       	ldi	r20, 0x7F	; 127
 4ec:	53 e4       	ldi	r21, 0x43	; 67
 4ee:	0e 94 5f 04 	call	0x8be	; 0x8be <__mulsf3>
 4f2:	0e 94 a2 03 	call	0x744	; 0x744 <__fixunssfsi>
 4f6:	60 93 35 01 	sts	0x0135, r22	; 0x800135 <led2_pwm>
                break;
 4fa:	16 cf       	rjmp	.-468    	; 0x328 <main+0x158>

            case FADING_S5:
                led1_pwm = 0;
 4fc:	10 92 32 01 	sts	0x0132, r1	; 0x800132 <led1_pwm>
                led2_pwm = 255;
 500:	c0 93 35 01 	sts	0x0135, r28	; 0x800135 <led2_pwm>
                break;
 504:	11 cf       	rjmp	.-478    	; 0x328 <main+0x158>
                }
            }
            switch (fading_mode)
            {
            case FADING_S1:
                led1_pwm = (float)elapsed / (float)durations_fading_modes[fading_mode] * 255.0;
 506:	60 91 3b 01 	lds	r22, 0x013B	; 0x80013b <elapsed>
 50a:	70 91 3c 01 	lds	r23, 0x013C	; 0x80013c <elapsed+0x1>
 50e:	d0 90 2e 01 	lds	r13, 0x012E	; 0x80012e <__data_end>
 512:	90 e0       	ldi	r25, 0x00	; 0
 514:	80 e0       	ldi	r24, 0x00	; 0
 516:	0e 94 d1 03 	call	0x7a2	; 0x7a2 <__floatunsisf>
 51a:	4b 01       	movw	r8, r22
 51c:	5c 01       	movw	r10, r24
 51e:	ed 2d       	mov	r30, r13
 520:	f0 e0       	ldi	r31, 0x00	; 0
 522:	ee 0f       	add	r30, r30
 524:	ff 1f       	adc	r31, r31
 526:	ef 5f       	subi	r30, 0xFF	; 255
 528:	fe 4f       	sbci	r31, 0xFE	; 254
 52a:	60 81       	ld	r22, Z
 52c:	71 81       	ldd	r23, Z+1	; 0x01
 52e:	90 e0       	ldi	r25, 0x00	; 0
 530:	80 e0       	ldi	r24, 0x00	; 0
 532:	0e 94 d1 03 	call	0x7a2	; 0x7a2 <__floatunsisf>
 536:	9b 01       	movw	r18, r22
 538:	ac 01       	movw	r20, r24
 53a:	c5 01       	movw	r24, r10
 53c:	b4 01       	movw	r22, r8
 53e:	0e 94 30 03 	call	0x660	; 0x660 <__divsf3>
 542:	20 e0       	ldi	r18, 0x00	; 0
 544:	30 e0       	ldi	r19, 0x00	; 0
 546:	4f e7       	ldi	r20, 0x7F	; 127
 548:	53 e4       	ldi	r21, 0x43	; 67
 54a:	0e 94 5f 04 	call	0x8be	; 0x8be <__mulsf3>
 54e:	0e 94 a2 03 	call	0x744	; 0x744 <__fixunssfsi>
 552:	60 93 32 01 	sts	0x0132, r22	; 0x800132 <led1_pwm>
                led2_pwm = 0;
 556:	10 92 35 01 	sts	0x0135, r1	; 0x800135 <led2_pwm>
                break;
 55a:	e6 ce       	rjmp	.-564    	; 0x328 <main+0x158>
                        break;
                    case (MODE_ON):
                        mode = MODE_BLINKING;
                        break;
                    case (MODE_BLINKING):
                        mode = MODE_FADING;
 55c:	00 93 00 01 	sts	0x0100, r16	; 0x800100 <__DATA_REGION_ORIGIN__>
                        break;
 560:	5d ce       	rjmp	.-838    	; 0x21c <main+0x4c>
                    btn_pressed = 1;
                    // *led3.port ^= _BV(led3.pin);
                    switch (mode)
                    {
                    case (MODE_OFF):
                        mode = MODE_ON;
 562:	d0 93 00 01 	sts	0x0100, r29	; 0x800100 <__DATA_REGION_ORIGIN__>
                        // *led3.port |= _BV(led3.pin);
                        break;
 566:	5a ce       	rjmp	.-844    	; 0x21c <main+0x4c>
                    case (MODE_ON):
                        mode = MODE_BLINKING;
 568:	10 93 00 01 	sts	0x0100, r17	; 0x800100 <__DATA_REGION_ORIGIN__>
                        break;
 56c:	57 ce       	rjmp	.-850    	; 0x21c <main+0x4c>
                case FADING_S3:
                    fading_mode = FADING_S4;
                    break;

                case FADING_S4:
                    fading_mode = FADING_S5;
 56e:	f0 92 2e 01 	sts	0x012E, r15	; 0x80012e <__data_end>
                    break;
 572:	98 ce       	rjmp	.-720    	; 0x2a4 <main+0xd4>

                case FADING_S5:
                    fading_mode = FADING_S6;
 574:	e0 92 2e 01 	sts	0x012E, r14	; 0x80012e <__data_end>
                    break;
 578:	95 ce       	rjmp	.-726    	; 0x2a4 <main+0xd4>
                case FADING_S2:
                    fading_mode = FADING_S3;
                    break;

                case FADING_S3:
                    fading_mode = FADING_S4;
 57a:	80 93 2e 01 	sts	0x012E, r24	; 0x80012e <__data_end>
                    break;
 57e:	92 ce       	rjmp	.-732    	; 0x2a4 <main+0xd4>
            {
                previous_millis_state_changed = millis;
                switch (fading_mode)
                {
                case FADING_S1:
                    fading_mode = FADING_S2;
 580:	d0 93 2e 01 	sts	0x012E, r29	; 0x80012e <__data_end>
                    break;
 584:	8f ce       	rjmp	.-738    	; 0x2a4 <main+0xd4>

00000586 <__subsf3>:
 586:	50 58       	subi	r21, 0x80	; 128

00000588 <__addsf3>:
 588:	bb 27       	eor	r27, r27
 58a:	aa 27       	eor	r26, r26
 58c:	0e 94 db 02 	call	0x5b6	; 0x5b6 <__addsf3x>
 590:	0c 94 25 04 	jmp	0x84a	; 0x84a <__fp_round>
 594:	0e 94 17 04 	call	0x82e	; 0x82e <__fp_pscA>
 598:	38 f0       	brcs	.+14     	; 0x5a8 <__addsf3+0x20>
 59a:	0e 94 1e 04 	call	0x83c	; 0x83c <__fp_pscB>
 59e:	20 f0       	brcs	.+8      	; 0x5a8 <__addsf3+0x20>
 5a0:	39 f4       	brne	.+14     	; 0x5b0 <__addsf3+0x28>
 5a2:	9f 3f       	cpi	r25, 0xFF	; 255
 5a4:	19 f4       	brne	.+6      	; 0x5ac <__addsf3+0x24>
 5a6:	26 f4       	brtc	.+8      	; 0x5b0 <__addsf3+0x28>
 5a8:	0c 94 14 04 	jmp	0x828	; 0x828 <__fp_nan>
 5ac:	0e f4       	brtc	.+2      	; 0x5b0 <__addsf3+0x28>
 5ae:	e0 95       	com	r30
 5b0:	e7 fb       	bst	r30, 7
 5b2:	0c 94 0e 04 	jmp	0x81c	; 0x81c <__fp_inf>

000005b6 <__addsf3x>:
 5b6:	e9 2f       	mov	r30, r25
 5b8:	0e 94 36 04 	call	0x86c	; 0x86c <__fp_split3>
 5bc:	58 f3       	brcs	.-42     	; 0x594 <__addsf3+0xc>
 5be:	ba 17       	cp	r27, r26
 5c0:	62 07       	cpc	r22, r18
 5c2:	73 07       	cpc	r23, r19
 5c4:	84 07       	cpc	r24, r20
 5c6:	95 07       	cpc	r25, r21
 5c8:	20 f0       	brcs	.+8      	; 0x5d2 <__addsf3x+0x1c>
 5ca:	79 f4       	brne	.+30     	; 0x5ea <__addsf3x+0x34>
 5cc:	a6 f5       	brtc	.+104    	; 0x636 <__addsf3x+0x80>
 5ce:	0c 94 58 04 	jmp	0x8b0	; 0x8b0 <__fp_zero>
 5d2:	0e f4       	brtc	.+2      	; 0x5d6 <__addsf3x+0x20>
 5d4:	e0 95       	com	r30
 5d6:	0b 2e       	mov	r0, r27
 5d8:	ba 2f       	mov	r27, r26
 5da:	a0 2d       	mov	r26, r0
 5dc:	0b 01       	movw	r0, r22
 5de:	b9 01       	movw	r22, r18
 5e0:	90 01       	movw	r18, r0
 5e2:	0c 01       	movw	r0, r24
 5e4:	ca 01       	movw	r24, r20
 5e6:	a0 01       	movw	r20, r0
 5e8:	11 24       	eor	r1, r1
 5ea:	ff 27       	eor	r31, r31
 5ec:	59 1b       	sub	r21, r25
 5ee:	99 f0       	breq	.+38     	; 0x616 <__addsf3x+0x60>
 5f0:	59 3f       	cpi	r21, 0xF9	; 249
 5f2:	50 f4       	brcc	.+20     	; 0x608 <__addsf3x+0x52>
 5f4:	50 3e       	cpi	r21, 0xE0	; 224
 5f6:	68 f1       	brcs	.+90     	; 0x652 <__addsf3x+0x9c>
 5f8:	1a 16       	cp	r1, r26
 5fa:	f0 40       	sbci	r31, 0x00	; 0
 5fc:	a2 2f       	mov	r26, r18
 5fe:	23 2f       	mov	r18, r19
 600:	34 2f       	mov	r19, r20
 602:	44 27       	eor	r20, r20
 604:	58 5f       	subi	r21, 0xF8	; 248
 606:	f3 cf       	rjmp	.-26     	; 0x5ee <__addsf3x+0x38>
 608:	46 95       	lsr	r20
 60a:	37 95       	ror	r19
 60c:	27 95       	ror	r18
 60e:	a7 95       	ror	r26
 610:	f0 40       	sbci	r31, 0x00	; 0
 612:	53 95       	inc	r21
 614:	c9 f7       	brne	.-14     	; 0x608 <__addsf3x+0x52>
 616:	7e f4       	brtc	.+30     	; 0x636 <__addsf3x+0x80>
 618:	1f 16       	cp	r1, r31
 61a:	ba 0b       	sbc	r27, r26
 61c:	62 0b       	sbc	r22, r18
 61e:	73 0b       	sbc	r23, r19
 620:	84 0b       	sbc	r24, r20
 622:	ba f0       	brmi	.+46     	; 0x652 <__addsf3x+0x9c>
 624:	91 50       	subi	r25, 0x01	; 1
 626:	a1 f0       	breq	.+40     	; 0x650 <__addsf3x+0x9a>
 628:	ff 0f       	add	r31, r31
 62a:	bb 1f       	adc	r27, r27
 62c:	66 1f       	adc	r22, r22
 62e:	77 1f       	adc	r23, r23
 630:	88 1f       	adc	r24, r24
 632:	c2 f7       	brpl	.-16     	; 0x624 <__addsf3x+0x6e>
 634:	0e c0       	rjmp	.+28     	; 0x652 <__addsf3x+0x9c>
 636:	ba 0f       	add	r27, r26
 638:	62 1f       	adc	r22, r18
 63a:	73 1f       	adc	r23, r19
 63c:	84 1f       	adc	r24, r20
 63e:	48 f4       	brcc	.+18     	; 0x652 <__addsf3x+0x9c>
 640:	87 95       	ror	r24
 642:	77 95       	ror	r23
 644:	67 95       	ror	r22
 646:	b7 95       	ror	r27
 648:	f7 95       	ror	r31
 64a:	9e 3f       	cpi	r25, 0xFE	; 254
 64c:	08 f0       	brcs	.+2      	; 0x650 <__addsf3x+0x9a>
 64e:	b0 cf       	rjmp	.-160    	; 0x5b0 <__addsf3+0x28>
 650:	93 95       	inc	r25
 652:	88 0f       	add	r24, r24
 654:	08 f0       	brcs	.+2      	; 0x658 <__addsf3x+0xa2>
 656:	99 27       	eor	r25, r25
 658:	ee 0f       	add	r30, r30
 65a:	97 95       	ror	r25
 65c:	87 95       	ror	r24
 65e:	08 95       	ret

00000660 <__divsf3>:
 660:	0e 94 44 03 	call	0x688	; 0x688 <__divsf3x>
 664:	0c 94 25 04 	jmp	0x84a	; 0x84a <__fp_round>
 668:	0e 94 1e 04 	call	0x83c	; 0x83c <__fp_pscB>
 66c:	58 f0       	brcs	.+22     	; 0x684 <__divsf3+0x24>
 66e:	0e 94 17 04 	call	0x82e	; 0x82e <__fp_pscA>
 672:	40 f0       	brcs	.+16     	; 0x684 <__divsf3+0x24>
 674:	29 f4       	brne	.+10     	; 0x680 <__divsf3+0x20>
 676:	5f 3f       	cpi	r21, 0xFF	; 255
 678:	29 f0       	breq	.+10     	; 0x684 <__divsf3+0x24>
 67a:	0c 94 0e 04 	jmp	0x81c	; 0x81c <__fp_inf>
 67e:	51 11       	cpse	r21, r1
 680:	0c 94 59 04 	jmp	0x8b2	; 0x8b2 <__fp_szero>
 684:	0c 94 14 04 	jmp	0x828	; 0x828 <__fp_nan>

00000688 <__divsf3x>:
 688:	0e 94 36 04 	call	0x86c	; 0x86c <__fp_split3>
 68c:	68 f3       	brcs	.-38     	; 0x668 <__divsf3+0x8>

0000068e <__divsf3_pse>:
 68e:	99 23       	and	r25, r25
 690:	b1 f3       	breq	.-20     	; 0x67e <__divsf3+0x1e>
 692:	55 23       	and	r21, r21
 694:	91 f3       	breq	.-28     	; 0x67a <__divsf3+0x1a>
 696:	95 1b       	sub	r25, r21
 698:	55 0b       	sbc	r21, r21
 69a:	bb 27       	eor	r27, r27
 69c:	aa 27       	eor	r26, r26
 69e:	62 17       	cp	r22, r18
 6a0:	73 07       	cpc	r23, r19
 6a2:	84 07       	cpc	r24, r20
 6a4:	38 f0       	brcs	.+14     	; 0x6b4 <__divsf3_pse+0x26>
 6a6:	9f 5f       	subi	r25, 0xFF	; 255
 6a8:	5f 4f       	sbci	r21, 0xFF	; 255
 6aa:	22 0f       	add	r18, r18
 6ac:	33 1f       	adc	r19, r19
 6ae:	44 1f       	adc	r20, r20
 6b0:	aa 1f       	adc	r26, r26
 6b2:	a9 f3       	breq	.-22     	; 0x69e <__divsf3_pse+0x10>
 6b4:	35 d0       	rcall	.+106    	; 0x720 <__divsf3_pse+0x92>
 6b6:	0e 2e       	mov	r0, r30
 6b8:	3a f0       	brmi	.+14     	; 0x6c8 <__divsf3_pse+0x3a>
 6ba:	e0 e8       	ldi	r30, 0x80	; 128
 6bc:	32 d0       	rcall	.+100    	; 0x722 <__divsf3_pse+0x94>
 6be:	91 50       	subi	r25, 0x01	; 1
 6c0:	50 40       	sbci	r21, 0x00	; 0
 6c2:	e6 95       	lsr	r30
 6c4:	00 1c       	adc	r0, r0
 6c6:	ca f7       	brpl	.-14     	; 0x6ba <__divsf3_pse+0x2c>
 6c8:	2b d0       	rcall	.+86     	; 0x720 <__divsf3_pse+0x92>
 6ca:	fe 2f       	mov	r31, r30
 6cc:	29 d0       	rcall	.+82     	; 0x720 <__divsf3_pse+0x92>
 6ce:	66 0f       	add	r22, r22
 6d0:	77 1f       	adc	r23, r23
 6d2:	88 1f       	adc	r24, r24
 6d4:	bb 1f       	adc	r27, r27
 6d6:	26 17       	cp	r18, r22
 6d8:	37 07       	cpc	r19, r23
 6da:	48 07       	cpc	r20, r24
 6dc:	ab 07       	cpc	r26, r27
 6de:	b0 e8       	ldi	r27, 0x80	; 128
 6e0:	09 f0       	breq	.+2      	; 0x6e4 <__divsf3_pse+0x56>
 6e2:	bb 0b       	sbc	r27, r27
 6e4:	80 2d       	mov	r24, r0
 6e6:	bf 01       	movw	r22, r30
 6e8:	ff 27       	eor	r31, r31
 6ea:	93 58       	subi	r25, 0x83	; 131
 6ec:	5f 4f       	sbci	r21, 0xFF	; 255
 6ee:	3a f0       	brmi	.+14     	; 0x6fe <__divsf3_pse+0x70>
 6f0:	9e 3f       	cpi	r25, 0xFE	; 254
 6f2:	51 05       	cpc	r21, r1
 6f4:	78 f0       	brcs	.+30     	; 0x714 <__divsf3_pse+0x86>
 6f6:	0c 94 0e 04 	jmp	0x81c	; 0x81c <__fp_inf>
 6fa:	0c 94 59 04 	jmp	0x8b2	; 0x8b2 <__fp_szero>
 6fe:	5f 3f       	cpi	r21, 0xFF	; 255
 700:	e4 f3       	brlt	.-8      	; 0x6fa <__divsf3_pse+0x6c>
 702:	98 3e       	cpi	r25, 0xE8	; 232
 704:	d4 f3       	brlt	.-12     	; 0x6fa <__divsf3_pse+0x6c>
 706:	86 95       	lsr	r24
 708:	77 95       	ror	r23
 70a:	67 95       	ror	r22
 70c:	b7 95       	ror	r27
 70e:	f7 95       	ror	r31
 710:	9f 5f       	subi	r25, 0xFF	; 255
 712:	c9 f7       	brne	.-14     	; 0x706 <__divsf3_pse+0x78>
 714:	88 0f       	add	r24, r24
 716:	91 1d       	adc	r25, r1
 718:	96 95       	lsr	r25
 71a:	87 95       	ror	r24
 71c:	97 f9       	bld	r25, 7
 71e:	08 95       	ret
 720:	e1 e0       	ldi	r30, 0x01	; 1
 722:	66 0f       	add	r22, r22
 724:	77 1f       	adc	r23, r23
 726:	88 1f       	adc	r24, r24
 728:	bb 1f       	adc	r27, r27
 72a:	62 17       	cp	r22, r18
 72c:	73 07       	cpc	r23, r19
 72e:	84 07       	cpc	r24, r20
 730:	ba 07       	cpc	r27, r26
 732:	20 f0       	brcs	.+8      	; 0x73c <__divsf3_pse+0xae>
 734:	62 1b       	sub	r22, r18
 736:	73 0b       	sbc	r23, r19
 738:	84 0b       	sbc	r24, r20
 73a:	ba 0b       	sbc	r27, r26
 73c:	ee 1f       	adc	r30, r30
 73e:	88 f7       	brcc	.-30     	; 0x722 <__divsf3_pse+0x94>
 740:	e0 95       	com	r30
 742:	08 95       	ret

00000744 <__fixunssfsi>:
 744:	0e 94 3e 04 	call	0x87c	; 0x87c <__fp_splitA>
 748:	88 f0       	brcs	.+34     	; 0x76c <__fixunssfsi+0x28>
 74a:	9f 57       	subi	r25, 0x7F	; 127
 74c:	98 f0       	brcs	.+38     	; 0x774 <__fixunssfsi+0x30>
 74e:	b9 2f       	mov	r27, r25
 750:	99 27       	eor	r25, r25
 752:	b7 51       	subi	r27, 0x17	; 23
 754:	b0 f0       	brcs	.+44     	; 0x782 <__fixunssfsi+0x3e>
 756:	e1 f0       	breq	.+56     	; 0x790 <__fixunssfsi+0x4c>
 758:	66 0f       	add	r22, r22
 75a:	77 1f       	adc	r23, r23
 75c:	88 1f       	adc	r24, r24
 75e:	99 1f       	adc	r25, r25
 760:	1a f0       	brmi	.+6      	; 0x768 <__fixunssfsi+0x24>
 762:	ba 95       	dec	r27
 764:	c9 f7       	brne	.-14     	; 0x758 <__fixunssfsi+0x14>
 766:	14 c0       	rjmp	.+40     	; 0x790 <__fixunssfsi+0x4c>
 768:	b1 30       	cpi	r27, 0x01	; 1
 76a:	91 f0       	breq	.+36     	; 0x790 <__fixunssfsi+0x4c>
 76c:	0e 94 58 04 	call	0x8b0	; 0x8b0 <__fp_zero>
 770:	b1 e0       	ldi	r27, 0x01	; 1
 772:	08 95       	ret
 774:	0c 94 58 04 	jmp	0x8b0	; 0x8b0 <__fp_zero>
 778:	67 2f       	mov	r22, r23
 77a:	78 2f       	mov	r23, r24
 77c:	88 27       	eor	r24, r24
 77e:	b8 5f       	subi	r27, 0xF8	; 248
 780:	39 f0       	breq	.+14     	; 0x790 <__fixunssfsi+0x4c>
 782:	b9 3f       	cpi	r27, 0xF9	; 249
 784:	cc f3       	brlt	.-14     	; 0x778 <__fixunssfsi+0x34>
 786:	86 95       	lsr	r24
 788:	77 95       	ror	r23
 78a:	67 95       	ror	r22
 78c:	b3 95       	inc	r27
 78e:	d9 f7       	brne	.-10     	; 0x786 <__fixunssfsi+0x42>
 790:	3e f4       	brtc	.+14     	; 0x7a0 <__fixunssfsi+0x5c>
 792:	90 95       	com	r25
 794:	80 95       	com	r24
 796:	70 95       	com	r23
 798:	61 95       	neg	r22
 79a:	7f 4f       	sbci	r23, 0xFF	; 255
 79c:	8f 4f       	sbci	r24, 0xFF	; 255
 79e:	9f 4f       	sbci	r25, 0xFF	; 255
 7a0:	08 95       	ret

000007a2 <__floatunsisf>:
 7a2:	e8 94       	clt
 7a4:	09 c0       	rjmp	.+18     	; 0x7b8 <__floatsisf+0x12>

000007a6 <__floatsisf>:
 7a6:	97 fb       	bst	r25, 7
 7a8:	3e f4       	brtc	.+14     	; 0x7b8 <__floatsisf+0x12>
 7aa:	90 95       	com	r25
 7ac:	80 95       	com	r24
 7ae:	70 95       	com	r23
 7b0:	61 95       	neg	r22
 7b2:	7f 4f       	sbci	r23, 0xFF	; 255
 7b4:	8f 4f       	sbci	r24, 0xFF	; 255
 7b6:	9f 4f       	sbci	r25, 0xFF	; 255
 7b8:	99 23       	and	r25, r25
 7ba:	a9 f0       	breq	.+42     	; 0x7e6 <__floatsisf+0x40>
 7bc:	f9 2f       	mov	r31, r25
 7be:	96 e9       	ldi	r25, 0x96	; 150
 7c0:	bb 27       	eor	r27, r27
 7c2:	93 95       	inc	r25
 7c4:	f6 95       	lsr	r31
 7c6:	87 95       	ror	r24
 7c8:	77 95       	ror	r23
 7ca:	67 95       	ror	r22
 7cc:	b7 95       	ror	r27
 7ce:	f1 11       	cpse	r31, r1
 7d0:	f8 cf       	rjmp	.-16     	; 0x7c2 <__floatsisf+0x1c>
 7d2:	fa f4       	brpl	.+62     	; 0x812 <__DATA_REGION_LENGTH__+0x12>
 7d4:	bb 0f       	add	r27, r27
 7d6:	11 f4       	brne	.+4      	; 0x7dc <__floatsisf+0x36>
 7d8:	60 ff       	sbrs	r22, 0
 7da:	1b c0       	rjmp	.+54     	; 0x812 <__DATA_REGION_LENGTH__+0x12>
 7dc:	6f 5f       	subi	r22, 0xFF	; 255
 7de:	7f 4f       	sbci	r23, 0xFF	; 255
 7e0:	8f 4f       	sbci	r24, 0xFF	; 255
 7e2:	9f 4f       	sbci	r25, 0xFF	; 255
 7e4:	16 c0       	rjmp	.+44     	; 0x812 <__DATA_REGION_LENGTH__+0x12>
 7e6:	88 23       	and	r24, r24
 7e8:	11 f0       	breq	.+4      	; 0x7ee <__floatsisf+0x48>
 7ea:	96 e9       	ldi	r25, 0x96	; 150
 7ec:	11 c0       	rjmp	.+34     	; 0x810 <__DATA_REGION_LENGTH__+0x10>
 7ee:	77 23       	and	r23, r23
 7f0:	21 f0       	breq	.+8      	; 0x7fa <__floatsisf+0x54>
 7f2:	9e e8       	ldi	r25, 0x8E	; 142
 7f4:	87 2f       	mov	r24, r23
 7f6:	76 2f       	mov	r23, r22
 7f8:	05 c0       	rjmp	.+10     	; 0x804 <__DATA_REGION_LENGTH__+0x4>
 7fa:	66 23       	and	r22, r22
 7fc:	71 f0       	breq	.+28     	; 0x81a <__DATA_REGION_LENGTH__+0x1a>
 7fe:	96 e8       	ldi	r25, 0x86	; 134
 800:	86 2f       	mov	r24, r22
 802:	70 e0       	ldi	r23, 0x00	; 0
 804:	60 e0       	ldi	r22, 0x00	; 0
 806:	2a f0       	brmi	.+10     	; 0x812 <__DATA_REGION_LENGTH__+0x12>
 808:	9a 95       	dec	r25
 80a:	66 0f       	add	r22, r22
 80c:	77 1f       	adc	r23, r23
 80e:	88 1f       	adc	r24, r24
 810:	da f7       	brpl	.-10     	; 0x808 <__DATA_REGION_LENGTH__+0x8>
 812:	88 0f       	add	r24, r24
 814:	96 95       	lsr	r25
 816:	87 95       	ror	r24
 818:	97 f9       	bld	r25, 7
 81a:	08 95       	ret

0000081c <__fp_inf>:
 81c:	97 f9       	bld	r25, 7
 81e:	9f 67       	ori	r25, 0x7F	; 127
 820:	80 e8       	ldi	r24, 0x80	; 128
 822:	70 e0       	ldi	r23, 0x00	; 0
 824:	60 e0       	ldi	r22, 0x00	; 0
 826:	08 95       	ret

00000828 <__fp_nan>:
 828:	9f ef       	ldi	r25, 0xFF	; 255
 82a:	80 ec       	ldi	r24, 0xC0	; 192
 82c:	08 95       	ret

0000082e <__fp_pscA>:
 82e:	00 24       	eor	r0, r0
 830:	0a 94       	dec	r0
 832:	16 16       	cp	r1, r22
 834:	17 06       	cpc	r1, r23
 836:	18 06       	cpc	r1, r24
 838:	09 06       	cpc	r0, r25
 83a:	08 95       	ret

0000083c <__fp_pscB>:
 83c:	00 24       	eor	r0, r0
 83e:	0a 94       	dec	r0
 840:	12 16       	cp	r1, r18
 842:	13 06       	cpc	r1, r19
 844:	14 06       	cpc	r1, r20
 846:	05 06       	cpc	r0, r21
 848:	08 95       	ret

0000084a <__fp_round>:
 84a:	09 2e       	mov	r0, r25
 84c:	03 94       	inc	r0
 84e:	00 0c       	add	r0, r0
 850:	11 f4       	brne	.+4      	; 0x856 <__fp_round+0xc>
 852:	88 23       	and	r24, r24
 854:	52 f0       	brmi	.+20     	; 0x86a <__fp_round+0x20>
 856:	bb 0f       	add	r27, r27
 858:	40 f4       	brcc	.+16     	; 0x86a <__fp_round+0x20>
 85a:	bf 2b       	or	r27, r31
 85c:	11 f4       	brne	.+4      	; 0x862 <__fp_round+0x18>
 85e:	60 ff       	sbrs	r22, 0
 860:	04 c0       	rjmp	.+8      	; 0x86a <__fp_round+0x20>
 862:	6f 5f       	subi	r22, 0xFF	; 255
 864:	7f 4f       	sbci	r23, 0xFF	; 255
 866:	8f 4f       	sbci	r24, 0xFF	; 255
 868:	9f 4f       	sbci	r25, 0xFF	; 255
 86a:	08 95       	ret

0000086c <__fp_split3>:
 86c:	57 fd       	sbrc	r21, 7
 86e:	90 58       	subi	r25, 0x80	; 128
 870:	44 0f       	add	r20, r20
 872:	55 1f       	adc	r21, r21
 874:	59 f0       	breq	.+22     	; 0x88c <__fp_splitA+0x10>
 876:	5f 3f       	cpi	r21, 0xFF	; 255
 878:	71 f0       	breq	.+28     	; 0x896 <__fp_splitA+0x1a>
 87a:	47 95       	ror	r20

0000087c <__fp_splitA>:
 87c:	88 0f       	add	r24, r24
 87e:	97 fb       	bst	r25, 7
 880:	99 1f       	adc	r25, r25
 882:	61 f0       	breq	.+24     	; 0x89c <__fp_splitA+0x20>
 884:	9f 3f       	cpi	r25, 0xFF	; 255
 886:	79 f0       	breq	.+30     	; 0x8a6 <__fp_splitA+0x2a>
 888:	87 95       	ror	r24
 88a:	08 95       	ret
 88c:	12 16       	cp	r1, r18
 88e:	13 06       	cpc	r1, r19
 890:	14 06       	cpc	r1, r20
 892:	55 1f       	adc	r21, r21
 894:	f2 cf       	rjmp	.-28     	; 0x87a <__fp_split3+0xe>
 896:	46 95       	lsr	r20
 898:	f1 df       	rcall	.-30     	; 0x87c <__fp_splitA>
 89a:	08 c0       	rjmp	.+16     	; 0x8ac <__fp_splitA+0x30>
 89c:	16 16       	cp	r1, r22
 89e:	17 06       	cpc	r1, r23
 8a0:	18 06       	cpc	r1, r24
 8a2:	99 1f       	adc	r25, r25
 8a4:	f1 cf       	rjmp	.-30     	; 0x888 <__fp_splitA+0xc>
 8a6:	86 95       	lsr	r24
 8a8:	71 05       	cpc	r23, r1
 8aa:	61 05       	cpc	r22, r1
 8ac:	08 94       	sec
 8ae:	08 95       	ret

000008b0 <__fp_zero>:
 8b0:	e8 94       	clt

000008b2 <__fp_szero>:
 8b2:	bb 27       	eor	r27, r27
 8b4:	66 27       	eor	r22, r22
 8b6:	77 27       	eor	r23, r23
 8b8:	cb 01       	movw	r24, r22
 8ba:	97 f9       	bld	r25, 7
 8bc:	08 95       	ret

000008be <__mulsf3>:
 8be:	0e 94 72 04 	call	0x8e4	; 0x8e4 <__mulsf3x>
 8c2:	0c 94 25 04 	jmp	0x84a	; 0x84a <__fp_round>
 8c6:	0e 94 17 04 	call	0x82e	; 0x82e <__fp_pscA>
 8ca:	38 f0       	brcs	.+14     	; 0x8da <__mulsf3+0x1c>
 8cc:	0e 94 1e 04 	call	0x83c	; 0x83c <__fp_pscB>
 8d0:	20 f0       	brcs	.+8      	; 0x8da <__mulsf3+0x1c>
 8d2:	95 23       	and	r25, r21
 8d4:	11 f0       	breq	.+4      	; 0x8da <__mulsf3+0x1c>
 8d6:	0c 94 0e 04 	jmp	0x81c	; 0x81c <__fp_inf>
 8da:	0c 94 14 04 	jmp	0x828	; 0x828 <__fp_nan>
 8de:	11 24       	eor	r1, r1
 8e0:	0c 94 59 04 	jmp	0x8b2	; 0x8b2 <__fp_szero>

000008e4 <__mulsf3x>:
 8e4:	0e 94 36 04 	call	0x86c	; 0x86c <__fp_split3>
 8e8:	70 f3       	brcs	.-36     	; 0x8c6 <__mulsf3+0x8>

000008ea <__mulsf3_pse>:
 8ea:	95 9f       	mul	r25, r21
 8ec:	c1 f3       	breq	.-16     	; 0x8de <__mulsf3+0x20>
 8ee:	95 0f       	add	r25, r21
 8f0:	50 e0       	ldi	r21, 0x00	; 0
 8f2:	55 1f       	adc	r21, r21
 8f4:	62 9f       	mul	r22, r18
 8f6:	f0 01       	movw	r30, r0
 8f8:	72 9f       	mul	r23, r18
 8fa:	bb 27       	eor	r27, r27
 8fc:	f0 0d       	add	r31, r0
 8fe:	b1 1d       	adc	r27, r1
 900:	63 9f       	mul	r22, r19
 902:	aa 27       	eor	r26, r26
 904:	f0 0d       	add	r31, r0
 906:	b1 1d       	adc	r27, r1
 908:	aa 1f       	adc	r26, r26
 90a:	64 9f       	mul	r22, r20
 90c:	66 27       	eor	r22, r22
 90e:	b0 0d       	add	r27, r0
 910:	a1 1d       	adc	r26, r1
 912:	66 1f       	adc	r22, r22
 914:	82 9f       	mul	r24, r18
 916:	22 27       	eor	r18, r18
 918:	b0 0d       	add	r27, r0
 91a:	a1 1d       	adc	r26, r1
 91c:	62 1f       	adc	r22, r18
 91e:	73 9f       	mul	r23, r19
 920:	b0 0d       	add	r27, r0
 922:	a1 1d       	adc	r26, r1
 924:	62 1f       	adc	r22, r18
 926:	83 9f       	mul	r24, r19
 928:	a0 0d       	add	r26, r0
 92a:	61 1d       	adc	r22, r1
 92c:	22 1f       	adc	r18, r18
 92e:	74 9f       	mul	r23, r20
 930:	33 27       	eor	r19, r19
 932:	a0 0d       	add	r26, r0
 934:	61 1d       	adc	r22, r1
 936:	23 1f       	adc	r18, r19
 938:	84 9f       	mul	r24, r20
 93a:	60 0d       	add	r22, r0
 93c:	21 1d       	adc	r18, r1
 93e:	82 2f       	mov	r24, r18
 940:	76 2f       	mov	r23, r22
 942:	6a 2f       	mov	r22, r26
 944:	11 24       	eor	r1, r1
 946:	9f 57       	subi	r25, 0x7F	; 127
 948:	50 40       	sbci	r21, 0x00	; 0
 94a:	9a f0       	brmi	.+38     	; 0x972 <__stack+0x73>
 94c:	f1 f0       	breq	.+60     	; 0x98a <__stack+0x8b>
 94e:	88 23       	and	r24, r24
 950:	4a f0       	brmi	.+18     	; 0x964 <__stack+0x65>
 952:	ee 0f       	add	r30, r30
 954:	ff 1f       	adc	r31, r31
 956:	bb 1f       	adc	r27, r27
 958:	66 1f       	adc	r22, r22
 95a:	77 1f       	adc	r23, r23
 95c:	88 1f       	adc	r24, r24
 95e:	91 50       	subi	r25, 0x01	; 1
 960:	50 40       	sbci	r21, 0x00	; 0
 962:	a9 f7       	brne	.-22     	; 0x94e <__stack+0x4f>
 964:	9e 3f       	cpi	r25, 0xFE	; 254
 966:	51 05       	cpc	r21, r1
 968:	80 f0       	brcs	.+32     	; 0x98a <__stack+0x8b>
 96a:	0c 94 0e 04 	jmp	0x81c	; 0x81c <__fp_inf>
 96e:	0c 94 59 04 	jmp	0x8b2	; 0x8b2 <__fp_szero>
 972:	5f 3f       	cpi	r21, 0xFF	; 255
 974:	e4 f3       	brlt	.-8      	; 0x96e <__stack+0x6f>
 976:	98 3e       	cpi	r25, 0xE8	; 232
 978:	d4 f3       	brlt	.-12     	; 0x96e <__stack+0x6f>
 97a:	86 95       	lsr	r24
 97c:	77 95       	ror	r23
 97e:	67 95       	ror	r22
 980:	b7 95       	ror	r27
 982:	f7 95       	ror	r31
 984:	e7 95       	ror	r30
 986:	9f 5f       	subi	r25, 0xFF	; 255
 988:	c1 f7       	brne	.-16     	; 0x97a <__stack+0x7b>
 98a:	fe 2b       	or	r31, r30
 98c:	88 0f       	add	r24, r24
 98e:	91 1d       	adc	r25, r1
 990:	96 95       	lsr	r25
 992:	87 95       	ror	r24
 994:	97 f9       	bld	r25, 7
 996:	08 95       	ret

00000998 <_exit>:
 998:	f8 94       	cli

0000099a <__stop_program>:
 99a:	ff cf       	rjmp	.-2      	; 0x99a <__stop_program>
